[ 2017-03-27T10:05:19+08:00 ] 192.168.10.3 /index.php?m=Web&c=Checkcode&a=index&length=4&font_size=16&width=120&height=55&charset=1234567890&use_noise=1&use_curve=0&time=0.5246274670379651
INFO: [ app_init ] --START--
INFO: Run Behavior\BuildLiteBehavior [ RunTime:0.000000s ]
INFO: [ app_init ] --END-- [ RunTime:0.001000s ]
INFO: [ app_begin ] --START--
INFO: Run Behavior\ReadHtmlCacheBehavior [ RunTime:0.000000s ]
INFO: [ app_begin ] --END-- [ RunTime:0.000000s ]
INFO: [ app_end ] --START--
INFO: Run Behavior\ShowPageTraceBehavior [ RunTime:0.001000s ]
INFO: [ app_end ] --END-- [ RunTime:0.001000s ]

[ 2017-03-27T11:47:01+08:00 ] 127.0.0.1 /index.php?m=Web&c=Checkcode&a=index&length=4&font_size=16&width=120&height=55&charset=1234567890&use_noise=1&use_curve=0&time=0.5246274670379651
INFO: [ app_init ] --START--
INFO: Run Behavior\BuildLiteBehavior [ RunTime:0.000000s ]
INFO: [ app_init ] --END-- [ RunTime:0.000000s ]
INFO: [ app_begin ] --START--
INFO: Run Behavior\ReadHtmlCacheBehavior [ RunTime:0.001000s ]
INFO: [ app_begin ] --END-- [ RunTime:0.001000s ]
INFO: [ app_end ] --START--
INFO: Run Behavior\ShowPageTraceBehavior [ RunTime:0.000000s ]
INFO: [ app_end ] --END-- [ RunTime:0.000000s ]

[ 2017-03-27T11:47:39+08:00 ] 127.0.0.1 /index.php?m=Web&c=Checkcode&a=index&length=4&font_size=16&width=120&height=55&charset=1234567890&use_noise=1&use_curve=0&time=0.5246274670379651
INFO: [ app_init ] --START--
INFO: Run Behavior\BuildLiteBehavior [ RunTime:0.000000s ]
INFO: [ app_init ] --END-- [ RunTime:0.000000s ]
INFO: [ app_begin ] --START--
INFO: Run Behavior\ReadHtmlCacheBehavior [ RunTime:0.001000s ]
INFO: [ app_begin ] --END-- [ RunTime:0.001000s ]
INFO: [ app_end ] --START--
INFO: Run Behavior\ShowPageTraceBehavior [ RunTime:0.001000s ]
INFO: [ app_end ] --END-- [ RunTime:0.001000s ]

[ 2017-03-27T11:47:55+08:00 ] 127.0.0.1 /index.php?m=Web&c=Checkcode&a=index&length=4&font_size=16&width=120&height=55&charset=1234567890&use_noise=1&use_curve=0&time=0.5246274670379651
INFO: [ app_init ] --START--
INFO: Run Behavior\BuildLiteBehavior [ RunTime:0.000000s ]
INFO: [ app_init ] --END-- [ RunTime:0.000000s ]
INFO: [ app_begin ] --START--
INFO: Run Behavior\ReadHtmlCacheBehavior [ RunTime:0.000000s ]
INFO: [ app_begin ] --END-- [ RunTime:0.000000s ]
INFO: [ app_end ] --START--
INFO: Run Behavior\ShowPageTraceBehavior [ RunTime:0.000000s ]
INFO: [ app_end ] --END-- [ RunTime:0.000000s ]

[ 2017-03-27T13:50:37+08:00 ] 127.0.0.1 /index.php?m=Web&c=Checkcode&a=index&length=4&font_size=16&width=120&height=55&charset=1234567890&use_noise=1&use_curve=0&time=0.5246274670379651
INFO: [ app_init ] --START--
INFO: Run Behavior\BuildLiteBehavior [ RunTime:0.000000s ]
INFO: [ app_init ] --END-- [ RunTime:0.000000s ]
INFO: [ app_begin ] --START--
INFO: Run Behavior\ReadHtmlCacheBehavior [ RunTime:0.001000s ]
INFO: [ app_begin ] --END-- [ RunTime:0.001000s ]
INFO: [ app_end ] --START--
INFO: Run Behavior\ShowPageTraceBehavior [ RunTime:0.000000s ]
INFO: [ app_end ] --END-- [ RunTime:0.000000s ]

[ 2017-03-27T13:58:27+08:00 ] 127.0.0.1 /Web/Index/publish.html
INFO: [ app_init ] --START--
INFO: Run Behavior\BuildLiteBehavior [ RunTime:0.001000s ]
INFO: [ app_init ] --END-- [ RunTime:0.001000s ]
INFO: [ app_begin ] --START--
INFO: Run Behavior\ReadHtmlCacheBehavior [ RunTime:0.000000s ]
INFO: [ app_begin ] --END-- [ RunTime:0.000000s ]
SQL: SHOW COLUMNS FROM `sys_web_configure` [ RunTime:0.0020s ]
SQL: SELECT * FROM `sys_web_configure` WHERE `type` = 4 LIMIT 1   [ RunTime:0.0010s ]
SQL: SHOW COLUMNS FROM `sys_web_configure` [ RunTime:0.0020s ]
SQL: SELECT * FROM `sys_web_configure` WHERE `type` = 3 LIMIT 1   [ RunTime:0.0020s ]
INFO: [ view_parse ] --START--
INFO: [ template_filter ] --START--
INFO: Run Behavior\ContentReplaceBehavior [ RunTime:0.000000s ]
INFO: [ template_filter ] --END-- [ RunTime:0.000000s ]
NOTIC: [8] Undefined variable: search D:\WWW\tejinhui\Application\Runtime\Cache\Web\270920026b3b6d2ede0d7165f6e061cf.php 第 30 行.
NOTIC: [8] Undefined index: discuz_auth_key D:\WWW\tejinhui\Application\Common\Common\function.php 第 550 行.
INFO: Run Behavior\ParseTemplateBehavior [ RunTime:0.016000s ]
INFO: [ view_parse ] --END-- [ RunTime:0.016000s ]
INFO: [ view_filter ] --START--
INFO: Run Behavior\WriteHtmlCacheBehavior [ RunTime:0.000000s ]
INFO: [ view_filter ] --END-- [ RunTime:0.000000s ]
INFO: [ app_end ] --START--
INFO: Run Behavior\ShowPageTraceBehavior [ RunTime:0.001000s ]
INFO: [ app_end ] --END-- [ RunTime:0.001000s ]

[ 2017-03-27T14:26:44+08:00 ] 127.0.0.1 /Web/Index/assets.html
INFO: [ app_init ] --START--
INFO: Run Behavior\BuildLiteBehavior [ RunTime:0.000000s ]
INFO: [ app_init ] --END-- [ RunTime:0.000000s ]
INFO: [ app_begin ] --START--
INFO: Run Behavior\ReadHtmlCacheBehavior [ RunTime:0.000000s ]
INFO: [ app_begin ] --END-- [ RunTime:0.001000s ]
SQL: SHOW COLUMNS FROM `sys_web_configure` [ RunTime:0.0020s ]
SQL: SELECT * FROM `sys_web_configure` WHERE `type` = 4 LIMIT 1   [ RunTime:0.0010s ]
SQL: SHOW COLUMNS FROM `sys_web_configure` [ RunTime:0.0020s ]
SQL: SELECT * FROM `sys_web_configure` WHERE `type` = 3 LIMIT 1   [ RunTime:0.0020s ]
SQL: SHOW COLUMNS FROM `tb_area` [ RunTime:0.0020s ]
SQL: SELECT `id`,`name`,`pid`,`code` FROM `tb_area` WHERE `pid` = 0  [ RunTime:0.0010s ]
SQL: SHOW COLUMNS FROM `tb_member` [ RunTime:0.0030s ]
SQL: SELECT tb_member.MemberId,tb_member.MemberName as RealName,tb_memberprofile.RealName as dc,tb_memberprofile.HeadImg,tb_memberaccount.StarLevel FROM `tb_member` INNER JOIN tb_memberprofile ON tb_member.MemberId = tb_memberprofile.MemberID INNER JOIN tb_memberaccount ON tb_member.MemberId = tb_memberaccount.MemberId  WHERE `MemberStatu` = 1 AND `MemberType` = 4 AND tb_memberprofile.City = '273' ORDER BY tb_memberaccount.Ranking Desc  [ RunTime:0.0010s ]
INFO: [ view_parse ] --START--
INFO: [ template_filter ] --START--
INFO: Run Behavior\ContentReplaceBehavior [ RunTime:0.000000s ]
INFO: [ template_filter ] --END-- [ RunTime:0.000000s ]
NOTIC: [8] Undefined variable: search D:\WWW\tejinhui\Application\Runtime\Cache\Web\fb2927b3f4f4ee590d880cf9e1e43142.php 第 30 行.
NOTIC: [8] Undefined index: discuz_auth_key D:\WWW\tejinhui\Application\Common\Common\function.php 第 550 行.
INFO: Run Behavior\ParseTemplateBehavior [ RunTime:0.011000s ]
INFO: [ view_parse ] --END-- [ RunTime:0.011000s ]
INFO: [ view_filter ] --START--
INFO: Run Behavior\WriteHtmlCacheBehavior [ RunTime:0.000000s ]
INFO: [ view_filter ] --END-- [ RunTime:0.000000s ]
INFO: [ app_end ] --START--
INFO: Run Behavior\ShowPageTraceBehavior [ RunTime:0.001000s ]
INFO: [ app_end ] --END-- [ RunTime:0.001000s ]

[ 2017-03-27T14:27:11+08:00 ] 127.0.0.1 /Web/Index/mic/PackageID/23.html
INFO: [ app_init ] --START--
INFO: Run Behavior\BuildLiteBehavior [ RunTime:0.000000s ]
INFO: [ app_init ] --END-- [ RunTime:0.001000s ]
INFO: [ app_begin ] --START--
INFO: Run Behavior\ReadHtmlCacheBehavior [ RunTime:0.001000s ]
INFO: [ app_begin ] --END-- [ RunTime:0.001000s ]
SQL: SHOW COLUMNS FROM `sys_web_configure` [ RunTime:0.0020s ]
SQL: SELECT * FROM `sys_web_configure` WHERE `type` = 4 LIMIT 1   [ RunTime:0.0020s ]
SQL: SHOW COLUMNS FROM `sys_web_configure` [ RunTime:0.0010s ]
SQL: SELECT * FROM `sys_web_configure` WHERE `type` = 3 LIMIT 1   [ RunTime:0.0010s ]
SQL: SHOW COLUMNS FROM `sys_code` [ RunTime:0.0020s ]
SQL: SELECT `CodeID`,`CodeGroup`,`CodeName`,`CodeValue` FROM `sys_code` WHERE `CodeGroup` = 10127 LIMIT 1   [ RunTime:0.0010s ]
SQL: SHOW COLUMNS FROM `sys_code` [ RunTime:0.0020s ]
SQL: SELECT `CodeID`,`CodeGroup`,`CodeName`,`CodeValue` FROM `sys_code` WHERE `CodeGroup` = 10128 LIMIT 1   [ RunTime:0.0010s ]
SQL: SHOW COLUMNS FROM `tb_package` [ RunTime:0.0030s ]
SQL: SELECT `PackageID`,`Title`,`Projectnum` FROM `tb_package` WHERE `PackageID` = '23' AND `DueDiligenceMember` = '3' LIMIT 1   [ RunTime:0.0010s ]
INFO: [ view_parse ] --START--
INFO: [ template_filter ] --START--
INFO: Run Behavior\ContentReplaceBehavior [ RunTime:0.000000s ]
INFO: [ template_filter ] --END-- [ RunTime:0.000000s ]
NOTIC: [8] Undefined variable: search D:\WWW\tejinhui\Application\Runtime\Cache\Web\4500f99b78a38f31954ad82c42b23569.php 第 30 行.
NOTIC: [8] Undefined index: discuz_auth_key D:\WWW\tejinhui\Application\Common\Common\function.php 第 550 行.
INFO: Run Behavior\ParseTemplateBehavior [ RunTime:0.007000s ]
INFO: [ view_parse ] --END-- [ RunTime:0.007000s ]
INFO: [ view_filter ] --START--
INFO: Run Behavior\WriteHtmlCacheBehavior [ RunTime:0.001000s ]
INFO: [ view_filter ] --END-- [ RunTime:0.001000s ]
INFO: [ app_end ] --START--
INFO: Run Behavior\ShowPageTraceBehavior [ RunTime:0.000000s ]
INFO: [ app_end ] --END-- [ RunTime:0.000000s ]

