[ 2016-11-23T09:30:47+08:00 ] 127.0.0.1 /index.php?m=Web&c=Checkcode&a=index&length=4&font_size=16&width=120&height=55&charset=1234567890&use_noise=1&use_curve=0&time=0.5246274670379651
INFO: [ app_init ] --START--
INFO: Run Behavior\BuildLiteBehavior [ RunTime:0.000000s ]
INFO: [ app_init ] --END-- [ RunTime:0.000000s ]
INFO: [ app_begin ] --START--
INFO: Run Behavior\ReadHtmlCacheBehavior [ RunTime:0.001000s ]
INFO: [ app_begin ] --END-- [ RunTime:0.001000s ]
INFO: [ app_end ] --START--
INFO: Run Behavior\ShowPageTraceBehavior [ RunTime:0.001000s ]
INFO: [ app_end ] --END-- [ RunTime:0.001000s ]

[ 2016-11-23T09:30:56+08:00 ] 127.0.0.1 /index.php?m=Web&c=Checkcode&a=index&length=4&font_size=16&width=120&height=55&charset=1234567890&use_noise=1&use_curve=0&time=0.4696808476034311
INFO: [ app_init ] --START--
INFO: Run Behavior\BuildLiteBehavior [ RunTime:0.000000s ]
INFO: [ app_init ] --END-- [ RunTime:0.001000s ]
INFO: [ app_begin ] --START--
INFO: Run Behavior\ReadHtmlCacheBehavior [ RunTime:0.000000s ]
INFO: [ app_begin ] --END-- [ RunTime:0.000000s ]
INFO: [ app_end ] --START--
INFO: Run Behavior\ShowPageTraceBehavior [ RunTime:0.000000s ]
INFO: [ app_end ] --END-- [ RunTime:0.000000s ]

[ 2016-11-23T10:31:02+08:00 ] 127.0.0.1 /index.php?m=Web&c=Checkcode&a=index&length=4&font_size=16&width=120&height=55&charset=1234567890&use_noise=1&use_curve=0&time=0.5246274670379651
INFO: [ app_init ] --START--
INFO: Run Behavior\BuildLiteBehavior [ RunTime:0.000000s ]
INFO: [ app_init ] --END-- [ RunTime:0.000000s ]
INFO: [ app_begin ] --START--
INFO: Run Behavior\ReadHtmlCacheBehavior [ RunTime:0.000000s ]
INFO: [ app_begin ] --END-- [ RunTime:0.000000s ]
INFO: [ app_end ] --START--
INFO: Run Behavior\ShowPageTraceBehavior [ RunTime:0.001000s ]
INFO: [ app_end ] --END-- [ RunTime:0.001000s ]

[ 2016-11-23T11:00:46+08:00 ] 192.168.1.206 /index.php?m=Web&c=Checkcode&a=index&length=4&font_size=16&width=120&height=55&charset=1234567890&use_noise=1&use_curve=0&time=0.5246274670379651
INFO: [ app_init ] --START--
INFO: Run Behavior\BuildLiteBehavior [ RunTime:0.000000s ]
INFO: [ app_init ] --END-- [ RunTime:0.000000s ]
INFO: [ app_begin ] --START--
INFO: Run Behavior\ReadHtmlCacheBehavior [ RunTime:0.000000s ]
INFO: [ app_begin ] --END-- [ RunTime:0.000000s ]
INFO: [ app_end ] --START--
INFO: Run Behavior\ShowPageTraceBehavior [ RunTime:0.000000s ]
INFO: [ app_end ] --END-- [ RunTime:0.000000s ]

[ 2016-11-23T11:01:40+08:00 ] 192.168.1.206 /index.php?m=Web&c=Checkcode&a=index&length=4&font_size=16&width=120&height=55&charset=1234567890&use_noise=1&use_curve=0&time=0.04388558271456766
INFO: [ app_init ] --START--
INFO: Run Behavior\BuildLiteBehavior [ RunTime:0.000000s ]
INFO: [ app_init ] --END-- [ RunTime:0.001000s ]
INFO: [ app_begin ] --START--
INFO: Run Behavior\ReadHtmlCacheBehavior [ RunTime:0.001000s ]
INFO: [ app_begin ] --END-- [ RunTime:0.001000s ]
INFO: [ app_end ] --START--
INFO: Run Behavior\ShowPageTraceBehavior [ RunTime:0.000000s ]
INFO: [ app_end ] --END-- [ RunTime:0.000000s ]

[ 2016-11-23T13:41:40+08:00 ] 127.0.0.1 /index.php?m=Web&c=Checkcode&a=index&length=4&font_size=16&width=120&height=55&charset=1234567890&use_noise=1&use_curve=0&time=0.5246274670379651
INFO: [ app_init ] --START--
INFO: Run Behavior\BuildLiteBehavior [ RunTime:0.000000s ]
INFO: [ app_init ] --END-- [ RunTime:0.000000s ]
INFO: [ app_begin ] --START--
INFO: Run Behavior\ReadHtmlCacheBehavior [ RunTime:0.000000s ]
INFO: [ app_begin ] --END-- [ RunTime:0.000000s ]
INFO: [ app_end ] --START--
INFO: Run Behavior\ShowPageTraceBehavior [ RunTime:0.000000s ]
INFO: [ app_end ] --END-- [ RunTime:0.000000s ]

[ 2016-11-23T13:41:56+08:00 ] 127.0.0.1 /index.php?m=Web&c=Checkcode&a=index&length=4&font_size=16&width=120&height=55&charset=1234567890&use_noise=1&use_curve=0&time=0.6232958519209191
INFO: [ app_init ] --START--
INFO: Run Behavior\BuildLiteBehavior [ RunTime:0.000000s ]
INFO: [ app_init ] --END-- [ RunTime:0.000000s ]
INFO: [ app_begin ] --START--
INFO: Run Behavior\ReadHtmlCacheBehavior [ RunTime:0.001000s ]
INFO: [ app_begin ] --END-- [ RunTime:0.001000s ]
INFO: [ app_end ] --START--
INFO: Run Behavior\ShowPageTraceBehavior [ RunTime:0.000000s ]
INFO: [ app_end ] --END-- [ RunTime:0.000000s ]

[ 2016-11-23T14:01:59+08:00 ] 127.0.0.1 /index.php/Web/Lists/lists.html
INFO: [ app_init ] --START--
INFO: Run Behavior\BuildLiteBehavior [ RunTime:0.000000s ]
INFO: [ app_init ] --END-- [ RunTime:0.001000s ]
INFO: [ app_begin ] --START--
INFO: Run Behavior\ReadHtmlCacheBehavior [ RunTime:0.000000s ]
INFO: [ app_begin ] --END-- [ RunTime:0.000000s ]
SQL: SHOW COLUMNS FROM `tb_debt` [ RunTime:0.0040s ]
SQL: SHOW COLUMNS FROM `tb_assets` [ RunTime:0.0030s ]
SQL: SHOW COLUMNS FROM `tb_package` [ RunTime:0.0030s ]
SQL: SELECT `DebtID`,Title as title,Total as total,`StartTime`,`EndTime`,ProcessModle as promodel,ProPrice as proprice,DebtAdress as adress,`CreateTime`,`AssetsStatue` FROM `tb_debt` WHERE `AssetsStatue` BETWEEN '0' AND '4' ORDER BY DebtID desc  [ RunTime:0.0020s ]
SQL: SELECT `PackageID`,Title as title,Total as total,ProcessModle as proprice,OwnerAdress as adress,`CreateTime`,`AssetsStatue` FROM `tb_package` WHERE `AssetsStatue` BETWEEN '0' AND '4' ORDER BY PackageID desc  [ RunTime:0.0020s ]
SQL: SELECT `AssetsID`,Title as title,Price as total,ProcessModle as promodel,ProPrice as proprice,Address as adress,`CreateTime`,`AssetsStatue` FROM `tb_assets` WHERE `AssetsStatue` BETWEEN '0' AND '4' ORDER BY AssetsID desc  [ RunTime:0.0010s ]
NOTIC: [8] Undefined offset: 1 D:\WWW\tejinhui\Application\Common\Common\function.php 第 330 行.
NOTIC: [8] Undefined offset: 1 D:\WWW\tejinhui\Application\Common\Common\function.php 第 330 行.
NOTIC: [8] Undefined offset: 1 D:\WWW\tejinhui\Application\Common\Common\function.php 第 330 行.
NOTIC: [8] Undefined offset: 1 D:\WWW\tejinhui\Application\Common\Common\function.php 第 330 行.
NOTIC: [8] Undefined index: StartTime D:\WWW\tejinhui\Application\Web\Controller\ListsController.class.php 第 52 行.
NOTIC: [8] Undefined index: EndTime D:\WWW\tejinhui\Application\Web\Controller\ListsController.class.php 第 52 行.
NOTIC: [8] Undefined index: StartTime D:\WWW\tejinhui\Application\Web\Controller\ListsController.class.php 第 52 行.
NOTIC: [8] Undefined index: EndTime D:\WWW\tejinhui\Application\Web\Controller\ListsController.class.php 第 52 行.
NOTIC: [8] Undefined index: StartTime D:\WWW\tejinhui\Application\Web\Controller\ListsController.class.php 第 52 行.
NOTIC: [8] Undefined index: EndTime D:\WWW\tejinhui\Application\Web\Controller\ListsController.class.php 第 52 行.
NOTIC: [8] Undefined index: StartTime D:\WWW\tejinhui\Application\Web\Controller\ListsController.class.php 第 52 行.
NOTIC: [8] Undefined index: EndTime D:\WWW\tejinhui\Application\Web\Controller\ListsController.class.php 第 52 行.
NOTIC: [8] Undefined index: StartTime D:\WWW\tejinhui\Application\Web\Controller\ListsController.class.php 第 52 行.
NOTIC: [8] Undefined index: EndTime D:\WWW\tejinhui\Application\Web\Controller\ListsController.class.php 第 52 行.
INFO: [ view_parse ] --START--
INFO: [ template_filter ] --START--
INFO: Run Behavior\ContentReplaceBehavior [ RunTime:0.000000s ]
INFO: [ template_filter ] --END-- [ RunTime:0.000000s ]
INFO: Run Behavior\ParseTemplateBehavior [ RunTime:0.010000s ]
INFO: [ view_parse ] --END-- [ RunTime:0.010000s ]
INFO: [ view_filter ] --START--
INFO: Run Behavior\WriteHtmlCacheBehavior [ RunTime:0.001000s ]
INFO: [ view_filter ] --END-- [ RunTime:0.001000s ]
INFO: [ app_end ] --START--
INFO: Run Behavior\ShowPageTraceBehavior [ RunTime:0.000000s ]
INFO: [ app_end ] --END-- [ RunTime:0.000000s ]

[ 2016-11-23T14:02:35+08:00 ] 127.0.0.1 /index.php/Web/lists/content/DebtID/8.html
INFO: [ app_init ] --START--
INFO: Run Behavior\BuildLiteBehavior [ RunTime:0.000000s ]
INFO: [ app_init ] --END-- [ RunTime:0.000000s ]
INFO: [ app_begin ] --START--
INFO: Run Behavior\ReadHtmlCacheBehavior [ RunTime:0.001000s ]
INFO: [ app_begin ] --END-- [ RunTime:0.001000s ]
SQL: SHOW COLUMNS FROM `tb_debt` [ RunTime:0.0030s ]
SQL: SELECT * FROM `tb_debt` LEFT JOIN tb_debtdata ON tb_debt.DebtID=tb_debtdata.ID  WHERE `DebtID` = '8' LIMIT 1   [ RunTime:0.0030s ]
SQL: SHOW COLUMNS FROM `tb_debtdata` [ RunTime:0.0010s ]
SQL: UPDATE `tb_debtdata` SET `ViewCount`=ViewCount+1 WHERE `ID` = '8' [ RunTime:0.0020s ]
NOTIC: [8] Undefined index: isjudged D:\WWW\tejinhui\Application\Web\Controller\ListsController.class.php 第 154 行.
NOTIC: [8] Undefined index:  D:\WWW\tejinhui\Application\Web\Controller\ListsController.class.php 第 154 行.
INFO: [ view_parse ] --START--
INFO: [ template_filter ] --START--
INFO: Run Behavior\ContentReplaceBehavior [ RunTime:0.000000s ]
INFO: [ template_filter ] --END-- [ RunTime:0.000000s ]
INFO: Run Behavior\ParseTemplateBehavior [ RunTime:0.007000s ]
INFO: [ view_parse ] --END-- [ RunTime:0.007000s ]
INFO: [ view_filter ] --START--
INFO: Run Behavior\WriteHtmlCacheBehavior [ RunTime:0.000000s ]
INFO: [ view_filter ] --END-- [ RunTime:0.000000s ]
INFO: [ app_end ] --START--
INFO: Run Behavior\ShowPageTraceBehavior [ RunTime:0.000000s ]
INFO: [ app_end ] --END-- [ RunTime:0.000000s ]

[ 2016-11-23T14:10:55+08:00 ] 127.0.0.1 /index.php/Web/Lists/lists.html
INFO: [ app_init ] --START--
INFO: Run Behavior\BuildLiteBehavior [ RunTime:0.000000s ]
INFO: [ app_init ] --END-- [ RunTime:0.001000s ]
INFO: [ app_begin ] --START--
INFO: Run Behavior\ReadHtmlCacheBehavior [ RunTime:0.001000s ]
INFO: [ app_begin ] --END-- [ RunTime:0.001000s ]
SQL: SHOW COLUMNS FROM `tb_debt` [ RunTime:0.0030s ]
SQL: SHOW COLUMNS FROM `tb_assets` [ RunTime:0.0030s ]
SQL: SHOW COLUMNS FROM `tb_package` [ RunTime:0.0020s ]
SQL: SELECT `DebtID`,Title as title,Total as total,`StartTime`,`EndTime`,ProcessModle as promodel,ProPrice as proprice,DebtAdress as adress,`CreateTime`,`AssetsStatue` FROM `tb_debt` WHERE `AssetsStatue` BETWEEN '0' AND '4' ORDER BY DebtID desc  [ RunTime:0.0020s ]
SQL: SELECT `PackageID`,Title as title,Total as total,ProcessModle as proprice,OwnerAdress as adress,`CreateTime`,`AssetsStatue` FROM `tb_package` WHERE `AssetsStatue` BETWEEN '0' AND '4' ORDER BY PackageID desc  [ RunTime:0.0010s ]
SQL: SELECT `AssetsID`,Title as title,Price as total,ProcessModle as promodel,ProPrice as proprice,Address as adress,`CreateTime`,`AssetsStatue` FROM `tb_assets` WHERE `AssetsStatue` BETWEEN '0' AND '4' ORDER BY AssetsID desc  [ RunTime:0.0020s ]
NOTIC: [8] Undefined offset: 1 D:\WWW\tejinhui\Application\Common\Common\function.php 第 330 行.
NOTIC: [8] Undefined offset: 1 D:\WWW\tejinhui\Application\Common\Common\function.php 第 330 行.
NOTIC: [8] Undefined offset: 1 D:\WWW\tejinhui\Application\Common\Common\function.php 第 330 行.
NOTIC: [8] Undefined offset: 1 D:\WWW\tejinhui\Application\Common\Common\function.php 第 330 行.
NOTIC: [8] Undefined index: StartTime D:\WWW\tejinhui\Application\Web\Controller\ListsController.class.php 第 52 行.
NOTIC: [8] Undefined index: EndTime D:\WWW\tejinhui\Application\Web\Controller\ListsController.class.php 第 52 行.
NOTIC: [8] Undefined index: StartTime D:\WWW\tejinhui\Application\Web\Controller\ListsController.class.php 第 52 行.
NOTIC: [8] Undefined index: EndTime D:\WWW\tejinhui\Application\Web\Controller\ListsController.class.php 第 52 行.
NOTIC: [8] Undefined index: StartTime D:\WWW\tejinhui\Application\Web\Controller\ListsController.class.php 第 52 行.
NOTIC: [8] Undefined index: EndTime D:\WWW\tejinhui\Application\Web\Controller\ListsController.class.php 第 52 行.
NOTIC: [8] Undefined index: StartTime D:\WWW\tejinhui\Application\Web\Controller\ListsController.class.php 第 52 行.
NOTIC: [8] Undefined index: EndTime D:\WWW\tejinhui\Application\Web\Controller\ListsController.class.php 第 52 行.
NOTIC: [8] Undefined index: StartTime D:\WWW\tejinhui\Application\Web\Controller\ListsController.class.php 第 52 行.
NOTIC: [8] Undefined index: EndTime D:\WWW\tejinhui\Application\Web\Controller\ListsController.class.php 第 52 行.
INFO: [ view_parse ] --START--
INFO: [ template_filter ] --START--
INFO: Run Behavior\ContentReplaceBehavior [ RunTime:0.000000s ]
INFO: [ template_filter ] --END-- [ RunTime:0.000000s ]
INFO: Run Behavior\ParseTemplateBehavior [ RunTime:0.023000s ]
INFO: [ view_parse ] --END-- [ RunTime:0.023000s ]
INFO: [ view_filter ] --START--
INFO: Run Behavior\WriteHtmlCacheBehavior [ RunTime:0.000000s ]
INFO: [ view_filter ] --END-- [ RunTime:0.000000s ]
INFO: [ app_end ] --START--
INFO: Run Behavior\ShowPageTraceBehavior [ RunTime:0.001000s ]
INFO: [ app_end ] --END-- [ RunTime:0.001000s ]

[ 2016-11-23T14:16:59+08:00 ] 127.0.0.1 /index.php/Web/lists/content/DebtID/8.html
INFO: [ app_init ] --START--
INFO: Run Behavior\BuildLiteBehavior [ RunTime:0.000000s ]
INFO: [ app_init ] --END-- [ RunTime:0.000000s ]
INFO: [ app_begin ] --START--
INFO: Run Behavior\ReadHtmlCacheBehavior [ RunTime:0.001000s ]
INFO: [ app_begin ] --END-- [ RunTime:0.001000s ]
SQL: SHOW COLUMNS FROM `tb_debt` [ RunTime:0.0030s ]
SQL: SELECT * FROM `tb_debt` LEFT JOIN tb_debtdata ON tb_debt.DebtID=tb_debtdata.ID  WHERE `DebtID` = '8' LIMIT 1   [ RunTime:0.0030s ]
NOTIC: [8] Undefined index: isjudged D:\WWW\tejinhui\Application\Web\Controller\ListsController.class.php 第 154 行.
NOTIC: [8] Undefined index:  D:\WWW\tejinhui\Application\Web\Controller\ListsController.class.php 第 154 行.
INFO: [ view_parse ] --START--
INFO: [ template_filter ] --START--
INFO: Run Behavior\ContentReplaceBehavior [ RunTime:0.000000s ]
INFO: [ template_filter ] --END-- [ RunTime:0.000000s ]
INFO: Run Behavior\ParseTemplateBehavior [ RunTime:0.012000s ]
INFO: [ view_parse ] --END-- [ RunTime:0.012000s ]
INFO: [ view_filter ] --START--
INFO: Run Behavior\WriteHtmlCacheBehavior [ RunTime:0.000000s ]
INFO: [ view_filter ] --END-- [ RunTime:0.000000s ]
INFO: [ app_end ] --START--
INFO: Run Behavior\ShowPageTraceBehavior [ RunTime:0.001000s ]
INFO: [ app_end ] --END-- [ RunTime:0.001000s ]

[ 2016-11-23T14:17:57+08:00 ] 127.0.0.1 /index.php/Web/lists/content/DebtID/8.html
INFO: [ app_init ] --START--
INFO: Run Behavior\BuildLiteBehavior [ RunTime:0.000000s ]
INFO: [ app_init ] --END-- [ RunTime:0.000000s ]
INFO: [ app_begin ] --START--
INFO: Run Behavior\ReadHtmlCacheBehavior [ RunTime:0.001000s ]
INFO: [ app_begin ] --END-- [ RunTime:0.001000s ]
SQL: SHOW COLUMNS FROM `tb_debt` [ RunTime:0.0030s ]
SQL: SELECT * FROM `tb_debt` LEFT JOIN tb_debtdata ON tb_debt.DebtID=tb_debtdata.ID  WHERE `DebtID` = '8' LIMIT 1   [ RunTime:0.0030s ]
NOTIC: [8] Undefined index: isjudged D:\WWW\tejinhui\Application\Web\Controller\ListsController.class.php 第 154 行.
NOTIC: [8] Undefined index:  D:\WWW\tejinhui\Application\Web\Controller\ListsController.class.php 第 154 行.
INFO: [ view_parse ] --START--
INFO: [ template_filter ] --START--
INFO: Run Behavior\ContentReplaceBehavior [ RunTime:0.000000s ]
INFO: [ template_filter ] --END-- [ RunTime:0.000000s ]
INFO: Run Behavior\ParseTemplateBehavior [ RunTime:0.007000s ]
INFO: [ view_parse ] --END-- [ RunTime:0.007000s ]
INFO: [ view_filter ] --START--
INFO: Run Behavior\WriteHtmlCacheBehavior [ RunTime:0.000000s ]
INFO: [ view_filter ] --END-- [ RunTime:0.000000s ]
INFO: [ app_end ] --START--
INFO: Run Behavior\ShowPageTraceBehavior [ RunTime:0.000000s ]
INFO: [ app_end ] --END-- [ RunTime:0.000000s ]

[ 2016-11-23T14:25:47+08:00 ] 127.0.0.1 /index.php/Web/lists/content/AssetsID/37.html
INFO: [ app_init ] --START--
INFO: Run Behavior\BuildLiteBehavior [ RunTime:0.000000s ]
INFO: [ app_init ] --END-- [ RunTime:0.000000s ]
INFO: [ app_begin ] --START--
INFO: Run Behavior\ReadHtmlCacheBehavior [ RunTime:0.001000s ]
INFO: [ app_begin ] --END-- [ RunTime:0.001000s ]
SQL: SHOW COLUMNS FROM `tb_assets` [ RunTime:0.0030s ]
SQL: SELECT * FROM `tb_assets` LEFT JOIN tb_assetsdata ON tb_assets.AssetsID=tb_assetsdata.ID  WHERE `AssetsID` = '37' LIMIT 1   [ RunTime:0.0020s ]
SQL: SHOW COLUMNS FROM `tb_assetsdata` [ RunTime:0.0010s ]
SQL: INSERT INTO `tb_assetsdata` (`ID`,`ViewCount`) VALUES ('37','1') [ RunTime:0.0010s ]
INFO: [ view_parse ] --START--
INFO: [ template_filter ] --START--
INFO: Run Behavior\ContentReplaceBehavior [ RunTime:0.000000s ]
INFO: [ template_filter ] --END-- [ RunTime:0.000000s ]
NOTIC: [8] Undefined variable: assset D:\WWW\tejinhui\Application\Runtime\Cache\Web\08166ee9970fccf25be3c20fd6f8549c.php 第 96 行.
INFO: Run Behavior\ParseTemplateBehavior [ RunTime:0.020000s ]
INFO: [ view_parse ] --END-- [ RunTime:0.021000s ]
INFO: [ view_filter ] --START--
INFO: Run Behavior\WriteHtmlCacheBehavior [ RunTime:0.000000s ]
INFO: [ view_filter ] --END-- [ RunTime:0.000000s ]
INFO: [ app_end ] --START--
INFO: Run Behavior\ShowPageTraceBehavior [ RunTime:0.001000s ]
INFO: [ app_end ] --END-- [ RunTime:0.001000s ]

[ 2016-11-23T14:52:57+08:00 ] 127.0.0.1 /index.php?m=Web&c=Checkcode&a=index&length=4&font_size=16&width=120&height=55&charset=1234567890&use_noise=1&use_curve=0&time=0.5246274670379651
INFO: [ app_init ] --START--
INFO: Run Behavior\BuildLiteBehavior [ RunTime:0.000000s ]
INFO: [ app_init ] --END-- [ RunTime:0.000000s ]
INFO: [ app_begin ] --START--
INFO: Run Behavior\ReadHtmlCacheBehavior [ RunTime:0.001000s ]
INFO: [ app_begin ] --END-- [ RunTime:0.001000s ]
INFO: [ app_end ] --START--
INFO: Run Behavior\ShowPageTraceBehavior [ RunTime:0.000000s ]
INFO: [ app_end ] --END-- [ RunTime:0.000000s ]

[ 2016-11-23T15:19:13+08:00 ] 127.0.0.1 /index.php/Web/lists/content/PackageID/1.html
INFO: [ app_init ] --START--
INFO: Run Behavior\BuildLiteBehavior [ RunTime:0.000000s ]
INFO: [ app_init ] --END-- [ RunTime:0.000000s ]
INFO: [ app_begin ] --START--
INFO: Run Behavior\ReadHtmlCacheBehavior [ RunTime:0.001000s ]
INFO: [ app_begin ] --END-- [ RunTime:0.001000s ]
SQL: SHOW COLUMNS FROM `tb_package` [ RunTime:0.0040s ]
SQL: SELECT * FROM `tb_package` LEFT JOIN tb_packagedata ON tb_package.PackageID=tb_packagedata.ID  WHERE `PackageID` = '1' LIMIT 1   [ RunTime:0.0030s ]
SQL: SHOW COLUMNS FROM `tb_packagedata` [ RunTime:0.0050s ]
SQL: UPDATE `tb_packagedata` SET `ViewCount`=ViewCount+1 WHERE `ID` = '1' [ RunTime:0.0020s ]
INFO: [ view_parse ] --START--
INFO: [ template_filter ] --START--
INFO: Run Behavior\ContentReplaceBehavior [ RunTime:0.000000s ]
INFO: [ template_filter ] --END-- [ RunTime:0.000000s ]
INFO: Run Behavior\ParseTemplateBehavior [ RunTime:0.009000s ]
INFO: [ view_parse ] --END-- [ RunTime:0.009000s ]
INFO: [ view_filter ] --START--
INFO: Run Behavior\WriteHtmlCacheBehavior [ RunTime:0.000000s ]
INFO: [ view_filter ] --END-- [ RunTime:0.000000s ]
INFO: [ app_end ] --START--
INFO: Run Behavior\ShowPageTraceBehavior [ RunTime:0.001000s ]
INFO: [ app_end ] --END-- [ RunTime:0.001000s ]

[ 2016-11-23T15:54:05+08:00 ] 127.0.0.1 /index.php?m=Web&c=Checkcode&a=index&length=4&font_size=16&width=120&height=55&charset=1234567890&use_noise=1&use_curve=0&time=0.5246274670379651
INFO: [ app_init ] --START--
INFO: Run Behavior\BuildLiteBehavior [ RunTime:0.000000s ]
INFO: [ app_init ] --END-- [ RunTime:0.000000s ]
INFO: [ app_begin ] --START--
INFO: Run Behavior\ReadHtmlCacheBehavior [ RunTime:0.000000s ]
INFO: [ app_begin ] --END-- [ RunTime:0.000000s ]
INFO: [ app_end ] --START--
INFO: Run Behavior\ShowPageTraceBehavior [ RunTime:0.000000s ]
INFO: [ app_end ] --END-- [ RunTime:0.000000s ]

[ 2016-11-23T15:57:13+08:00 ] 127.0.0.1 /index.php/Web/Lists/lists.html
INFO: [ app_init ] --START--
INFO: Run Behavior\BuildLiteBehavior [ RunTime:0.000000s ]
INFO: [ app_init ] --END-- [ RunTime:0.001000s ]
INFO: [ app_begin ] --START--
INFO: Run Behavior\ReadHtmlCacheBehavior [ RunTime:0.000000s ]
INFO: [ app_begin ] --END-- [ RunTime:0.000000s ]
SQL: SHOW COLUMNS FROM `tb_debt` [ RunTime:0.0030s ]
SQL: SHOW COLUMNS FROM `tb_assets` [ RunTime:0.0030s ]
SQL: SHOW COLUMNS FROM `tb_package` [ RunTime:0.0030s ]
SQL: SELECT `DebtID`,Title as title,Total as total,`StartTime`,`EndTime`,ProcessModle as promodel,ProPrice as proprice,DebtAdress as adress,`CreateTime`,`AssetsStatue` FROM `tb_debt` WHERE `AssetsStatue` BETWEEN '0' AND '4' ORDER BY DebtID desc  [ RunTime:0.0020s ]
SQL: SELECT `PackageID`,Title as title,Total as total,ProcessModle as proprice,OwnerAdress as adress,`CreateTime`,`AssetsStatue` FROM `tb_package` WHERE `AssetsStatue` BETWEEN '0' AND '4' ORDER BY PackageID desc  [ RunTime:0.0010s ]
SQL: SELECT `AssetsID`,Title as title,Price as total,ProcessModle as promodel,ProPrice as proprice,Address as adress,`CreateTime`,`AssetsStatue` FROM `tb_assets` WHERE `AssetsStatue` BETWEEN '0' AND '4' ORDER BY AssetsID desc  [ RunTime:0.0010s ]
NOTIC: [8] Undefined offset: 1 D:\WWW\tejinhui\Application\Common\Common\function.php 第 330 行.
NOTIC: [8] Undefined offset: 1 D:\WWW\tejinhui\Application\Common\Common\function.php 第 330 行.
NOTIC: [8] Undefined offset: 1 D:\WWW\tejinhui\Application\Common\Common\function.php 第 330 行.
NOTIC: [8] Undefined offset: 1 D:\WWW\tejinhui\Application\Common\Common\function.php 第 330 行.
NOTIC: [8] Undefined index: StartTime D:\WWW\tejinhui\Application\Web\Controller\ListsController.class.php 第 52 行.
NOTIC: [8] Undefined index: EndTime D:\WWW\tejinhui\Application\Web\Controller\ListsController.class.php 第 52 行.
NOTIC: [8] Undefined index: StartTime D:\WWW\tejinhui\Application\Web\Controller\ListsController.class.php 第 52 行.
NOTIC: [8] Undefined index: EndTime D:\WWW\tejinhui\Application\Web\Controller\ListsController.class.php 第 52 行.
NOTIC: [8] Undefined index: StartTime D:\WWW\tejinhui\Application\Web\Controller\ListsController.class.php 第 52 行.
NOTIC: [8] Undefined index: EndTime D:\WWW\tejinhui\Application\Web\Controller\ListsController.class.php 第 52 行.
NOTIC: [8] Undefined index: StartTime D:\WWW\tejinhui\Application\Web\Controller\ListsController.class.php 第 52 行.
NOTIC: [8] Undefined index: EndTime D:\WWW\tejinhui\Application\Web\Controller\ListsController.class.php 第 52 行.
NOTIC: [8] Undefined index: StartTime D:\WWW\tejinhui\Application\Web\Controller\ListsController.class.php 第 52 行.
NOTIC: [8] Undefined index: EndTime D:\WWW\tejinhui\Application\Web\Controller\ListsController.class.php 第 52 行.
INFO: [ view_parse ] --START--
INFO: [ template_filter ] --START--
INFO: Run Behavior\ContentReplaceBehavior [ RunTime:0.000000s ]
INFO: [ template_filter ] --END-- [ RunTime:0.000000s ]
INFO: Run Behavior\ParseTemplateBehavior [ RunTime:0.010000s ]
INFO: [ view_parse ] --END-- [ RunTime:0.010000s ]
INFO: [ view_filter ] --START--
INFO: Run Behavior\WriteHtmlCacheBehavior [ RunTime:0.000000s ]
INFO: [ view_filter ] --END-- [ RunTime:0.000000s ]
INFO: [ app_end ] --START--
INFO: Run Behavior\ShowPageTraceBehavior [ RunTime:0.000000s ]
INFO: [ app_end ] --END-- [ RunTime:0.000000s ]

[ 2016-11-23T15:57:14+08:00 ] 127.0.0.1 /index.php/Web/Index/publish.html
INFO: [ app_init ] --START--
INFO: Run Behavior\BuildLiteBehavior [ RunTime:0.000000s ]
INFO: [ app_init ] --END-- [ RunTime:0.000000s ]
INFO: [ app_begin ] --START--
INFO: Run Behavior\ReadHtmlCacheBehavior [ RunTime:0.001000s ]
INFO: [ app_begin ] --END-- [ RunTime:0.001000s ]
INFO: [ view_parse ] --START--
INFO: [ template_filter ] --START--
INFO: Run Behavior\ContentReplaceBehavior [ RunTime:0.000000s ]
INFO: [ template_filter ] --END-- [ RunTime:0.000000s ]
INFO: Run Behavior\ParseTemplateBehavior [ RunTime:0.009000s ]
INFO: [ view_parse ] --END-- [ RunTime:0.010000s ]
INFO: [ view_filter ] --START--
INFO: Run Behavior\WriteHtmlCacheBehavior [ RunTime:0.000000s ]
INFO: [ view_filter ] --END-- [ RunTime:0.000000s ]
INFO: [ app_end ] --START--
INFO: Run Behavior\ShowPageTraceBehavior [ RunTime:0.000000s ]
INFO: [ app_end ] --END-- [ RunTime:0.000000s ]

[ 2016-11-23T15:57:15+08:00 ] 127.0.0.1 /index.php/Web/Lists/lists.html
INFO: [ app_init ] --START--
INFO: Run Behavior\BuildLiteBehavior [ RunTime:0.000000s ]
INFO: [ app_init ] --END-- [ RunTime:0.001000s ]
INFO: [ app_begin ] --START--
INFO: Run Behavior\ReadHtmlCacheBehavior [ RunTime:0.001000s ]
INFO: [ app_begin ] --END-- [ RunTime:0.001000s ]
SQL: SHOW COLUMNS FROM `tb_debt` [ RunTime:0.0020s ]
SQL: SHOW COLUMNS FROM `tb_assets` [ RunTime:0.0020s ]
SQL: SHOW COLUMNS FROM `tb_package` [ RunTime:0.0050s ]
SQL: SELECT `DebtID`,Title as title,Total as total,`StartTime`,`EndTime`,ProcessModle as promodel,ProPrice as proprice,DebtAdress as adress,`CreateTime`,`AssetsStatue` FROM `tb_debt` WHERE `AssetsStatue` BETWEEN '0' AND '4' ORDER BY DebtID desc  [ RunTime:0.0030s ]
SQL: SELECT `PackageID`,Title as title,Total as total,ProcessModle as proprice,OwnerAdress as adress,`CreateTime`,`AssetsStatue` FROM `tb_package` WHERE `AssetsStatue` BETWEEN '0' AND '4' ORDER BY PackageID desc  [ RunTime:0.0020s ]
SQL: SELECT `AssetsID`,Title as title,Price as total,ProcessModle as promodel,ProPrice as proprice,Address as adress,`CreateTime`,`AssetsStatue` FROM `tb_assets` WHERE `AssetsStatue` BETWEEN '0' AND '4' ORDER BY AssetsID desc  [ RunTime:0.0010s ]
NOTIC: [8] Undefined offset: 1 D:\WWW\tejinhui\Application\Common\Common\function.php 第 330 行.
NOTIC: [8] Undefined offset: 1 D:\WWW\tejinhui\Application\Common\Common\function.php 第 330 行.
NOTIC: [8] Undefined offset: 1 D:\WWW\tejinhui\Application\Common\Common\function.php 第 330 行.
NOTIC: [8] Undefined offset: 1 D:\WWW\tejinhui\Application\Common\Common\function.php 第 330 行.
NOTIC: [8] Undefined index: StartTime D:\WWW\tejinhui\Application\Web\Controller\ListsController.class.php 第 52 行.
NOTIC: [8] Undefined index: EndTime D:\WWW\tejinhui\Application\Web\Controller\ListsController.class.php 第 52 行.
NOTIC: [8] Undefined index: StartTime D:\WWW\tejinhui\Application\Web\Controller\ListsController.class.php 第 52 行.
NOTIC: [8] Undefined index: EndTime D:\WWW\tejinhui\Application\Web\Controller\ListsController.class.php 第 52 行.
NOTIC: [8] Undefined index: StartTime D:\WWW\tejinhui\Application\Web\Controller\ListsController.class.php 第 52 行.
NOTIC: [8] Undefined index: EndTime D:\WWW\tejinhui\Application\Web\Controller\ListsController.class.php 第 52 行.
NOTIC: [8] Undefined index: StartTime D:\WWW\tejinhui\Application\Web\Controller\ListsController.class.php 第 52 行.
NOTIC: [8] Undefined index: EndTime D:\WWW\tejinhui\Application\Web\Controller\ListsController.class.php 第 52 行.
NOTIC: [8] Undefined index: StartTime D:\WWW\tejinhui\Application\Web\Controller\ListsController.class.php 第 52 行.
NOTIC: [8] Undefined index: EndTime D:\WWW\tejinhui\Application\Web\Controller\ListsController.class.php 第 52 行.
INFO: [ view_parse ] --START--
INFO: [ template_filter ] --START--
INFO: Run Behavior\ContentReplaceBehavior [ RunTime:0.000000s ]
INFO: [ template_filter ] --END-- [ RunTime:0.000000s ]
INFO: Run Behavior\ParseTemplateBehavior [ RunTime:0.007000s ]
INFO: [ view_parse ] --END-- [ RunTime:0.007000s ]
INFO: [ view_filter ] --START--
INFO: Run Behavior\WriteHtmlCacheBehavior [ RunTime:0.000000s ]
INFO: [ view_filter ] --END-- [ RunTime:0.001000s ]
INFO: [ app_end ] --START--
INFO: Run Behavior\ShowPageTraceBehavior [ RunTime:0.000000s ]
INFO: [ app_end ] --END-- [ RunTime:0.000000s ]

[ 2016-11-23T15:57:17+08:00 ] 127.0.0.1 /index.php/Web/Lists/lists.html
INFO: [ app_init ] --START--
INFO: Run Behavior\BuildLiteBehavior [ RunTime:0.000000s ]
INFO: [ app_init ] --END-- [ RunTime:0.001000s ]
INFO: [ app_begin ] --START--
INFO: Run Behavior\ReadHtmlCacheBehavior [ RunTime:0.001000s ]
INFO: [ app_begin ] --END-- [ RunTime:0.001000s ]
SQL: SHOW COLUMNS FROM `tb_debt` [ RunTime:0.0040s ]
SQL: SHOW COLUMNS FROM `tb_assets` [ RunTime:0.0020s ]
SQL: SHOW COLUMNS FROM `tb_package` [ RunTime:0.0030s ]
SQL: SELECT `DebtID`,Title as title,Total as total,`StartTime`,`EndTime`,ProcessModle as promodel,ProPrice as proprice,DebtAdress as adress,`CreateTime`,`AssetsStatue` FROM `tb_debt` WHERE `AssetsStatue` BETWEEN '0' AND '4' ORDER BY DebtID desc  [ RunTime:0.0020s ]
SQL: SELECT `PackageID`,Title as title,Total as total,ProcessModle as proprice,OwnerAdress as adress,`CreateTime`,`AssetsStatue` FROM `tb_package` WHERE `AssetsStatue` BETWEEN '0' AND '4' ORDER BY PackageID desc  [ RunTime:0.0010s ]
SQL: SELECT `AssetsID`,Title as title,Price as total,ProcessModle as promodel,ProPrice as proprice,Address as adress,`CreateTime`,`AssetsStatue` FROM `tb_assets` WHERE `AssetsStatue` BETWEEN '0' AND '4' ORDER BY AssetsID desc  [ RunTime:0.0010s ]
NOTIC: [8] Undefined offset: 1 D:\WWW\tejinhui\Application\Common\Common\function.php 第 330 行.
NOTIC: [8] Undefined offset: 1 D:\WWW\tejinhui\Application\Common\Common\function.php 第 330 行.
NOTIC: [8] Undefined offset: 1 D:\WWW\tejinhui\Application\Common\Common\function.php 第 330 行.
NOTIC: [8] Undefined offset: 1 D:\WWW\tejinhui\Application\Common\Common\function.php 第 330 行.
NOTIC: [8] Undefined index: StartTime D:\WWW\tejinhui\Application\Web\Controller\ListsController.class.php 第 52 行.
NOTIC: [8] Undefined index: EndTime D:\WWW\tejinhui\Application\Web\Controller\ListsController.class.php 第 52 行.
NOTIC: [8] Undefined index: StartTime D:\WWW\tejinhui\Application\Web\Controller\ListsController.class.php 第 52 行.
NOTIC: [8] Undefined index: EndTime D:\WWW\tejinhui\Application\Web\Controller\ListsController.class.php 第 52 行.
NOTIC: [8] Undefined index: StartTime D:\WWW\tejinhui\Application\Web\Controller\ListsController.class.php 第 52 行.
NOTIC: [8] Undefined index: EndTime D:\WWW\tejinhui\Application\Web\Controller\ListsController.class.php 第 52 行.
NOTIC: [8] Undefined index: StartTime D:\WWW\tejinhui\Application\Web\Controller\ListsController.class.php 第 52 行.
NOTIC: [8] Undefined index: EndTime D:\WWW\tejinhui\Application\Web\Controller\ListsController.class.php 第 52 行.
NOTIC: [8] Undefined index: StartTime D:\WWW\tejinhui\Application\Web\Controller\ListsController.class.php 第 52 行.
NOTIC: [8] Undefined index: EndTime D:\WWW\tejinhui\Application\Web\Controller\ListsController.class.php 第 52 行.
INFO: [ view_parse ] --START--
INFO: [ template_filter ] --START--
INFO: Run Behavior\ContentReplaceBehavior [ RunTime:0.000000s ]
INFO: [ template_filter ] --END-- [ RunTime:0.000000s ]
INFO: Run Behavior\ParseTemplateBehavior [ RunTime:0.007000s ]
INFO: [ view_parse ] --END-- [ RunTime:0.007000s ]
INFO: [ view_filter ] --START--
INFO: Run Behavior\WriteHtmlCacheBehavior [ RunTime:0.000000s ]
INFO: [ view_filter ] --END-- [ RunTime:0.000000s ]
INFO: [ app_end ] --START--
INFO: Run Behavior\ShowPageTraceBehavior [ RunTime:0.000000s ]
INFO: [ app_end ] --END-- [ RunTime:0.000000s ]

[ 2016-11-23T15:57:18+08:00 ] 127.0.0.1 /index.php/Web/Index/publish.html
INFO: [ app_init ] --START--
INFO: Run Behavior\BuildLiteBehavior [ RunTime:0.000000s ]
INFO: [ app_init ] --END-- [ RunTime:0.001000s ]
INFO: [ app_begin ] --START--
INFO: Run Behavior\ReadHtmlCacheBehavior [ RunTime:0.001000s ]
INFO: [ app_begin ] --END-- [ RunTime:0.001000s ]
INFO: [ view_parse ] --START--
INFO: [ template_filter ] --START--
INFO: Run Behavior\ContentReplaceBehavior [ RunTime:0.000000s ]
INFO: [ template_filter ] --END-- [ RunTime:0.000000s ]
INFO: Run Behavior\ParseTemplateBehavior [ RunTime:0.007000s ]
INFO: [ view_parse ] --END-- [ RunTime:0.007000s ]
INFO: [ view_filter ] --START--
INFO: Run Behavior\WriteHtmlCacheBehavior [ RunTime:0.000000s ]
INFO: [ view_filter ] --END-- [ RunTime:0.000000s ]
INFO: [ app_end ] --START--
INFO: Run Behavior\ShowPageTraceBehavior [ RunTime:0.000000s ]
INFO: [ app_end ] --END-- [ RunTime:0.000000s ]

[ 2016-11-23T16:26:43+08:00 ] 127.0.0.1 /index.php/Web/Lists/lists.html
INFO: [ app_init ] --START--
INFO: Run Behavior\BuildLiteBehavior [ RunTime:0.000000s ]
INFO: [ app_init ] --END-- [ RunTime:0.000000s ]
INFO: [ app_begin ] --START--
INFO: Run Behavior\ReadHtmlCacheBehavior [ RunTime:0.001000s ]
INFO: [ app_begin ] --END-- [ RunTime:0.001000s ]
SQL: SHOW COLUMNS FROM `tb_debt` [ RunTime:0.0030s ]
SQL: SHOW COLUMNS FROM `tb_assets` [ RunTime:0.0030s ]
SQL: SHOW COLUMNS FROM `tb_package` [ RunTime:0.0030s ]
SQL: SELECT `DebtID`,Title as title,Total as total,`StartTime`,`EndTime`,ProcessModle as promodel,ProPrice as proprice,DebtAdress as adress,`CreateTime`,`AssetsStatue` FROM `tb_debt` WHERE `AssetsStatue` BETWEEN '0' AND '4' ORDER BY DebtID desc  [ RunTime:0.0020s ]
SQL: SELECT `PackageID`,Title as title,Total as total,ProcessModle as proprice,OwnerAdress as adress,`CreateTime`,`AssetsStatue` FROM `tb_package` WHERE `AssetsStatue` BETWEEN '0' AND '4' ORDER BY PackageID desc  [ RunTime:0.0020s ]
SQL: SELECT `AssetsID`,Title as title,Price as total,ProcessModle as promodel,ProPrice as proprice,Address as adress,`CreateTime`,`AssetsStatue` FROM `tb_assets` WHERE `AssetsStatue` BETWEEN '0' AND '4' ORDER BY AssetsID desc  [ RunTime:0.0020s ]
NOTIC: [8] Undefined offset: 1 D:\WWW\tejinhui\Application\Common\Common\function.php 第 330 行.
NOTIC: [8] Undefined offset: 1 D:\WWW\tejinhui\Application\Common\Common\function.php 第 330 行.
NOTIC: [8] Undefined offset: 1 D:\WWW\tejinhui\Application\Common\Common\function.php 第 330 行.
NOTIC: [8] Undefined offset: 1 D:\WWW\tejinhui\Application\Common\Common\function.php 第 330 行.
NOTIC: [8] Undefined index: StartTime D:\WWW\tejinhui\Application\Web\Controller\ListsController.class.php 第 52 行.
NOTIC: [8] Undefined index: EndTime D:\WWW\tejinhui\Application\Web\Controller\ListsController.class.php 第 52 行.
NOTIC: [8] Undefined index: StartTime D:\WWW\tejinhui\Application\Web\Controller\ListsController.class.php 第 52 行.
NOTIC: [8] Undefined index: EndTime D:\WWW\tejinhui\Application\Web\Controller\ListsController.class.php 第 52 行.
NOTIC: [8] Undefined index: StartTime D:\WWW\tejinhui\Application\Web\Controller\ListsController.class.php 第 52 行.
NOTIC: [8] Undefined index: EndTime D:\WWW\tejinhui\Application\Web\Controller\ListsController.class.php 第 52 行.
NOTIC: [8] Undefined index: StartTime D:\WWW\tejinhui\Application\Web\Controller\ListsController.class.php 第 52 行.
NOTIC: [8] Undefined index: EndTime D:\WWW\tejinhui\Application\Web\Controller\ListsController.class.php 第 52 行.
NOTIC: [8] Undefined index: StartTime D:\WWW\tejinhui\Application\Web\Controller\ListsController.class.php 第 52 行.
NOTIC: [8] Undefined index: EndTime D:\WWW\tejinhui\Application\Web\Controller\ListsController.class.php 第 52 行.
INFO: [ view_parse ] --START--
INFO: [ template_filter ] --START--
INFO: Run Behavior\ContentReplaceBehavior [ RunTime:0.000000s ]
INFO: [ template_filter ] --END-- [ RunTime:0.000000s ]
INFO: Run Behavior\ParseTemplateBehavior [ RunTime:0.010000s ]
INFO: [ view_parse ] --END-- [ RunTime:0.010000s ]
INFO: [ view_filter ] --START--
INFO: Run Behavior\WriteHtmlCacheBehavior [ RunTime:0.000000s ]
INFO: [ view_filter ] --END-- [ RunTime:0.000000s ]
INFO: [ app_end ] --START--
INFO: Run Behavior\ShowPageTraceBehavior [ RunTime:0.001000s ]
INFO: [ app_end ] --END-- [ RunTime:0.001000s ]

[ 2016-11-23T16:26:50+08:00 ] 127.0.0.1 /index.php/Web/Lists/lists/p/2.html
INFO: [ app_init ] --START--
INFO: Run Behavior\BuildLiteBehavior [ RunTime:0.000000s ]
INFO: [ app_init ] --END-- [ RunTime:0.001000s ]
INFO: [ app_begin ] --START--
INFO: Run Behavior\ReadHtmlCacheBehavior [ RunTime:0.001000s ]
INFO: [ app_begin ] --END-- [ RunTime:0.001000s ]
SQL: SHOW COLUMNS FROM `tb_debt` [ RunTime:0.0040s ]
SQL: SHOW COLUMNS FROM `tb_assets` [ RunTime:0.0030s ]
SQL: SHOW COLUMNS FROM `tb_package` [ RunTime:0.0030s ]
SQL: SELECT `DebtID`,Title as title,Total as total,`StartTime`,`EndTime`,ProcessModle as promodel,ProPrice as proprice,DebtAdress as adress,`CreateTime`,`AssetsStatue` FROM `tb_debt` WHERE `AssetsStatue` BETWEEN '0' AND '4' ORDER BY DebtID desc  [ RunTime:0.0030s ]
SQL: SELECT `PackageID`,Title as title,Total as total,ProcessModle as proprice,OwnerAdress as adress,`CreateTime`,`AssetsStatue` FROM `tb_package` WHERE `AssetsStatue` BETWEEN '0' AND '4' ORDER BY PackageID desc  [ RunTime:0.0010s ]
SQL: SELECT `AssetsID`,Title as title,Price as total,ProcessModle as promodel,ProPrice as proprice,Address as adress,`CreateTime`,`AssetsStatue` FROM `tb_assets` WHERE `AssetsStatue` BETWEEN '0' AND '4' ORDER BY AssetsID desc  [ RunTime:0.0020s ]
NOTIC: [8] Undefined offset: 1 D:\WWW\tejinhui\Application\Common\Common\function.php 第 330 行.
NOTIC: [8] Undefined offset: 1 D:\WWW\tejinhui\Application\Common\Common\function.php 第 330 行.
NOTIC: [8] Undefined offset: 1 D:\WWW\tejinhui\Application\Common\Common\function.php 第 330 行.
NOTIC: [8] Undefined offset: 1 D:\WWW\tejinhui\Application\Common\Common\function.php 第 330 行.
NOTIC: [8] Undefined index: StartTime D:\WWW\tejinhui\Application\Web\Controller\ListsController.class.php 第 52 行.
NOTIC: [8] Undefined index: EndTime D:\WWW\tejinhui\Application\Web\Controller\ListsController.class.php 第 52 行.
NOTIC: [8] Undefined index: StartTime D:\WWW\tejinhui\Application\Web\Controller\ListsController.class.php 第 52 行.
NOTIC: [8] Undefined index: EndTime D:\WWW\tejinhui\Application\Web\Controller\ListsController.class.php 第 52 行.
NOTIC: [8] Undefined index: StartTime D:\WWW\tejinhui\Application\Web\Controller\ListsController.class.php 第 52 行.
NOTIC: [8] Undefined index: EndTime D:\WWW\tejinhui\Application\Web\Controller\ListsController.class.php 第 52 行.
NOTIC: [8] Undefined index: StartTime D:\WWW\tejinhui\Application\Web\Controller\ListsController.class.php 第 52 行.
NOTIC: [8] Undefined index: EndTime D:\WWW\tejinhui\Application\Web\Controller\ListsController.class.php 第 52 行.
NOTIC: [8] Undefined index: StartTime D:\WWW\tejinhui\Application\Web\Controller\ListsController.class.php 第 52 行.
NOTIC: [8] Undefined index: EndTime D:\WWW\tejinhui\Application\Web\Controller\ListsController.class.php 第 52 行.
INFO: [ view_parse ] --START--
INFO: [ template_filter ] --START--
INFO: Run Behavior\ContentReplaceBehavior [ RunTime:0.000000s ]
INFO: [ template_filter ] --END-- [ RunTime:0.000000s ]
NOTIC: [8] Undefined index: promodel D:\WWW\tejinhui\Application\Runtime\Cache\Web\905a3a488627a647a089d0a43d2f671f.php 第 86 行.
INFO: Run Behavior\ParseTemplateBehavior [ RunTime:0.010000s ]
INFO: [ view_parse ] --END-- [ RunTime:0.010000s ]
INFO: [ view_filter ] --START--
INFO: Run Behavior\WriteHtmlCacheBehavior [ RunTime:0.000000s ]
INFO: [ view_filter ] --END-- [ RunTime:0.000000s ]
INFO: [ app_end ] --START--
INFO: Run Behavior\ShowPageTraceBehavior [ RunTime:0.000000s ]
INFO: [ app_end ] --END-- [ RunTime:0.000000s ]

[ 2016-11-23T16:26:52+08:00 ] 127.0.0.1 /index.php/Web/Lists/lists.html
INFO: [ app_init ] --START--
INFO: Run Behavior\BuildLiteBehavior [ RunTime:0.000000s ]
INFO: [ app_init ] --END-- [ RunTime:0.000000s ]
INFO: [ app_begin ] --START--
INFO: Run Behavior\ReadHtmlCacheBehavior [ RunTime:0.000000s ]
INFO: [ app_begin ] --END-- [ RunTime:0.000000s ]
SQL: SHOW COLUMNS FROM `tb_debt` [ RunTime:0.0030s ]
SQL: SHOW COLUMNS FROM `tb_assets` [ RunTime:0.0030s ]
SQL: SHOW COLUMNS FROM `tb_package` [ RunTime:0.0030s ]
SQL: SELECT `DebtID`,Title as title,Total as total,`StartTime`,`EndTime`,ProcessModle as promodel,ProPrice as proprice,DebtAdress as adress,`CreateTime`,`AssetsStatue` FROM `tb_debt` WHERE `AssetsStatue` BETWEEN '0' AND '4' ORDER BY DebtID desc  [ RunTime:0.0020s ]
SQL: SELECT `PackageID`,Title as title,Total as total,ProcessModle as proprice,OwnerAdress as adress,`CreateTime`,`AssetsStatue` FROM `tb_package` WHERE `AssetsStatue` BETWEEN '0' AND '4' ORDER BY PackageID desc  [ RunTime:0.0020s ]
SQL: SELECT `AssetsID`,Title as title,Price as total,ProcessModle as promodel,ProPrice as proprice,Address as adress,`CreateTime`,`AssetsStatue` FROM `tb_assets` WHERE `AssetsStatue` BETWEEN '0' AND '4' ORDER BY AssetsID desc  [ RunTime:0.0010s ]
NOTIC: [8] Undefined offset: 1 D:\WWW\tejinhui\Application\Common\Common\function.php 第 330 行.
NOTIC: [8] Undefined offset: 1 D:\WWW\tejinhui\Application\Common\Common\function.php 第 330 行.
NOTIC: [8] Undefined offset: 1 D:\WWW\tejinhui\Application\Common\Common\function.php 第 330 行.
NOTIC: [8] Undefined offset: 1 D:\WWW\tejinhui\Application\Common\Common\function.php 第 330 行.
NOTIC: [8] Undefined index: StartTime D:\WWW\tejinhui\Application\Web\Controller\ListsController.class.php 第 52 行.
NOTIC: [8] Undefined index: EndTime D:\WWW\tejinhui\Application\Web\Controller\ListsController.class.php 第 52 行.
NOTIC: [8] Undefined index: StartTime D:\WWW\tejinhui\Application\Web\Controller\ListsController.class.php 第 52 行.
NOTIC: [8] Undefined index: EndTime D:\WWW\tejinhui\Application\Web\Controller\ListsController.class.php 第 52 行.
NOTIC: [8] Undefined index: StartTime D:\WWW\tejinhui\Application\Web\Controller\ListsController.class.php 第 52 行.
NOTIC: [8] Undefined index: EndTime D:\WWW\tejinhui\Application\Web\Controller\ListsController.class.php 第 52 行.
NOTIC: [8] Undefined index: StartTime D:\WWW\tejinhui\Application\Web\Controller\ListsController.class.php 第 52 行.
NOTIC: [8] Undefined index: EndTime D:\WWW\tejinhui\Application\Web\Controller\ListsController.class.php 第 52 行.
NOTIC: [8] Undefined index: StartTime D:\WWW\tejinhui\Application\Web\Controller\ListsController.class.php 第 52 行.
NOTIC: [8] Undefined index: EndTime D:\WWW\tejinhui\Application\Web\Controller\ListsController.class.php 第 52 行.
INFO: [ view_parse ] --START--
INFO: [ template_filter ] --START--
INFO: Run Behavior\ContentReplaceBehavior [ RunTime:0.000000s ]
INFO: [ template_filter ] --END-- [ RunTime:0.000000s ]
INFO: Run Behavior\ParseTemplateBehavior [ RunTime:0.007000s ]
INFO: [ view_parse ] --END-- [ RunTime:0.007000s ]
INFO: [ view_filter ] --START--
INFO: Run Behavior\WriteHtmlCacheBehavior [ RunTime:0.001000s ]
INFO: [ view_filter ] --END-- [ RunTime:0.001000s ]
INFO: [ app_end ] --START--
INFO: Run Behavior\ShowPageTraceBehavior [ RunTime:0.000000s ]
INFO: [ app_end ] --END-- [ RunTime:0.000000s ]

[ 2016-11-23T16:27:33+08:00 ] 127.0.0.1 /index.php/Web/lists/content/PackageID/1.html
INFO: [ app_init ] --START--
INFO: Run Behavior\BuildLiteBehavior [ RunTime:0.000000s ]
INFO: [ app_init ] --END-- [ RunTime:0.000000s ]
INFO: [ app_begin ] --START--
INFO: Run Behavior\ReadHtmlCacheBehavior [ RunTime:0.001000s ]
INFO: [ app_begin ] --END-- [ RunTime:0.001000s ]
SQL: SHOW COLUMNS FROM `tb_package` [ RunTime:0.0030s ]
SQL: SELECT * FROM `tb_package` LEFT JOIN tb_packagedata ON tb_package.PackageID=tb_packagedata.ID  WHERE `PackageID` = '1' LIMIT 1   [ RunTime:0.0040s ]
SQL: SHOW COLUMNS FROM `tb_packagedata` [ RunTime:0.0010s ]
SQL: UPDATE `tb_packagedata` SET `ViewCount`=ViewCount+1 WHERE `ID` = '1' [ RunTime:0.0010s ]
INFO: [ view_parse ] --START--
INFO: [ template_filter ] --START--
INFO: Run Behavior\ContentReplaceBehavior [ RunTime:0.000000s ]
INFO: [ template_filter ] --END-- [ RunTime:0.000000s ]
INFO: Run Behavior\ParseTemplateBehavior [ RunTime:0.009000s ]
INFO: [ view_parse ] --END-- [ RunTime:0.009000s ]
INFO: [ view_filter ] --START--
INFO: Run Behavior\WriteHtmlCacheBehavior [ RunTime:0.000000s ]
INFO: [ view_filter ] --END-- [ RunTime:0.000000s ]
INFO: [ app_end ] --START--
INFO: Run Behavior\ShowPageTraceBehavior [ RunTime:0.001000s ]
INFO: [ app_end ] --END-- [ RunTime:0.001000s ]

[ 2016-11-23T16:27:45+08:00 ] 127.0.0.1 /index.php/Web/Index/publish.html
INFO: [ app_init ] --START--
INFO: Run Behavior\BuildLiteBehavior [ RunTime:0.000000s ]
INFO: [ app_init ] --END-- [ RunTime:0.000000s ]
INFO: [ app_begin ] --START--
INFO: Run Behavior\ReadHtmlCacheBehavior [ RunTime:0.000000s ]
INFO: [ app_begin ] --END-- [ RunTime:0.000000s ]
INFO: [ view_parse ] --START--
INFO: [ template_filter ] --START--
INFO: Run Behavior\ContentReplaceBehavior [ RunTime:0.000000s ]
INFO: [ template_filter ] --END-- [ RunTime:0.000000s ]
INFO: Run Behavior\ParseTemplateBehavior [ RunTime:0.005000s ]
INFO: [ view_parse ] --END-- [ RunTime:0.005000s ]
INFO: [ view_filter ] --START--
INFO: Run Behavior\WriteHtmlCacheBehavior [ RunTime:0.000000s ]
INFO: [ view_filter ] --END-- [ RunTime:0.000000s ]
INFO: [ app_end ] --START--
INFO: Run Behavior\ShowPageTraceBehavior [ RunTime:0.001000s ]
INFO: [ app_end ] --END-- [ RunTime:0.001000s ]

[ 2016-11-23T16:27:47+08:00 ] 127.0.0.1 /index.php/Web/Index/packages.html
INFO: [ app_init ] --START--
INFO: Run Behavior\BuildLiteBehavior [ RunTime:0.000000s ]
INFO: [ app_init ] --END-- [ RunTime:0.000000s ]
INFO: [ app_begin ] --START--
INFO: Run Behavior\ReadHtmlCacheBehavior [ RunTime:0.001000s ]
INFO: [ app_begin ] --END-- [ RunTime:0.001000s ]
SQL: SHOW COLUMNS FROM `tb_area` [ RunTime:0.0040s ]
SQL: SELECT `id`,`name`,`pid`,`code` FROM `tb_area` WHERE `pid` = '0'  [ RunTime:0.0020s ]
INFO: [ view_parse ] --START--
INFO: [ template_filter ] --START--
INFO: Run Behavior\ContentReplaceBehavior [ RunTime:0.000000s ]
INFO: [ template_filter ] --END-- [ RunTime:0.000000s ]
INFO: Run Behavior\ParseTemplateBehavior [ RunTime:0.011000s ]
INFO: [ view_parse ] --END-- [ RunTime:0.011000s ]
INFO: [ view_filter ] --START--
INFO: Run Behavior\WriteHtmlCacheBehavior [ RunTime:0.001000s ]
INFO: [ view_filter ] --END-- [ RunTime:0.001000s ]
INFO: [ app_end ] --START--
INFO: Run Behavior\ShowPageTraceBehavior [ RunTime:0.000000s ]
INFO: [ app_end ] --END-- [ RunTime:0.000000s ]

[ 2016-11-23T16:34:31+08:00 ] 127.0.0.1 /index.php/Web/Index/publish.html
INFO: [ app_init ] --START--
INFO: Run Behavior\BuildLiteBehavior [ RunTime:0.000000s ]
INFO: [ app_init ] --END-- [ RunTime:0.001000s ]
INFO: [ app_begin ] --START--
INFO: Run Behavior\ReadHtmlCacheBehavior [ RunTime:0.000000s ]
INFO: [ app_begin ] --END-- [ RunTime:0.000000s ]
INFO: [ view_parse ] --START--
INFO: [ template_filter ] --START--
INFO: Run Behavior\ContentReplaceBehavior [ RunTime:0.000000s ]
INFO: [ template_filter ] --END-- [ RunTime:0.000000s ]
INFO: Run Behavior\ParseTemplateBehavior [ RunTime:0.011000s ]
INFO: [ view_parse ] --END-- [ RunTime:0.011000s ]
INFO: [ view_filter ] --START--
INFO: Run Behavior\WriteHtmlCacheBehavior [ RunTime:0.000000s ]
INFO: [ view_filter ] --END-- [ RunTime:0.000000s ]
INFO: [ app_end ] --START--
INFO: Run Behavior\ShowPageTraceBehavior [ RunTime:0.000000s ]
INFO: [ app_end ] --END-- [ RunTime:0.000000s ]

[ 2016-11-23T16:34:47+08:00 ] 127.0.0.1 /index.php/Web/Index/assets.html
INFO: [ app_init ] --START--
INFO: Run Behavior\BuildLiteBehavior [ RunTime:0.000000s ]
INFO: [ app_init ] --END-- [ RunTime:0.001000s ]
INFO: [ app_begin ] --START--
INFO: Run Behavior\ReadHtmlCacheBehavior [ RunTime:0.001000s ]
INFO: [ app_begin ] --END-- [ RunTime:0.001000s ]
SQL: SHOW COLUMNS FROM `tb_area` [ RunTime:0.0020s ]
SQL: SELECT `id`,`name`,`pid`,`code` FROM `tb_area` WHERE `pid` = '0'  [ RunTime:0.0010s ]
INFO: [ view_parse ] --START--
INFO: [ template_filter ] --START--
INFO: Run Behavior\ContentReplaceBehavior [ RunTime:0.000000s ]
INFO: [ template_filter ] --END-- [ RunTime:0.000000s ]
INFO: Run Behavior\ParseTemplateBehavior [ RunTime:0.007000s ]
INFO: [ view_parse ] --END-- [ RunTime:0.007000s ]
INFO: [ view_filter ] --START--
INFO: Run Behavior\WriteHtmlCacheBehavior [ RunTime:0.000000s ]
INFO: [ view_filter ] --END-- [ RunTime:0.000000s ]
INFO: [ app_end ] --START--
INFO: Run Behavior\ShowPageTraceBehavior [ RunTime:0.000000s ]
INFO: [ app_end ] --END-- [ RunTime:0.000000s ]

[ 2016-11-23T16:34:50+08:00 ] 127.0.0.1 /index.php/Web/Index/debt.html
INFO: [ app_init ] --START--
INFO: Run Behavior\BuildLiteBehavior [ RunTime:0.000000s ]
INFO: [ app_init ] --END-- [ RunTime:0.001000s ]
INFO: [ app_begin ] --START--
INFO: Run Behavior\ReadHtmlCacheBehavior [ RunTime:0.000000s ]
INFO: [ app_begin ] --END-- [ RunTime:0.000000s ]
SQL: SHOW COLUMNS FROM `tb_area` [ RunTime:0.0040s ]
SQL: SELECT `id`,`name`,`pid`,`code` FROM `tb_area` WHERE `pid` = '0'  [ RunTime:0.0020s ]
INFO: [ view_parse ] --START--
INFO: [ template_filter ] --START--
INFO: Run Behavior\ContentReplaceBehavior [ RunTime:0.000000s ]
INFO: [ template_filter ] --END-- [ RunTime:0.000000s ]
INFO: Run Behavior\ParseTemplateBehavior [ RunTime:0.013000s ]
INFO: [ view_parse ] --END-- [ RunTime:0.013000s ]
INFO: [ view_filter ] --START--
INFO: Run Behavior\WriteHtmlCacheBehavior [ RunTime:0.000000s ]
INFO: [ view_filter ] --END-- [ RunTime:0.000000s ]
INFO: [ app_end ] --START--
INFO: Run Behavior\ShowPageTraceBehavior [ RunTime:0.001000s ]
INFO: [ app_end ] --END-- [ RunTime:0.001000s ]

[ 2016-11-23T16:35:02+08:00 ] 127.0.0.1 /index.php/Web/Index/assets.html
INFO: [ app_init ] --START--
INFO: Run Behavior\BuildLiteBehavior [ RunTime:0.000000s ]
INFO: [ app_init ] --END-- [ RunTime:0.001000s ]
INFO: [ app_begin ] --START--
INFO: Run Behavior\ReadHtmlCacheBehavior [ RunTime:0.000000s ]
INFO: [ app_begin ] --END-- [ RunTime:0.000000s ]
SQL: SHOW COLUMNS FROM `tb_area` [ RunTime:0.0040s ]
SQL: SELECT `id`,`name`,`pid`,`code` FROM `tb_area` WHERE `pid` = '0'  [ RunTime:0.0020s ]
INFO: [ view_parse ] --START--
INFO: [ template_filter ] --START--
INFO: Run Behavior\ContentReplaceBehavior [ RunTime:0.000000s ]
INFO: [ template_filter ] --END-- [ RunTime:0.000000s ]
INFO: Run Behavior\ParseTemplateBehavior [ RunTime:0.010000s ]
INFO: [ view_parse ] --END-- [ RunTime:0.010000s ]
INFO: [ view_filter ] --START--
INFO: Run Behavior\WriteHtmlCacheBehavior [ RunTime:0.000000s ]
INFO: [ view_filter ] --END-- [ RunTime:0.000000s ]
INFO: [ app_end ] --START--
INFO: Run Behavior\ShowPageTraceBehavior [ RunTime:0.001000s ]
INFO: [ app_end ] --END-- [ RunTime:0.001000s ]

[ 2016-11-23T16:36:42+08:00 ] 192.168.1.207 /index.php?m=Web&c=Checkcode&a=index&length=4&font_size=16&width=120&height=55&charset=1234567890&use_noise=1&use_curve=0&time=0.5246274670379651
INFO: [ app_init ] --START--
INFO: Run Behavior\BuildLiteBehavior [ RunTime:0.000000s ]
INFO: [ app_init ] --END-- [ RunTime:0.001000s ]
INFO: [ app_begin ] --START--
INFO: Run Behavior\ReadHtmlCacheBehavior [ RunTime:0.001000s ]
INFO: [ app_begin ] --END-- [ RunTime:0.001000s ]
INFO: [ app_end ] --START--
INFO: Run Behavior\ShowPageTraceBehavior [ RunTime:0.001000s ]
INFO: [ app_end ] --END-- [ RunTime:0.001000s ]

[ 2016-11-23T16:36:56+08:00 ] 192.168.1.207 /index.php/Web/Index/publish.html
INFO: [ app_init ] --START--
INFO: Run Behavior\BuildLiteBehavior [ RunTime:0.000000s ]
INFO: [ app_init ] --END-- [ RunTime:0.001000s ]
INFO: [ app_begin ] --START--
INFO: Run Behavior\ReadHtmlCacheBehavior [ RunTime:0.000000s ]
INFO: [ app_begin ] --END-- [ RunTime:0.001000s ]
INFO: [ view_parse ] --START--
INFO: [ template_filter ] --START--
INFO: Run Behavior\ContentReplaceBehavior [ RunTime:0.000000s ]
INFO: [ template_filter ] --END-- [ RunTime:0.000000s ]
INFO: Run Behavior\ParseTemplateBehavior [ RunTime:0.009000s ]
INFO: [ view_parse ] --END-- [ RunTime:0.009000s ]
INFO: [ view_filter ] --START--
INFO: Run Behavior\WriteHtmlCacheBehavior [ RunTime:0.000000s ]
INFO: [ view_filter ] --END-- [ RunTime:0.000000s ]
INFO: [ app_end ] --START--
INFO: Run Behavior\ShowPageTraceBehavior [ RunTime:0.001000s ]
INFO: [ app_end ] --END-- [ RunTime:0.001000s ]

[ 2016-11-23T16:50:18+08:00 ] 127.0.0.1 /index.php/Web/Lists/lists.html
INFO: [ app_init ] --START--
INFO: Run Behavior\BuildLiteBehavior [ RunTime:0.000000s ]
INFO: [ app_init ] --END-- [ RunTime:0.001000s ]
INFO: [ app_begin ] --START--
INFO: Run Behavior\ReadHtmlCacheBehavior [ RunTime:0.000000s ]
INFO: [ app_begin ] --END-- [ RunTime:0.000000s ]
SQL: SHOW COLUMNS FROM `tb_debt` [ RunTime:0.0030s ]
SQL: SHOW COLUMNS FROM `tb_assets` [ RunTime:0.0030s ]
SQL: SHOW COLUMNS FROM `tb_package` [ RunTime:0.0030s ]
SQL: SELECT `DebtID`,Title as title,Total as total,`StartTime`,`EndTime`,ProcessModle as promodel,ProPrice as proprice,DebtAdress as adress,`CreateTime`,`AssetsStatue` FROM `tb_debt` WHERE `AssetsStatue` BETWEEN '0' AND '4' ORDER BY DebtID desc  [ RunTime:0.0020s ]
SQL: SELECT `PackageID`,Title as title,Total as total,ProcessModle as proprice,OwnerAdress as adress,`CreateTime`,`AssetsStatue` FROM `tb_package` WHERE `AssetsStatue` BETWEEN '0' AND '4' ORDER BY PackageID desc  [ RunTime:0.0020s ]
SQL: SELECT `AssetsID`,Title as title,Price as total,ProcessModle as promodel,ProPrice as proprice,Address as adress,`CreateTime`,`AssetsStatue` FROM `tb_assets` WHERE `AssetsStatue` BETWEEN '0' AND '4' ORDER BY AssetsID desc  [ RunTime:0.0020s ]
NOTIC: [8] Undefined offset: 1 D:\WWW\tejinhui\Application\Common\Common\function.php 第 330 行.
NOTIC: [8] Undefined offset: 1 D:\WWW\tejinhui\Application\Common\Common\function.php 第 330 行.
NOTIC: [8] Undefined offset: 1 D:\WWW\tejinhui\Application\Common\Common\function.php 第 330 行.
NOTIC: [8] Undefined offset: 1 D:\WWW\tejinhui\Application\Common\Common\function.php 第 330 行.
NOTIC: [8] Undefined index: StartTime D:\WWW\tejinhui\Application\Web\Controller\ListsController.class.php 第 52 行.
NOTIC: [8] Undefined index: EndTime D:\WWW\tejinhui\Application\Web\Controller\ListsController.class.php 第 52 行.
NOTIC: [8] Undefined index: StartTime D:\WWW\tejinhui\Application\Web\Controller\ListsController.class.php 第 52 行.
NOTIC: [8] Undefined index: EndTime D:\WWW\tejinhui\Application\Web\Controller\ListsController.class.php 第 52 行.
NOTIC: [8] Undefined index: StartTime D:\WWW\tejinhui\Application\Web\Controller\ListsController.class.php 第 52 行.
NOTIC: [8] Undefined index: EndTime D:\WWW\tejinhui\Application\Web\Controller\ListsController.class.php 第 52 行.
NOTIC: [8] Undefined index: StartTime D:\WWW\tejinhui\Application\Web\Controller\ListsController.class.php 第 52 行.
NOTIC: [8] Undefined index: EndTime D:\WWW\tejinhui\Application\Web\Controller\ListsController.class.php 第 52 行.
NOTIC: [8] Undefined index: StartTime D:\WWW\tejinhui\Application\Web\Controller\ListsController.class.php 第 52 行.
NOTIC: [8] Undefined index: EndTime D:\WWW\tejinhui\Application\Web\Controller\ListsController.class.php 第 52 行.
INFO: [ view_parse ] --START--
INFO: [ template_filter ] --START--
INFO: Run Behavior\ContentReplaceBehavior [ RunTime:0.000000s ]
INFO: [ template_filter ] --END-- [ RunTime:0.001000s ]
INFO: Run Behavior\ParseTemplateBehavior [ RunTime:0.012000s ]
INFO: [ view_parse ] --END-- [ RunTime:0.012000s ]
INFO: [ view_filter ] --START--
INFO: Run Behavior\WriteHtmlCacheBehavior [ RunTime:0.000000s ]
INFO: [ view_filter ] --END-- [ RunTime:0.000000s ]
INFO: [ app_end ] --START--
INFO: Run Behavior\ShowPageTraceBehavior [ RunTime:0.001000s ]
INFO: [ app_end ] --END-- [ RunTime:0.001000s ]

[ 2016-11-23T16:50:28+08:00 ] 127.0.0.1 /index.php/Web/Lists/lists/p/2.html
INFO: [ app_init ] --START--
INFO: Run Behavior\BuildLiteBehavior [ RunTime:0.000000s ]
INFO: [ app_init ] --END-- [ RunTime:0.000000s ]
INFO: [ app_begin ] --START--
INFO: Run Behavior\ReadHtmlCacheBehavior [ RunTime:0.001000s ]
INFO: [ app_begin ] --END-- [ RunTime:0.001000s ]
SQL: SHOW COLUMNS FROM `tb_debt` [ RunTime:0.0030s ]
SQL: SHOW COLUMNS FROM `tb_assets` [ RunTime:0.0020s ]
SQL: SHOW COLUMNS FROM `tb_package` [ RunTime:0.0020s ]
SQL: SELECT `DebtID`,Title as title,Total as total,`StartTime`,`EndTime`,ProcessModle as promodel,ProPrice as proprice,DebtAdress as adress,`CreateTime`,`AssetsStatue` FROM `tb_debt` WHERE `AssetsStatue` BETWEEN '0' AND '4' ORDER BY DebtID desc  [ RunTime:0.0020s ]
SQL: SELECT `PackageID`,Title as title,Total as total,ProcessModle as proprice,OwnerAdress as adress,`CreateTime`,`AssetsStatue` FROM `tb_package` WHERE `AssetsStatue` BETWEEN '0' AND '4' ORDER BY PackageID desc  [ RunTime:0.0020s ]
SQL: SELECT `AssetsID`,Title as title,Price as total,ProcessModle as promodel,ProPrice as proprice,Address as adress,`CreateTime`,`AssetsStatue` FROM `tb_assets` WHERE `AssetsStatue` BETWEEN '0' AND '4' ORDER BY AssetsID desc  [ RunTime:0.0010s ]
NOTIC: [8] Undefined offset: 1 D:\WWW\tejinhui\Application\Common\Common\function.php 第 330 行.
NOTIC: [8] Undefined offset: 1 D:\WWW\tejinhui\Application\Common\Common\function.php 第 330 行.
NOTIC: [8] Undefined offset: 1 D:\WWW\tejinhui\Application\Common\Common\function.php 第 330 行.
NOTIC: [8] Undefined offset: 1 D:\WWW\tejinhui\Application\Common\Common\function.php 第 330 行.
NOTIC: [8] Undefined index: StartTime D:\WWW\tejinhui\Application\Web\Controller\ListsController.class.php 第 52 行.
NOTIC: [8] Undefined index: EndTime D:\WWW\tejinhui\Application\Web\Controller\ListsController.class.php 第 52 行.
NOTIC: [8] Undefined index: StartTime D:\WWW\tejinhui\Application\Web\Controller\ListsController.class.php 第 52 行.
NOTIC: [8] Undefined index: EndTime D:\WWW\tejinhui\Application\Web\Controller\ListsController.class.php 第 52 行.
NOTIC: [8] Undefined index: StartTime D:\WWW\tejinhui\Application\Web\Controller\ListsController.class.php 第 52 行.
NOTIC: [8] Undefined index: EndTime D:\WWW\tejinhui\Application\Web\Controller\ListsController.class.php 第 52 行.
NOTIC: [8] Undefined index: StartTime D:\WWW\tejinhui\Application\Web\Controller\ListsController.class.php 第 52 行.
NOTIC: [8] Undefined index: EndTime D:\WWW\tejinhui\Application\Web\Controller\ListsController.class.php 第 52 行.
NOTIC: [8] Undefined index: StartTime D:\WWW\tejinhui\Application\Web\Controller\ListsController.class.php 第 52 行.
NOTIC: [8] Undefined index: EndTime D:\WWW\tejinhui\Application\Web\Controller\ListsController.class.php 第 52 行.
INFO: [ view_parse ] --START--
INFO: [ template_filter ] --START--
INFO: Run Behavior\ContentReplaceBehavior [ RunTime:0.000000s ]
INFO: [ template_filter ] --END-- [ RunTime:0.000000s ]
NOTIC: [8] Undefined index: promodel D:\WWW\tejinhui\Application\Runtime\Cache\Web\905a3a488627a647a089d0a43d2f671f.php 第 86 行.
INFO: Run Behavior\ParseTemplateBehavior [ RunTime:0.010000s ]
INFO: [ view_parse ] --END-- [ RunTime:0.010000s ]
INFO: [ view_filter ] --START--
INFO: Run Behavior\WriteHtmlCacheBehavior [ RunTime:0.000000s ]
INFO: [ view_filter ] --END-- [ RunTime:0.000000s ]
INFO: [ app_end ] --START--
INFO: Run Behavior\ShowPageTraceBehavior [ RunTime:0.001000s ]
INFO: [ app_end ] --END-- [ RunTime:0.001000s ]

[ 2016-11-23T16:50:32+08:00 ] 127.0.0.1 /index.php/Web/Lists/lists.html
INFO: [ app_init ] --START--
INFO: Run Behavior\BuildLiteBehavior [ RunTime:0.000000s ]
INFO: [ app_init ] --END-- [ RunTime:0.001000s ]
INFO: [ app_begin ] --START--
INFO: Run Behavior\ReadHtmlCacheBehavior [ RunTime:0.001000s ]
INFO: [ app_begin ] --END-- [ RunTime:0.001000s ]
SQL: SHOW COLUMNS FROM `tb_debt` [ RunTime:0.0030s ]
SQL: SHOW COLUMNS FROM `tb_assets` [ RunTime:0.0030s ]
SQL: SHOW COLUMNS FROM `tb_package` [ RunTime:0.0030s ]
SQL: SELECT `DebtID`,Title as title,Total as total,`StartTime`,`EndTime`,ProcessModle as promodel,ProPrice as proprice,DebtAdress as adress,`CreateTime`,`AssetsStatue` FROM `tb_debt` WHERE `AssetsStatue` BETWEEN '0' AND '4' ORDER BY DebtID desc  [ RunTime:0.0020s ]
SQL: SELECT `PackageID`,Title as title,Total as total,ProcessModle as proprice,OwnerAdress as adress,`CreateTime`,`AssetsStatue` FROM `tb_package` WHERE `AssetsStatue` BETWEEN '0' AND '4' ORDER BY PackageID desc  [ RunTime:0.0010s ]
SQL: SELECT `AssetsID`,Title as title,Price as total,ProcessModle as promodel,ProPrice as proprice,Address as adress,`CreateTime`,`AssetsStatue` FROM `tb_assets` WHERE `AssetsStatue` BETWEEN '0' AND '4' ORDER BY AssetsID desc  [ RunTime:0.0020s ]
NOTIC: [8] Undefined offset: 1 D:\WWW\tejinhui\Application\Common\Common\function.php 第 330 行.
NOTIC: [8] Undefined offset: 1 D:\WWW\tejinhui\Application\Common\Common\function.php 第 330 行.
NOTIC: [8] Undefined offset: 1 D:\WWW\tejinhui\Application\Common\Common\function.php 第 330 行.
NOTIC: [8] Undefined offset: 1 D:\WWW\tejinhui\Application\Common\Common\function.php 第 330 行.
NOTIC: [8] Undefined index: StartTime D:\WWW\tejinhui\Application\Web\Controller\ListsController.class.php 第 52 行.
NOTIC: [8] Undefined index: EndTime D:\WWW\tejinhui\Application\Web\Controller\ListsController.class.php 第 52 行.
NOTIC: [8] Undefined index: StartTime D:\WWW\tejinhui\Application\Web\Controller\ListsController.class.php 第 52 行.
NOTIC: [8] Undefined index: EndTime D:\WWW\tejinhui\Application\Web\Controller\ListsController.class.php 第 52 行.
NOTIC: [8] Undefined index: StartTime D:\WWW\tejinhui\Application\Web\Controller\ListsController.class.php 第 52 行.
NOTIC: [8] Undefined index: EndTime D:\WWW\tejinhui\Application\Web\Controller\ListsController.class.php 第 52 行.
NOTIC: [8] Undefined index: StartTime D:\WWW\tejinhui\Application\Web\Controller\ListsController.class.php 第 52 行.
NOTIC: [8] Undefined index: EndTime D:\WWW\tejinhui\Application\Web\Controller\ListsController.class.php 第 52 行.
NOTIC: [8] Undefined index: StartTime D:\WWW\tejinhui\Application\Web\Controller\ListsController.class.php 第 52 行.
NOTIC: [8] Undefined index: EndTime D:\WWW\tejinhui\Application\Web\Controller\ListsController.class.php 第 52 行.
INFO: [ view_parse ] --START--
INFO: [ template_filter ] --START--
INFO: Run Behavior\ContentReplaceBehavior [ RunTime:0.000000s ]
INFO: [ template_filter ] --END-- [ RunTime:0.000000s ]
INFO: Run Behavior\ParseTemplateBehavior [ RunTime:0.007000s ]
INFO: [ view_parse ] --END-- [ RunTime:0.007000s ]
INFO: [ view_filter ] --START--
INFO: Run Behavior\WriteHtmlCacheBehavior [ RunTime:0.000000s ]
INFO: [ view_filter ] --END-- [ RunTime:0.000000s ]
INFO: [ app_end ] --START--
INFO: Run Behavior\ShowPageTraceBehavior [ RunTime:0.000000s ]
INFO: [ app_end ] --END-- [ RunTime:0.000000s ]

[ 2016-11-23T16:54:11+08:00 ] 192.168.1.207 /index.php/Web/Index/publish.html
INFO: [ app_init ] --START--
INFO: Run Behavior\BuildLiteBehavior [ RunTime:0.000000s ]
INFO: [ app_init ] --END-- [ RunTime:0.001000s ]
INFO: [ app_begin ] --START--
INFO: Run Behavior\ReadHtmlCacheBehavior [ RunTime:0.000000s ]
INFO: [ app_begin ] --END-- [ RunTime:0.001000s ]
INFO: [ view_parse ] --START--
INFO: [ template_filter ] --START--
INFO: Run Behavior\ContentReplaceBehavior [ RunTime:0.000000s ]
INFO: [ template_filter ] --END-- [ RunTime:0.000000s ]
INFO: Run Behavior\ParseTemplateBehavior [ RunTime:0.012000s ]
INFO: [ view_parse ] --END-- [ RunTime:0.012000s ]
INFO: [ view_filter ] --START--
INFO: Run Behavior\WriteHtmlCacheBehavior [ RunTime:0.001000s ]
INFO: [ view_filter ] --END-- [ RunTime:0.001000s ]
INFO: [ app_end ] --START--
INFO: Run Behavior\ShowPageTraceBehavior [ RunTime:0.001000s ]
INFO: [ app_end ] --END-- [ RunTime:0.001000s ]

[ 2016-11-23T16:54:13+08:00 ] 192.168.1.207 /index.php/Web/Index/publish.html
INFO: [ app_init ] --START--
INFO: Run Behavior\BuildLiteBehavior [ RunTime:0.000000s ]
INFO: [ app_init ] --END-- [ RunTime:0.001000s ]
INFO: [ app_begin ] --START--
INFO: Run Behavior\ReadHtmlCacheBehavior [ RunTime:0.000000s ]
INFO: [ app_begin ] --END-- [ RunTime:0.000000s ]
INFO: [ view_parse ] --START--
INFO: [ template_filter ] --START--
INFO: Run Behavior\ContentReplaceBehavior [ RunTime:0.000000s ]
INFO: [ template_filter ] --END-- [ RunTime:0.000000s ]
INFO: Run Behavior\ParseTemplateBehavior [ RunTime:0.008000s ]
INFO: [ view_parse ] --END-- [ RunTime:0.008000s ]
INFO: [ view_filter ] --START--
INFO: Run Behavior\WriteHtmlCacheBehavior [ RunTime:0.000000s ]
INFO: [ view_filter ] --END-- [ RunTime:0.000000s ]
INFO: [ app_end ] --START--
INFO: Run Behavior\ShowPageTraceBehavior [ RunTime:0.001000s ]
INFO: [ app_end ] --END-- [ RunTime:0.001000s ]

[ 2016-11-23T16:54:15+08:00 ] 192.168.1.207 /index.php/Web/Lists/lists.html
INFO: [ app_init ] --START--
INFO: Run Behavior\BuildLiteBehavior [ RunTime:0.000000s ]
INFO: [ app_init ] --END-- [ RunTime:0.001000s ]
INFO: [ app_begin ] --START--
INFO: Run Behavior\ReadHtmlCacheBehavior [ RunTime:0.001000s ]
INFO: [ app_begin ] --END-- [ RunTime:0.001000s ]
SQL: SHOW COLUMNS FROM `tb_debt` [ RunTime:0.0040s ]
SQL: SHOW COLUMNS FROM `tb_assets` [ RunTime:0.0030s ]
SQL: SHOW COLUMNS FROM `tb_package` [ RunTime:0.0030s ]
SQL: SELECT `DebtID`,Title as title,Total as total,`StartTime`,`EndTime`,ProcessModle as promodel,ProPrice as proprice,DebtAdress as adress,`CreateTime`,`AssetsStatue` FROM `tb_debt` WHERE `AssetsStatue` BETWEEN '0' AND '4' ORDER BY DebtID desc  [ RunTime:0.0020s ]
SQL: SELECT `PackageID`,Title as title,Total as total,ProcessModle as proprice,OwnerAdress as adress,`CreateTime`,`AssetsStatue` FROM `tb_package` WHERE `AssetsStatue` BETWEEN '0' AND '4' ORDER BY PackageID desc  [ RunTime:0.0010s ]
SQL: SELECT `AssetsID`,Title as title,Price as total,ProcessModle as promodel,ProPrice as proprice,Address as adress,`CreateTime`,`AssetsStatue` FROM `tb_assets` WHERE `AssetsStatue` BETWEEN '0' AND '4' ORDER BY AssetsID desc  [ RunTime:0.0020s ]
NOTIC: [8] Undefined offset: 1 D:\WWW\tejinhui\Application\Common\Common\function.php 第 330 行.
NOTIC: [8] Undefined offset: 1 D:\WWW\tejinhui\Application\Common\Common\function.php 第 330 行.
NOTIC: [8] Undefined offset: 1 D:\WWW\tejinhui\Application\Common\Common\function.php 第 330 行.
NOTIC: [8] Undefined offset: 1 D:\WWW\tejinhui\Application\Common\Common\function.php 第 330 行.
NOTIC: [8] Undefined index: StartTime D:\WWW\tejinhui\Application\Web\Controller\ListsController.class.php 第 52 行.
NOTIC: [8] Undefined index: EndTime D:\WWW\tejinhui\Application\Web\Controller\ListsController.class.php 第 52 行.
NOTIC: [8] Undefined index: StartTime D:\WWW\tejinhui\Application\Web\Controller\ListsController.class.php 第 52 行.
NOTIC: [8] Undefined index: EndTime D:\WWW\tejinhui\Application\Web\Controller\ListsController.class.php 第 52 行.
NOTIC: [8] Undefined index: StartTime D:\WWW\tejinhui\Application\Web\Controller\ListsController.class.php 第 52 行.
NOTIC: [8] Undefined index: EndTime D:\WWW\tejinhui\Application\Web\Controller\ListsController.class.php 第 52 行.
NOTIC: [8] Undefined index: StartTime D:\WWW\tejinhui\Application\Web\Controller\ListsController.class.php 第 52 行.
NOTIC: [8] Undefined index: EndTime D:\WWW\tejinhui\Application\Web\Controller\ListsController.class.php 第 52 行.
NOTIC: [8] Undefined index: StartTime D:\WWW\tejinhui\Application\Web\Controller\ListsController.class.php 第 52 行.
NOTIC: [8] Undefined index: EndTime D:\WWW\tejinhui\Application\Web\Controller\ListsController.class.php 第 52 行.
INFO: [ view_parse ] --START--
INFO: [ template_filter ] --START--
INFO: Run Behavior\ContentReplaceBehavior [ RunTime:0.000000s ]
INFO: [ template_filter ] --END-- [ RunTime:0.000000s ]
INFO: Run Behavior\ParseTemplateBehavior [ RunTime:0.007000s ]
INFO: [ view_parse ] --END-- [ RunTime:0.007000s ]
INFO: [ view_filter ] --START--
INFO: Run Behavior\WriteHtmlCacheBehavior [ RunTime:0.001000s ]
INFO: [ view_filter ] --END-- [ RunTime:0.001000s ]
INFO: [ app_end ] --START--
INFO: Run Behavior\ShowPageTraceBehavior [ RunTime:0.000000s ]
INFO: [ app_end ] --END-- [ RunTime:0.000000s ]

[ 2016-11-23T16:54:16+08:00 ] 192.168.1.207 /index.php/Web/Index/publish.html
INFO: [ app_init ] --START--
INFO: Run Behavior\BuildLiteBehavior [ RunTime:0.000000s ]
INFO: [ app_init ] --END-- [ RunTime:0.000000s ]
INFO: [ app_begin ] --START--
INFO: Run Behavior\ReadHtmlCacheBehavior [ RunTime:0.001000s ]
INFO: [ app_begin ] --END-- [ RunTime:0.001000s ]
INFO: [ view_parse ] --START--
INFO: [ template_filter ] --START--
INFO: Run Behavior\ContentReplaceBehavior [ RunTime:0.001000s ]
INFO: [ template_filter ] --END-- [ RunTime:0.001000s ]
INFO: Run Behavior\ParseTemplateBehavior [ RunTime:0.011000s ]
INFO: [ view_parse ] --END-- [ RunTime:0.012000s ]
INFO: [ view_filter ] --START--
INFO: Run Behavior\WriteHtmlCacheBehavior [ RunTime:0.001000s ]
INFO: [ view_filter ] --END-- [ RunTime:0.001000s ]
INFO: [ app_end ] --START--
INFO: Run Behavior\ShowPageTraceBehavior [ RunTime:0.001000s ]
INFO: [ app_end ] --END-- [ RunTime:0.001000s ]

[ 2016-11-23T16:55:20+08:00 ] 127.0.0.1 /index.php/Web/Lists/lists.html
INFO: [ app_init ] --START--
INFO: Run Behavior\BuildLiteBehavior [ RunTime:0.000000s ]
INFO: [ app_init ] --END-- [ RunTime:0.001000s ]
INFO: [ app_begin ] --START--
INFO: Run Behavior\ReadHtmlCacheBehavior [ RunTime:0.001000s ]
INFO: [ app_begin ] --END-- [ RunTime:0.001000s ]
SQL: SHOW COLUMNS FROM `tb_debt` [ RunTime:0.0020s ]
SQL: SHOW COLUMNS FROM `tb_assets` [ RunTime:0.0020s ]
SQL: SHOW COLUMNS FROM `tb_package` [ RunTime:0.0030s ]
SQL: SELECT `DebtID`,Title as title,Total as total,`StartTime`,`EndTime`,ProcessModle as promodel,ProPrice as proprice,DebtAdress as adress,`CreateTime`,`AssetsStatue` FROM `tb_debt` WHERE `AssetsStatue` BETWEEN '0' AND '4' ORDER BY DebtID desc  [ RunTime:0.0020s ]
SQL: SELECT `PackageID`,Title as title,Total as total,ProcessModle as proprice,OwnerAdress as adress,`CreateTime`,`AssetsStatue` FROM `tb_package` WHERE `AssetsStatue` BETWEEN '0' AND '4' ORDER BY PackageID desc  [ RunTime:0.0010s ]
SQL: SELECT `AssetsID`,Title as title,Price as total,ProcessModle as promodel,ProPrice as proprice,Address as adress,`CreateTime`,`AssetsStatue` FROM `tb_assets` WHERE `AssetsStatue` BETWEEN '0' AND '4' ORDER BY AssetsID desc  [ RunTime:0.0020s ]
NOTIC: [8] Undefined offset: 1 D:\WWW\tejinhui\Application\Common\Common\function.php 第 330 行.
NOTIC: [8] Undefined offset: 1 D:\WWW\tejinhui\Application\Common\Common\function.php 第 330 行.
NOTIC: [8] Undefined offset: 1 D:\WWW\tejinhui\Application\Common\Common\function.php 第 330 行.
NOTIC: [8] Undefined offset: 1 D:\WWW\tejinhui\Application\Common\Common\function.php 第 330 行.
NOTIC: [8] Undefined index: StartTime D:\WWW\tejinhui\Application\Web\Controller\ListsController.class.php 第 52 行.
NOTIC: [8] Undefined index: EndTime D:\WWW\tejinhui\Application\Web\Controller\ListsController.class.php 第 52 行.
NOTIC: [8] Undefined index: StartTime D:\WWW\tejinhui\Application\Web\Controller\ListsController.class.php 第 52 行.
NOTIC: [8] Undefined index: EndTime D:\WWW\tejinhui\Application\Web\Controller\ListsController.class.php 第 52 行.
NOTIC: [8] Undefined index: StartTime D:\WWW\tejinhui\Application\Web\Controller\ListsController.class.php 第 52 行.
NOTIC: [8] Undefined index: EndTime D:\WWW\tejinhui\Application\Web\Controller\ListsController.class.php 第 52 行.
NOTIC: [8] Undefined index: StartTime D:\WWW\tejinhui\Application\Web\Controller\ListsController.class.php 第 52 行.
NOTIC: [8] Undefined index: EndTime D:\WWW\tejinhui\Application\Web\Controller\ListsController.class.php 第 52 行.
NOTIC: [8] Undefined index: StartTime D:\WWW\tejinhui\Application\Web\Controller\ListsController.class.php 第 52 行.
NOTIC: [8] Undefined index: EndTime D:\WWW\tejinhui\Application\Web\Controller\ListsController.class.php 第 52 行.
INFO: [ view_parse ] --START--
INFO: [ template_filter ] --START--
INFO: Run Behavior\ContentReplaceBehavior [ RunTime:0.000000s ]
INFO: [ template_filter ] --END-- [ RunTime:0.001000s ]
INFO: Run Behavior\ParseTemplateBehavior [ RunTime:0.012000s ]
INFO: [ view_parse ] --END-- [ RunTime:0.012000s ]
INFO: [ view_filter ] --START--
INFO: Run Behavior\WriteHtmlCacheBehavior [ RunTime:0.000000s ]
INFO: [ view_filter ] --END-- [ RunTime:0.000000s ]
INFO: [ app_end ] --START--
INFO: Run Behavior\ShowPageTraceBehavior [ RunTime:0.001000s ]
INFO: [ app_end ] --END-- [ RunTime:0.001000s ]

[ 2016-11-23T16:55:43+08:00 ] 192.168.1.207 /index.php/Web/Index/publish.html
INFO: [ app_init ] --START--
INFO: Run Behavior\BuildLiteBehavior [ RunTime:0.000000s ]
INFO: [ app_init ] --END-- [ RunTime:0.001000s ]
INFO: [ app_begin ] --START--
INFO: Run Behavior\ReadHtmlCacheBehavior [ RunTime:0.001000s ]
INFO: [ app_begin ] --END-- [ RunTime:0.001000s ]
INFO: [ view_parse ] --START--
INFO: [ template_filter ] --START--
INFO: Run Behavior\ContentReplaceBehavior [ RunTime:0.000000s ]
INFO: [ template_filter ] --END-- [ RunTime:0.000000s ]
INFO: Run Behavior\ParseTemplateBehavior [ RunTime:0.007000s ]
INFO: [ view_parse ] --END-- [ RunTime:0.007000s ]
INFO: [ view_filter ] --START--
INFO: Run Behavior\WriteHtmlCacheBehavior [ RunTime:0.000000s ]
INFO: [ view_filter ] --END-- [ RunTime:0.000000s ]
INFO: [ app_end ] --START--
INFO: Run Behavior\ShowPageTraceBehavior [ RunTime:0.000000s ]
INFO: [ app_end ] --END-- [ RunTime:0.000000s ]

[ 2016-11-23T16:55:44+08:00 ] 192.168.1.207 /index.php/Web/Lists/lists.html
INFO: [ app_init ] --START--
INFO: Run Behavior\BuildLiteBehavior [ RunTime:0.000000s ]
INFO: [ app_init ] --END-- [ RunTime:0.000000s ]
INFO: [ app_begin ] --START--
INFO: Run Behavior\ReadHtmlCacheBehavior [ RunTime:0.001000s ]
INFO: [ app_begin ] --END-- [ RunTime:0.001000s ]
SQL: SHOW COLUMNS FROM `tb_debt` [ RunTime:0.0050s ]
SQL: SHOW COLUMNS FROM `tb_assets` [ RunTime:0.0020s ]
SQL: SHOW COLUMNS FROM `tb_package` [ RunTime:0.0020s ]
SQL: SELECT `DebtID`,Title as title,Total as total,`StartTime`,`EndTime`,ProcessModle as promodel,ProPrice as proprice,DebtAdress as adress,`CreateTime`,`AssetsStatue` FROM `tb_debt` WHERE `AssetsStatue` BETWEEN '0' AND '4' ORDER BY DebtID desc  [ RunTime:0.0020s ]
SQL: SELECT `PackageID`,Title as title,Total as total,ProcessModle as proprice,OwnerAdress as adress,`CreateTime`,`AssetsStatue` FROM `tb_package` WHERE `AssetsStatue` BETWEEN '0' AND '4' ORDER BY PackageID desc  [ RunTime:0.0010s ]
SQL: SELECT `AssetsID`,Title as title,Price as total,ProcessModle as promodel,ProPrice as proprice,Address as adress,`CreateTime`,`AssetsStatue` FROM `tb_assets` WHERE `AssetsStatue` BETWEEN '0' AND '4' ORDER BY AssetsID desc  [ RunTime:0.0020s ]
NOTIC: [8] Undefined offset: 1 D:\WWW\tejinhui\Application\Common\Common\function.php 第 330 行.
NOTIC: [8] Undefined offset: 1 D:\WWW\tejinhui\Application\Common\Common\function.php 第 330 行.
NOTIC: [8] Undefined offset: 1 D:\WWW\tejinhui\Application\Common\Common\function.php 第 330 行.
NOTIC: [8] Undefined offset: 1 D:\WWW\tejinhui\Application\Common\Common\function.php 第 330 行.
NOTIC: [8] Undefined index: StartTime D:\WWW\tejinhui\Application\Web\Controller\ListsController.class.php 第 52 行.
NOTIC: [8] Undefined index: EndTime D:\WWW\tejinhui\Application\Web\Controller\ListsController.class.php 第 52 行.
NOTIC: [8] Undefined index: StartTime D:\WWW\tejinhui\Application\Web\Controller\ListsController.class.php 第 52 行.
NOTIC: [8] Undefined index: EndTime D:\WWW\tejinhui\Application\Web\Controller\ListsController.class.php 第 52 行.
NOTIC: [8] Undefined index: StartTime D:\WWW\tejinhui\Application\Web\Controller\ListsController.class.php 第 52 行.
NOTIC: [8] Undefined index: EndTime D:\WWW\tejinhui\Application\Web\Controller\ListsController.class.php 第 52 行.
NOTIC: [8] Undefined index: StartTime D:\WWW\tejinhui\Application\Web\Controller\ListsController.class.php 第 52 行.
NOTIC: [8] Undefined index: EndTime D:\WWW\tejinhui\Application\Web\Controller\ListsController.class.php 第 52 行.
NOTIC: [8] Undefined index: StartTime D:\WWW\tejinhui\Application\Web\Controller\ListsController.class.php 第 52 行.
NOTIC: [8] Undefined index: EndTime D:\WWW\tejinhui\Application\Web\Controller\ListsController.class.php 第 52 行.
INFO: [ view_parse ] --START--
INFO: [ template_filter ] --START--
INFO: Run Behavior\ContentReplaceBehavior [ RunTime:0.000000s ]
INFO: [ template_filter ] --END-- [ RunTime:0.000000s ]
INFO: Run Behavior\ParseTemplateBehavior [ RunTime:0.010000s ]
INFO: [ view_parse ] --END-- [ RunTime:0.010000s ]
INFO: [ view_filter ] --START--
INFO: Run Behavior\WriteHtmlCacheBehavior [ RunTime:0.001000s ]
INFO: [ view_filter ] --END-- [ RunTime:0.001000s ]
INFO: [ app_end ] --START--
INFO: Run Behavior\ShowPageTraceBehavior [ RunTime:0.000000s ]
INFO: [ app_end ] --END-- [ RunTime:0.000000s ]

[ 2016-11-23T16:55:45+08:00 ] 192.168.1.207 /index.php/Web/Index/publish.html
INFO: [ app_init ] --START--
INFO: Run Behavior\BuildLiteBehavior [ RunTime:0.000000s ]
INFO: [ app_init ] --END-- [ RunTime:0.001000s ]
INFO: [ app_begin ] --START--
INFO: Run Behavior\ReadHtmlCacheBehavior [ RunTime:0.001000s ]
INFO: [ app_begin ] --END-- [ RunTime:0.001000s ]
INFO: [ view_parse ] --START--
INFO: [ template_filter ] --START--
INFO: Run Behavior\ContentReplaceBehavior [ RunTime:0.001000s ]
INFO: [ template_filter ] --END-- [ RunTime:0.001000s ]
INFO: Run Behavior\ParseTemplateBehavior [ RunTime:0.011000s ]
INFO: [ view_parse ] --END-- [ RunTime:0.011000s ]
INFO: [ view_filter ] --START--
INFO: Run Behavior\WriteHtmlCacheBehavior [ RunTime:0.001000s ]
INFO: [ view_filter ] --END-- [ RunTime:0.001000s ]
INFO: [ app_end ] --START--
INFO: Run Behavior\ShowPageTraceBehavior [ RunTime:0.001000s ]
INFO: [ app_end ] --END-- [ RunTime:0.001000s ]

[ 2016-11-23T16:55:46+08:00 ] 192.168.1.207 /index.php/Web/Lists/lists.html
INFO: [ app_init ] --START--
INFO: Run Behavior\BuildLiteBehavior [ RunTime:0.000000s ]
INFO: [ app_init ] --END-- [ RunTime:0.001000s ]
INFO: [ app_begin ] --START--
INFO: Run Behavior\ReadHtmlCacheBehavior [ RunTime:0.001000s ]
INFO: [ app_begin ] --END-- [ RunTime:0.001000s ]
SQL: SHOW COLUMNS FROM `tb_debt` [ RunTime:0.0020s ]
SQL: SHOW COLUMNS FROM `tb_assets` [ RunTime:0.0020s ]
SQL: SHOW COLUMNS FROM `tb_package` [ RunTime:0.0020s ]
SQL: SELECT `DebtID`,Title as title,Total as total,`StartTime`,`EndTime`,ProcessModle as promodel,ProPrice as proprice,DebtAdress as adress,`CreateTime`,`AssetsStatue` FROM `tb_debt` WHERE `AssetsStatue` BETWEEN '0' AND '4' ORDER BY DebtID desc  [ RunTime:0.0020s ]
SQL: SELECT `PackageID`,Title as title,Total as total,ProcessModle as proprice,OwnerAdress as adress,`CreateTime`,`AssetsStatue` FROM `tb_package` WHERE `AssetsStatue` BETWEEN '0' AND '4' ORDER BY PackageID desc  [ RunTime:0.0020s ]
SQL: SELECT `AssetsID`,Title as title,Price as total,ProcessModle as promodel,ProPrice as proprice,Address as adress,`CreateTime`,`AssetsStatue` FROM `tb_assets` WHERE `AssetsStatue` BETWEEN '0' AND '4' ORDER BY AssetsID desc  [ RunTime:0.0010s ]
NOTIC: [8] Undefined offset: 1 D:\WWW\tejinhui\Application\Common\Common\function.php 第 330 行.
NOTIC: [8] Undefined offset: 1 D:\WWW\tejinhui\Application\Common\Common\function.php 第 330 行.
NOTIC: [8] Undefined offset: 1 D:\WWW\tejinhui\Application\Common\Common\function.php 第 330 行.
NOTIC: [8] Undefined offset: 1 D:\WWW\tejinhui\Application\Common\Common\function.php 第 330 行.
NOTIC: [8] Undefined index: StartTime D:\WWW\tejinhui\Application\Web\Controller\ListsController.class.php 第 52 行.
NOTIC: [8] Undefined index: EndTime D:\WWW\tejinhui\Application\Web\Controller\ListsController.class.php 第 52 行.
NOTIC: [8] Undefined index: StartTime D:\WWW\tejinhui\Application\Web\Controller\ListsController.class.php 第 52 行.
NOTIC: [8] Undefined index: EndTime D:\WWW\tejinhui\Application\Web\Controller\ListsController.class.php 第 52 行.
NOTIC: [8] Undefined index: StartTime D:\WWW\tejinhui\Application\Web\Controller\ListsController.class.php 第 52 行.
NOTIC: [8] Undefined index: EndTime D:\WWW\tejinhui\Application\Web\Controller\ListsController.class.php 第 52 行.
NOTIC: [8] Undefined index: StartTime D:\WWW\tejinhui\Application\Web\Controller\ListsController.class.php 第 52 行.
NOTIC: [8] Undefined index: EndTime D:\WWW\tejinhui\Application\Web\Controller\ListsController.class.php 第 52 行.
NOTIC: [8] Undefined index: StartTime D:\WWW\tejinhui\Application\Web\Controller\ListsController.class.php 第 52 行.
NOTIC: [8] Undefined index: EndTime D:\WWW\tejinhui\Application\Web\Controller\ListsController.class.php 第 52 行.
INFO: [ view_parse ] --START--
INFO: [ template_filter ] --START--
INFO: Run Behavior\ContentReplaceBehavior [ RunTime:0.000000s ]
INFO: [ template_filter ] --END-- [ RunTime:0.001000s ]
INFO: Run Behavior\ParseTemplateBehavior [ RunTime:0.020000s ]
INFO: [ view_parse ] --END-- [ RunTime:0.020000s ]
INFO: [ view_filter ] --START--
INFO: Run Behavior\WriteHtmlCacheBehavior [ RunTime:0.000000s ]
INFO: [ view_filter ] --END-- [ RunTime:0.000000s ]
INFO: [ app_end ] --START--
INFO: Run Behavior\ShowPageTraceBehavior [ RunTime:0.000000s ]
INFO: [ app_end ] --END-- [ RunTime:0.001000s ]

[ 2016-11-23T16:55:47+08:00 ] 192.168.1.207 /index.php/Web/Index/publish.html
INFO: [ app_init ] --START--
INFO: Run Behavior\BuildLiteBehavior [ RunTime:0.000000s ]
INFO: [ app_init ] --END-- [ RunTime:0.001000s ]
INFO: [ app_begin ] --START--
INFO: Run Behavior\ReadHtmlCacheBehavior [ RunTime:0.000000s ]
INFO: [ app_begin ] --END-- [ RunTime:0.000000s ]
INFO: [ view_parse ] --START--
INFO: [ template_filter ] --START--
INFO: Run Behavior\ContentReplaceBehavior [ RunTime:0.000000s ]
INFO: [ template_filter ] --END-- [ RunTime:0.000000s ]
INFO: Run Behavior\ParseTemplateBehavior [ RunTime:0.012000s ]
INFO: [ view_parse ] --END-- [ RunTime:0.012000s ]
INFO: [ view_filter ] --START--
INFO: Run Behavior\WriteHtmlCacheBehavior [ RunTime:0.000000s ]
INFO: [ view_filter ] --END-- [ RunTime:0.000000s ]
INFO: [ app_end ] --START--
INFO: Run Behavior\ShowPageTraceBehavior [ RunTime:0.001000s ]
INFO: [ app_end ] --END-- [ RunTime:0.001000s ]

[ 2016-11-23T16:55:48+08:00 ] 127.0.0.1 /index.php?m=Web&c=Checkcode&a=index&length=4&font_size=16&width=120&height=55&charset=1234567890&use_noise=1&use_curve=0&time=0.5246274670379651
INFO: [ app_init ] --START--
INFO: Run Behavior\BuildLiteBehavior [ RunTime:0.000000s ]
INFO: [ app_init ] --END-- [ RunTime:0.001000s ]
INFO: [ app_begin ] --START--
INFO: Run Behavior\ReadHtmlCacheBehavior [ RunTime:0.001000s ]
INFO: [ app_begin ] --END-- [ RunTime:0.001000s ]
INFO: [ app_end ] --START--
INFO: Run Behavior\ShowPageTraceBehavior [ RunTime:0.000000s ]
INFO: [ app_end ] --END-- [ RunTime:0.000000s ]

[ 2016-11-23T17:00:42+08:00 ] 192.168.1.207 /index.php/Web/Index/publish.html
INFO: [ app_init ] --START--
INFO: Run Behavior\BuildLiteBehavior [ RunTime:0.000000s ]
INFO: [ app_init ] --END-- [ RunTime:0.001000s ]
INFO: [ app_begin ] --START--
INFO: Run Behavior\ReadHtmlCacheBehavior [ RunTime:0.001000s ]
INFO: [ app_begin ] --END-- [ RunTime:0.001000s ]
INFO: [ view_parse ] --START--
INFO: [ template_filter ] --START--
INFO: Run Behavior\ContentReplaceBehavior [ RunTime:0.000000s ]
INFO: [ template_filter ] --END-- [ RunTime:0.000000s ]
INFO: Run Behavior\ParseTemplateBehavior [ RunTime:0.009000s ]
INFO: [ view_parse ] --END-- [ RunTime:0.009000s ]
INFO: [ view_filter ] --START--
INFO: Run Behavior\WriteHtmlCacheBehavior [ RunTime:0.001000s ]
INFO: [ view_filter ] --END-- [ RunTime:0.001000s ]
INFO: [ app_end ] --START--
INFO: Run Behavior\ShowPageTraceBehavior [ RunTime:0.001000s ]
INFO: [ app_end ] --END-- [ RunTime:0.001000s ]

[ 2016-11-23T17:01:28+08:00 ] 192.168.1.207 /index.php/Web/Index/assets.html
INFO: [ app_init ] --START--
INFO: Run Behavior\BuildLiteBehavior [ RunTime:0.000000s ]
INFO: [ app_init ] --END-- [ RunTime:0.000000s ]
INFO: [ app_begin ] --START--
INFO: Run Behavior\ReadHtmlCacheBehavior [ RunTime:0.001000s ]
INFO: [ app_begin ] --END-- [ RunTime:0.001000s ]
SQL: SHOW COLUMNS FROM `tb_area` [ RunTime:0.0030s ]
SQL: SELECT `id`,`name`,`pid`,`code` FROM `tb_area` WHERE `pid` = '0'  [ RunTime:0.0020s ]
INFO: [ view_parse ] --START--
INFO: [ template_filter ] --START--
INFO: Run Behavior\ContentReplaceBehavior [ RunTime:0.000000s ]
INFO: [ template_filter ] --END-- [ RunTime:0.000000s ]
INFO: Run Behavior\ParseTemplateBehavior [ RunTime:0.007000s ]
INFO: [ view_parse ] --END-- [ RunTime:0.007000s ]
INFO: [ view_filter ] --START--
INFO: Run Behavior\WriteHtmlCacheBehavior [ RunTime:0.000000s ]
INFO: [ view_filter ] --END-- [ RunTime:0.000000s ]
INFO: [ app_end ] --START--
INFO: Run Behavior\ShowPageTraceBehavior [ RunTime:0.001000s ]
INFO: [ app_end ] --END-- [ RunTime:0.001000s ]

[ 2016-11-23T17:02:07+08:00 ] 192.168.1.207 /index.php/Web/Assets/add_edit.html
INFO: [ app_init ] --START--
INFO: Run Behavior\BuildLiteBehavior [ RunTime:0.000000s ]
INFO: [ app_init ] --END-- [ RunTime:0.001000s ]
INFO: [ app_begin ] --START--
INFO: Run Behavior\ReadHtmlCacheBehavior [ RunTime:0.000000s ]
INFO: [ app_begin ] --END-- [ RunTime:0.000000s ]
SQL: SHOW COLUMNS FROM `tb_assets` [ RunTime:0.0030s ]
NOTIC: [8] Undefined index: validate D:\WWW\tejinhui\ThinkPHP\Library\Think\Model.class.php 第 1185 行.

[ 2016-11-23T17:02:30+08:00 ] 192.168.1.207 /index.php/Web/Lists/lists.html
INFO: [ app_init ] --START--
INFO: Run Behavior\BuildLiteBehavior [ RunTime:0.000000s ]
INFO: [ app_init ] --END-- [ RunTime:0.001000s ]
INFO: [ app_begin ] --START--
INFO: Run Behavior\ReadHtmlCacheBehavior [ RunTime:0.001000s ]
INFO: [ app_begin ] --END-- [ RunTime:0.001000s ]
SQL: SHOW COLUMNS FROM `tb_debt` [ RunTime:0.0030s ]
SQL: SHOW COLUMNS FROM `tb_assets` [ RunTime:0.0020s ]
SQL: SHOW COLUMNS FROM `tb_package` [ RunTime:0.0020s ]
SQL: SELECT `DebtID`,Title as title,Total as total,`StartTime`,`EndTime`,ProcessModle as promodel,ProPrice as proprice,DebtAdress as adress,`CreateTime`,`AssetsStatue` FROM `tb_debt` WHERE `AssetsStatue` BETWEEN '0' AND '4' ORDER BY DebtID desc  [ RunTime:0.0020s ]
SQL: SELECT `PackageID`,Title as title,Total as total,ProcessModle as proprice,OwnerAdress as adress,`CreateTime`,`AssetsStatue` FROM `tb_package` WHERE `AssetsStatue` BETWEEN '0' AND '4' ORDER BY PackageID desc  [ RunTime:0.0020s ]
SQL: SELECT `AssetsID`,Title as title,Price as total,ProcessModle as promodel,ProPrice as proprice,Address as adress,`CreateTime`,`AssetsStatue` FROM `tb_assets` WHERE `AssetsStatue` BETWEEN '0' AND '4' ORDER BY AssetsID desc  [ RunTime:0.0010s ]
NOTIC: [8] Undefined offset: 1 D:\WWW\tejinhui\Application\Common\Common\function.php 第 330 行.
NOTIC: [8] Undefined offset: 1 D:\WWW\tejinhui\Application\Common\Common\function.php 第 330 行.
NOTIC: [8] Undefined offset: 1 D:\WWW\tejinhui\Application\Common\Common\function.php 第 330 行.
NOTIC: [8] Undefined offset: 1 D:\WWW\tejinhui\Application\Common\Common\function.php 第 330 行.
NOTIC: [8] Undefined index: StartTime D:\WWW\tejinhui\Application\Web\Controller\ListsController.class.php 第 52 行.
NOTIC: [8] Undefined index: EndTime D:\WWW\tejinhui\Application\Web\Controller\ListsController.class.php 第 52 行.
NOTIC: [8] Undefined index: StartTime D:\WWW\tejinhui\Application\Web\Controller\ListsController.class.php 第 52 行.
NOTIC: [8] Undefined index: EndTime D:\WWW\tejinhui\Application\Web\Controller\ListsController.class.php 第 52 行.
NOTIC: [8] Undefined index: StartTime D:\WWW\tejinhui\Application\Web\Controller\ListsController.class.php 第 52 行.
NOTIC: [8] Undefined index: EndTime D:\WWW\tejinhui\Application\Web\Controller\ListsController.class.php 第 52 行.
NOTIC: [8] Undefined index: StartTime D:\WWW\tejinhui\Application\Web\Controller\ListsController.class.php 第 52 行.
NOTIC: [8] Undefined index: EndTime D:\WWW\tejinhui\Application\Web\Controller\ListsController.class.php 第 52 行.
NOTIC: [8] Undefined index: StartTime D:\WWW\tejinhui\Application\Web\Controller\ListsController.class.php 第 52 行.
NOTIC: [8] Undefined index: EndTime D:\WWW\tejinhui\Application\Web\Controller\ListsController.class.php 第 52 行.
INFO: [ view_parse ] --START--
INFO: [ template_filter ] --START--
INFO: Run Behavior\ContentReplaceBehavior [ RunTime:0.000000s ]
INFO: [ template_filter ] --END-- [ RunTime:0.000000s ]
INFO: Run Behavior\ParseTemplateBehavior [ RunTime:0.009000s ]
INFO: [ view_parse ] --END-- [ RunTime:0.009000s ]
INFO: [ view_filter ] --START--
INFO: Run Behavior\WriteHtmlCacheBehavior [ RunTime:0.000000s ]
INFO: [ view_filter ] --END-- [ RunTime:0.000000s ]
INFO: [ app_end ] --START--
INFO: Run Behavior\ShowPageTraceBehavior [ RunTime:0.001000s ]
INFO: [ app_end ] --END-- [ RunTime:0.001000s ]

