[ 2016-11-26T09:23:32+08:00 ] 127.0.0.1 /index.php?m=Web&c=Checkcode&a=index&length=4&font_size=16&width=120&height=55&charset=1234567890&use_noise=1&use_curve=0&time=0.5246274670379651
INFO: [ app_init ] --START--
INFO: Run Behavior\BuildLiteBehavior [ RunTime:0.000000s ]
INFO: [ app_init ] --END-- [ RunTime:0.000000s ]
INFO: [ app_begin ] --START--
INFO: Run Behavior\ReadHtmlCacheBehavior [ RunTime:0.000000s ]
INFO: [ app_begin ] --END-- [ RunTime:0.000000s ]
INFO: [ app_end ] --START--
INFO: Run Behavior\ShowPageTraceBehavior [ RunTime:0.001000s ]
INFO: [ app_end ] --END-- [ RunTime:0.001000s ]

[ 2016-11-26T09:33:21+08:00 ] 192.168.1.200 /index.php?m=Web&c=Checkcode&a=index&length=4&font_size=16&width=120&height=55&charset=1234567890&use_noise=1&use_curve=0&time=0.5246274670379651
INFO: [ app_init ] --START--
INFO: Run Behavior\BuildLiteBehavior [ RunTime:0.000000s ]
INFO: [ app_init ] --END-- [ RunTime:0.000000s ]
INFO: [ app_begin ] --START--
INFO: Run Behavior\ReadHtmlCacheBehavior [ RunTime:0.000000s ]
INFO: [ app_begin ] --END-- [ RunTime:0.000000s ]
INFO: [ app_end ] --START--
INFO: Run Behavior\ShowPageTraceBehavior [ RunTime:0.000000s ]
INFO: [ app_end ] --END-- [ RunTime:0.000000s ]

[ 2016-11-26T09:34:03+08:00 ] 192.168.1.200 /index.php/Web/Index/publish.html
INFO: [ app_init ] --START--
INFO: Run Behavior\BuildLiteBehavior [ RunTime:0.000000s ]
INFO: [ app_init ] --END-- [ RunTime:0.001000s ]
INFO: [ app_begin ] --START--
INFO: Run Behavior\ReadHtmlCacheBehavior [ RunTime:0.000000s ]
INFO: [ app_begin ] --END-- [ RunTime:0.001000s ]
INFO: [ view_parse ] --START--
INFO: [ template_filter ] --START--
INFO: Run Behavior\ContentReplaceBehavior [ RunTime:0.000000s ]
INFO: [ template_filter ] --END-- [ RunTime:0.000000s ]
INFO: Run Behavior\ParseTemplateBehavior [ RunTime:0.004000s ]
INFO: [ view_parse ] --END-- [ RunTime:0.005000s ]
INFO: [ view_filter ] --START--
INFO: Run Behavior\WriteHtmlCacheBehavior [ RunTime:0.000000s ]
INFO: [ view_filter ] --END-- [ RunTime:0.000000s ]
INFO: [ app_end ] --START--
INFO: Run Behavior\ShowPageTraceBehavior [ RunTime:0.000000s ]
INFO: [ app_end ] --END-- [ RunTime:0.000000s ]

[ 2016-11-26T09:34:05+08:00 ] 192.168.1.200 /index.php/Web/Lists/lists.html
INFO: [ app_init ] --START--
INFO: Run Behavior\BuildLiteBehavior [ RunTime:0.000000s ]
INFO: [ app_init ] --END-- [ RunTime:0.001000s ]
INFO: [ app_begin ] --START--
INFO: Run Behavior\ReadHtmlCacheBehavior [ RunTime:0.000000s ]
INFO: [ app_begin ] --END-- [ RunTime:0.000000s ]
SQL: SHOW COLUMNS FROM `tb_debt` [ RunTime:0.0030s ]
SQL: SHOW COLUMNS FROM `tb_assets` [ RunTime:0.0030s ]
SQL: SHOW COLUMNS FROM `tb_package` [ RunTime:0.0030s ]
SQL: SELECT `DebtID`,Title as title,Total as total,`StartTime`,`EndTime`,ProcessModle as promodel,ProPrice as proprice,DebtAdress as adress,`CreateTime`,`AssetsStatue` FROM `tb_debt` WHERE `AssetsStatue` BETWEEN '0' AND '4' ORDER BY DebtID desc  [ RunTime:0.0020s ]
SQL: SELECT `PackageID`,Title as title,Total as total,ProcessModle as proprice,OwnerAdress as adress,`CreateTime`,`AssetsStatue` FROM `tb_package` WHERE `AssetsStatue` BETWEEN '0' AND '4' ORDER BY PackageID desc  [ RunTime:0.0010s ]
SQL: SELECT `AssetsID`,Title as title,Price as total,ProcessModle as promodel,ProPrice as proprice,Address as adress,`CreateTime`,`AssetsStatue` FROM `tb_assets` WHERE `AssetsStatue` BETWEEN '0' AND '4' ORDER BY AssetsID desc  [ RunTime:0.0010s ]
NOTIC: [8] Undefined offset: 1 D:\WWW\tejinhui\Application\Common\Common\function.php 第 330 行.
NOTIC: [8] Undefined offset: 1 D:\WWW\tejinhui\Application\Common\Common\function.php 第 330 行.
NOTIC: [8] Undefined index: StartTime D:\WWW\tejinhui\Application\Web\Controller\ListsController.class.php 第 52 行.
NOTIC: [8] Undefined index: EndTime D:\WWW\tejinhui\Application\Web\Controller\ListsController.class.php 第 52 行.
NOTIC: [8] Undefined offset: 1 D:\WWW\tejinhui\Application\Common\Common\function.php 第 330 行.
NOTIC: [8] Undefined offset: 1 D:\WWW\tejinhui\Application\Common\Common\function.php 第 330 行.
NOTIC: [8] Undefined index: StartTime D:\WWW\tejinhui\Application\Web\Controller\ListsController.class.php 第 52 行.
NOTIC: [8] Undefined index: EndTime D:\WWW\tejinhui\Application\Web\Controller\ListsController.class.php 第 52 行.
NOTIC: [8] Undefined index: StartTime D:\WWW\tejinhui\Application\Web\Controller\ListsController.class.php 第 52 行.
NOTIC: [8] Undefined index: EndTime D:\WWW\tejinhui\Application\Web\Controller\ListsController.class.php 第 52 行.
NOTIC: [8] Undefined index: StartTime D:\WWW\tejinhui\Application\Web\Controller\ListsController.class.php 第 52 行.
NOTIC: [8] Undefined index: EndTime D:\WWW\tejinhui\Application\Web\Controller\ListsController.class.php 第 52 行.
NOTIC: [8] Undefined index: StartTime D:\WWW\tejinhui\Application\Web\Controller\ListsController.class.php 第 52 行.
NOTIC: [8] Undefined index: EndTime D:\WWW\tejinhui\Application\Web\Controller\ListsController.class.php 第 52 行.
NOTIC: [8] Undefined index: StartTime D:\WWW\tejinhui\Application\Web\Controller\ListsController.class.php 第 52 行.
NOTIC: [8] Undefined index: EndTime D:\WWW\tejinhui\Application\Web\Controller\ListsController.class.php 第 52 行.
NOTIC: [8] Undefined offset: 1 D:\WWW\tejinhui\Application\Common\Common\function.php 第 330 行.
NOTIC: [8] Undefined offset: 1 D:\WWW\tejinhui\Application\Common\Common\function.php 第 330 行.
NOTIC: [8] Undefined index: StartTime D:\WWW\tejinhui\Application\Web\Controller\ListsController.class.php 第 52 行.
NOTIC: [8] Undefined index: EndTime D:\WWW\tejinhui\Application\Web\Controller\ListsController.class.php 第 52 行.
INFO: [ view_parse ] --START--
INFO: [ template_filter ] --START--
INFO: Run Behavior\ContentReplaceBehavior [ RunTime:0.000000s ]
INFO: [ template_filter ] --END-- [ RunTime:0.000000s ]
NOTIC: [8] Undefined index: promodel D:\WWW\tejinhui\Application\Runtime\Cache\Web\905a3a488627a647a089d0a43d2f671f.php 第 86 行.
INFO: Run Behavior\ParseTemplateBehavior [ RunTime:0.013000s ]
INFO: [ view_parse ] --END-- [ RunTime:0.013000s ]
INFO: [ view_filter ] --START--
INFO: Run Behavior\WriteHtmlCacheBehavior [ RunTime:0.000000s ]
INFO: [ view_filter ] --END-- [ RunTime:0.000000s ]
INFO: [ app_end ] --START--
INFO: Run Behavior\ShowPageTraceBehavior [ RunTime:0.000000s ]
INFO: [ app_end ] --END-- [ RunTime:0.000000s ]

[ 2016-11-26T09:34:15+08:00 ] 192.168.1.200 /index.php/Web/Lists/lists/p/2.html
INFO: [ app_init ] --START--
INFO: Run Behavior\BuildLiteBehavior [ RunTime:0.000000s ]
INFO: [ app_init ] --END-- [ RunTime:0.000000s ]
INFO: [ app_begin ] --START--
INFO: Run Behavior\ReadHtmlCacheBehavior [ RunTime:0.001000s ]
INFO: [ app_begin ] --END-- [ RunTime:0.001000s ]
SQL: SHOW COLUMNS FROM `tb_debt` [ RunTime:0.0030s ]
SQL: SHOW COLUMNS FROM `tb_assets` [ RunTime:0.0020s ]
SQL: SHOW COLUMNS FROM `tb_package` [ RunTime:0.0030s ]
SQL: SELECT `DebtID`,Title as title,Total as total,`StartTime`,`EndTime`,ProcessModle as promodel,ProPrice as proprice,DebtAdress as adress,`CreateTime`,`AssetsStatue` FROM `tb_debt` WHERE `AssetsStatue` BETWEEN '0' AND '4' ORDER BY DebtID desc  [ RunTime:0.0020s ]
SQL: SELECT `PackageID`,Title as title,Total as total,ProcessModle as proprice,OwnerAdress as adress,`CreateTime`,`AssetsStatue` FROM `tb_package` WHERE `AssetsStatue` BETWEEN '0' AND '4' ORDER BY PackageID desc  [ RunTime:0.0010s ]
SQL: SELECT `AssetsID`,Title as title,Price as total,ProcessModle as promodel,ProPrice as proprice,Address as adress,`CreateTime`,`AssetsStatue` FROM `tb_assets` WHERE `AssetsStatue` BETWEEN '0' AND '4' ORDER BY AssetsID desc  [ RunTime:0.0020s ]
NOTIC: [8] Undefined offset: 1 D:\WWW\tejinhui\Application\Common\Common\function.php 第 330 行.
NOTIC: [8] Undefined offset: 1 D:\WWW\tejinhui\Application\Common\Common\function.php 第 330 行.
NOTIC: [8] Undefined index: StartTime D:\WWW\tejinhui\Application\Web\Controller\ListsController.class.php 第 52 行.
NOTIC: [8] Undefined index: EndTime D:\WWW\tejinhui\Application\Web\Controller\ListsController.class.php 第 52 行.
NOTIC: [8] Undefined offset: 1 D:\WWW\tejinhui\Application\Common\Common\function.php 第 330 行.
NOTIC: [8] Undefined offset: 1 D:\WWW\tejinhui\Application\Common\Common\function.php 第 330 行.
NOTIC: [8] Undefined index: StartTime D:\WWW\tejinhui\Application\Web\Controller\ListsController.class.php 第 52 行.
NOTIC: [8] Undefined index: EndTime D:\WWW\tejinhui\Application\Web\Controller\ListsController.class.php 第 52 行.
NOTIC: [8] Undefined index: StartTime D:\WWW\tejinhui\Application\Web\Controller\ListsController.class.php 第 52 行.
NOTIC: [8] Undefined index: EndTime D:\WWW\tejinhui\Application\Web\Controller\ListsController.class.php 第 52 行.
NOTIC: [8] Undefined index: StartTime D:\WWW\tejinhui\Application\Web\Controller\ListsController.class.php 第 52 行.
NOTIC: [8] Undefined index: EndTime D:\WWW\tejinhui\Application\Web\Controller\ListsController.class.php 第 52 行.
NOTIC: [8] Undefined index: StartTime D:\WWW\tejinhui\Application\Web\Controller\ListsController.class.php 第 52 行.
NOTIC: [8] Undefined index: EndTime D:\WWW\tejinhui\Application\Web\Controller\ListsController.class.php 第 52 行.
NOTIC: [8] Undefined index: StartTime D:\WWW\tejinhui\Application\Web\Controller\ListsController.class.php 第 52 行.
NOTIC: [8] Undefined index: EndTime D:\WWW\tejinhui\Application\Web\Controller\ListsController.class.php 第 52 行.
NOTIC: [8] Undefined offset: 1 D:\WWW\tejinhui\Application\Common\Common\function.php 第 330 行.
NOTIC: [8] Undefined offset: 1 D:\WWW\tejinhui\Application\Common\Common\function.php 第 330 行.
NOTIC: [8] Undefined index: StartTime D:\WWW\tejinhui\Application\Web\Controller\ListsController.class.php 第 52 行.
NOTIC: [8] Undefined index: EndTime D:\WWW\tejinhui\Application\Web\Controller\ListsController.class.php 第 52 行.
INFO: [ view_parse ] --START--
INFO: [ template_filter ] --START--
INFO: Run Behavior\ContentReplaceBehavior [ RunTime:0.001000s ]
INFO: [ template_filter ] --END-- [ RunTime:0.001000s ]
INFO: Run Behavior\ParseTemplateBehavior [ RunTime:0.010000s ]
INFO: [ view_parse ] --END-- [ RunTime:0.010000s ]
INFO: [ view_filter ] --START--
INFO: Run Behavior\WriteHtmlCacheBehavior [ RunTime:0.001000s ]
INFO: [ view_filter ] --END-- [ RunTime:0.001000s ]
INFO: [ app_end ] --START--
INFO: Run Behavior\ShowPageTraceBehavior [ RunTime:0.000000s ]
INFO: [ app_end ] --END-- [ RunTime:0.000000s ]

[ 2016-11-26T09:34:19+08:00 ] 192.168.1.200 /index.php/Web/Lists/lists/p/3.html
INFO: [ app_init ] --START--
INFO: Run Behavior\BuildLiteBehavior [ RunTime:0.000000s ]
INFO: [ app_init ] --END-- [ RunTime:0.000000s ]
INFO: [ app_begin ] --START--
INFO: Run Behavior\ReadHtmlCacheBehavior [ RunTime:0.001000s ]
INFO: [ app_begin ] --END-- [ RunTime:0.001000s ]
SQL: SHOW COLUMNS FROM `tb_debt` [ RunTime:0.0030s ]
SQL: SHOW COLUMNS FROM `tb_assets` [ RunTime:0.0020s ]
SQL: SHOW COLUMNS FROM `tb_package` [ RunTime:0.0020s ]
SQL: SELECT `DebtID`,Title as title,Total as total,`StartTime`,`EndTime`,ProcessModle as promodel,ProPrice as proprice,DebtAdress as adress,`CreateTime`,`AssetsStatue` FROM `tb_debt` WHERE `AssetsStatue` BETWEEN '0' AND '4' ORDER BY DebtID desc  [ RunTime:0.0020s ]
SQL: SELECT `PackageID`,Title as title,Total as total,ProcessModle as proprice,OwnerAdress as adress,`CreateTime`,`AssetsStatue` FROM `tb_package` WHERE `AssetsStatue` BETWEEN '0' AND '4' ORDER BY PackageID desc  [ RunTime:0.0020s ]
SQL: SELECT `AssetsID`,Title as title,Price as total,ProcessModle as promodel,ProPrice as proprice,Address as adress,`CreateTime`,`AssetsStatue` FROM `tb_assets` WHERE `AssetsStatue` BETWEEN '0' AND '4' ORDER BY AssetsID desc  [ RunTime:0.0020s ]
NOTIC: [8] Undefined offset: 1 D:\WWW\tejinhui\Application\Common\Common\function.php 第 330 行.
NOTIC: [8] Undefined offset: 1 D:\WWW\tejinhui\Application\Common\Common\function.php 第 330 行.
NOTIC: [8] Undefined index: StartTime D:\WWW\tejinhui\Application\Web\Controller\ListsController.class.php 第 52 行.
NOTIC: [8] Undefined index: EndTime D:\WWW\tejinhui\Application\Web\Controller\ListsController.class.php 第 52 行.
NOTIC: [8] Undefined offset: 1 D:\WWW\tejinhui\Application\Common\Common\function.php 第 330 行.
NOTIC: [8] Undefined offset: 1 D:\WWW\tejinhui\Application\Common\Common\function.php 第 330 行.
NOTIC: [8] Undefined index: StartTime D:\WWW\tejinhui\Application\Web\Controller\ListsController.class.php 第 52 行.
NOTIC: [8] Undefined index: EndTime D:\WWW\tejinhui\Application\Web\Controller\ListsController.class.php 第 52 行.
NOTIC: [8] Undefined index: StartTime D:\WWW\tejinhui\Application\Web\Controller\ListsController.class.php 第 52 行.
NOTIC: [8] Undefined index: EndTime D:\WWW\tejinhui\Application\Web\Controller\ListsController.class.php 第 52 行.
NOTIC: [8] Undefined index: StartTime D:\WWW\tejinhui\Application\Web\Controller\ListsController.class.php 第 52 行.
NOTIC: [8] Undefined index: EndTime D:\WWW\tejinhui\Application\Web\Controller\ListsController.class.php 第 52 行.
NOTIC: [8] Undefined index: StartTime D:\WWW\tejinhui\Application\Web\Controller\ListsController.class.php 第 52 行.
NOTIC: [8] Undefined index: EndTime D:\WWW\tejinhui\Application\Web\Controller\ListsController.class.php 第 52 行.
NOTIC: [8] Undefined index: StartTime D:\WWW\tejinhui\Application\Web\Controller\ListsController.class.php 第 52 行.
NOTIC: [8] Undefined index: EndTime D:\WWW\tejinhui\Application\Web\Controller\ListsController.class.php 第 52 行.
NOTIC: [8] Undefined offset: 1 D:\WWW\tejinhui\Application\Common\Common\function.php 第 330 行.
NOTIC: [8] Undefined offset: 1 D:\WWW\tejinhui\Application\Common\Common\function.php 第 330 行.
NOTIC: [8] Undefined index: StartTime D:\WWW\tejinhui\Application\Web\Controller\ListsController.class.php 第 52 行.
NOTIC: [8] Undefined index: EndTime D:\WWW\tejinhui\Application\Web\Controller\ListsController.class.php 第 52 行.
INFO: [ view_parse ] --START--
INFO: [ template_filter ] --START--
INFO: Run Behavior\ContentReplaceBehavior [ RunTime:0.000000s ]
INFO: [ template_filter ] --END-- [ RunTime:0.000000s ]
NOTIC: [8] Undefined index: promodel D:\WWW\tejinhui\Application\Runtime\Cache\Web\905a3a488627a647a089d0a43d2f671f.php 第 86 行.
INFO: Run Behavior\ParseTemplateBehavior [ RunTime:0.007000s ]
INFO: [ view_parse ] --END-- [ RunTime:0.007000s ]
INFO: [ view_filter ] --START--
INFO: Run Behavior\WriteHtmlCacheBehavior [ RunTime:0.001000s ]
INFO: [ view_filter ] --END-- [ RunTime:0.001000s ]
INFO: [ app_end ] --START--
INFO: Run Behavior\ShowPageTraceBehavior [ RunTime:0.000000s ]
INFO: [ app_end ] --END-- [ RunTime:0.000000s ]

[ 2016-11-26T09:34:23+08:00 ] 192.168.1.200 /index.php/Web/Lists/lists/p/4.html
INFO: [ app_init ] --START--
INFO: Run Behavior\BuildLiteBehavior [ RunTime:0.000000s ]
INFO: [ app_init ] --END-- [ RunTime:0.001000s ]
INFO: [ app_begin ] --START--
INFO: Run Behavior\ReadHtmlCacheBehavior [ RunTime:0.001000s ]
INFO: [ app_begin ] --END-- [ RunTime:0.001000s ]
SQL: SHOW COLUMNS FROM `tb_debt` [ RunTime:0.0030s ]
SQL: SHOW COLUMNS FROM `tb_assets` [ RunTime:0.0030s ]
SQL: SHOW COLUMNS FROM `tb_package` [ RunTime:0.0030s ]
SQL: SELECT `DebtID`,Title as title,Total as total,`StartTime`,`EndTime`,ProcessModle as promodel,ProPrice as proprice,DebtAdress as adress,`CreateTime`,`AssetsStatue` FROM `tb_debt` WHERE `AssetsStatue` BETWEEN '0' AND '4' ORDER BY DebtID desc  [ RunTime:0.0020s ]
SQL: SELECT `PackageID`,Title as title,Total as total,ProcessModle as proprice,OwnerAdress as adress,`CreateTime`,`AssetsStatue` FROM `tb_package` WHERE `AssetsStatue` BETWEEN '0' AND '4' ORDER BY PackageID desc  [ RunTime:0.0020s ]
SQL: SELECT `AssetsID`,Title as title,Price as total,ProcessModle as promodel,ProPrice as proprice,Address as adress,`CreateTime`,`AssetsStatue` FROM `tb_assets` WHERE `AssetsStatue` BETWEEN '0' AND '4' ORDER BY AssetsID desc  [ RunTime:0.0010s ]
NOTIC: [8] Undefined offset: 1 D:\WWW\tejinhui\Application\Common\Common\function.php 第 330 行.
NOTIC: [8] Undefined offset: 1 D:\WWW\tejinhui\Application\Common\Common\function.php 第 330 行.
NOTIC: [8] Undefined index: StartTime D:\WWW\tejinhui\Application\Web\Controller\ListsController.class.php 第 52 行.
NOTIC: [8] Undefined index: EndTime D:\WWW\tejinhui\Application\Web\Controller\ListsController.class.php 第 52 行.
NOTIC: [8] Undefined offset: 1 D:\WWW\tejinhui\Application\Common\Common\function.php 第 330 行.
NOTIC: [8] Undefined offset: 1 D:\WWW\tejinhui\Application\Common\Common\function.php 第 330 行.
NOTIC: [8] Undefined index: StartTime D:\WWW\tejinhui\Application\Web\Controller\ListsController.class.php 第 52 行.
NOTIC: [8] Undefined index: EndTime D:\WWW\tejinhui\Application\Web\Controller\ListsController.class.php 第 52 行.
NOTIC: [8] Undefined index: StartTime D:\WWW\tejinhui\Application\Web\Controller\ListsController.class.php 第 52 行.
NOTIC: [8] Undefined index: EndTime D:\WWW\tejinhui\Application\Web\Controller\ListsController.class.php 第 52 行.
NOTIC: [8] Undefined index: StartTime D:\WWW\tejinhui\Application\Web\Controller\ListsController.class.php 第 52 行.
NOTIC: [8] Undefined index: EndTime D:\WWW\tejinhui\Application\Web\Controller\ListsController.class.php 第 52 行.
NOTIC: [8] Undefined index: StartTime D:\WWW\tejinhui\Application\Web\Controller\ListsController.class.php 第 52 行.
NOTIC: [8] Undefined index: EndTime D:\WWW\tejinhui\Application\Web\Controller\ListsController.class.php 第 52 行.
NOTIC: [8] Undefined index: StartTime D:\WWW\tejinhui\Application\Web\Controller\ListsController.class.php 第 52 行.
NOTIC: [8] Undefined index: EndTime D:\WWW\tejinhui\Application\Web\Controller\ListsController.class.php 第 52 行.
NOTIC: [8] Undefined offset: 1 D:\WWW\tejinhui\Application\Common\Common\function.php 第 330 行.
NOTIC: [8] Undefined offset: 1 D:\WWW\tejinhui\Application\Common\Common\function.php 第 330 行.
NOTIC: [8] Undefined index: StartTime D:\WWW\tejinhui\Application\Web\Controller\ListsController.class.php 第 52 行.
NOTIC: [8] Undefined index: EndTime D:\WWW\tejinhui\Application\Web\Controller\ListsController.class.php 第 52 行.
INFO: [ view_parse ] --START--
INFO: [ template_filter ] --START--
INFO: Run Behavior\ContentReplaceBehavior [ RunTime:0.000000s ]
INFO: [ template_filter ] --END-- [ RunTime:0.000000s ]
INFO: Run Behavior\ParseTemplateBehavior [ RunTime:0.008000s ]
INFO: [ view_parse ] --END-- [ RunTime:0.008000s ]
INFO: [ view_filter ] --START--
INFO: Run Behavior\WriteHtmlCacheBehavior [ RunTime:0.000000s ]
INFO: [ view_filter ] --END-- [ RunTime:0.000000s ]
INFO: [ app_end ] --START--
INFO: Run Behavior\ShowPageTraceBehavior [ RunTime:0.001000s ]
INFO: [ app_end ] --END-- [ RunTime:0.001000s ]

[ 2016-11-26T09:34:25+08:00 ] 192.168.1.200 /index.php/Web/Lists/lists/p/3.html
INFO: [ app_init ] --START--
INFO: Run Behavior\BuildLiteBehavior [ RunTime:0.000000s ]
INFO: [ app_init ] --END-- [ RunTime:0.001000s ]
INFO: [ app_begin ] --START--
INFO: Run Behavior\ReadHtmlCacheBehavior [ RunTime:0.001000s ]
INFO: [ app_begin ] --END-- [ RunTime:0.001000s ]
SQL: SHOW COLUMNS FROM `tb_debt` [ RunTime:0.0020s ]
SQL: SHOW COLUMNS FROM `tb_assets` [ RunTime:0.0020s ]
SQL: SHOW COLUMNS FROM `tb_package` [ RunTime:0.0020s ]
SQL: SELECT `DebtID`,Title as title,Total as total,`StartTime`,`EndTime`,ProcessModle as promodel,ProPrice as proprice,DebtAdress as adress,`CreateTime`,`AssetsStatue` FROM `tb_debt` WHERE `AssetsStatue` BETWEEN '0' AND '4' ORDER BY DebtID desc  [ RunTime:0.0020s ]
SQL: SELECT `PackageID`,Title as title,Total as total,ProcessModle as proprice,OwnerAdress as adress,`CreateTime`,`AssetsStatue` FROM `tb_package` WHERE `AssetsStatue` BETWEEN '0' AND '4' ORDER BY PackageID desc  [ RunTime:0.0010s ]
SQL: SELECT `AssetsID`,Title as title,Price as total,ProcessModle as promodel,ProPrice as proprice,Address as adress,`CreateTime`,`AssetsStatue` FROM `tb_assets` WHERE `AssetsStatue` BETWEEN '0' AND '4' ORDER BY AssetsID desc  [ RunTime:0.0010s ]
NOTIC: [8] Undefined offset: 1 D:\WWW\tejinhui\Application\Common\Common\function.php 第 330 行.
NOTIC: [8] Undefined offset: 1 D:\WWW\tejinhui\Application\Common\Common\function.php 第 330 行.
NOTIC: [8] Undefined index: StartTime D:\WWW\tejinhui\Application\Web\Controller\ListsController.class.php 第 52 行.
NOTIC: [8] Undefined index: EndTime D:\WWW\tejinhui\Application\Web\Controller\ListsController.class.php 第 52 行.
NOTIC: [8] Undefined offset: 1 D:\WWW\tejinhui\Application\Common\Common\function.php 第 330 行.
NOTIC: [8] Undefined offset: 1 D:\WWW\tejinhui\Application\Common\Common\function.php 第 330 行.
NOTIC: [8] Undefined index: StartTime D:\WWW\tejinhui\Application\Web\Controller\ListsController.class.php 第 52 行.
NOTIC: [8] Undefined index: EndTime D:\WWW\tejinhui\Application\Web\Controller\ListsController.class.php 第 52 行.
NOTIC: [8] Undefined index: StartTime D:\WWW\tejinhui\Application\Web\Controller\ListsController.class.php 第 52 行.
NOTIC: [8] Undefined index: EndTime D:\WWW\tejinhui\Application\Web\Controller\ListsController.class.php 第 52 行.
NOTIC: [8] Undefined index: StartTime D:\WWW\tejinhui\Application\Web\Controller\ListsController.class.php 第 52 行.
NOTIC: [8] Undefined index: EndTime D:\WWW\tejinhui\Application\Web\Controller\ListsController.class.php 第 52 行.
NOTIC: [8] Undefined index: StartTime D:\WWW\tejinhui\Application\Web\Controller\ListsController.class.php 第 52 行.
NOTIC: [8] Undefined index: EndTime D:\WWW\tejinhui\Application\Web\Controller\ListsController.class.php 第 52 行.
NOTIC: [8] Undefined index: StartTime D:\WWW\tejinhui\Application\Web\Controller\ListsController.class.php 第 52 行.
NOTIC: [8] Undefined index: EndTime D:\WWW\tejinhui\Application\Web\Controller\ListsController.class.php 第 52 行.
NOTIC: [8] Undefined offset: 1 D:\WWW\tejinhui\Application\Common\Common\function.php 第 330 行.
NOTIC: [8] Undefined offset: 1 D:\WWW\tejinhui\Application\Common\Common\function.php 第 330 行.
NOTIC: [8] Undefined index: StartTime D:\WWW\tejinhui\Application\Web\Controller\ListsController.class.php 第 52 行.
NOTIC: [8] Undefined index: EndTime D:\WWW\tejinhui\Application\Web\Controller\ListsController.class.php 第 52 行.
INFO: [ view_parse ] --START--
INFO: [ template_filter ] --START--
INFO: Run Behavior\ContentReplaceBehavior [ RunTime:0.000000s ]
INFO: [ template_filter ] --END-- [ RunTime:0.000000s ]
NOTIC: [8] Undefined index: promodel D:\WWW\tejinhui\Application\Runtime\Cache\Web\905a3a488627a647a089d0a43d2f671f.php 第 86 行.
INFO: Run Behavior\ParseTemplateBehavior [ RunTime:0.008000s ]
INFO: [ view_parse ] --END-- [ RunTime:0.008000s ]
INFO: [ view_filter ] --START--
INFO: Run Behavior\WriteHtmlCacheBehavior [ RunTime:0.000000s ]
INFO: [ view_filter ] --END-- [ RunTime:0.000000s ]
INFO: [ app_end ] --START--
INFO: Run Behavior\ShowPageTraceBehavior [ RunTime:0.000000s ]
INFO: [ app_end ] --END-- [ RunTime:0.000000s ]

[ 2016-11-26T09:34:27+08:00 ] 192.168.1.200 /index.php/Web/Lists/lists/p/4.html
INFO: [ app_init ] --START--
INFO: Run Behavior\BuildLiteBehavior [ RunTime:0.000000s ]
INFO: [ app_init ] --END-- [ RunTime:0.001000s ]
INFO: [ app_begin ] --START--
INFO: Run Behavior\ReadHtmlCacheBehavior [ RunTime:0.001000s ]
INFO: [ app_begin ] --END-- [ RunTime:0.001000s ]
SQL: SHOW COLUMNS FROM `tb_debt` [ RunTime:0.0030s ]
SQL: SHOW COLUMNS FROM `tb_assets` [ RunTime:0.0020s ]
SQL: SHOW COLUMNS FROM `tb_package` [ RunTime:0.0030s ]
SQL: SELECT `DebtID`,Title as title,Total as total,`StartTime`,`EndTime`,ProcessModle as promodel,ProPrice as proprice,DebtAdress as adress,`CreateTime`,`AssetsStatue` FROM `tb_debt` WHERE `AssetsStatue` BETWEEN '0' AND '4' ORDER BY DebtID desc  [ RunTime:0.0020s ]
SQL: SELECT `PackageID`,Title as title,Total as total,ProcessModle as proprice,OwnerAdress as adress,`CreateTime`,`AssetsStatue` FROM `tb_package` WHERE `AssetsStatue` BETWEEN '0' AND '4' ORDER BY PackageID desc  [ RunTime:0.0010s ]
SQL: SELECT `AssetsID`,Title as title,Price as total,ProcessModle as promodel,ProPrice as proprice,Address as adress,`CreateTime`,`AssetsStatue` FROM `tb_assets` WHERE `AssetsStatue` BETWEEN '0' AND '4' ORDER BY AssetsID desc  [ RunTime:0.0010s ]
NOTIC: [8] Undefined offset: 1 D:\WWW\tejinhui\Application\Common\Common\function.php 第 330 行.
NOTIC: [8] Undefined offset: 1 D:\WWW\tejinhui\Application\Common\Common\function.php 第 330 行.
NOTIC: [8] Undefined index: StartTime D:\WWW\tejinhui\Application\Web\Controller\ListsController.class.php 第 52 行.
NOTIC: [8] Undefined index: EndTime D:\WWW\tejinhui\Application\Web\Controller\ListsController.class.php 第 52 行.
NOTIC: [8] Undefined offset: 1 D:\WWW\tejinhui\Application\Common\Common\function.php 第 330 行.
NOTIC: [8] Undefined offset: 1 D:\WWW\tejinhui\Application\Common\Common\function.php 第 330 行.
NOTIC: [8] Undefined index: StartTime D:\WWW\tejinhui\Application\Web\Controller\ListsController.class.php 第 52 行.
NOTIC: [8] Undefined index: EndTime D:\WWW\tejinhui\Application\Web\Controller\ListsController.class.php 第 52 行.
NOTIC: [8] Undefined index: StartTime D:\WWW\tejinhui\Application\Web\Controller\ListsController.class.php 第 52 行.
NOTIC: [8] Undefined index: EndTime D:\WWW\tejinhui\Application\Web\Controller\ListsController.class.php 第 52 行.
NOTIC: [8] Undefined index: StartTime D:\WWW\tejinhui\Application\Web\Controller\ListsController.class.php 第 52 行.
NOTIC: [8] Undefined index: EndTime D:\WWW\tejinhui\Application\Web\Controller\ListsController.class.php 第 52 行.
NOTIC: [8] Undefined index: StartTime D:\WWW\tejinhui\Application\Web\Controller\ListsController.class.php 第 52 行.
NOTIC: [8] Undefined index: EndTime D:\WWW\tejinhui\Application\Web\Controller\ListsController.class.php 第 52 行.
NOTIC: [8] Undefined index: StartTime D:\WWW\tejinhui\Application\Web\Controller\ListsController.class.php 第 52 行.
NOTIC: [8] Undefined index: EndTime D:\WWW\tejinhui\Application\Web\Controller\ListsController.class.php 第 52 行.
NOTIC: [8] Undefined offset: 1 D:\WWW\tejinhui\Application\Common\Common\function.php 第 330 行.
NOTIC: [8] Undefined offset: 1 D:\WWW\tejinhui\Application\Common\Common\function.php 第 330 行.
NOTIC: [8] Undefined index: StartTime D:\WWW\tejinhui\Application\Web\Controller\ListsController.class.php 第 52 行.
NOTIC: [8] Undefined index: EndTime D:\WWW\tejinhui\Application\Web\Controller\ListsController.class.php 第 52 行.
INFO: [ view_parse ] --START--
INFO: [ template_filter ] --START--
INFO: Run Behavior\ContentReplaceBehavior [ RunTime:0.000000s ]
INFO: [ template_filter ] --END-- [ RunTime:0.000000s ]
INFO: Run Behavior\ParseTemplateBehavior [ RunTime:0.013000s ]
INFO: [ view_parse ] --END-- [ RunTime:0.013000s ]
INFO: [ view_filter ] --START--
INFO: Run Behavior\WriteHtmlCacheBehavior [ RunTime:0.000000s ]
INFO: [ view_filter ] --END-- [ RunTime:0.000000s ]
INFO: [ app_end ] --START--
INFO: Run Behavior\ShowPageTraceBehavior [ RunTime:0.000000s ]
INFO: [ app_end ] --END-- [ RunTime:0.000000s ]

[ 2016-11-26T09:34:28+08:00 ] 192.168.1.200 /index.php/Web/Lists/lists/p/5.html
INFO: [ app_init ] --START--
INFO: Run Behavior\BuildLiteBehavior [ RunTime:0.000000s ]
INFO: [ app_init ] --END-- [ RunTime:0.000000s ]
INFO: [ app_begin ] --START--
INFO: Run Behavior\ReadHtmlCacheBehavior [ RunTime:0.001000s ]
INFO: [ app_begin ] --END-- [ RunTime:0.001000s ]
SQL: SHOW COLUMNS FROM `tb_debt` [ RunTime:0.0030s ]
SQL: SHOW COLUMNS FROM `tb_assets` [ RunTime:0.0020s ]
SQL: SHOW COLUMNS FROM `tb_package` [ RunTime:0.0020s ]
SQL: SELECT `DebtID`,Title as title,Total as total,`StartTime`,`EndTime`,ProcessModle as promodel,ProPrice as proprice,DebtAdress as adress,`CreateTime`,`AssetsStatue` FROM `tb_debt` WHERE `AssetsStatue` BETWEEN '0' AND '4' ORDER BY DebtID desc  [ RunTime:0.0020s ]
SQL: SELECT `PackageID`,Title as title,Total as total,ProcessModle as proprice,OwnerAdress as adress,`CreateTime`,`AssetsStatue` FROM `tb_package` WHERE `AssetsStatue` BETWEEN '0' AND '4' ORDER BY PackageID desc  [ RunTime:0.0010s ]
SQL: SELECT `AssetsID`,Title as title,Price as total,ProcessModle as promodel,ProPrice as proprice,Address as adress,`CreateTime`,`AssetsStatue` FROM `tb_assets` WHERE `AssetsStatue` BETWEEN '0' AND '4' ORDER BY AssetsID desc  [ RunTime:0.0020s ]
NOTIC: [8] Undefined offset: 1 D:\WWW\tejinhui\Application\Common\Common\function.php 第 330 行.
NOTIC: [8] Undefined offset: 1 D:\WWW\tejinhui\Application\Common\Common\function.php 第 330 行.
NOTIC: [8] Undefined index: StartTime D:\WWW\tejinhui\Application\Web\Controller\ListsController.class.php 第 52 行.
NOTIC: [8] Undefined index: EndTime D:\WWW\tejinhui\Application\Web\Controller\ListsController.class.php 第 52 行.
NOTIC: [8] Undefined offset: 1 D:\WWW\tejinhui\Application\Common\Common\function.php 第 330 行.
NOTIC: [8] Undefined offset: 1 D:\WWW\tejinhui\Application\Common\Common\function.php 第 330 行.
NOTIC: [8] Undefined index: StartTime D:\WWW\tejinhui\Application\Web\Controller\ListsController.class.php 第 52 行.
NOTIC: [8] Undefined index: EndTime D:\WWW\tejinhui\Application\Web\Controller\ListsController.class.php 第 52 行.
NOTIC: [8] Undefined index: StartTime D:\WWW\tejinhui\Application\Web\Controller\ListsController.class.php 第 52 行.
NOTIC: [8] Undefined index: EndTime D:\WWW\tejinhui\Application\Web\Controller\ListsController.class.php 第 52 行.
NOTIC: [8] Undefined index: StartTime D:\WWW\tejinhui\Application\Web\Controller\ListsController.class.php 第 52 行.
NOTIC: [8] Undefined index: EndTime D:\WWW\tejinhui\Application\Web\Controller\ListsController.class.php 第 52 行.
NOTIC: [8] Undefined index: StartTime D:\WWW\tejinhui\Application\Web\Controller\ListsController.class.php 第 52 行.
NOTIC: [8] Undefined index: EndTime D:\WWW\tejinhui\Application\Web\Controller\ListsController.class.php 第 52 行.
NOTIC: [8] Undefined index: StartTime D:\WWW\tejinhui\Application\Web\Controller\ListsController.class.php 第 52 行.
NOTIC: [8] Undefined index: EndTime D:\WWW\tejinhui\Application\Web\Controller\ListsController.class.php 第 52 行.
NOTIC: [8] Undefined offset: 1 D:\WWW\tejinhui\Application\Common\Common\function.php 第 330 行.
NOTIC: [8] Undefined offset: 1 D:\WWW\tejinhui\Application\Common\Common\function.php 第 330 行.
NOTIC: [8] Undefined index: StartTime D:\WWW\tejinhui\Application\Web\Controller\ListsController.class.php 第 52 行.
NOTIC: [8] Undefined index: EndTime D:\WWW\tejinhui\Application\Web\Controller\ListsController.class.php 第 52 行.
INFO: [ view_parse ] --START--
INFO: [ template_filter ] --START--
INFO: Run Behavior\ContentReplaceBehavior [ RunTime:0.000000s ]
INFO: [ template_filter ] --END-- [ RunTime:0.000000s ]
INFO: Run Behavior\ParseTemplateBehavior [ RunTime:0.008000s ]
INFO: [ view_parse ] --END-- [ RunTime:0.008000s ]
INFO: [ view_filter ] --START--
INFO: Run Behavior\WriteHtmlCacheBehavior [ RunTime:0.001000s ]
INFO: [ view_filter ] --END-- [ RunTime:0.001000s ]
INFO: [ app_end ] --START--
INFO: Run Behavior\ShowPageTraceBehavior [ RunTime:0.000000s ]
INFO: [ app_end ] --END-- [ RunTime:0.000000s ]

[ 2016-11-26T09:34:30+08:00 ] 192.168.1.200 /index.php/Web/Lists/lists/p/6.html
INFO: [ app_init ] --START--
INFO: Run Behavior\BuildLiteBehavior [ RunTime:0.000000s ]
INFO: [ app_init ] --END-- [ RunTime:0.001000s ]
INFO: [ app_begin ] --START--
INFO: Run Behavior\ReadHtmlCacheBehavior [ RunTime:0.000000s ]
INFO: [ app_begin ] --END-- [ RunTime:0.001000s ]
SQL: SHOW COLUMNS FROM `tb_debt` [ RunTime:0.0030s ]
SQL: SHOW COLUMNS FROM `tb_assets` [ RunTime:0.0020s ]
SQL: SHOW COLUMNS FROM `tb_package` [ RunTime:0.0020s ]
SQL: SELECT `DebtID`,Title as title,Total as total,`StartTime`,`EndTime`,ProcessModle as promodel,ProPrice as proprice,DebtAdress as adress,`CreateTime`,`AssetsStatue` FROM `tb_debt` WHERE `AssetsStatue` BETWEEN '0' AND '4' ORDER BY DebtID desc  [ RunTime:0.0010s ]
SQL: SELECT `PackageID`,Title as title,Total as total,ProcessModle as proprice,OwnerAdress as adress,`CreateTime`,`AssetsStatue` FROM `tb_package` WHERE `AssetsStatue` BETWEEN '0' AND '4' ORDER BY PackageID desc  [ RunTime:0.0010s ]
SQL: SELECT `AssetsID`,Title as title,Price as total,ProcessModle as promodel,ProPrice as proprice,Address as adress,`CreateTime`,`AssetsStatue` FROM `tb_assets` WHERE `AssetsStatue` BETWEEN '0' AND '4' ORDER BY AssetsID desc  [ RunTime:0.0020s ]
NOTIC: [8] Undefined offset: 1 D:\WWW\tejinhui\Application\Common\Common\function.php 第 330 行.
NOTIC: [8] Undefined offset: 1 D:\WWW\tejinhui\Application\Common\Common\function.php 第 330 行.
NOTIC: [8] Undefined index: StartTime D:\WWW\tejinhui\Application\Web\Controller\ListsController.class.php 第 52 行.
NOTIC: [8] Undefined index: EndTime D:\WWW\tejinhui\Application\Web\Controller\ListsController.class.php 第 52 行.
NOTIC: [8] Undefined offset: 1 D:\WWW\tejinhui\Application\Common\Common\function.php 第 330 行.
NOTIC: [8] Undefined offset: 1 D:\WWW\tejinhui\Application\Common\Common\function.php 第 330 行.
NOTIC: [8] Undefined index: StartTime D:\WWW\tejinhui\Application\Web\Controller\ListsController.class.php 第 52 行.
NOTIC: [8] Undefined index: EndTime D:\WWW\tejinhui\Application\Web\Controller\ListsController.class.php 第 52 行.
NOTIC: [8] Undefined index: StartTime D:\WWW\tejinhui\Application\Web\Controller\ListsController.class.php 第 52 行.
NOTIC: [8] Undefined index: EndTime D:\WWW\tejinhui\Application\Web\Controller\ListsController.class.php 第 52 行.
NOTIC: [8] Undefined index: StartTime D:\WWW\tejinhui\Application\Web\Controller\ListsController.class.php 第 52 行.
NOTIC: [8] Undefined index: EndTime D:\WWW\tejinhui\Application\Web\Controller\ListsController.class.php 第 52 行.
NOTIC: [8] Undefined index: StartTime D:\WWW\tejinhui\Application\Web\Controller\ListsController.class.php 第 52 行.
NOTIC: [8] Undefined index: EndTime D:\WWW\tejinhui\Application\Web\Controller\ListsController.class.php 第 52 行.
NOTIC: [8] Undefined index: StartTime D:\WWW\tejinhui\Application\Web\Controller\ListsController.class.php 第 52 行.
NOTIC: [8] Undefined index: EndTime D:\WWW\tejinhui\Application\Web\Controller\ListsController.class.php 第 52 行.
NOTIC: [8] Undefined offset: 1 D:\WWW\tejinhui\Application\Common\Common\function.php 第 330 行.
NOTIC: [8] Undefined offset: 1 D:\WWW\tejinhui\Application\Common\Common\function.php 第 330 行.
NOTIC: [8] Undefined index: StartTime D:\WWW\tejinhui\Application\Web\Controller\ListsController.class.php 第 52 行.
NOTIC: [8] Undefined index: EndTime D:\WWW\tejinhui\Application\Web\Controller\ListsController.class.php 第 52 行.
INFO: [ view_parse ] --START--
INFO: [ template_filter ] --START--
INFO: Run Behavior\ContentReplaceBehavior [ RunTime:0.000000s ]
INFO: [ template_filter ] --END-- [ RunTime:0.000000s ]
INFO: Run Behavior\ParseTemplateBehavior [ RunTime:0.007000s ]
INFO: [ view_parse ] --END-- [ RunTime:0.007000s ]
INFO: [ view_filter ] --START--
INFO: Run Behavior\WriteHtmlCacheBehavior [ RunTime:0.000000s ]
INFO: [ view_filter ] --END-- [ RunTime:0.001000s ]
INFO: [ app_end ] --START--
INFO: Run Behavior\ShowPageTraceBehavior [ RunTime:0.000000s ]
INFO: [ app_end ] --END-- [ RunTime:0.000000s ]

[ 2016-11-26T09:34:33+08:00 ] 192.168.1.200 /index.php/Web/Lists/lists/p/1.html
INFO: [ app_init ] --START--
INFO: Run Behavior\BuildLiteBehavior [ RunTime:0.000000s ]
INFO: [ app_init ] --END-- [ RunTime:0.000000s ]
INFO: [ app_begin ] --START--
INFO: Run Behavior\ReadHtmlCacheBehavior [ RunTime:0.001000s ]
INFO: [ app_begin ] --END-- [ RunTime:0.001000s ]
SQL: SHOW COLUMNS FROM `tb_debt` [ RunTime:0.0030s ]
SQL: SHOW COLUMNS FROM `tb_assets` [ RunTime:0.0020s ]
SQL: SHOW COLUMNS FROM `tb_package` [ RunTime:0.0020s ]
SQL: SELECT `DebtID`,Title as title,Total as total,`StartTime`,`EndTime`,ProcessModle as promodel,ProPrice as proprice,DebtAdress as adress,`CreateTime`,`AssetsStatue` FROM `tb_debt` WHERE `AssetsStatue` BETWEEN '0' AND '4' ORDER BY DebtID desc  [ RunTime:0.0020s ]
SQL: SELECT `PackageID`,Title as title,Total as total,ProcessModle as proprice,OwnerAdress as adress,`CreateTime`,`AssetsStatue` FROM `tb_package` WHERE `AssetsStatue` BETWEEN '0' AND '4' ORDER BY PackageID desc  [ RunTime:0.0010s ]
SQL: SELECT `AssetsID`,Title as title,Price as total,ProcessModle as promodel,ProPrice as proprice,Address as adress,`CreateTime`,`AssetsStatue` FROM `tb_assets` WHERE `AssetsStatue` BETWEEN '0' AND '4' ORDER BY AssetsID desc  [ RunTime:0.0010s ]
NOTIC: [8] Undefined offset: 1 D:\WWW\tejinhui\Application\Common\Common\function.php 第 330 行.
NOTIC: [8] Undefined offset: 1 D:\WWW\tejinhui\Application\Common\Common\function.php 第 330 行.
NOTIC: [8] Undefined index: StartTime D:\WWW\tejinhui\Application\Web\Controller\ListsController.class.php 第 52 行.
NOTIC: [8] Undefined index: EndTime D:\WWW\tejinhui\Application\Web\Controller\ListsController.class.php 第 52 行.
NOTIC: [8] Undefined offset: 1 D:\WWW\tejinhui\Application\Common\Common\function.php 第 330 行.
NOTIC: [8] Undefined offset: 1 D:\WWW\tejinhui\Application\Common\Common\function.php 第 330 行.
NOTIC: [8] Undefined index: StartTime D:\WWW\tejinhui\Application\Web\Controller\ListsController.class.php 第 52 行.
NOTIC: [8] Undefined index: EndTime D:\WWW\tejinhui\Application\Web\Controller\ListsController.class.php 第 52 行.
NOTIC: [8] Undefined index: StartTime D:\WWW\tejinhui\Application\Web\Controller\ListsController.class.php 第 52 行.
NOTIC: [8] Undefined index: EndTime D:\WWW\tejinhui\Application\Web\Controller\ListsController.class.php 第 52 行.
NOTIC: [8] Undefined index: StartTime D:\WWW\tejinhui\Application\Web\Controller\ListsController.class.php 第 52 行.
NOTIC: [8] Undefined index: EndTime D:\WWW\tejinhui\Application\Web\Controller\ListsController.class.php 第 52 行.
NOTIC: [8] Undefined index: StartTime D:\WWW\tejinhui\Application\Web\Controller\ListsController.class.php 第 52 行.
NOTIC: [8] Undefined index: EndTime D:\WWW\tejinhui\Application\Web\Controller\ListsController.class.php 第 52 行.
NOTIC: [8] Undefined index: StartTime D:\WWW\tejinhui\Application\Web\Controller\ListsController.class.php 第 52 行.
NOTIC: [8] Undefined index: EndTime D:\WWW\tejinhui\Application\Web\Controller\ListsController.class.php 第 52 行.
NOTIC: [8] Undefined offset: 1 D:\WWW\tejinhui\Application\Common\Common\function.php 第 330 行.
NOTIC: [8] Undefined offset: 1 D:\WWW\tejinhui\Application\Common\Common\function.php 第 330 行.
NOTIC: [8] Undefined index: StartTime D:\WWW\tejinhui\Application\Web\Controller\ListsController.class.php 第 52 行.
NOTIC: [8] Undefined index: EndTime D:\WWW\tejinhui\Application\Web\Controller\ListsController.class.php 第 52 行.
INFO: [ view_parse ] --START--
INFO: [ template_filter ] --START--
INFO: Run Behavior\ContentReplaceBehavior [ RunTime:0.000000s ]
INFO: [ template_filter ] --END-- [ RunTime:0.000000s ]
NOTIC: [8] Undefined index: promodel D:\WWW\tejinhui\Application\Runtime\Cache\Web\905a3a488627a647a089d0a43d2f671f.php 第 86 行.
INFO: Run Behavior\ParseTemplateBehavior [ RunTime:0.009000s ]
INFO: [ view_parse ] --END-- [ RunTime:0.009000s ]
INFO: [ view_filter ] --START--
INFO: Run Behavior\WriteHtmlCacheBehavior [ RunTime:0.000000s ]
INFO: [ view_filter ] --END-- [ RunTime:0.000000s ]
INFO: [ app_end ] --START--
INFO: Run Behavior\ShowPageTraceBehavior [ RunTime:0.001000s ]
INFO: [ app_end ] --END-- [ RunTime:0.001000s ]

[ 2016-11-26T10:07:45+08:00 ] 127.0.0.1 /index.php/Web/Index/publish.html
INFO: [ app_init ] --START--
INFO: Run Behavior\BuildLiteBehavior [ RunTime:0.000000s ]
INFO: [ app_init ] --END-- [ RunTime:0.000000s ]
INFO: [ app_begin ] --START--
INFO: Run Behavior\ReadHtmlCacheBehavior [ RunTime:0.000000s ]
INFO: [ app_begin ] --END-- [ RunTime:0.000000s ]
INFO: [ view_parse ] --START--
INFO: [ template_filter ] --START--
INFO: Run Behavior\ContentReplaceBehavior [ RunTime:0.000000s ]
INFO: [ template_filter ] --END-- [ RunTime:0.001000s ]
INFO: Run Behavior\ParseTemplateBehavior [ RunTime:0.005000s ]
INFO: [ view_parse ] --END-- [ RunTime:0.005000s ]
INFO: [ view_filter ] --START--
INFO: Run Behavior\WriteHtmlCacheBehavior [ RunTime:0.001000s ]
INFO: [ view_filter ] --END-- [ RunTime:0.001000s ]
INFO: [ app_end ] --START--
INFO: Run Behavior\ShowPageTraceBehavior [ RunTime:0.000000s ]
INFO: [ app_end ] --END-- [ RunTime:0.000000s ]

[ 2016-11-26T10:07:46+08:00 ] 127.0.0.1 /index.php/Web/Index/debt.html
INFO: [ app_init ] --START--
INFO: Run Behavior\BuildLiteBehavior [ RunTime:0.000000s ]
INFO: [ app_init ] --END-- [ RunTime:0.000000s ]
INFO: [ app_begin ] --START--
INFO: Run Behavior\ReadHtmlCacheBehavior [ RunTime:0.001000s ]
INFO: [ app_begin ] --END-- [ RunTime:0.001000s ]
SQL: SHOW COLUMNS FROM `tb_area` [ RunTime:0.0020s ]
SQL: SELECT `id`,`name`,`pid`,`code` FROM `tb_area` WHERE `pid` = '0'  [ RunTime:0.0010s ]
INFO: [ view_parse ] --START--
INFO: [ template_filter ] --START--
INFO: Run Behavior\ContentReplaceBehavior [ RunTime:0.001000s ]
INFO: [ template_filter ] --END-- [ RunTime:0.001000s ]
INFO: Run Behavior\ParseTemplateBehavior [ RunTime:0.017000s ]
INFO: [ view_parse ] --END-- [ RunTime:0.017000s ]
INFO: [ view_filter ] --START--
INFO: Run Behavior\WriteHtmlCacheBehavior [ RunTime:0.001000s ]
INFO: [ view_filter ] --END-- [ RunTime:0.001000s ]
INFO: [ app_end ] --START--
INFO: Run Behavior\ShowPageTraceBehavior [ RunTime:0.000000s ]
INFO: [ app_end ] --END-- [ RunTime:0.001000s ]

[ 2016-11-26T10:28:15+08:00 ] 127.0.0.1 /index.php?m=Web&c=Checkcode&a=index&length=4&font_size=16&width=120&height=55&charset=1234567890&use_noise=1&use_curve=0&time=0.5246274670379651
INFO: [ app_init ] --START--
INFO: Run Behavior\BuildLiteBehavior [ RunTime:0.000000s ]
INFO: [ app_init ] --END-- [ RunTime:0.001000s ]
INFO: [ app_begin ] --START--
INFO: Run Behavior\ReadHtmlCacheBehavior [ RunTime:0.000000s ]
INFO: [ app_begin ] --END-- [ RunTime:0.000000s ]
INFO: [ app_end ] --START--
INFO: Run Behavior\ShowPageTraceBehavior [ RunTime:0.000000s ]
INFO: [ app_end ] --END-- [ RunTime:0.000000s ]

[ 2016-11-26T13:31:09+08:00 ] 127.0.0.1 /index.php/Web/Index/debt.html
INFO: [ app_init ] --START--
INFO: Run Behavior\BuildLiteBehavior [ RunTime:0.000000s ]
INFO: [ app_init ] --END-- [ RunTime:0.000000s ]
INFO: [ app_begin ] --START--
INFO: Run Behavior\ReadHtmlCacheBehavior [ RunTime:0.001000s ]
INFO: [ app_begin ] --END-- [ RunTime:0.001000s ]
SQL: SHOW COLUMNS FROM `tb_area` [ RunTime:0.0030s ]
SQL: SELECT `id`,`name`,`pid`,`code` FROM `tb_area` WHERE `pid` = '0'  [ RunTime:0.0020s ]
INFO: [ view_parse ] --START--
INFO: [ template_filter ] --START--
INFO: Run Behavior\ContentReplaceBehavior [ RunTime:0.000000s ]
INFO: [ template_filter ] --END-- [ RunTime:0.000000s ]
INFO: Run Behavior\ParseTemplateBehavior [ RunTime:0.019000s ]
INFO: [ view_parse ] --END-- [ RunTime:0.019000s ]
INFO: [ view_filter ] --START--
INFO: Run Behavior\WriteHtmlCacheBehavior [ RunTime:0.000000s ]
INFO: [ view_filter ] --END-- [ RunTime:0.000000s ]
INFO: [ app_end ] --START--
INFO: Run Behavior\ShowPageTraceBehavior [ RunTime:0.001000s ]
INFO: [ app_end ] --END-- [ RunTime:0.001000s ]

[ 2016-11-26T13:31:09+08:00 ] 127.0.0.1 /index.php?m=Web&c=Checkcode&a=index&length=4&font_size=16&width=120&height=55&charset=1234567890&use_noise=1&use_curve=0&time=0.5246274670379651
INFO: [ app_init ] --START--
INFO: Run Behavior\BuildLiteBehavior [ RunTime:0.000000s ]
INFO: [ app_init ] --END-- [ RunTime:0.000000s ]
INFO: [ app_begin ] --START--
INFO: Run Behavior\ReadHtmlCacheBehavior [ RunTime:0.000000s ]
INFO: [ app_begin ] --END-- [ RunTime:0.000000s ]
INFO: [ app_end ] --START--
INFO: Run Behavior\ShowPageTraceBehavior [ RunTime:0.000000s ]
INFO: [ app_end ] --END-- [ RunTime:0.000000s ]

[ 2016-11-26T14:24:16+08:00 ] 127.0.0.1 /index.php?m=Web&c=Checkcode&a=index&length=4&font_size=16&width=120&height=55&charset=1234567890&use_noise=1&use_curve=0&time=0.9405560884399853
INFO: [ app_init ] --START--
INFO: Run Behavior\BuildLiteBehavior [ RunTime:0.000000s ]
INFO: [ app_init ] --END-- [ RunTime:0.000000s ]
INFO: [ app_begin ] --START--
INFO: Run Behavior\ReadHtmlCacheBehavior [ RunTime:0.000000s ]
INFO: [ app_begin ] --END-- [ RunTime:0.001000s ]
INFO: [ app_end ] --START--
INFO: Run Behavior\ShowPageTraceBehavior [ RunTime:0.001000s ]
INFO: [ app_end ] --END-- [ RunTime:0.001000s ]

[ 2016-11-26T14:24:21+08:00 ] 127.0.0.1 /index.php/Web/Index/debt.html
INFO: [ app_init ] --START--
INFO: Run Behavior\BuildLiteBehavior [ RunTime:0.000000s ]
INFO: [ app_init ] --END-- [ RunTime:0.001000s ]
INFO: [ app_begin ] --START--
INFO: Run Behavior\ReadHtmlCacheBehavior [ RunTime:0.001000s ]
INFO: [ app_begin ] --END-- [ RunTime:0.001000s ]
SQL: SHOW COLUMNS FROM `tb_area` [ RunTime:0.0020s ]
SQL: SELECT `id`,`name`,`pid`,`code` FROM `tb_area` WHERE `pid` = '0'  [ RunTime:0.0020s ]
INFO: [ view_parse ] --START--
INFO: [ template_filter ] --START--
INFO: Run Behavior\ContentReplaceBehavior [ RunTime:0.000000s ]
INFO: [ template_filter ] --END-- [ RunTime:0.000000s ]
INFO: Run Behavior\ParseTemplateBehavior [ RunTime:0.016000s ]
INFO: [ view_parse ] --END-- [ RunTime:0.017000s ]
INFO: [ view_filter ] --START--
INFO: Run Behavior\WriteHtmlCacheBehavior [ RunTime:0.000000s ]
INFO: [ view_filter ] --END-- [ RunTime:0.000000s ]
INFO: [ app_end ] --START--
INFO: Run Behavior\ShowPageTraceBehavior [ RunTime:0.000000s ]
INFO: [ app_end ] --END-- [ RunTime:0.000000s ]

[ 2016-11-26T14:36:19+08:00 ] 127.0.0.1 /index.php?m=Web&c=Checkcode&a=index&length=4&font_size=16&width=120&height=55&charset=1234567890&use_noise=1&use_curve=0&time=0.5246274670379651
INFO: [ app_init ] --START--
INFO: Run Behavior\BuildLiteBehavior [ RunTime:0.000000s ]
INFO: [ app_init ] --END-- [ RunTime:0.000000s ]
INFO: [ app_begin ] --START--
INFO: Run Behavior\ReadHtmlCacheBehavior [ RunTime:0.000000s ]
INFO: [ app_begin ] --END-- [ RunTime:0.000000s ]
INFO: [ app_end ] --START--
INFO: Run Behavior\ShowPageTraceBehavior [ RunTime:0.000000s ]
INFO: [ app_end ] --END-- [ RunTime:0.000000s ]

[ 2016-11-26T14:57:30+08:00 ] 192.168.1.200 /index.php/Web/Lists/lists/p/2.html
INFO: [ app_init ] --START--
INFO: Run Behavior\BuildLiteBehavior [ RunTime:0.000000s ]
INFO: [ app_init ] --END-- [ RunTime:0.001000s ]
INFO: [ app_begin ] --START--
INFO: Run Behavior\ReadHtmlCacheBehavior [ RunTime:0.000000s ]
INFO: [ app_begin ] --END-- [ RunTime:0.000000s ]
SQL: SHOW COLUMNS FROM `tb_debt` [ RunTime:0.0030s ]
SQL: SHOW COLUMNS FROM `tb_assets` [ RunTime:0.0030s ]
SQL: SHOW COLUMNS FROM `tb_package` [ RunTime:0.0030s ]
SQL: SELECT `DebtID`,Title as title,Total as total,`StartTime`,`EndTime`,ProcessModle as promodel,ProPrice as proprice,DebtAdress as adress,`CreateTime`,`AssetsStatue` FROM `tb_debt` WHERE `AssetsStatue` BETWEEN '0' AND '4' ORDER BY DebtID desc  [ RunTime:0.0020s ]
SQL: SELECT `PackageID`,Title as title,Total as total,ProcessModle as proprice,OwnerAdress as adress,`CreateTime`,`AssetsStatue` FROM `tb_package` WHERE `AssetsStatue` BETWEEN '0' AND '4' ORDER BY PackageID desc  [ RunTime:0.0010s ]
SQL: SELECT `AssetsID`,Title as title,Price as total,ProcessModle as promodel,ProPrice as proprice,Address as adress,`CreateTime`,`AssetsStatue` FROM `tb_assets` WHERE `AssetsStatue` BETWEEN '0' AND '4' ORDER BY AssetsID desc  [ RunTime:0.0020s ]
NOTIC: [8] Undefined offset: 1 D:\WWW\tejinhui\Application\Common\Common\function.php 第 330 行.
NOTIC: [8] Undefined offset: 1 D:\WWW\tejinhui\Application\Common\Common\function.php 第 330 行.
NOTIC: [8] Undefined index: StartTime D:\WWW\tejinhui\Application\Web\Controller\ListsController.class.php 第 52 行.
NOTIC: [8] Undefined index: EndTime D:\WWW\tejinhui\Application\Web\Controller\ListsController.class.php 第 52 行.
NOTIC: [8] Undefined offset: 1 D:\WWW\tejinhui\Application\Common\Common\function.php 第 330 行.
NOTIC: [8] Undefined offset: 1 D:\WWW\tejinhui\Application\Common\Common\function.php 第 330 行.
NOTIC: [8] Undefined index: StartTime D:\WWW\tejinhui\Application\Web\Controller\ListsController.class.php 第 52 行.
NOTIC: [8] Undefined index: EndTime D:\WWW\tejinhui\Application\Web\Controller\ListsController.class.php 第 52 行.
NOTIC: [8] Undefined index: StartTime D:\WWW\tejinhui\Application\Web\Controller\ListsController.class.php 第 52 行.
NOTIC: [8] Undefined index: EndTime D:\WWW\tejinhui\Application\Web\Controller\ListsController.class.php 第 52 行.
NOTIC: [8] Undefined index: StartTime D:\WWW\tejinhui\Application\Web\Controller\ListsController.class.php 第 52 行.
NOTIC: [8] Undefined index: EndTime D:\WWW\tejinhui\Application\Web\Controller\ListsController.class.php 第 52 行.
NOTIC: [8] Undefined index: StartTime D:\WWW\tejinhui\Application\Web\Controller\ListsController.class.php 第 52 行.
NOTIC: [8] Undefined index: EndTime D:\WWW\tejinhui\Application\Web\Controller\ListsController.class.php 第 52 行.
NOTIC: [8] Undefined index: StartTime D:\WWW\tejinhui\Application\Web\Controller\ListsController.class.php 第 52 行.
NOTIC: [8] Undefined index: EndTime D:\WWW\tejinhui\Application\Web\Controller\ListsController.class.php 第 52 行.
NOTIC: [8] Undefined offset: 1 D:\WWW\tejinhui\Application\Common\Common\function.php 第 330 行.
NOTIC: [8] Undefined offset: 1 D:\WWW\tejinhui\Application\Common\Common\function.php 第 330 行.
NOTIC: [8] Undefined index: StartTime D:\WWW\tejinhui\Application\Web\Controller\ListsController.class.php 第 52 行.
NOTIC: [8] Undefined index: EndTime D:\WWW\tejinhui\Application\Web\Controller\ListsController.class.php 第 52 行.
INFO: [ view_parse ] --START--
INFO: [ template_filter ] --START--
INFO: Run Behavior\ContentReplaceBehavior [ RunTime:0.000000s ]
INFO: [ template_filter ] --END-- [ RunTime:0.000000s ]
INFO: Run Behavior\ParseTemplateBehavior [ RunTime:0.012000s ]
INFO: [ view_parse ] --END-- [ RunTime:0.012000s ]
INFO: [ view_filter ] --START--
INFO: Run Behavior\WriteHtmlCacheBehavior [ RunTime:0.000000s ]
INFO: [ view_filter ] --END-- [ RunTime:0.000000s ]
INFO: [ app_end ] --START--
INFO: Run Behavior\ShowPageTraceBehavior [ RunTime:0.001000s ]
INFO: [ app_end ] --END-- [ RunTime:0.001000s ]

[ 2016-11-26T14:57:39+08:00 ] 192.168.1.200 /index.php/Web/Index/publish.html
INFO: [ app_init ] --START--
INFO: Run Behavior\BuildLiteBehavior [ RunTime:0.000000s ]
INFO: [ app_init ] --END-- [ RunTime:0.000000s ]
INFO: [ app_begin ] --START--
INFO: Run Behavior\ReadHtmlCacheBehavior [ RunTime:0.000000s ]
INFO: [ app_begin ] --END-- [ RunTime:0.000000s ]
INFO: [ view_parse ] --START--
INFO: [ template_filter ] --START--
INFO: Run Behavior\ContentReplaceBehavior [ RunTime:0.000000s ]
INFO: [ template_filter ] --END-- [ RunTime:0.000000s ]
INFO: Run Behavior\ParseTemplateBehavior [ RunTime:0.006000s ]
INFO: [ view_parse ] --END-- [ RunTime:0.007000s ]
INFO: [ view_filter ] --START--
INFO: Run Behavior\WriteHtmlCacheBehavior [ RunTime:0.000000s ]
INFO: [ view_filter ] --END-- [ RunTime:0.000000s ]
INFO: [ app_end ] --START--
INFO: Run Behavior\ShowPageTraceBehavior [ RunTime:0.000000s ]
INFO: [ app_end ] --END-- [ RunTime:0.000000s ]

[ 2016-11-26T14:57:39+08:00 ] 192.168.1.200 /index.php?m=Web&c=Checkcode&a=index&length=4&font_size=16&width=120&height=55&charset=1234567890&use_noise=1&use_curve=0&time=0.5246274670379651
INFO: [ app_init ] --START--
INFO: Run Behavior\BuildLiteBehavior [ RunTime:0.000000s ]
INFO: [ app_init ] --END-- [ RunTime:0.000000s ]
INFO: [ app_begin ] --START--
INFO: Run Behavior\ReadHtmlCacheBehavior [ RunTime:0.000000s ]
INFO: [ app_begin ] --END-- [ RunTime:0.000000s ]
INFO: [ app_end ] --START--
INFO: Run Behavior\ShowPageTraceBehavior [ RunTime:0.001000s ]
INFO: [ app_end ] --END-- [ RunTime:0.001000s ]

[ 2016-11-26T14:57:46+08:00 ] 192.168.1.200 /index.php/Web/Search/lists.html
INFO: [ app_init ] --START--
INFO: Run Behavior\BuildLiteBehavior [ RunTime:0.000000s ]
INFO: [ app_init ] --END-- [ RunTime:0.000000s ]
INFO: [ app_begin ] --START--
INFO: Run Behavior\ReadHtmlCacheBehavior [ RunTime:0.000000s ]
INFO: [ app_begin ] --END-- [ RunTime:0.001000s ]
SQL: SHOW COLUMNS FROM `tb_debt` [ RunTime:0.0030s ]
SQL: SHOW COLUMNS FROM `tb_assets` [ RunTime:0.0020s ]
SQL: SHOW COLUMNS FROM `tb_package` [ RunTime:0.0020s ]
SQL: SELECT `DebtID`,Title as title,Total as total,`StartTime`,`EndTime`,ProcessModle as promodel,ProPrice as proprice,DebtAdress as adress,`CreateTime`,`AssetsStatue` FROM `tb_debt` WHERE `AssetsStatue` BETWEEN '0' AND '4' AND `Title` LIKE '%%' ORDER BY DebtID desc  [ RunTime:0.0010s ]
SQL: SELECT `PackageID`,Title as title,Total as total,ProcessModle as proprice,OwnerAdress as adress,`CreateTime`,`AssetsStatue` FROM `tb_package` WHERE `AssetsStatue` BETWEEN '0' AND '4' AND `Title` LIKE '%%' ORDER BY PackageID desc  [ RunTime:0.0010s ]
SQL: SELECT `AssetsID`,Title as title,Price as total,ProcessModle as promodel,ProPrice as proprice,Address as adress,`CreateTime`,`AssetsStatue` FROM `tb_assets` WHERE `AssetsStatue` BETWEEN '0' AND '4' AND `Title` LIKE '%%' ORDER BY AssetsID desc  [ RunTime:0.0020s ]
NOTIC: [8] Undefined offset: 1 D:\WWW\tejinhui\Application\Common\Common\function.php 第 330 行.
NOTIC: [8] Undefined offset: 1 D:\WWW\tejinhui\Application\Common\Common\function.php 第 330 行.
NOTIC: [8] Undefined index: StartTime D:\WWW\tejinhui\Application\Web\Controller\SearchController.class.php 第 57 行.
NOTIC: [8] Undefined index: EndTime D:\WWW\tejinhui\Application\Web\Controller\SearchController.class.php 第 57 行.
NOTIC: [8] Undefined offset: 1 D:\WWW\tejinhui\Application\Common\Common\function.php 第 330 行.
NOTIC: [8] Undefined offset: 1 D:\WWW\tejinhui\Application\Common\Common\function.php 第 330 行.
NOTIC: [8] Undefined index: StartTime D:\WWW\tejinhui\Application\Web\Controller\SearchController.class.php 第 57 行.
NOTIC: [8] Undefined index: EndTime D:\WWW\tejinhui\Application\Web\Controller\SearchController.class.php 第 57 行.
NOTIC: [8] Undefined index: StartTime D:\WWW\tejinhui\Application\Web\Controller\SearchController.class.php 第 57 行.
NOTIC: [8] Undefined index: EndTime D:\WWW\tejinhui\Application\Web\Controller\SearchController.class.php 第 57 行.
NOTIC: [8] Undefined index: StartTime D:\WWW\tejinhui\Application\Web\Controller\SearchController.class.php 第 57 行.
NOTIC: [8] Undefined index: EndTime D:\WWW\tejinhui\Application\Web\Controller\SearchController.class.php 第 57 行.
NOTIC: [8] Undefined index: StartTime D:\WWW\tejinhui\Application\Web\Controller\SearchController.class.php 第 57 行.
NOTIC: [8] Undefined index: EndTime D:\WWW\tejinhui\Application\Web\Controller\SearchController.class.php 第 57 行.
NOTIC: [8] Undefined index: StartTime D:\WWW\tejinhui\Application\Web\Controller\SearchController.class.php 第 57 行.
NOTIC: [8] Undefined index: EndTime D:\WWW\tejinhui\Application\Web\Controller\SearchController.class.php 第 57 行.
NOTIC: [8] Undefined offset: 1 D:\WWW\tejinhui\Application\Common\Common\function.php 第 330 行.
NOTIC: [8] Undefined offset: 1 D:\WWW\tejinhui\Application\Common\Common\function.php 第 330 行.
NOTIC: [8] Undefined index: StartTime D:\WWW\tejinhui\Application\Web\Controller\SearchController.class.php 第 57 行.
NOTIC: [8] Undefined index: EndTime D:\WWW\tejinhui\Application\Web\Controller\SearchController.class.php 第 57 行.
INFO: [ view_parse ] --START--
INFO: [ template_filter ] --START--
INFO: Run Behavior\ContentReplaceBehavior [ RunTime:0.000000s ]
INFO: [ template_filter ] --END-- [ RunTime:0.000000s ]
NOTIC: [8] Undefined index: promodel D:\WWW\tejinhui\Application\Runtime\Cache\Web\905a3a488627a647a089d0a43d2f671f.php 第 86 行.
INFO: Run Behavior\ParseTemplateBehavior [ RunTime:0.006000s ]
INFO: [ view_parse ] --END-- [ RunTime:0.006000s ]
INFO: [ view_filter ] --START--
INFO: Run Behavior\WriteHtmlCacheBehavior [ RunTime:0.000000s ]
INFO: [ view_filter ] --END-- [ RunTime:0.000000s ]
INFO: [ app_end ] --START--
INFO: Run Behavior\ShowPageTraceBehavior [ RunTime:0.001000s ]
INFO: [ app_end ] --END-- [ RunTime:0.001000s ]

[ 2016-11-26T14:58:19+08:00 ] 192.168.1.200 /index.php?m=Web&c=Checkcode&a=index&length=4&font_size=16&width=120&height=55&charset=1234567890&use_noise=1&use_curve=0&time=0.5246274670379651
INFO: [ app_init ] --START--
INFO: Run Behavior\BuildLiteBehavior [ RunTime:0.000000s ]
INFO: [ app_init ] --END-- [ RunTime:0.001000s ]
INFO: [ app_begin ] --START--
INFO: Run Behavior\ReadHtmlCacheBehavior [ RunTime:0.001000s ]
INFO: [ app_begin ] --END-- [ RunTime:0.001000s ]
INFO: [ app_end ] --START--
INFO: Run Behavior\ShowPageTraceBehavior [ RunTime:0.001000s ]
INFO: [ app_end ] --END-- [ RunTime:0.001000s ]

[ 2016-11-26T14:59:25+08:00 ] 192.168.1.200 /index.php?m=Web&c=Checkcode&a=index&length=4&font_size=16&width=120&height=55&charset=1234567890&use_noise=1&use_curve=0&time=0.5246274670379651
INFO: [ app_init ] --START--
INFO: Run Behavior\BuildLiteBehavior [ RunTime:0.000000s ]
INFO: [ app_init ] --END-- [ RunTime:0.000000s ]
INFO: [ app_begin ] --START--
INFO: Run Behavior\ReadHtmlCacheBehavior [ RunTime:0.000000s ]
INFO: [ app_begin ] --END-- [ RunTime:0.000000s ]
INFO: [ app_end ] --START--
INFO: Run Behavior\ShowPageTraceBehavior [ RunTime:0.001000s ]
INFO: [ app_end ] --END-- [ RunTime:0.001000s ]

