[ 2017-02-07T09:31:04+08:00 ] 192.168.10.2 /Brest/Index/read/acttype/actlistcontent/actid/139/cc.json
INFO: [ app_init ] --START--
INFO: Run Behavior\BuildLiteBehavior [ RunTime:0.000000s ]
INFO: [ app_init ] --END-- [ RunTime:0.000000s ]
INFO: [ app_begin ] --START--
INFO: Run Behavior\ReadHtmlCacheBehavior [ RunTime:0.000000s ]
INFO: [ app_begin ] --END-- [ RunTime:0.000000s ]
SQL: SHOW COLUMNS FROM `sys_articlescrap` [ RunTime:0.0020s ]
SQL: SELECT * FROM `sys_articlescrap` WHERE `id` = '139' LIMIT 1   [ RunTime:0.0010s ]

[ 2017-02-07T09:31:11+08:00 ] 192.168.10.2 /Brest/Index/read/acttype/actlistcontent/actid/170/cc.json
INFO: [ app_init ] --START--
INFO: Run Behavior\BuildLiteBehavior [ RunTime:0.000000s ]
INFO: [ app_init ] --END-- [ RunTime:0.000000s ]
INFO: [ app_begin ] --START--
INFO: Run Behavior\ReadHtmlCacheBehavior [ RunTime:0.001000s ]
INFO: [ app_begin ] --END-- [ RunTime:0.001000s ]
SQL: SHOW COLUMNS FROM `sys_articlescrap` [ RunTime:0.0020s ]
SQL: SELECT * FROM `sys_articlescrap` WHERE `id` = '170' LIMIT 1   [ RunTime:0.0020s ]

[ 2017-02-07T09:51:49+08:00 ] 127.0.0.1 /Brest/Index/read/acttype/assetcontent/AssetsID/113cc.json
INFO: [ app_init ] --START--
INFO: Run Behavior\BuildLiteBehavior [ RunTime:0.000000s ]
INFO: [ app_init ] --END-- [ RunTime:0.000000s ]
INFO: [ app_begin ] --START--
INFO: Run Behavior\ReadHtmlCacheBehavior [ RunTime:0.000000s ]
INFO: [ app_begin ] --END-- [ RunTime:0.000000s ]
SQL: SHOW COLUMNS FROM `tb_assets` [ RunTime:0.0020s ]
NOTIC: [8] Undefined index: discuz_auth_key D:\WWW\tejinhui\Application\Common\Common\function.php 第 547 行.
SQL: SHOW COLUMNS FROM `tb_member` [ RunTime:0.0020s ]
SQL: SELECT `MemberId` FROM `tb_member` WHERE `MemberId` = '' LIMIT 1   [ RunTime:0.0020s ]
SQL: SELECT * FROM `tb_assets` LEFT JOIN tb_assetsdata ON tb_assets.AssetsID=tb_assetsdata.ID  WHERE tb_assets.AssetsID = '113cc.json' LIMIT 1   [ RunTime:0.0030s ]

[ 2017-02-07T09:51:56+08:00 ] 127.0.0.1 /Brest/Index/read/acttype/actlistcontent/actid/139/cc.json
INFO: [ app_init ] --START--
INFO: Run Behavior\BuildLiteBehavior [ RunTime:0.000000s ]
INFO: [ app_init ] --END-- [ RunTime:0.000000s ]
INFO: [ app_begin ] --START--
INFO: Run Behavior\ReadHtmlCacheBehavior [ RunTime:0.001000s ]
INFO: [ app_begin ] --END-- [ RunTime:0.001000s ]
SQL: SHOW COLUMNS FROM `sys_articlescrap` [ RunTime:0.0010s ]
SQL: SELECT * FROM `sys_articlescrap` WHERE `id` = '139' LIMIT 1   [ RunTime:0.0010s ]

[ 2017-02-07T09:51:59+08:00 ] 127.0.0.1 /Brest/Index/read/acttype/actlistcontent/actid/139/cc.json
INFO: [ app_init ] --START--
INFO: Run Behavior\BuildLiteBehavior [ RunTime:0.000000s ]
INFO: [ app_init ] --END-- [ RunTime:0.000000s ]
INFO: [ app_begin ] --START--
INFO: Run Behavior\ReadHtmlCacheBehavior [ RunTime:0.000000s ]
INFO: [ app_begin ] --END-- [ RunTime:0.000000s ]
SQL: SHOW COLUMNS FROM `sys_articlescrap` [ RunTime:0.0020s ]
SQL: SELECT * FROM `sys_articlescrap` WHERE `id` = '139' LIMIT 1   [ RunTime:0.0020s ]

[ 2017-02-07T09:52:05+08:00 ] 127.0.0.1 /Brest/Index/read/acttype/actlist/cc.json
INFO: [ app_init ] --START--
INFO: Run Behavior\BuildLiteBehavior [ RunTime:0.001000s ]
INFO: [ app_init ] --END-- [ RunTime:0.001000s ]
INFO: [ app_begin ] --START--
INFO: Run Behavior\ReadHtmlCacheBehavior [ RunTime:0.001000s ]
INFO: [ app_begin ] --END-- [ RunTime:0.001000s ]
SQL: SHOW COLUMNS FROM `sys_articlescrap` [ RunTime:0.0020s ]
SQL: SELECT COUNT(*) AS tp_count FROM `sys_articlescrap` WHERE `type` = 11 ORDER BY `no` asc,`createtime` desc LIMIT 1   [ RunTime:0.0020s ]
SQL: SHOW COLUMNS FROM `sys_articlescrap` [ RunTime:0.0020s ]
SQL: SELECT `id`,`title`,`createtime` FROM `sys_articlescrap` WHERE `type` = 11 ORDER BY `no` asc,`createtime` desc LIMIT 0,10   [ RunTime:0.0010s ]

[ 2017-02-07T09:52:27+08:00 ] 127.0.0.1 /Brest/Index/read/acttype/actlistcontent/actid/167/cc.json
INFO: [ app_init ] --START--
INFO: Run Behavior\BuildLiteBehavior [ RunTime:0.000000s ]
INFO: [ app_init ] --END-- [ RunTime:0.001000s ]
INFO: [ app_begin ] --START--
INFO: Run Behavior\ReadHtmlCacheBehavior [ RunTime:0.000000s ]
INFO: [ app_begin ] --END-- [ RunTime:0.000000s ]
SQL: SHOW COLUMNS FROM `sys_articlescrap` [ RunTime:0.0020s ]
SQL: SELECT * FROM `sys_articlescrap` WHERE `id` = '167' LIMIT 1   [ RunTime:0.0020s ]

[ 2017-02-07T11:07:52+08:00 ] 127.0.0.1 /Brest/Index/read/acttype/actlistcontent/actid/167/cc.json
INFO: [ app_init ] --START--
INFO: Run Behavior\BuildLiteBehavior [ RunTime:0.000000s ]
INFO: [ app_init ] --END-- [ RunTime:0.001000s ]
INFO: [ app_begin ] --START--
INFO: Run Behavior\ReadHtmlCacheBehavior [ RunTime:0.000000s ]
INFO: [ app_begin ] --END-- [ RunTime:0.000000s ]
SQL: SHOW COLUMNS FROM `sys_articlescrap` [ RunTime:0.0020s ]
SQL: SELECT * FROM `sys_articlescrap` WHERE `id` = '167' LIMIT 1   [ RunTime:0.0020s ]

[ 2017-02-07T11:22:34+08:00 ] 127.0.0.1 /Brest/Index/read/acttype/actlistcontent/actid/167/cc.json
INFO: [ app_init ] --START--
INFO: Run Behavior\BuildLiteBehavior [ RunTime:0.000000s ]
INFO: [ app_init ] --END-- [ RunTime:0.000000s ]
INFO: [ app_begin ] --START--
INFO: Run Behavior\ReadHtmlCacheBehavior [ RunTime:0.000000s ]
INFO: [ app_begin ] --END-- [ RunTime:0.001000s ]
SQL: SHOW COLUMNS FROM `sys_articlescrap` [ RunTime:0.0020s ]
SQL: SELECT * FROM `sys_articlescrap` WHERE `id` = '167' LIMIT 1   [ RunTime:0.0030s ]

[ 2017-02-07T14:45:51+08:00 ] 192.168.10.2 /Brest/Index/read/acttype/packcontent/PackageID/22/cc.json
INFO: [ app_init ] --START--
INFO: Run Behavior\BuildLiteBehavior [ RunTime:0.000000s ]
INFO: [ app_init ] --END-- [ RunTime:0.001000s ]
INFO: [ app_begin ] --START--
INFO: Run Behavior\ReadHtmlCacheBehavior [ RunTime:0.001000s ]
INFO: [ app_begin ] --END-- [ RunTime:0.001000s ]
SQL: SHOW COLUMNS FROM `tb_package` [ RunTime:0.0030s ]
NOTIC: [8] Undefined index: discuz_auth_key D:\WWW\tejinhui\Application\Common\Common\function.php 第 547 行.
SQL: SHOW COLUMNS FROM `tb_member` [ RunTime:0.0030s ]
SQL: SELECT `MemberId` FROM `tb_member` WHERE `MemberId` = '' LIMIT 1   [ RunTime:0.0020s ]
SQL: SELECT * FROM `tb_package` LEFT JOIN tb_packagedata ON tb_package.PackageID=tb_packagedata.ID  WHERE tb_package.PackageID = '22' LIMIT 1   [ RunTime:0.0020s ]

[ 2017-02-07T14:46:33+08:00 ] 192.168.10.2 /Brest/Index/read/acttype/packlist/cc.json
INFO: [ app_init ] --START--
INFO: Run Behavior\BuildLiteBehavior [ RunTime:0.000000s ]
INFO: [ app_init ] --END-- [ RunTime:0.001000s ]
INFO: [ app_begin ] --START--
INFO: Run Behavior\ReadHtmlCacheBehavior [ RunTime:0.000000s ]
INFO: [ app_begin ] --END-- [ RunTime:0.000000s ]
SQL: SHOW COLUMNS FROM `tb_package` [ RunTime:0.0030s ]
SQL: SELECT `PackageID`,`titimg`,`Title`,`ViewCount`,`BuyCount`,ProcessModle as ccint,Total as aaint FROM `tb_package` LEFT JOIN tb_packagedata ON tb_package.PackageID = tb_packagedata.ID  WHERE tb_package.AssetsStatue = 4 ORDER BY `BuyCount` desc,`ViewCount` asc LIMIT 8   [ RunTime:0.0010s ]

[ 2017-02-07T14:47:05+08:00 ] 192.168.10.2 /Brest/Index/read/acttype/packlist/cc.json
INFO: [ app_init ] --START--
INFO: Run Behavior\BuildLiteBehavior [ RunTime:0.000000s ]
INFO: [ app_init ] --END-- [ RunTime:0.001000s ]
INFO: [ app_begin ] --START--
INFO: Run Behavior\ReadHtmlCacheBehavior [ RunTime:0.000000s ]
INFO: [ app_begin ] --END-- [ RunTime:0.000000s ]
SQL: SHOW COLUMNS FROM `tb_package` [ RunTime:0.0030s ]
SQL: SELECT `PackageID`,`titimg`,`Title`,`ViewCount`,`BuyCount`,ProcessModle as ccint,Total as aaint FROM `tb_package` LEFT JOIN tb_packagedata ON tb_package.PackageID = tb_packagedata.ID  WHERE tb_package.AssetsStatue = 4 ORDER BY `BuyCount` desc,`ViewCount` asc LIMIT 8   [ RunTime:0.0010s ]

[ 2017-02-07T14:48:32+08:00 ] 127.0.0.1 /Brest/Index/read/acttype/packlist/cc.json
INFO: [ app_init ] --START--
INFO: Run Behavior\BuildLiteBehavior [ RunTime:0.000000s ]
INFO: [ app_init ] --END-- [ RunTime:0.000000s ]
INFO: [ app_begin ] --START--
INFO: Run Behavior\ReadHtmlCacheBehavior [ RunTime:0.000000s ]
INFO: [ app_begin ] --END-- [ RunTime:0.000000s ]
SQL: SHOW COLUMNS FROM `tb_package` [ RunTime:0.0020s ]
SQL: SELECT `PackageID`,`titimg`,`Title`,`ViewCount`,`BuyCount`,ProcessModle as ccint,Total as aaint FROM `tb_package` LEFT JOIN tb_packagedata ON tb_package.PackageID = tb_packagedata.ID  WHERE tb_package.AssetsStatue = 4 ORDER BY `BuyCount` desc,`ViewCount` asc LIMIT 8   [ RunTime:0.0010s ]

[ 2017-02-07T14:48:35+08:00 ] 127.0.0.1 /Brest/Index/read/acttype/packlist/cc.json
INFO: [ app_init ] --START--
INFO: Run Behavior\BuildLiteBehavior [ RunTime:0.000000s ]
INFO: [ app_init ] --END-- [ RunTime:0.000000s ]
INFO: [ app_begin ] --START--
INFO: Run Behavior\ReadHtmlCacheBehavior [ RunTime:0.001000s ]
INFO: [ app_begin ] --END-- [ RunTime:0.001000s ]
SQL: SHOW COLUMNS FROM `tb_package` [ RunTime:0.0020s ]
SQL: SELECT `PackageID`,`titimg`,`Title`,`ViewCount`,`BuyCount`,ProcessModle as ccint,Total as aaint FROM `tb_package` LEFT JOIN tb_packagedata ON tb_package.PackageID = tb_packagedata.ID  WHERE tb_package.AssetsStatue = 4 ORDER BY `BuyCount` desc,`ViewCount` asc LIMIT 8   [ RunTime:0.0010s ]

[ 2017-02-07T14:48:47+08:00 ] 192.168.10.2 /Brest/Index/read/acttype/packlist/cc.json
INFO: [ app_init ] --START--
INFO: Run Behavior\BuildLiteBehavior [ RunTime:0.000000s ]
INFO: [ app_init ] --END-- [ RunTime:0.000000s ]
INFO: [ app_begin ] --START--
INFO: Run Behavior\ReadHtmlCacheBehavior [ RunTime:0.000000s ]
INFO: [ app_begin ] --END-- [ RunTime:0.000000s ]
SQL: SHOW COLUMNS FROM `tb_package` [ RunTime:0.0020s ]
SQL: SELECT `PackageID`,`titimg`,`Title`,`ViewCount`,`BuyCount`,ProcessModle as ccint,Total as aaint FROM `tb_package` LEFT JOIN tb_packagedata ON tb_package.PackageID = tb_packagedata.ID  WHERE tb_package.AssetsStatue = 4 ORDER BY `BuyCount` desc,`ViewCount` asc LIMIT 8   [ RunTime:0.0020s ]

[ 2017-02-07T14:49:27+08:00 ] 192.168.10.2 /Brest/Index/read/acttype/packlist/cc.json
INFO: [ app_init ] --START--
INFO: Run Behavior\BuildLiteBehavior [ RunTime:0.000000s ]
INFO: [ app_init ] --END-- [ RunTime:0.000000s ]
INFO: [ app_begin ] --START--
INFO: Run Behavior\ReadHtmlCacheBehavior [ RunTime:0.001000s ]
INFO: [ app_begin ] --END-- [ RunTime:0.001000s ]
SQL: SHOW COLUMNS FROM `tb_package` [ RunTime:0.0020s ]
SQL: SELECT `PackageID`,`titimg`,`Title`,`ViewCount`,`BuyCount`,ProcessModle as ccint,Total as aaint FROM `tb_package` LEFT JOIN tb_packagedata ON tb_package.PackageID = tb_packagedata.ID  WHERE tb_package.AssetsStatue = 4 ORDER BY `BuyCount` desc,`ViewCount` asc LIMIT 8   [ RunTime:0.0020s ]

[ 2017-02-07T14:49:42+08:00 ] 192.168.10.2 /Brest/Index/read/acttype/packcontent/PackageID/22/cc.json
INFO: [ app_init ] --START--
INFO: Run Behavior\BuildLiteBehavior [ RunTime:0.000000s ]
INFO: [ app_init ] --END-- [ RunTime:0.001000s ]
INFO: [ app_begin ] --START--
INFO: Run Behavior\ReadHtmlCacheBehavior [ RunTime:0.001000s ]
INFO: [ app_begin ] --END-- [ RunTime:0.001000s ]
SQL: SHOW COLUMNS FROM `tb_package` [ RunTime:0.0020s ]
NOTIC: [8] Undefined index: discuz_auth_key D:\WWW\tejinhui\Application\Common\Common\function.php 第 547 行.
SQL: SHOW COLUMNS FROM `tb_member` [ RunTime:0.0020s ]
SQL: SELECT `MemberId` FROM `tb_member` WHERE `MemberId` = '' LIMIT 1   [ RunTime:0.0010s ]
SQL: SELECT * FROM `tb_package` LEFT JOIN tb_packagedata ON tb_package.PackageID=tb_packagedata.ID  WHERE tb_package.PackageID = '22' LIMIT 1   [ RunTime:0.0030s ]
SQL: SHOW COLUMNS FROM `tb_packageduedili` [ RunTime:0.0020s ]
SQL: SELECT * FROM `tb_packageduedili` WHERE tb_packageduedili.Usestat = 1 AND tb_packageduedili.PackageID = '22' LIMIT 1   [ RunTime:0.0020s ]
SQL: SHOW COLUMNS FROM `tb_packagedata` [ RunTime:0.0020s ]
SQL: UPDATE `tb_packagedata` SET `ViewCount`=ViewCount+1 WHERE `ID` = '22' [ RunTime:0.0310s ]
SQL: SHOW COLUMNS FROM `tb_packagediss` [ RunTime:0.0020s ]
SQL: SELECT tb_memberaccount.StarLevel as StarLevel,tb_memberprofile.HeadImg as HeadImg,tb_member.MemberName as RealName,w.DisID as DisID,w.BelongTO as BelongTO,w.Content as Content,w.StarNum as StarNum,w.CreateTime as CreateTime,w.CreateMember as CreateMember,b.Content AS bContent FROM tb_packagediss w LEFT JOIN tb_memberprofile ON tb_memberprofile.MemberID=w.CreateMember LEFT JOIN tb_member ON tb_member.MemberId=w.CreateMember LEFT JOIN tb_packagediss b ON b.FID=w.DisID LEFT JOIN tb_memberaccount ON tb_memberaccount.MemberId=w.CreateMember  WHERE w.Status = 1 AND w.BelongTO = '22' AND w.FID = 0  [ RunTime:0.0010s ]
SQL: SHOW COLUMNS FROM `tb_packageproject` [ RunTime:0.0020s ]
SQL: SELECT `SubID`,`Ismain`,`SubName` FROM `tb_packageproject` WHERE `PackageID` = '22' AND `Ismain` = 0  [ RunTime:0.0010s ]
SQL: SHOW COLUMNS FROM `tb_order` [ RunTime:0.0020s ]
SQL: SELECT * FROM `tb_order` WHERE tb_order.Type = 2 AND tb_order.ProductID = 4 AND tb_order.OrderStatue = 2 AND tb_order.CreateUser = null AND tb_order.InfoNo = '12' LIMIT 1   [ RunTime:0.0020s ]
SQL: SELECT * FROM `tb_order` WHERE tb_order.Type = 2 AND tb_order.ProductID = 4 AND tb_order.OrderStatue = 2 AND tb_order.CreateUser = null AND tb_order.InfoNo = '13' LIMIT 1   [ RunTime:0.0010s ]
SQL: SELECT * FROM `tb_order` WHERE tb_order.Type = 2 AND tb_order.ProductID = 4 AND tb_order.OrderStatue = 2 AND tb_order.CreateUser = null AND tb_order.InfoNo = '14' LIMIT 1   [ RunTime:0.0010s ]
NOTIC: [2] explode() expects parameter 2 to be string, array given D:\WWW\tejinhui\Application\Brest\Controller\IndexController.class.php 第 584 行.
NOTIC: [8] Undefined index: JudgedPic D:\WWW\tejinhui\Application\Brest\Controller\IndexController.class.php 第 586 行.

[ 2017-02-07T14:50:34+08:00 ] 192.168.10.2 /Brest/Index/read/acttype/packlist/cc.json
INFO: [ app_init ] --START--
INFO: Run Behavior\BuildLiteBehavior [ RunTime:0.000000s ]
INFO: [ app_init ] --END-- [ RunTime:0.000000s ]
INFO: [ app_begin ] --START--
INFO: Run Behavior\ReadHtmlCacheBehavior [ RunTime:0.001000s ]
INFO: [ app_begin ] --END-- [ RunTime:0.001000s ]
SQL: SHOW COLUMNS FROM `tb_package` [ RunTime:0.0030s ]
SQL: SELECT `PackageID`,`titimg`,`Title`,`ViewCount`,`BuyCount`,ProcessModle as ccint,Total as aaint FROM `tb_package` LEFT JOIN tb_packagedata ON tb_package.PackageID = tb_packagedata.ID  WHERE tb_package.AssetsStatue = 4 ORDER BY `BuyCount` desc,`ViewCount` asc LIMIT 8   [ RunTime:0.0020s ]

[ 2017-02-07T15:00:55+08:00 ] 192.168.10.2 /Brest/Index/read/acttype/debtlist/cc.json
INFO: [ app_init ] --START--
INFO: Run Behavior\BuildLiteBehavior [ RunTime:0.000000s ]
INFO: [ app_init ] --END-- [ RunTime:0.001000s ]
INFO: [ app_begin ] --START--
INFO: Run Behavior\ReadHtmlCacheBehavior [ RunTime:0.001000s ]
INFO: [ app_begin ] --END-- [ RunTime:0.001000s ]
SQL: SHOW COLUMNS FROM `tb_debt` [ RunTime:0.0030s ]
SQL: SELECT `DebtID`,`titimg`,`Title`,ProPrice as ccint,Total as aaint,ProcessModle as protype,`ViewCount`,`BuyCount` FROM `tb_debt` LEFT JOIN tb_debtdata ON tb_debt.DebtID = tb_debtdata.ID  WHERE tb_debt.AssetsStatue = 4 ORDER BY `BuyCount` desc,`ViewCount` asc LIMIT 8   [ RunTime:0.0010s ]

[ 2017-02-07T15:02:58+08:00 ] 127.0.0.1 /Brest/Index/read/acttype/packlist/cc.json
INFO: [ app_init ] --START--
INFO: Run Behavior\BuildLiteBehavior [ RunTime:0.001000s ]
INFO: [ app_init ] --END-- [ RunTime:0.001000s ]
INFO: [ app_begin ] --START--
INFO: Run Behavior\ReadHtmlCacheBehavior [ RunTime:0.001000s ]
INFO: [ app_begin ] --END-- [ RunTime:0.001000s ]
SQL: SHOW COLUMNS FROM `tb_package` [ RunTime:0.0030s ]
SQL: SELECT `PackageID`,`titimg`,`Title`,`ViewCount`,`BuyCount`,ProcessModle as ccint,Total as aaint FROM `tb_package` LEFT JOIN tb_packagedata ON tb_package.PackageID = tb_packagedata.ID  WHERE tb_package.AssetsStatue = 4 ORDER BY `BuyCount` desc,`ViewCount` asc LIMIT 8   [ RunTime:0.0020s ]

[ 2017-02-07T15:05:19+08:00 ] 192.168.10.2 /Brest/Index/read/acttype/debtlist/cc.json
INFO: [ app_init ] --START--
INFO: Run Behavior\BuildLiteBehavior [ RunTime:0.000000s ]
INFO: [ app_init ] --END-- [ RunTime:0.000000s ]
INFO: [ app_begin ] --START--
INFO: Run Behavior\ReadHtmlCacheBehavior [ RunTime:0.001000s ]
INFO: [ app_begin ] --END-- [ RunTime:0.001000s ]
SQL: SHOW COLUMNS FROM `tb_debt` [ RunTime:0.0040s ]
SQL: SELECT `DebtID`,`titimg`,`Title`,ProPrice as ccint,Total as aaint,ProcessModle as protype,`ViewCount`,`BuyCount` FROM `tb_debt` LEFT JOIN tb_debtdata ON tb_debt.DebtID = tb_debtdata.ID  WHERE tb_debt.AssetsStatue = 4 ORDER BY `BuyCount` desc,`ViewCount` asc LIMIT 8   [ RunTime:0.0020s ]

[ 2017-02-07T15:05:29+08:00 ] 192.168.10.2 /Brest/Index/read/acttype/debtlist/cc.json
INFO: [ app_init ] --START--
INFO: Run Behavior\BuildLiteBehavior [ RunTime:0.000000s ]
INFO: [ app_init ] --END-- [ RunTime:0.001000s ]
INFO: [ app_begin ] --START--
INFO: Run Behavior\ReadHtmlCacheBehavior [ RunTime:0.001000s ]
INFO: [ app_begin ] --END-- [ RunTime:0.001000s ]
SQL: SHOW COLUMNS FROM `tb_debt` [ RunTime:0.0030s ]
SQL: SELECT `DebtID`,`titimg`,`Title`,ProPrice as ccint,Total as aaint,ProcessModle as protype,`ViewCount`,`BuyCount` FROM `tb_debt` LEFT JOIN tb_debtdata ON tb_debt.DebtID = tb_debtdata.ID  WHERE tb_debt.AssetsStatue = 4 ORDER BY `BuyCount` desc,`ViewCount` asc LIMIT 8   [ RunTime:0.0010s ]

[ 2017-02-07T15:18:00+08:00 ] 192.168.10.2 /Brest/Index/read/acttype/debtlist/cc.json
INFO: [ app_init ] --START--
INFO: Run Behavior\BuildLiteBehavior [ RunTime:0.000000s ]
INFO: [ app_init ] --END-- [ RunTime:0.001000s ]
INFO: [ app_begin ] --START--
INFO: Run Behavior\ReadHtmlCacheBehavior [ RunTime:0.001000s ]
INFO: [ app_begin ] --END-- [ RunTime:0.001000s ]
SQL: SHOW COLUMNS FROM `tb_debt` [ RunTime:0.0030s ]
SQL: SELECT `DebtID`,`titimg`,`Title`,ProPrice as ccint,Total as aaint,ProcessModle as protype,`ViewCount`,`BuyCount` FROM `tb_debt` LEFT JOIN tb_debtdata ON tb_debt.DebtID = tb_debtdata.ID  WHERE tb_debt.AssetsStatue = 4 ORDER BY `BuyCount` desc,`ViewCount` asc LIMIT 8   [ RunTime:0.0010s ]

[ 2017-02-07T15:20:50+08:00 ] 192.168.10.2 /Brest/Index/read/acttype/debtlist/cc.json
INFO: [ app_init ] --START--
INFO: Run Behavior\BuildLiteBehavior [ RunTime:0.000000s ]
INFO: [ app_init ] --END-- [ RunTime:0.001000s ]
INFO: [ app_begin ] --START--
INFO: Run Behavior\ReadHtmlCacheBehavior [ RunTime:0.001000s ]
INFO: [ app_begin ] --END-- [ RunTime:0.001000s ]
SQL: SHOW COLUMNS FROM `tb_debt` [ RunTime:0.0030s ]
SQL: SELECT `DebtID`,`titimg`,`Title`,ProPrice as ccint,Total as aaint,ProcessModle as protype,`ViewCount`,`BuyCount` FROM `tb_debt` LEFT JOIN tb_debtdata ON tb_debt.DebtID = tb_debtdata.ID  WHERE tb_debt.AssetsStatue = 4 ORDER BY `BuyCount` desc,`ViewCount` asc LIMIT 8   [ RunTime:0.0020s ]

[ 2017-02-07T15:22:45+08:00 ] 192.168.10.2 /Brest/Index/read/acttype/debtlist/cc.json
INFO: [ app_init ] --START--
INFO: Run Behavior\BuildLiteBehavior [ RunTime:0.000000s ]
INFO: [ app_init ] --END-- [ RunTime:0.000000s ]
INFO: [ app_begin ] --START--
INFO: Run Behavior\ReadHtmlCacheBehavior [ RunTime:0.001000s ]
INFO: [ app_begin ] --END-- [ RunTime:0.001000s ]
SQL: SHOW COLUMNS FROM `tb_debt` [ RunTime:0.0020s ]
SQL: SELECT `DebtID`,`titimg`,`Title`,ProPrice as ccint,Total as aaint,ProcessModle as protype,`ViewCount`,`BuyCount` FROM `tb_debt` LEFT JOIN tb_debtdata ON tb_debt.DebtID = tb_debtdata.ID  WHERE tb_debt.AssetsStatue = 4 ORDER BY `BuyCount` desc,`ViewCount` asc LIMIT 8   [ RunTime:0.0030s ]

[ 2017-02-07T15:22:55+08:00 ] 192.168.10.2 /Brest/Index/read/acttype/debtlist/cc.json
INFO: [ app_init ] --START--
INFO: Run Behavior\BuildLiteBehavior [ RunTime:0.000000s ]
INFO: [ app_init ] --END-- [ RunTime:0.000000s ]
INFO: [ app_begin ] --START--
INFO: Run Behavior\ReadHtmlCacheBehavior [ RunTime:0.000000s ]
INFO: [ app_begin ] --END-- [ RunTime:0.000000s ]
SQL: SHOW COLUMNS FROM `tb_debt` [ RunTime:0.0020s ]
SQL: SELECT `DebtID`,`titimg`,`Title`,ProPrice as ccint,Total as aaint,ProcessModle as protype,`ViewCount`,`BuyCount` FROM `tb_debt` LEFT JOIN tb_debtdata ON tb_debt.DebtID = tb_debtdata.ID  WHERE tb_debt.AssetsStatue = 4 ORDER BY `BuyCount` desc,`ViewCount` asc LIMIT 8   [ RunTime:0.0010s ]

[ 2017-02-07T15:24:53+08:00 ] 192.168.10.2 /Brest/Index/read/acttype/debtlist/cc.json
INFO: [ app_init ] --START--
INFO: Run Behavior\BuildLiteBehavior [ RunTime:0.000000s ]
INFO: [ app_init ] --END-- [ RunTime:0.000000s ]
INFO: [ app_begin ] --START--
INFO: Run Behavior\ReadHtmlCacheBehavior [ RunTime:0.000000s ]
INFO: [ app_begin ] --END-- [ RunTime:0.000000s ]
SQL: SHOW COLUMNS FROM `tb_debt` [ RunTime:0.0020s ]
SQL: SELECT `DebtID`,`titimg`,`Title`,ProPrice as ccint,Total as aaint,ProcessModle as protype,`ViewCount`,`BuyCount` FROM `tb_debt` LEFT JOIN tb_debtdata ON tb_debt.DebtID = tb_debtdata.ID  WHERE tb_debt.AssetsStatue = 4 ORDER BY `BuyCount` desc,`ViewCount` asc LIMIT 8   [ RunTime:0.0020s ]

[ 2017-02-07T15:25:04+08:00 ] 192.168.10.2 /Brest/Index/read/acttype/debtlist/cc.json
INFO: [ app_init ] --START--
INFO: Run Behavior\BuildLiteBehavior [ RunTime:0.000000s ]
INFO: [ app_init ] --END-- [ RunTime:0.001000s ]
INFO: [ app_begin ] --START--
INFO: Run Behavior\ReadHtmlCacheBehavior [ RunTime:0.000000s ]
INFO: [ app_begin ] --END-- [ RunTime:0.001000s ]
SQL: SHOW COLUMNS FROM `tb_debt` [ RunTime:0.0020s ]
SQL: SELECT `DebtID`,`titimg`,`Title`,ProPrice as ccint,Total as aaint,ProcessModle as protype,`ViewCount`,`BuyCount` FROM `tb_debt` LEFT JOIN tb_debtdata ON tb_debt.DebtID = tb_debtdata.ID  WHERE tb_debt.AssetsStatue = 4 ORDER BY `BuyCount` desc,`ViewCount` asc LIMIT 8   [ RunTime:0.0010s ]

[ 2017-02-07T15:28:43+08:00 ] 192.168.10.2 /Brest/Index/read/acttype/debtlist/cc.json
INFO: [ app_init ] --START--
INFO: Run Behavior\BuildLiteBehavior [ RunTime:0.000000s ]
INFO: [ app_init ] --END-- [ RunTime:0.001000s ]
INFO: [ app_begin ] --START--
INFO: Run Behavior\ReadHtmlCacheBehavior [ RunTime:0.001000s ]
INFO: [ app_begin ] --END-- [ RunTime:0.001000s ]
SQL: SHOW COLUMNS FROM `tb_debt` [ RunTime:0.0030s ]
SQL: SELECT `DebtID`,`titimg`,`Title`,ProPrice as ccint,Total as aaint,ProcessModle as protype,`ViewCount`,`BuyCount` FROM `tb_debt` LEFT JOIN tb_debtdata ON tb_debt.DebtID = tb_debtdata.ID  WHERE tb_debt.AssetsStatue = 4 ORDER BY `BuyCount` desc,`ViewCount` asc LIMIT 8   [ RunTime:0.0020s ]

[ 2017-02-07T15:29:11+08:00 ] 192.168.10.2 /Brest/Index/read/acttype/debtlist/cc.json
INFO: [ app_init ] --START--
INFO: Run Behavior\BuildLiteBehavior [ RunTime:0.000000s ]
INFO: [ app_init ] --END-- [ RunTime:0.001000s ]
INFO: [ app_begin ] --START--
INFO: Run Behavior\ReadHtmlCacheBehavior [ RunTime:0.001000s ]
INFO: [ app_begin ] --END-- [ RunTime:0.001000s ]
SQL: SHOW COLUMNS FROM `tb_debt` [ RunTime:0.0030s ]
SQL: SELECT `DebtID`,`titimg`,`Title`,ProPrice as ccint,Total as aaint,ProcessModle as protype,`ViewCount`,`BuyCount` FROM `tb_debt` LEFT JOIN tb_debtdata ON tb_debt.DebtID = tb_debtdata.ID  WHERE tb_debt.AssetsStatue = 4 ORDER BY `BuyCount` desc,`ViewCount` asc LIMIT 8   [ RunTime:0.0010s ]

[ 2017-02-07T15:31:13+08:00 ] 192.168.10.2 /Brest/Index/read/acttype/debtlist/cc.json
INFO: [ app_init ] --START--
INFO: Run Behavior\BuildLiteBehavior [ RunTime:0.000000s ]
INFO: [ app_init ] --END-- [ RunTime:0.001000s ]
INFO: [ app_begin ] --START--
INFO: Run Behavior\ReadHtmlCacheBehavior [ RunTime:0.000000s ]
INFO: [ app_begin ] --END-- [ RunTime:0.000000s ]
SQL: SHOW COLUMNS FROM `tb_debt` [ RunTime:0.0040s ]
SQL: SELECT `DebtID`,`titimg`,`Title`,ProPrice as ccint,Total as aaint,ProcessModle as protype,`ViewCount`,`BuyCount` FROM `tb_debt` LEFT JOIN tb_debtdata ON tb_debt.DebtID = tb_debtdata.ID  WHERE tb_debt.AssetsStatue = 4 ORDER BY `BuyCount` desc,`ViewCount` asc LIMIT 8   [ RunTime:0.0020s ]

[ 2017-02-07T15:38:14+08:00 ] 192.168.10.2 /Brest/Index/read/acttype/debtlist/cc.json
INFO: [ app_init ] --START--
INFO: Run Behavior\BuildLiteBehavior [ RunTime:0.000000s ]
INFO: [ app_init ] --END-- [ RunTime:0.000000s ]
INFO: [ app_begin ] --START--
INFO: Run Behavior\ReadHtmlCacheBehavior [ RunTime:0.000000s ]
INFO: [ app_begin ] --END-- [ RunTime:0.000000s ]
SQL: SHOW COLUMNS FROM `tb_debt` [ RunTime:0.0030s ]
SQL: SELECT `DebtID`,`titimg`,`Title`,ProPrice as ccint,Total as aaint,ProcessModle as protype,`ViewCount`,`BuyCount` FROM `tb_debt` LEFT JOIN tb_debtdata ON tb_debt.DebtID = tb_debtdata.ID  WHERE tb_debt.AssetsStatue = 4 ORDER BY `BuyCount` desc,`ViewCount` asc LIMIT 8   [ RunTime:0.0020s ]

[ 2017-02-07T15:39:21+08:00 ] 192.168.10.2 /Brest/Index/read/acttype/debtlist/cc.json
INFO: [ app_init ] --START--
INFO: Run Behavior\BuildLiteBehavior [ RunTime:0.000000s ]
INFO: [ app_init ] --END-- [ RunTime:0.000000s ]
INFO: [ app_begin ] --START--
INFO: Run Behavior\ReadHtmlCacheBehavior [ RunTime:0.000000s ]
INFO: [ app_begin ] --END-- [ RunTime:0.000000s ]
SQL: SHOW COLUMNS FROM `tb_debt` [ RunTime:0.0030s ]
SQL: SELECT `DebtID`,`titimg`,`Title`,ProPrice as ccint,Total as aaint,ProcessModle as protype,`ViewCount`,`BuyCount` FROM `tb_debt` LEFT JOIN tb_debtdata ON tb_debt.DebtID = tb_debtdata.ID  WHERE tb_debt.AssetsStatue = 4 ORDER BY `BuyCount` desc,`ViewCount` asc LIMIT 8   [ RunTime:0.0020s ]

[ 2017-02-07T15:39:33+08:00 ] 192.168.10.2 /Brest/Index/read/acttype/debtlist/cc.json
INFO: [ app_init ] --START--
INFO: Run Behavior\BuildLiteBehavior [ RunTime:0.000000s ]
INFO: [ app_init ] --END-- [ RunTime:0.000000s ]
INFO: [ app_begin ] --START--
INFO: Run Behavior\ReadHtmlCacheBehavior [ RunTime:0.001000s ]
INFO: [ app_begin ] --END-- [ RunTime:0.001000s ]
SQL: SHOW COLUMNS FROM `tb_debt` [ RunTime:0.0030s ]
SQL: SELECT `DebtID`,`titimg`,`Title`,ProPrice as ccint,Total as aaint,ProcessModle as protype,`ViewCount`,`BuyCount` FROM `tb_debt` LEFT JOIN tb_debtdata ON tb_debt.DebtID = tb_debtdata.ID  WHERE tb_debt.AssetsStatue = 4 ORDER BY `BuyCount` desc,`ViewCount` asc LIMIT 8   [ RunTime:0.0010s ]

[ 2017-02-07T15:45:31+08:00 ] 192.168.10.2 /Brest/Index/read/acttype/debtlist/cc.json
INFO: [ app_init ] --START--
INFO: Run Behavior\BuildLiteBehavior [ RunTime:0.000000s ]
INFO: [ app_init ] --END-- [ RunTime:0.000000s ]
INFO: [ app_begin ] --START--
INFO: Run Behavior\ReadHtmlCacheBehavior [ RunTime:0.001000s ]
INFO: [ app_begin ] --END-- [ RunTime:0.001000s ]
SQL: SHOW COLUMNS FROM `tb_debt` [ RunTime:0.0030s ]
SQL: SELECT `DebtID`,`titimg`,`Title`,ProPrice as ccint,Total as aaint,ProcessModle as protype,`ViewCount`,`BuyCount` FROM `tb_debt` LEFT JOIN tb_debtdata ON tb_debt.DebtID = tb_debtdata.ID  WHERE tb_debt.AssetsStatue = 4 ORDER BY `BuyCount` desc,`ViewCount` asc LIMIT 8   [ RunTime:0.0010s ]

[ 2017-02-07T15:45:51+08:00 ] 192.168.10.2 /Brest/Index/read/acttype/debtlist/cc.json
INFO: [ app_init ] --START--
INFO: Run Behavior\BuildLiteBehavior [ RunTime:0.000000s ]
INFO: [ app_init ] --END-- [ RunTime:0.000000s ]
INFO: [ app_begin ] --START--
INFO: Run Behavior\ReadHtmlCacheBehavior [ RunTime:0.000000s ]
INFO: [ app_begin ] --END-- [ RunTime:0.000000s ]
SQL: SHOW COLUMNS FROM `tb_debt` [ RunTime:0.0010s ]
SQL: SELECT `DebtID`,`titimg`,`Title`,ProPrice as ccint,Total as aaint,ProcessModle as protype,`ViewCount`,`BuyCount` FROM `tb_debt` LEFT JOIN tb_debtdata ON tb_debt.DebtID = tb_debtdata.ID  WHERE tb_debt.AssetsStatue = 4 ORDER BY `BuyCount` desc,`ViewCount` asc LIMIT 8   [ RunTime:0.0020s ]

[ 2017-02-07T15:50:24+08:00 ] 192.168.10.2 /Brest/Index/read/acttype/packlist/cc.json
INFO: [ app_init ] --START--
INFO: Run Behavior\BuildLiteBehavior [ RunTime:0.000000s ]
INFO: [ app_init ] --END-- [ RunTime:0.000000s ]
INFO: [ app_begin ] --START--
INFO: Run Behavior\ReadHtmlCacheBehavior [ RunTime:0.000000s ]
INFO: [ app_begin ] --END-- [ RunTime:0.000000s ]
SQL: SHOW COLUMNS FROM `tb_package` [ RunTime:0.0030s ]
SQL: SELECT `PackageID`,`titimg`,`Title`,`ViewCount`,`BuyCount`,ProcessModle as ccint,Total as aaint FROM `tb_package` LEFT JOIN tb_packagedata ON tb_package.PackageID = tb_packagedata.ID  WHERE tb_package.AssetsStatue = 4 ORDER BY `BuyCount` desc,`ViewCount` asc LIMIT 8   [ RunTime:0.0020s ]

[ 2017-02-07T15:50:52+08:00 ] 192.168.10.2 /Brest/Index/read/acttype/packlist/cc.json
INFO: [ app_init ] --START--
INFO: Run Behavior\BuildLiteBehavior [ RunTime:0.000000s ]
INFO: [ app_init ] --END-- [ RunTime:0.001000s ]
INFO: [ app_begin ] --START--
INFO: Run Behavior\ReadHtmlCacheBehavior [ RunTime:0.000000s ]
INFO: [ app_begin ] --END-- [ RunTime:0.000000s ]
SQL: SHOW COLUMNS FROM `tb_package` [ RunTime:0.0020s ]
SQL: SELECT `PackageID`,`titimg`,`Title`,`ViewCount`,`BuyCount`,ProcessModle as ccint,Total as aaint FROM `tb_package` LEFT JOIN tb_packagedata ON tb_package.PackageID = tb_packagedata.ID  WHERE tb_package.AssetsStatue = 4 ORDER BY `BuyCount` desc,`ViewCount` asc LIMIT 8   [ RunTime:0.0010s ]

[ 2017-02-07T15:57:49+08:00 ] 192.168.10.2 /Brest/Index/read/acttype/packlist/cc.json
INFO: [ app_init ] --START--
INFO: Run Behavior\BuildLiteBehavior [ RunTime:0.000000s ]
INFO: [ app_init ] --END-- [ RunTime:0.000000s ]
INFO: [ app_begin ] --START--
INFO: Run Behavior\ReadHtmlCacheBehavior [ RunTime:0.001000s ]
INFO: [ app_begin ] --END-- [ RunTime:0.001000s ]
SQL: SHOW COLUMNS FROM `tb_package` [ RunTime:0.0020s ]
SQL: SELECT `PackageID`,`titimg`,`Title`,`ViewCount`,`BuyCount`,ProcessModle as ccint,Total as aaint FROM `tb_package` LEFT JOIN tb_packagedata ON tb_package.PackageID = tb_packagedata.ID  WHERE tb_package.AssetsStatue = 4 ORDER BY `BuyCount` desc,`ViewCount` asc LIMIT 8   [ RunTime:0.0010s ]

[ 2017-02-07T15:58:52+08:00 ] 192.168.10.2 /Brest/Index/read/acttype/packlist/cc.json
INFO: [ app_init ] --START--
INFO: Run Behavior\BuildLiteBehavior [ RunTime:0.000000s ]
INFO: [ app_init ] --END-- [ RunTime:0.001000s ]
INFO: [ app_begin ] --START--
INFO: Run Behavior\ReadHtmlCacheBehavior [ RunTime:0.001000s ]
INFO: [ app_begin ] --END-- [ RunTime:0.001000s ]
SQL: SHOW COLUMNS FROM `tb_package` [ RunTime:0.0020s ]
SQL: SELECT `PackageID`,`titimg`,`Title`,`ViewCount`,`BuyCount`,ProcessModle as ccint,Total as aaint FROM `tb_package` LEFT JOIN tb_packagedata ON tb_package.PackageID = tb_packagedata.ID  WHERE tb_package.AssetsStatue = 4 ORDER BY `BuyCount` desc,`ViewCount` asc LIMIT 8   [ RunTime:0.0020s ]

[ 2017-02-07T15:59:19+08:00 ] 192.168.10.2 /Brest/Index/read/acttype/packlist/cc.json
INFO: [ app_init ] --START--
INFO: Run Behavior\BuildLiteBehavior [ RunTime:0.000000s ]
INFO: [ app_init ] --END-- [ RunTime:0.001000s ]
INFO: [ app_begin ] --START--
INFO: Run Behavior\ReadHtmlCacheBehavior [ RunTime:0.000000s ]
INFO: [ app_begin ] --END-- [ RunTime:0.000000s ]
SQL: SHOW COLUMNS FROM `tb_package` [ RunTime:0.0030s ]
SQL: SELECT `PackageID`,`titimg`,`Title`,`ViewCount`,`BuyCount`,ProcessModle as ccint,Total as aaint FROM `tb_package` LEFT JOIN tb_packagedata ON tb_package.PackageID = tb_packagedata.ID  WHERE tb_package.AssetsStatue = 4 ORDER BY `BuyCount` desc,`ViewCount` asc LIMIT 8   [ RunTime:0.0040s ]

[ 2017-02-07T16:00:02+08:00 ] 192.168.10.2 /Brest/Index/read/acttype/packlist/cc.json
INFO: [ app_init ] --START--
INFO: Run Behavior\BuildLiteBehavior [ RunTime:0.000000s ]
INFO: [ app_init ] --END-- [ RunTime:0.000000s ]
INFO: [ app_begin ] --START--
INFO: Run Behavior\ReadHtmlCacheBehavior [ RunTime:0.000000s ]
INFO: [ app_begin ] --END-- [ RunTime:0.000000s ]
SQL: SHOW COLUMNS FROM `tb_package` [ RunTime:0.0030s ]
SQL: SELECT `PackageID`,`titimg`,`Title`,`ViewCount`,`BuyCount`,ProcessModle as ccint,Total as aaint FROM `tb_package` LEFT JOIN tb_packagedata ON tb_package.PackageID = tb_packagedata.ID  WHERE tb_package.AssetsStatue = 4 ORDER BY `BuyCount` desc,`ViewCount` asc LIMIT 8   [ RunTime:0.0010s ]

[ 2017-02-07T16:01:55+08:00 ] 192.168.10.2 /Brest/Index/read/acttype/packlist/cc.json
INFO: [ app_init ] --START--
INFO: Run Behavior\BuildLiteBehavior [ RunTime:0.000000s ]
INFO: [ app_init ] --END-- [ RunTime:0.001000s ]
INFO: [ app_begin ] --START--
INFO: Run Behavior\ReadHtmlCacheBehavior [ RunTime:0.000000s ]
INFO: [ app_begin ] --END-- [ RunTime:0.000000s ]
SQL: SHOW COLUMNS FROM `tb_package` [ RunTime:0.0020s ]
SQL: SELECT `PackageID`,`titimg`,`Title`,`ViewCount`,`BuyCount`,ProcessModle as ccint,Total as aaint FROM `tb_package` LEFT JOIN tb_packagedata ON tb_package.PackageID = tb_packagedata.ID  WHERE tb_package.AssetsStatue = 4 ORDER BY `BuyCount` desc,`ViewCount` asc LIMIT 8   [ RunTime:0.0010s ]

[ 2017-02-07T16:04:40+08:00 ] 192.168.10.2 /Brest/Index/read/acttype/packlist/cc.json
INFO: [ app_init ] --START--
INFO: Run Behavior\BuildLiteBehavior [ RunTime:0.000000s ]
INFO: [ app_init ] --END-- [ RunTime:0.000000s ]
INFO: [ app_begin ] --START--
INFO: Run Behavior\ReadHtmlCacheBehavior [ RunTime:0.001000s ]
INFO: [ app_begin ] --END-- [ RunTime:0.001000s ]
SQL: SHOW COLUMNS FROM `tb_package` [ RunTime:0.0030s ]
SQL: SELECT `PackageID`,`titimg`,`Title`,`ViewCount`,`BuyCount`,ProcessModle as ccint,Total as aaint FROM `tb_package` LEFT JOIN tb_packagedata ON tb_package.PackageID = tb_packagedata.ID  WHERE tb_package.AssetsStatue = 4 ORDER BY `BuyCount` desc,`ViewCount` asc LIMIT 8   [ RunTime:0.0020s ]

[ 2017-02-07T16:05:05+08:00 ] 192.168.10.2 /Brest/Index/read/acttype/packlist/cc.json
INFO: [ app_init ] --START--
INFO: Run Behavior\BuildLiteBehavior [ RunTime:0.000000s ]
INFO: [ app_init ] --END-- [ RunTime:0.001000s ]
INFO: [ app_begin ] --START--
INFO: Run Behavior\ReadHtmlCacheBehavior [ RunTime:0.000000s ]
INFO: [ app_begin ] --END-- [ RunTime:0.000000s ]
SQL: SHOW COLUMNS FROM `tb_package` [ RunTime:0.0030s ]
SQL: SELECT `PackageID`,`titimg`,`Title`,`ViewCount`,`BuyCount`,ProcessModle as ccint,Total as aaint FROM `tb_package` LEFT JOIN tb_packagedata ON tb_package.PackageID = tb_packagedata.ID  WHERE tb_package.AssetsStatue = 4 ORDER BY `BuyCount` desc,`ViewCount` asc LIMIT 8   [ RunTime:0.0020s ]

[ 2017-02-07T16:05:26+08:00 ] 192.168.10.2 /Brest/Index/read/acttype/packlist/cc.json
INFO: [ app_init ] --START--
INFO: Run Behavior\BuildLiteBehavior [ RunTime:0.000000s ]
INFO: [ app_init ] --END-- [ RunTime:0.000000s ]
INFO: [ app_begin ] --START--
INFO: Run Behavior\ReadHtmlCacheBehavior [ RunTime:0.000000s ]
INFO: [ app_begin ] --END-- [ RunTime:0.000000s ]
SQL: SHOW COLUMNS FROM `tb_package` [ RunTime:0.0020s ]
SQL: SELECT `PackageID`,`titimg`,`Title`,`ViewCount`,`BuyCount`,ProcessModle as ccint,Total as aaint FROM `tb_package` LEFT JOIN tb_packagedata ON tb_package.PackageID = tb_packagedata.ID  WHERE tb_package.AssetsStatue = 4 ORDER BY `BuyCount` desc,`ViewCount` asc LIMIT 8   [ RunTime:0.0010s ]

[ 2017-02-07T16:05:39+08:00 ] 192.168.10.2 /Brest/Index/read/acttype/packlist/cc.json
INFO: [ app_init ] --START--
INFO: Run Behavior\BuildLiteBehavior [ RunTime:0.000000s ]
INFO: [ app_init ] --END-- [ RunTime:0.000000s ]
INFO: [ app_begin ] --START--
INFO: Run Behavior\ReadHtmlCacheBehavior [ RunTime:0.001000s ]
INFO: [ app_begin ] --END-- [ RunTime:0.001000s ]
SQL: SHOW COLUMNS FROM `tb_package` [ RunTime:0.0030s ]
SQL: SELECT `PackageID`,`titimg`,`Title`,`ViewCount`,`BuyCount`,ProcessModle as ccint,Total as aaint FROM `tb_package` LEFT JOIN tb_packagedata ON tb_package.PackageID = tb_packagedata.ID  WHERE tb_package.AssetsStatue = 4 ORDER BY `BuyCount` desc,`ViewCount` asc LIMIT 8   [ RunTime:0.0020s ]

[ 2017-02-07T16:07:21+08:00 ] 192.168.10.2 /Brest/Index/read/acttype/packlist/cc.json
INFO: [ app_init ] --START--
INFO: Run Behavior\BuildLiteBehavior [ RunTime:0.000000s ]
INFO: [ app_init ] --END-- [ RunTime:0.001000s ]
INFO: [ app_begin ] --START--
INFO: Run Behavior\ReadHtmlCacheBehavior [ RunTime:0.000000s ]
INFO: [ app_begin ] --END-- [ RunTime:0.001000s ]
SQL: SHOW COLUMNS FROM `tb_package` [ RunTime:0.0030s ]
SQL: SELECT `PackageID`,`titimg`,`Title`,`ViewCount`,`BuyCount`,ProcessModle as ccint,Total as aaint FROM `tb_package` LEFT JOIN tb_packagedata ON tb_package.PackageID = tb_packagedata.ID  WHERE tb_package.AssetsStatue = 4 ORDER BY `BuyCount` desc,`ViewCount` asc LIMIT 8   [ RunTime:0.0020s ]

[ 2017-02-07T16:07:26+08:00 ] 192.168.10.2 /Brest/Index/read/acttype/packlist/cc.json
INFO: [ app_init ] --START--
INFO: Run Behavior\BuildLiteBehavior [ RunTime:0.000000s ]
INFO: [ app_init ] --END-- [ RunTime:0.000000s ]
INFO: [ app_begin ] --START--
INFO: Run Behavior\ReadHtmlCacheBehavior [ RunTime:0.001000s ]
INFO: [ app_begin ] --END-- [ RunTime:0.001000s ]
SQL: SHOW COLUMNS FROM `tb_package` [ RunTime:0.0030s ]
SQL: SELECT `PackageID`,`titimg`,`Title`,`ViewCount`,`BuyCount`,ProcessModle as ccint,Total as aaint FROM `tb_package` LEFT JOIN tb_packagedata ON tb_package.PackageID = tb_packagedata.ID  WHERE tb_package.AssetsStatue = 4 ORDER BY `BuyCount` desc,`ViewCount` asc LIMIT 8   [ RunTime:0.0020s ]

[ 2017-02-07T16:08:08+08:00 ] 192.168.10.2 /Brest/Index/read/acttype/packlist/cc.json
INFO: [ app_init ] --START--
INFO: Run Behavior\BuildLiteBehavior [ RunTime:0.000000s ]
INFO: [ app_init ] --END-- [ RunTime:0.001000s ]
INFO: [ app_begin ] --START--
INFO: Run Behavior\ReadHtmlCacheBehavior [ RunTime:0.000000s ]
INFO: [ app_begin ] --END-- [ RunTime:0.000000s ]
SQL: SHOW COLUMNS FROM `tb_package` [ RunTime:0.0030s ]
SQL: SELECT `PackageID`,`titimg`,`Title`,`ViewCount`,`BuyCount`,ProcessModle as ccint,Total as aaint FROM `tb_package` LEFT JOIN tb_packagedata ON tb_package.PackageID = tb_packagedata.ID  WHERE tb_package.AssetsStatue = 4 ORDER BY `BuyCount` desc,`ViewCount` asc LIMIT 8   [ RunTime:0.0020s ]

[ 2017-02-07T16:08:22+08:00 ] 192.168.10.2 /Brest/Index/read/acttype/packlist/cc.json
INFO: [ app_init ] --START--
INFO: Run Behavior\BuildLiteBehavior [ RunTime:0.000000s ]
INFO: [ app_init ] --END-- [ RunTime:0.001000s ]
INFO: [ app_begin ] --START--
INFO: Run Behavior\ReadHtmlCacheBehavior [ RunTime:0.000000s ]
INFO: [ app_begin ] --END-- [ RunTime:0.001000s ]
SQL: SHOW COLUMNS FROM `tb_package` [ RunTime:0.0030s ]
SQL: SELECT `PackageID`,`titimg`,`Title`,`ViewCount`,`BuyCount`,ProcessModle as ccint,Total as aaint FROM `tb_package` LEFT JOIN tb_packagedata ON tb_package.PackageID = tb_packagedata.ID  WHERE tb_package.AssetsStatue = 4 ORDER BY `BuyCount` desc,`ViewCount` asc LIMIT 8   [ RunTime:0.0020s ]

[ 2017-02-07T16:11:21+08:00 ] 192.168.10.2 /Brest/Index/read/acttype/packlist/cc.json
INFO: [ app_init ] --START--
INFO: Run Behavior\BuildLiteBehavior [ RunTime:0.000000s ]
INFO: [ app_init ] --END-- [ RunTime:0.001000s ]
INFO: [ app_begin ] --START--
INFO: Run Behavior\ReadHtmlCacheBehavior [ RunTime:0.001000s ]
INFO: [ app_begin ] --END-- [ RunTime:0.001000s ]
SQL: SHOW COLUMNS FROM `tb_package` [ RunTime:0.0030s ]
SQL: SELECT `PackageID`,`titimg`,`Title`,`ViewCount`,`BuyCount`,ProcessModle as ccint,Total as aaint FROM `tb_package` LEFT JOIN tb_packagedata ON tb_package.PackageID = tb_packagedata.ID  WHERE tb_package.AssetsStatue = 4 ORDER BY `BuyCount` desc,`ViewCount` asc LIMIT 8   [ RunTime:0.0020s ]

[ 2017-02-07T16:13:45+08:00 ] 192.168.10.2 /Brest/Index/read/acttype/packlist/cc.json
INFO: [ app_init ] --START--
INFO: Run Behavior\BuildLiteBehavior [ RunTime:0.000000s ]
INFO: [ app_init ] --END-- [ RunTime:0.001000s ]
INFO: [ app_begin ] --START--
INFO: Run Behavior\ReadHtmlCacheBehavior [ RunTime:0.001000s ]
INFO: [ app_begin ] --END-- [ RunTime:0.001000s ]
SQL: SHOW COLUMNS FROM `tb_package` [ RunTime:0.0020s ]
SQL: SELECT `PackageID`,`titimg`,`Title`,`ViewCount`,`BuyCount`,ProcessModle as ccint,Total as aaint FROM `tb_package` LEFT JOIN tb_packagedata ON tb_package.PackageID = tb_packagedata.ID  WHERE tb_package.AssetsStatue = 4 ORDER BY `BuyCount` desc,`ViewCount` asc LIMIT 8   [ RunTime:0.0010s ]

[ 2017-02-07T16:14:54+08:00 ] 192.168.10.2 /Brest/Index/read/acttype/packlist/cc.json
INFO: [ app_init ] --START--
INFO: Run Behavior\BuildLiteBehavior [ RunTime:0.000000s ]
INFO: [ app_init ] --END-- [ RunTime:0.001000s ]
INFO: [ app_begin ] --START--
INFO: Run Behavior\ReadHtmlCacheBehavior [ RunTime:0.001000s ]
INFO: [ app_begin ] --END-- [ RunTime:0.001000s ]
SQL: SHOW COLUMNS FROM `tb_package` [ RunTime:0.0030s ]
SQL: SELECT `PackageID`,`titimg`,`Title`,`ViewCount`,`BuyCount`,ProcessModle as ccint,Total as aaint FROM `tb_package` LEFT JOIN tb_packagedata ON tb_package.PackageID = tb_packagedata.ID  WHERE tb_package.AssetsStatue = 4 ORDER BY `BuyCount` desc,`ViewCount` asc LIMIT 8   [ RunTime:0.0020s ]

[ 2017-02-07T16:16:31+08:00 ] 192.168.10.2 /Brest/Index/read/acttype/packlist/cc.json
INFO: [ app_init ] --START--
INFO: Run Behavior\BuildLiteBehavior [ RunTime:0.000000s ]
INFO: [ app_init ] --END-- [ RunTime:0.000000s ]
INFO: [ app_begin ] --START--
INFO: Run Behavior\ReadHtmlCacheBehavior [ RunTime:0.001000s ]
INFO: [ app_begin ] --END-- [ RunTime:0.001000s ]
SQL: SHOW COLUMNS FROM `tb_package` [ RunTime:0.0030s ]
SQL: SELECT `PackageID`,`titimg`,`Title`,`ViewCount`,`BuyCount`,ProcessModle as ccint,Total as aaint FROM `tb_package` LEFT JOIN tb_packagedata ON tb_package.PackageID = tb_packagedata.ID  WHERE tb_package.AssetsStatue = 4 ORDER BY `BuyCount` desc,`ViewCount` asc LIMIT 8   [ RunTime:0.0020s ]

[ 2017-02-07T16:19:40+08:00 ] 192.168.10.2 /Brest/Index/read/acttype/packlist/cc.json
INFO: [ app_init ] --START--
INFO: Run Behavior\BuildLiteBehavior [ RunTime:0.000000s ]
INFO: [ app_init ] --END-- [ RunTime:0.000000s ]
INFO: [ app_begin ] --START--
INFO: Run Behavior\ReadHtmlCacheBehavior [ RunTime:0.000000s ]
INFO: [ app_begin ] --END-- [ RunTime:0.000000s ]
SQL: SHOW COLUMNS FROM `tb_package` [ RunTime:0.0030s ]
SQL: SELECT `PackageID`,`titimg`,`Title`,`ViewCount`,`BuyCount`,ProcessModle as ccint,Total as aaint FROM `tb_package` LEFT JOIN tb_packagedata ON tb_package.PackageID = tb_packagedata.ID  WHERE tb_package.AssetsStatue = 4 ORDER BY `BuyCount` desc,`ViewCount` asc LIMIT 8   [ RunTime:0.0020s ]

[ 2017-02-07T16:19:59+08:00 ] 192.168.10.2 /Brest/Index/read/acttype/packlist/cc.json
INFO: [ app_init ] --START--
INFO: Run Behavior\BuildLiteBehavior [ RunTime:0.000000s ]
INFO: [ app_init ] --END-- [ RunTime:0.001000s ]
INFO: [ app_begin ] --START--
INFO: Run Behavior\ReadHtmlCacheBehavior [ RunTime:0.000000s ]
INFO: [ app_begin ] --END-- [ RunTime:0.000000s ]
SQL: SHOW COLUMNS FROM `tb_package` [ RunTime:0.0030s ]
SQL: SELECT `PackageID`,`titimg`,`Title`,`ViewCount`,`BuyCount`,ProcessModle as ccint,Total as aaint FROM `tb_package` LEFT JOIN tb_packagedata ON tb_package.PackageID = tb_packagedata.ID  WHERE tb_package.AssetsStatue = 4 ORDER BY `BuyCount` desc,`ViewCount` asc LIMIT 8   [ RunTime:0.0020s ]

[ 2017-02-07T16:20:18+08:00 ] 192.168.10.2 /Brest/Index/read/acttype/packlist/cc.json
INFO: [ app_init ] --START--
INFO: Run Behavior\BuildLiteBehavior [ RunTime:0.000000s ]
INFO: [ app_init ] --END-- [ RunTime:0.000000s ]
INFO: [ app_begin ] --START--
INFO: Run Behavior\ReadHtmlCacheBehavior [ RunTime:0.000000s ]
INFO: [ app_begin ] --END-- [ RunTime:0.000000s ]
SQL: SHOW COLUMNS FROM `tb_package` [ RunTime:0.0030s ]
SQL: SELECT `PackageID`,`titimg`,`Title`,`ViewCount`,`BuyCount`,ProcessModle as ccint,Total as aaint FROM `tb_package` LEFT JOIN tb_packagedata ON tb_package.PackageID = tb_packagedata.ID  WHERE tb_package.AssetsStatue = 4 ORDER BY `BuyCount` desc,`ViewCount` asc LIMIT 8   [ RunTime:0.0020s ]

[ 2017-02-07T16:20:31+08:00 ] 192.168.10.2 /Brest/Index/read/acttype/packlist/cc.json
INFO: [ app_init ] --START--
INFO: Run Behavior\BuildLiteBehavior [ RunTime:0.000000s ]
INFO: [ app_init ] --END-- [ RunTime:0.000000s ]
INFO: [ app_begin ] --START--
INFO: Run Behavior\ReadHtmlCacheBehavior [ RunTime:0.001000s ]
INFO: [ app_begin ] --END-- [ RunTime:0.001000s ]
SQL: SHOW COLUMNS FROM `tb_package` [ RunTime:0.0020s ]
SQL: SELECT `PackageID`,`titimg`,`Title`,`ViewCount`,`BuyCount`,ProcessModle as ccint,Total as aaint FROM `tb_package` LEFT JOIN tb_packagedata ON tb_package.PackageID = tb_packagedata.ID  WHERE tb_package.AssetsStatue = 4 ORDER BY `BuyCount` desc,`ViewCount` asc LIMIT 8   [ RunTime:0.0020s ]

[ 2017-02-07T16:24:31+08:00 ] 192.168.10.2 /Brest/Index/read/acttype/packlist/cc.json
INFO: [ app_init ] --START--
INFO: Run Behavior\BuildLiteBehavior [ RunTime:0.000000s ]
INFO: [ app_init ] --END-- [ RunTime:0.000000s ]
INFO: [ app_begin ] --START--
INFO: Run Behavior\ReadHtmlCacheBehavior [ RunTime:0.000000s ]
INFO: [ app_begin ] --END-- [ RunTime:0.000000s ]
SQL: SHOW COLUMNS FROM `tb_package` [ RunTime:0.0030s ]
SQL: SELECT `PackageID`,`titimg`,`Title`,`ViewCount`,`BuyCount`,ProcessModle as ccint,Total as aaint FROM `tb_package` LEFT JOIN tb_packagedata ON tb_package.PackageID = tb_packagedata.ID  WHERE tb_package.AssetsStatue = 4 ORDER BY `BuyCount` desc,`ViewCount` asc LIMIT 8   [ RunTime:0.0020s ]

[ 2017-02-07T16:26:01+08:00 ] 192.168.10.2 /Brest/Index/read/acttype/packlist/cc.json
INFO: [ app_init ] --START--
INFO: Run Behavior\BuildLiteBehavior [ RunTime:0.000000s ]
INFO: [ app_init ] --END-- [ RunTime:0.001000s ]
INFO: [ app_begin ] --START--
INFO: Run Behavior\ReadHtmlCacheBehavior [ RunTime:0.000000s ]
INFO: [ app_begin ] --END-- [ RunTime:0.000000s ]
SQL: SHOW COLUMNS FROM `tb_package` [ RunTime:0.0020s ]
SQL: SELECT `PackageID`,`titimg`,`Title`,`ViewCount`,`BuyCount`,ProcessModle as ccint,Total as aaint FROM `tb_package` LEFT JOIN tb_packagedata ON tb_package.PackageID = tb_packagedata.ID  WHERE tb_package.AssetsStatue = 4 ORDER BY `BuyCount` desc,`ViewCount` asc LIMIT 8   [ RunTime:0.0010s ]

[ 2017-02-07T16:26:43+08:00 ] 192.168.10.2 /Brest/Index/read/acttype/packlist/cc.json
INFO: [ app_init ] --START--
INFO: Run Behavior\BuildLiteBehavior [ RunTime:0.000000s ]
INFO: [ app_init ] --END-- [ RunTime:0.001000s ]
INFO: [ app_begin ] --START--
INFO: Run Behavior\ReadHtmlCacheBehavior [ RunTime:0.001000s ]
INFO: [ app_begin ] --END-- [ RunTime:0.001000s ]
SQL: SHOW COLUMNS FROM `tb_package` [ RunTime:0.0030s ]
SQL: SELECT `PackageID`,`titimg`,`Title`,`ViewCount`,`BuyCount`,ProcessModle as ccint,Total as aaint FROM `tb_package` LEFT JOIN tb_packagedata ON tb_package.PackageID = tb_packagedata.ID  WHERE tb_package.AssetsStatue = 4 ORDER BY `BuyCount` desc,`ViewCount` asc LIMIT 8   [ RunTime:0.0020s ]

[ 2017-02-07T16:30:57+08:00 ] 192.168.10.2 /Brest/Index/read/acttype/packlist/cc.json
INFO: [ app_init ] --START--
INFO: Run Behavior\BuildLiteBehavior [ RunTime:0.000000s ]
INFO: [ app_init ] --END-- [ RunTime:0.001000s ]
INFO: [ app_begin ] --START--
INFO: Run Behavior\ReadHtmlCacheBehavior [ RunTime:0.001000s ]
INFO: [ app_begin ] --END-- [ RunTime:0.001000s ]
SQL: SHOW COLUMNS FROM `tb_package` [ RunTime:0.0020s ]
SQL: SELECT `PackageID`,`titimg`,`Title`,`ViewCount`,`BuyCount`,ProcessModle as ccint,Total as aaint FROM `tb_package` LEFT JOIN tb_packagedata ON tb_package.PackageID = tb_packagedata.ID  WHERE tb_package.AssetsStatue = 4 ORDER BY `BuyCount` desc,`ViewCount` asc LIMIT 8   [ RunTime:0.0020s ]

[ 2017-02-07T16:31:58+08:00 ] 192.168.10.2 /Brest/Index/read/acttype/packlist/cc.json
INFO: [ app_init ] --START--
INFO: Run Behavior\BuildLiteBehavior [ RunTime:0.000000s ]
INFO: [ app_init ] --END-- [ RunTime:0.001000s ]
INFO: [ app_begin ] --START--
INFO: Run Behavior\ReadHtmlCacheBehavior [ RunTime:0.001000s ]
INFO: [ app_begin ] --END-- [ RunTime:0.001000s ]
SQL: SHOW COLUMNS FROM `tb_package` [ RunTime:0.0020s ]
SQL: SELECT `PackageID`,`titimg`,`Title`,`ViewCount`,`BuyCount`,ProcessModle as ccint,Total as aaint FROM `tb_package` LEFT JOIN tb_packagedata ON tb_package.PackageID = tb_packagedata.ID  WHERE tb_package.AssetsStatue = 4 ORDER BY `BuyCount` desc,`ViewCount` asc LIMIT 8   [ RunTime:0.0020s ]

[ 2017-02-07T16:32:34+08:00 ] 192.168.10.2 /Brest/Index/read/acttype/packlist/cc.json
INFO: [ app_init ] --START--
INFO: Run Behavior\BuildLiteBehavior [ RunTime:0.000000s ]
INFO: [ app_init ] --END-- [ RunTime:0.000000s ]
INFO: [ app_begin ] --START--
INFO: Run Behavior\ReadHtmlCacheBehavior [ RunTime:0.001000s ]
INFO: [ app_begin ] --END-- [ RunTime:0.001000s ]
SQL: SHOW COLUMNS FROM `tb_package` [ RunTime:0.0020s ]
SQL: SELECT `PackageID`,`titimg`,`Title`,`ViewCount`,`BuyCount`,ProcessModle as ccint,Total as aaint FROM `tb_package` LEFT JOIN tb_packagedata ON tb_package.PackageID = tb_packagedata.ID  WHERE tb_package.AssetsStatue = 4 ORDER BY `BuyCount` desc,`ViewCount` asc LIMIT 8   [ RunTime:0.0020s ]

[ 2017-02-07T16:33:24+08:00 ] 192.168.10.2 /Brest/Index/read/acttype/packlist/cc.json
INFO: [ app_init ] --START--
INFO: Run Behavior\BuildLiteBehavior [ RunTime:0.000000s ]
INFO: [ app_init ] --END-- [ RunTime:0.000000s ]
INFO: [ app_begin ] --START--
INFO: Run Behavior\ReadHtmlCacheBehavior [ RunTime:0.000000s ]
INFO: [ app_begin ] --END-- [ RunTime:0.001000s ]
SQL: SHOW COLUMNS FROM `tb_package` [ RunTime:0.0010s ]
SQL: SELECT `PackageID`,`titimg`,`Title`,`ViewCount`,`BuyCount`,ProcessModle as ccint,Total as aaint FROM `tb_package` LEFT JOIN tb_packagedata ON tb_package.PackageID = tb_packagedata.ID  WHERE tb_package.AssetsStatue = 4 ORDER BY `BuyCount` desc,`ViewCount` asc LIMIT 8   [ RunTime:0.0010s ]

[ 2017-02-07T16:33:35+08:00 ] 192.168.10.2 /Brest/Index/read/acttype/packlist/cc.json
INFO: [ app_init ] --START--
INFO: Run Behavior\BuildLiteBehavior [ RunTime:0.000000s ]
INFO: [ app_init ] --END-- [ RunTime:0.000000s ]
INFO: [ app_begin ] --START--
INFO: Run Behavior\ReadHtmlCacheBehavior [ RunTime:0.001000s ]
INFO: [ app_begin ] --END-- [ RunTime:0.001000s ]
SQL: SHOW COLUMNS FROM `tb_package` [ RunTime:0.0030s ]
SQL: SELECT `PackageID`,`titimg`,`Title`,`ViewCount`,`BuyCount`,ProcessModle as ccint,Total as aaint FROM `tb_package` LEFT JOIN tb_packagedata ON tb_package.PackageID = tb_packagedata.ID  WHERE tb_package.AssetsStatue = 4 ORDER BY `BuyCount` desc,`ViewCount` asc LIMIT 8   [ RunTime:0.0010s ]

[ 2017-02-07T16:35:37+08:00 ] 192.168.10.2 /Brest/Index/read/acttype/packlist/cc.json
INFO: [ app_init ] --START--
INFO: Run Behavior\BuildLiteBehavior [ RunTime:0.000000s ]
INFO: [ app_init ] --END-- [ RunTime:0.000000s ]
INFO: [ app_begin ] --START--
INFO: Run Behavior\ReadHtmlCacheBehavior [ RunTime:0.000000s ]
INFO: [ app_begin ] --END-- [ RunTime:0.000000s ]
SQL: SHOW COLUMNS FROM `tb_package` [ RunTime:0.0030s ]
SQL: SELECT `PackageID`,`titimg`,`Title`,`ViewCount`,`BuyCount`,ProcessModle as ccint,Total as aaint FROM `tb_package` LEFT JOIN tb_packagedata ON tb_package.PackageID = tb_packagedata.ID  WHERE tb_package.AssetsStatue = 4 ORDER BY `BuyCount` desc,`ViewCount` asc LIMIT 8   [ RunTime:0.0020s ]

[ 2017-02-07T16:38:18+08:00 ] 192.168.10.2 /Brest/Index/read/acttype/packlist/cc.json
INFO: [ app_init ] --START--
INFO: Run Behavior\BuildLiteBehavior [ RunTime:0.000000s ]
INFO: [ app_init ] --END-- [ RunTime:0.001000s ]
INFO: [ app_begin ] --START--
INFO: Run Behavior\ReadHtmlCacheBehavior [ RunTime:0.000000s ]
INFO: [ app_begin ] --END-- [ RunTime:0.001000s ]
SQL: SHOW COLUMNS FROM `tb_package` [ RunTime:0.0020s ]
SQL: SELECT `PackageID`,`titimg`,`Title`,`ViewCount`,`BuyCount`,ProcessModle as ccint,Total as aaint FROM `tb_package` LEFT JOIN tb_packagedata ON tb_package.PackageID = tb_packagedata.ID  WHERE tb_package.AssetsStatue = 4 ORDER BY `BuyCount` desc,`ViewCount` asc LIMIT 8   [ RunTime:0.0020s ]

[ 2017-02-07T16:38:27+08:00 ] 192.168.10.2 /Brest/Index/read/acttype/packlist/cc.json
INFO: [ app_init ] --START--
INFO: Run Behavior\BuildLiteBehavior [ RunTime:0.000000s ]
INFO: [ app_init ] --END-- [ RunTime:0.000000s ]
INFO: [ app_begin ] --START--
INFO: Run Behavior\ReadHtmlCacheBehavior [ RunTime:0.001000s ]
INFO: [ app_begin ] --END-- [ RunTime:0.001000s ]
SQL: SHOW COLUMNS FROM `tb_package` [ RunTime:0.0030s ]
SQL: SELECT `PackageID`,`titimg`,`Title`,`ViewCount`,`BuyCount`,ProcessModle as ccint,Total as aaint FROM `tb_package` LEFT JOIN tb_packagedata ON tb_package.PackageID = tb_packagedata.ID  WHERE tb_package.AssetsStatue = 4 ORDER BY `BuyCount` desc,`ViewCount` asc LIMIT 8   [ RunTime:0.0020s ]

[ 2017-02-07T16:41:35+08:00 ] 192.168.10.2 /Brest/Index/read/acttype/assetlist/cc.json
INFO: [ app_init ] --START--
INFO: Run Behavior\BuildLiteBehavior [ RunTime:0.000000s ]
INFO: [ app_init ] --END-- [ RunTime:0.001000s ]
INFO: [ app_begin ] --START--
INFO: Run Behavior\ReadHtmlCacheBehavior [ RunTime:0.001000s ]
INFO: [ app_begin ] --END-- [ RunTime:0.001000s ]
SQL: SHOW COLUMNS FROM `tb_assets` [ RunTime:0.0030s ]
SQL: SELECT `AssetsID`,`titimg`,`Title`,ProPrice as ccint,Price as aaint,ProcessModle as protype,`ViewCount`,`BuyCount` FROM `tb_assets` LEFT JOIN tb_assetsdata ON tb_assets.AssetsID = tb_assetsdata.ID  WHERE tb_assets.AssetsStatue = 4 ORDER BY `BuyCount` desc,`ViewCount` asc LIMIT 8   [ RunTime:0.0020s ]

[ 2017-02-07T16:41:46+08:00 ] 192.168.10.2 /Brest/Index/read/acttype/debtlist/cc.json
INFO: [ app_init ] --START--
INFO: Run Behavior\BuildLiteBehavior [ RunTime:0.000000s ]
INFO: [ app_init ] --END-- [ RunTime:0.001000s ]
INFO: [ app_begin ] --START--
INFO: Run Behavior\ReadHtmlCacheBehavior [ RunTime:0.001000s ]
INFO: [ app_begin ] --END-- [ RunTime:0.001000s ]
SQL: SHOW COLUMNS FROM `tb_debt` [ RunTime:0.0010s ]
SQL: SELECT `DebtID`,`titimg`,`Title`,ProPrice as ccint,Total as aaint,ProcessModle as protype,`ViewCount`,`BuyCount` FROM `tb_debt` LEFT JOIN tb_debtdata ON tb_debt.DebtID = tb_debtdata.ID  WHERE tb_debt.AssetsStatue = 4 ORDER BY `BuyCount` desc,`ViewCount` asc LIMIT 8   [ RunTime:0.0020s ]

[ 2017-02-07T16:44:50+08:00 ] 192.168.10.2 /Brest/Index/read/acttype/packlist/cc.json
INFO: [ app_init ] --START--
INFO: Run Behavior\BuildLiteBehavior [ RunTime:0.000000s ]
INFO: [ app_init ] --END-- [ RunTime:0.000000s ]
INFO: [ app_begin ] --START--
INFO: Run Behavior\ReadHtmlCacheBehavior [ RunTime:0.000000s ]
INFO: [ app_begin ] --END-- [ RunTime:0.000000s ]
SQL: SHOW COLUMNS FROM `tb_package` [ RunTime:0.0020s ]
SQL: SELECT `PackageID`,`titimg`,`Title`,`ViewCount`,`BuyCount`,ProcessModle as ccint,Total as aaint FROM `tb_package` LEFT JOIN tb_packagedata ON tb_package.PackageID = tb_packagedata.ID  WHERE tb_package.AssetsStatue = 4 ORDER BY `BuyCount` desc,`ViewCount` asc LIMIT 8   [ RunTime:0.0020s ]

[ 2017-02-07T16:48:07+08:00 ] 192.168.10.2 /Brest/Index/read/acttype/packlist/cc.json
INFO: [ app_init ] --START--
INFO: Run Behavior\BuildLiteBehavior [ RunTime:0.000000s ]
INFO: [ app_init ] --END-- [ RunTime:0.000000s ]
INFO: [ app_begin ] --START--
INFO: Run Behavior\ReadHtmlCacheBehavior [ RunTime:0.000000s ]
INFO: [ app_begin ] --END-- [ RunTime:0.001000s ]
SQL: SHOW COLUMNS FROM `tb_package` [ RunTime:0.0030s ]
SQL: SELECT `PackageID`,`titimg`,`Title`,`ViewCount`,`BuyCount`,ProcessModle as ccint,Total as aaint FROM `tb_package` LEFT JOIN tb_packagedata ON tb_package.PackageID = tb_packagedata.ID  WHERE tb_package.AssetsStatue = 4 ORDER BY `BuyCount` desc,`ViewCount` asc LIMIT 8   [ RunTime:0.0020s ]

[ 2017-02-07T17:00:19+08:00 ] 192.168.10.2 /Brest/Index/read/acttype/assetlist/cc.json
INFO: [ app_init ] --START--
INFO: Run Behavior\BuildLiteBehavior [ RunTime:0.000000s ]
INFO: [ app_init ] --END-- [ RunTime:0.000000s ]
INFO: [ app_begin ] --START--
INFO: Run Behavior\ReadHtmlCacheBehavior [ RunTime:0.000000s ]
INFO: [ app_begin ] --END-- [ RunTime:0.001000s ]
SQL: SHOW COLUMNS FROM `tb_assets` [ RunTime:0.0030s ]
SQL: SELECT `AssetsID`,`titimg`,`Title`,ProPrice as ccint,Price as aaint,ProcessModle as protype,`ViewCount`,`BuyCount` FROM `tb_assets` LEFT JOIN tb_assetsdata ON tb_assets.AssetsID = tb_assetsdata.ID  WHERE tb_assets.AssetsStatue = 4 ORDER BY `BuyCount` desc,`ViewCount` asc LIMIT 8   [ RunTime:0.0020s ]

[ 2017-02-07T17:00:19+08:00 ] 192.168.10.2 /Brest/Index/read/acttype/packlist/cc.json
INFO: [ app_init ] --START--
INFO: Run Behavior\BuildLiteBehavior [ RunTime:0.000000s ]
INFO: [ app_init ] --END-- [ RunTime:0.000000s ]
INFO: [ app_begin ] --START--
INFO: Run Behavior\ReadHtmlCacheBehavior [ RunTime:0.000000s ]
INFO: [ app_begin ] --END-- [ RunTime:0.001000s ]
SQL: SHOW COLUMNS FROM `tb_package` [ RunTime:0.0030s ]
SQL: SELECT `PackageID`,`titimg`,`Title`,`ViewCount`,`BuyCount`,ProcessModle as ccint,Total as aaint FROM `tb_package` LEFT JOIN tb_packagedata ON tb_package.PackageID = tb_packagedata.ID  WHERE tb_package.AssetsStatue = 4 ORDER BY `BuyCount` desc,`ViewCount` asc LIMIT 8   [ RunTime:0.0010s ]

[ 2017-02-07T17:00:20+08:00 ] 192.168.10.2 /Brest/Index/read/acttype/debtlist/cc.json
INFO: [ app_init ] --START--
INFO: Run Behavior\BuildLiteBehavior [ RunTime:0.000000s ]
INFO: [ app_init ] --END-- [ RunTime:0.001000s ]
INFO: [ app_begin ] --START--
INFO: Run Behavior\ReadHtmlCacheBehavior [ RunTime:0.000000s ]
INFO: [ app_begin ] --END-- [ RunTime:0.001000s ]
SQL: SHOW COLUMNS FROM `tb_debt` [ RunTime:0.0040s ]
SQL: SELECT `DebtID`,`titimg`,`Title`,ProPrice as ccint,Total as aaint,ProcessModle as protype,`ViewCount`,`BuyCount` FROM `tb_debt` LEFT JOIN tb_debtdata ON tb_debt.DebtID = tb_debtdata.ID  WHERE tb_debt.AssetsStatue = 4 ORDER BY `BuyCount` desc,`ViewCount` asc LIMIT 8   [ RunTime:0.0010s ]

[ 2017-02-07T17:01:30+08:00 ] 192.168.10.2 /Brest/Index/read/acttype/packlist/cc.json
INFO: [ app_init ] --START--
INFO: Run Behavior\BuildLiteBehavior [ RunTime:0.000000s ]
INFO: [ app_init ] --END-- [ RunTime:0.001000s ]
INFO: [ app_begin ] --START--
INFO: Run Behavior\ReadHtmlCacheBehavior [ RunTime:0.000000s ]
INFO: [ app_begin ] --END-- [ RunTime:0.000000s ]
SQL: SHOW COLUMNS FROM `tb_package` [ RunTime:0.0030s ]
SQL: SELECT `PackageID`,`titimg`,`Title`,`ViewCount`,`BuyCount`,ProcessModle as ccint,Total as aaint FROM `tb_package` LEFT JOIN tb_packagedata ON tb_package.PackageID = tb_packagedata.ID  WHERE tb_package.AssetsStatue = 4 ORDER BY `BuyCount` desc,`ViewCount` asc LIMIT 8   [ RunTime:0.0020s ]

[ 2017-02-07T17:02:07+08:00 ] 192.168.10.2 /Brest/Index/read/acttype/packlist/cc.json
INFO: [ app_init ] --START--
INFO: Run Behavior\BuildLiteBehavior [ RunTime:0.000000s ]
INFO: [ app_init ] --END-- [ RunTime:0.001000s ]
INFO: [ app_begin ] --START--
INFO: Run Behavior\ReadHtmlCacheBehavior [ RunTime:0.000000s ]
INFO: [ app_begin ] --END-- [ RunTime:0.000000s ]
SQL: SHOW COLUMNS FROM `tb_package` [ RunTime:0.0030s ]
SQL: SELECT `PackageID`,`titimg`,`Title`,`ViewCount`,`BuyCount`,ProcessModle as ccint,Total as aaint FROM `tb_package` LEFT JOIN tb_packagedata ON tb_package.PackageID = tb_packagedata.ID  WHERE tb_package.AssetsStatue = 4 ORDER BY `BuyCount` desc,`ViewCount` asc LIMIT 8   [ RunTime:0.0020s ]

[ 2017-02-07T17:02:46+08:00 ] 192.168.10.2 /Brest/Index/read/acttype/packlist/cc.json
INFO: [ app_init ] --START--
INFO: Run Behavior\BuildLiteBehavior [ RunTime:0.000000s ]
INFO: [ app_init ] --END-- [ RunTime:0.001000s ]
INFO: [ app_begin ] --START--
INFO: Run Behavior\ReadHtmlCacheBehavior [ RunTime:0.001000s ]
INFO: [ app_begin ] --END-- [ RunTime:0.001000s ]
SQL: SHOW COLUMNS FROM `tb_package` [ RunTime:0.0020s ]
SQL: SELECT `PackageID`,`titimg`,`Title`,`ViewCount`,`BuyCount`,ProcessModle as ccint,Total as aaint FROM `tb_package` LEFT JOIN tb_packagedata ON tb_package.PackageID = tb_packagedata.ID  WHERE tb_package.AssetsStatue = 4 ORDER BY `BuyCount` desc,`ViewCount` asc LIMIT 8   [ RunTime:0.0020s ]

[ 2017-02-07T17:05:23+08:00 ] 192.168.10.2 /Brest/Index/read/acttype/packlist/cc.json
INFO: [ app_init ] --START--
INFO: Run Behavior\BuildLiteBehavior [ RunTime:0.000000s ]
INFO: [ app_init ] --END-- [ RunTime:0.001000s ]
INFO: [ app_begin ] --START--
INFO: Run Behavior\ReadHtmlCacheBehavior [ RunTime:0.000000s ]
INFO: [ app_begin ] --END-- [ RunTime:0.000000s ]
SQL: SHOW COLUMNS FROM `tb_package` [ RunTime:0.0030s ]
SQL: SELECT `PackageID`,`titimg`,`Title`,`ViewCount`,`BuyCount`,ProcessModle as ccint,Total as aaint FROM `tb_package` LEFT JOIN tb_packagedata ON tb_package.PackageID = tb_packagedata.ID  WHERE tb_package.AssetsStatue = 4 ORDER BY `BuyCount` desc,`ViewCount` asc LIMIT 8   [ RunTime:0.0010s ]

[ 2017-02-07T17:05:23+08:00 ] 192.168.10.2 /Brest/Index/read/acttype/assetlist/cc.json
INFO: [ app_init ] --START--
INFO: Run Behavior\BuildLiteBehavior [ RunTime:0.000000s ]
INFO: [ app_init ] --END-- [ RunTime:0.001000s ]
INFO: [ app_begin ] --START--
INFO: Run Behavior\ReadHtmlCacheBehavior [ RunTime:0.000000s ]
INFO: [ app_begin ] --END-- [ RunTime:0.000000s ]
SQL: SHOW COLUMNS FROM `tb_assets` [ RunTime:0.0020s ]
SQL: SELECT `AssetsID`,`titimg`,`Title`,ProPrice as ccint,Price as aaint,ProcessModle as protype,`ViewCount`,`BuyCount` FROM `tb_assets` LEFT JOIN tb_assetsdata ON tb_assets.AssetsID = tb_assetsdata.ID  WHERE tb_assets.AssetsStatue = 4 ORDER BY `BuyCount` desc,`ViewCount` asc LIMIT 8   [ RunTime:0.0020s ]

[ 2017-02-07T17:05:24+08:00 ] 192.168.10.2 /Brest/Index/read/acttype/debtlist/cc.json
INFO: [ app_init ] --START--
INFO: Run Behavior\BuildLiteBehavior [ RunTime:0.000000s ]
INFO: [ app_init ] --END-- [ RunTime:0.000000s ]
INFO: [ app_begin ] --START--
INFO: Run Behavior\ReadHtmlCacheBehavior [ RunTime:0.001000s ]
INFO: [ app_begin ] --END-- [ RunTime:0.001000s ]
SQL: SHOW COLUMNS FROM `tb_debt` [ RunTime:0.0030s ]
SQL: SELECT `DebtID`,`titimg`,`Title`,ProPrice as ccint,Total as aaint,ProcessModle as protype,`ViewCount`,`BuyCount` FROM `tb_debt` LEFT JOIN tb_debtdata ON tb_debt.DebtID = tb_debtdata.ID  WHERE tb_debt.AssetsStatue = 4 ORDER BY `BuyCount` desc,`ViewCount` asc LIMIT 8   [ RunTime:0.0020s ]

[ 2017-02-07T17:05:45+08:00 ] 192.168.10.2 /Brest/Index/read/acttype/packlist/cc.json
INFO: [ app_init ] --START--
INFO: Run Behavior\BuildLiteBehavior [ RunTime:0.000000s ]
INFO: [ app_init ] --END-- [ RunTime:0.001000s ]
INFO: [ app_begin ] --START--
INFO: Run Behavior\ReadHtmlCacheBehavior [ RunTime:0.000000s ]
INFO: [ app_begin ] --END-- [ RunTime:0.000000s ]
SQL: SHOW COLUMNS FROM `tb_package` [ RunTime:0.0030s ]
SQL: SELECT `PackageID`,`titimg`,`Title`,`ViewCount`,`BuyCount`,ProcessModle as ccint,Total as aaint FROM `tb_package` LEFT JOIN tb_packagedata ON tb_package.PackageID = tb_packagedata.ID  WHERE tb_package.AssetsStatue = 4 ORDER BY `BuyCount` desc,`ViewCount` asc LIMIT 8   [ RunTime:0.0020s ]

[ 2017-02-07T17:08:20+08:00 ] 192.168.10.2 /Brest/Index/read/acttype/packlist/cc.json
INFO: [ app_init ] --START--
INFO: Run Behavior\BuildLiteBehavior [ RunTime:0.000000s ]
INFO: [ app_init ] --END-- [ RunTime:0.001000s ]
INFO: [ app_begin ] --START--
INFO: Run Behavior\ReadHtmlCacheBehavior [ RunTime:0.000000s ]
INFO: [ app_begin ] --END-- [ RunTime:0.001000s ]
SQL: SHOW COLUMNS FROM `tb_package` [ RunTime:0.0030s ]
SQL: SELECT `PackageID`,`titimg`,`Title`,`ViewCount`,`BuyCount`,ProcessModle as ccint,Total as aaint FROM `tb_package` LEFT JOIN tb_packagedata ON tb_package.PackageID = tb_packagedata.ID  WHERE tb_package.AssetsStatue = 4 ORDER BY `BuyCount` desc,`ViewCount` asc LIMIT 8   [ RunTime:0.0010s ]

[ 2017-02-07T17:08:40+08:00 ] 192.168.10.2 /Brest/Index/read/acttype/packlist/cc.json
INFO: [ app_init ] --START--
INFO: Run Behavior\BuildLiteBehavior [ RunTime:0.000000s ]
INFO: [ app_init ] --END-- [ RunTime:0.000000s ]
INFO: [ app_begin ] --START--
INFO: Run Behavior\ReadHtmlCacheBehavior [ RunTime:0.000000s ]
INFO: [ app_begin ] --END-- [ RunTime:0.001000s ]
SQL: SHOW COLUMNS FROM `tb_package` [ RunTime:0.0030s ]
SQL: SELECT `PackageID`,`titimg`,`Title`,`ViewCount`,`BuyCount`,ProcessModle as ccint,Total as aaint FROM `tb_package` LEFT JOIN tb_packagedata ON tb_package.PackageID = tb_packagedata.ID  WHERE tb_package.AssetsStatue = 4 ORDER BY `BuyCount` desc,`ViewCount` asc LIMIT 8   [ RunTime:0.0020s ]

[ 2017-02-07T17:09:06+08:00 ] 192.168.10.2 /Brest/Index/read/acttype/packlist/cc.json
INFO: [ app_init ] --START--
INFO: Run Behavior\BuildLiteBehavior [ RunTime:0.000000s ]
INFO: [ app_init ] --END-- [ RunTime:0.000000s ]
INFO: [ app_begin ] --START--
INFO: Run Behavior\ReadHtmlCacheBehavior [ RunTime:0.001000s ]
INFO: [ app_begin ] --END-- [ RunTime:0.001000s ]
SQL: SHOW COLUMNS FROM `tb_package` [ RunTime:0.0020s ]
SQL: SELECT `PackageID`,`titimg`,`Title`,`ViewCount`,`BuyCount`,ProcessModle as ccint,Total as aaint FROM `tb_package` LEFT JOIN tb_packagedata ON tb_package.PackageID = tb_packagedata.ID  WHERE tb_package.AssetsStatue = 4 ORDER BY `BuyCount` desc,`ViewCount` asc LIMIT 8   [ RunTime:0.0010s ]

[ 2017-02-07T17:10:09+08:00 ] 192.168.10.2 /Brest/Index/read/acttype/packlist/cc.json
INFO: [ app_init ] --START--
INFO: Run Behavior\BuildLiteBehavior [ RunTime:0.000000s ]
INFO: [ app_init ] --END-- [ RunTime:0.001000s ]
INFO: [ app_begin ] --START--
INFO: Run Behavior\ReadHtmlCacheBehavior [ RunTime:0.001000s ]
INFO: [ app_begin ] --END-- [ RunTime:0.001000s ]
SQL: SHOW COLUMNS FROM `tb_package` [ RunTime:0.0020s ]
SQL: SELECT `PackageID`,`titimg`,`Title`,`ViewCount`,`BuyCount`,ProcessModle as ccint,Total as aaint FROM `tb_package` LEFT JOIN tb_packagedata ON tb_package.PackageID = tb_packagedata.ID  WHERE tb_package.AssetsStatue = 4 ORDER BY `BuyCount` desc,`ViewCount` asc LIMIT 8   [ RunTime:0.0010s ]

[ 2017-02-07T17:10:57+08:00 ] 192.168.10.2 /Brest/Index/read/acttype/packlist/cc.json
INFO: [ app_init ] --START--
INFO: Run Behavior\BuildLiteBehavior [ RunTime:0.000000s ]
INFO: [ app_init ] --END-- [ RunTime:0.001000s ]
INFO: [ app_begin ] --START--
INFO: Run Behavior\ReadHtmlCacheBehavior [ RunTime:0.001000s ]
INFO: [ app_begin ] --END-- [ RunTime:0.001000s ]
SQL: SHOW COLUMNS FROM `tb_package` [ RunTime:0.0020s ]
SQL: SELECT `PackageID`,`titimg`,`Title`,`ViewCount`,`BuyCount`,ProcessModle as ccint,Total as aaint FROM `tb_package` LEFT JOIN tb_packagedata ON tb_package.PackageID = tb_packagedata.ID  WHERE tb_package.AssetsStatue = 4 ORDER BY `BuyCount` desc,`ViewCount` asc LIMIT 8   [ RunTime:0.0010s ]

[ 2017-02-07T17:14:15+08:00 ] 192.168.10.2 /Brest/Index/read/acttype/packlist/cc.json
INFO: [ app_init ] --START--
INFO: Run Behavior\BuildLiteBehavior [ RunTime:0.000000s ]
INFO: [ app_init ] --END-- [ RunTime:0.001000s ]
INFO: [ app_begin ] --START--
INFO: Run Behavior\ReadHtmlCacheBehavior [ RunTime:0.000000s ]
INFO: [ app_begin ] --END-- [ RunTime:0.001000s ]
SQL: SHOW COLUMNS FROM `tb_package` [ RunTime:0.0020s ]
SQL: SELECT `PackageID`,`titimg`,`Title`,`ViewCount`,`BuyCount`,ProcessModle as ccint,Total as aaint FROM `tb_package` LEFT JOIN tb_packagedata ON tb_package.PackageID = tb_packagedata.ID  WHERE tb_package.AssetsStatue = 4 ORDER BY `BuyCount` desc,`ViewCount` asc LIMIT 8   [ RunTime:0.0020s ]

[ 2017-02-07T17:14:37+08:00 ] 192.168.10.2 /Brest/Index/read/acttype/packlist/cc.json
INFO: [ app_init ] --START--
INFO: Run Behavior\BuildLiteBehavior [ RunTime:0.000000s ]
INFO: [ app_init ] --END-- [ RunTime:0.000000s ]
INFO: [ app_begin ] --START--
INFO: Run Behavior\ReadHtmlCacheBehavior [ RunTime:0.001000s ]
INFO: [ app_begin ] --END-- [ RunTime:0.001000s ]
SQL: SHOW COLUMNS FROM `tb_package` [ RunTime:0.0030s ]
SQL: SELECT `PackageID`,`titimg`,`Title`,`ViewCount`,`BuyCount`,ProcessModle as ccint,Total as aaint FROM `tb_package` LEFT JOIN tb_packagedata ON tb_package.PackageID = tb_packagedata.ID  WHERE tb_package.AssetsStatue = 4 ORDER BY `BuyCount` desc,`ViewCount` asc LIMIT 8   [ RunTime:0.0020s ]

[ 2017-02-07T17:14:49+08:00 ] 192.168.10.2 /Brest/Index/read/acttype/packlist/cc.json
INFO: [ app_init ] --START--
INFO: Run Behavior\BuildLiteBehavior [ RunTime:0.000000s ]
INFO: [ app_init ] --END-- [ RunTime:0.000000s ]
INFO: [ app_begin ] --START--
INFO: Run Behavior\ReadHtmlCacheBehavior [ RunTime:0.001000s ]
INFO: [ app_begin ] --END-- [ RunTime:0.001000s ]
SQL: SHOW COLUMNS FROM `tb_package` [ RunTime:0.0030s ]
SQL: SELECT `PackageID`,`titimg`,`Title`,`ViewCount`,`BuyCount`,ProcessModle as ccint,Total as aaint FROM `tb_package` LEFT JOIN tb_packagedata ON tb_package.PackageID = tb_packagedata.ID  WHERE tb_package.AssetsStatue = 4 ORDER BY `BuyCount` desc,`ViewCount` asc LIMIT 8   [ RunTime:0.0020s ]

[ 2017-02-07T17:16:13+08:00 ] 192.168.10.2 /Brest/Index/read/acttype/packlist/cc.json
INFO: [ app_init ] --START--
INFO: Run Behavior\BuildLiteBehavior [ RunTime:0.000000s ]
INFO: [ app_init ] --END-- [ RunTime:0.000000s ]
INFO: [ app_begin ] --START--
INFO: Run Behavior\ReadHtmlCacheBehavior [ RunTime:0.000000s ]
INFO: [ app_begin ] --END-- [ RunTime:0.000000s ]
SQL: SHOW COLUMNS FROM `tb_package` [ RunTime:0.0030s ]
SQL: SELECT `PackageID`,`titimg`,`Title`,`ViewCount`,`BuyCount`,ProcessModle as ccint,Total as aaint FROM `tb_package` LEFT JOIN tb_packagedata ON tb_package.PackageID = tb_packagedata.ID  WHERE tb_package.AssetsStatue = 4 ORDER BY `BuyCount` desc,`ViewCount` asc LIMIT 8   [ RunTime:0.0020s ]

[ 2017-02-07T17:18:34+08:00 ] 192.168.10.2 /Brest/Index/read/acttype/packlist/cc.json
INFO: [ app_init ] --START--
INFO: Run Behavior\BuildLiteBehavior [ RunTime:0.000000s ]
INFO: [ app_init ] --END-- [ RunTime:0.001000s ]
INFO: [ app_begin ] --START--
INFO: Run Behavior\ReadHtmlCacheBehavior [ RunTime:0.000000s ]
INFO: [ app_begin ] --END-- [ RunTime:0.001000s ]
SQL: SHOW COLUMNS FROM `tb_package` [ RunTime:0.0020s ]
SQL: SELECT `PackageID`,`titimg`,`Title`,`ViewCount`,`BuyCount`,ProcessModle as ccint,Total as aaint FROM `tb_package` LEFT JOIN tb_packagedata ON tb_package.PackageID = tb_packagedata.ID  WHERE tb_package.AssetsStatue = 4 ORDER BY `BuyCount` desc,`ViewCount` asc LIMIT 8   [ RunTime:0.0010s ]

[ 2017-02-07T17:19:08+08:00 ] 192.168.10.2 /Brest/Index/read/acttype/packlist/cc.json
INFO: [ app_init ] --START--
INFO: Run Behavior\BuildLiteBehavior [ RunTime:0.000000s ]
INFO: [ app_init ] --END-- [ RunTime:0.001000s ]
INFO: [ app_begin ] --START--
INFO: Run Behavior\ReadHtmlCacheBehavior [ RunTime:0.001000s ]
INFO: [ app_begin ] --END-- [ RunTime:0.001000s ]
SQL: SHOW COLUMNS FROM `tb_package` [ RunTime:0.0020s ]
SQL: SELECT `PackageID`,`titimg`,`Title`,`ViewCount`,`BuyCount`,ProcessModle as ccint,Total as aaint FROM `tb_package` LEFT JOIN tb_packagedata ON tb_package.PackageID = tb_packagedata.ID  WHERE tb_package.AssetsStatue = 4 ORDER BY `BuyCount` desc,`ViewCount` asc LIMIT 8   [ RunTime:0.0030s ]

[ 2017-02-07T17:19:36+08:00 ] 192.168.10.2 /Brest/Index/read/acttype/packlist/cc.json
INFO: [ app_init ] --START--
INFO: Run Behavior\BuildLiteBehavior [ RunTime:0.000000s ]
INFO: [ app_init ] --END-- [ RunTime:0.000000s ]
INFO: [ app_begin ] --START--
INFO: Run Behavior\ReadHtmlCacheBehavior [ RunTime:0.000000s ]
INFO: [ app_begin ] --END-- [ RunTime:0.000000s ]
SQL: SHOW COLUMNS FROM `tb_package` [ RunTime:0.0020s ]
SQL: SELECT `PackageID`,`titimg`,`Title`,`ViewCount`,`BuyCount`,ProcessModle as ccint,Total as aaint FROM `tb_package` LEFT JOIN tb_packagedata ON tb_package.PackageID = tb_packagedata.ID  WHERE tb_package.AssetsStatue = 4 ORDER BY `BuyCount` desc,`ViewCount` asc LIMIT 8   [ RunTime:0.0020s ]

[ 2017-02-07T17:20:19+08:00 ] 192.168.10.2 /Brest/Index/read/acttype/packlist/cc.json
INFO: [ app_init ] --START--
INFO: Run Behavior\BuildLiteBehavior [ RunTime:0.000000s ]
INFO: [ app_init ] --END-- [ RunTime:0.001000s ]
INFO: [ app_begin ] --START--
INFO: Run Behavior\ReadHtmlCacheBehavior [ RunTime:0.001000s ]
INFO: [ app_begin ] --END-- [ RunTime:0.001000s ]
SQL: SHOW COLUMNS FROM `tb_package` [ RunTime:0.0050s ]
SQL: SELECT `PackageID`,`titimg`,`Title`,`ViewCount`,`BuyCount`,ProcessModle as ccint,Total as aaint FROM `tb_package` LEFT JOIN tb_packagedata ON tb_package.PackageID = tb_packagedata.ID  WHERE tb_package.AssetsStatue = 4 ORDER BY `BuyCount` desc,`ViewCount` asc LIMIT 8   [ RunTime:0.0020s ]

[ 2017-02-07T17:20:53+08:00 ] 192.168.10.2 /Brest/Index/read/acttype/packlist/cc.json
INFO: [ app_init ] --START--
INFO: Run Behavior\BuildLiteBehavior [ RunTime:0.000000s ]
INFO: [ app_init ] --END-- [ RunTime:0.001000s ]
INFO: [ app_begin ] --START--
INFO: Run Behavior\ReadHtmlCacheBehavior [ RunTime:0.001000s ]
INFO: [ app_begin ] --END-- [ RunTime:0.001000s ]
SQL: SHOW COLUMNS FROM `tb_package` [ RunTime:0.0030s ]
SQL: SELECT `PackageID`,`titimg`,`Title`,`ViewCount`,`BuyCount`,ProcessModle as ccint,Total as aaint FROM `tb_package` LEFT JOIN tb_packagedata ON tb_package.PackageID = tb_packagedata.ID  WHERE tb_package.AssetsStatue = 4 ORDER BY `BuyCount` desc,`ViewCount` asc LIMIT 8   [ RunTime:0.0010s ]

[ 2017-02-07T17:20:54+08:00 ] 192.168.10.2 /Brest/Index/read/acttype/debtlist/cc.json
INFO: [ app_init ] --START--
INFO: Run Behavior\BuildLiteBehavior [ RunTime:0.000000s ]
INFO: [ app_init ] --END-- [ RunTime:0.000000s ]
INFO: [ app_begin ] --START--
INFO: Run Behavior\ReadHtmlCacheBehavior [ RunTime:0.000000s ]
INFO: [ app_begin ] --END-- [ RunTime:0.000000s ]
SQL: SHOW COLUMNS FROM `tb_debt` [ RunTime:0.0040s ]
SQL: SELECT `DebtID`,`titimg`,`Title`,ProPrice as ccint,Total as aaint,ProcessModle as protype,`ViewCount`,`BuyCount` FROM `tb_debt` LEFT JOIN tb_debtdata ON tb_debt.DebtID = tb_debtdata.ID  WHERE tb_debt.AssetsStatue = 4 ORDER BY `BuyCount` desc,`ViewCount` asc LIMIT 8   [ RunTime:0.0010s ]

[ 2017-02-07T17:20:54+08:00 ] 192.168.10.2 /Brest/Index/read/acttype/assetlist/cc.json
INFO: [ app_init ] --START--
INFO: Run Behavior\BuildLiteBehavior [ RunTime:0.000000s ]
INFO: [ app_init ] --END-- [ RunTime:0.001000s ]
INFO: [ app_begin ] --START--
INFO: Run Behavior\ReadHtmlCacheBehavior [ RunTime:0.000000s ]
INFO: [ app_begin ] --END-- [ RunTime:0.000000s ]
SQL: SHOW COLUMNS FROM `tb_assets` [ RunTime:0.0040s ]
SQL: SELECT `AssetsID`,`titimg`,`Title`,ProPrice as ccint,Price as aaint,ProcessModle as protype,`ViewCount`,`BuyCount` FROM `tb_assets` LEFT JOIN tb_assetsdata ON tb_assets.AssetsID = tb_assetsdata.ID  WHERE tb_assets.AssetsStatue = 4 ORDER BY `BuyCount` desc,`ViewCount` asc LIMIT 8   [ RunTime:0.0030s ]

[ 2017-02-07T17:21:30+08:00 ] 192.168.10.2 /Brest/Index/read/acttype/assetlist/cc.json
INFO: [ app_init ] --START--
INFO: Run Behavior\BuildLiteBehavior [ RunTime:0.000000s ]
INFO: [ app_init ] --END-- [ RunTime:0.001000s ]
INFO: [ app_begin ] --START--
INFO: Run Behavior\ReadHtmlCacheBehavior [ RunTime:0.001000s ]
INFO: [ app_begin ] --END-- [ RunTime:0.001000s ]
SQL: SHOW COLUMNS FROM `tb_assets` [ RunTime:0.0020s ]
SQL: SELECT `AssetsID`,`titimg`,`Title`,ProPrice as ccint,Price as aaint,ProcessModle as protype,`ViewCount`,`BuyCount` FROM `tb_assets` LEFT JOIN tb_assetsdata ON tb_assets.AssetsID = tb_assetsdata.ID  WHERE tb_assets.AssetsStatue = 4 ORDER BY `BuyCount` desc,`ViewCount` asc LIMIT 8   [ RunTime:0.0010s ]

[ 2017-02-07T17:21:30+08:00 ] 192.168.10.2 /Brest/Index/read/acttype/packlist/cc.json
INFO: [ app_init ] --START--
INFO: Run Behavior\BuildLiteBehavior [ RunTime:0.000000s ]
INFO: [ app_init ] --END-- [ RunTime:0.000000s ]
INFO: [ app_begin ] --START--
INFO: Run Behavior\ReadHtmlCacheBehavior [ RunTime:0.001000s ]
INFO: [ app_begin ] --END-- [ RunTime:0.001000s ]
SQL: SHOW COLUMNS FROM `tb_package` [ RunTime:0.0010s ]
SQL: SELECT `PackageID`,`titimg`,`Title`,`ViewCount`,`BuyCount`,ProcessModle as ccint,Total as aaint FROM `tb_package` LEFT JOIN tb_packagedata ON tb_package.PackageID = tb_packagedata.ID  WHERE tb_package.AssetsStatue = 4 ORDER BY `BuyCount` desc,`ViewCount` asc LIMIT 8   [ RunTime:0.0010s ]

[ 2017-02-07T17:21:31+08:00 ] 192.168.10.2 /Brest/Index/read/acttype/debtlist/cc.json
INFO: [ app_init ] --START--
INFO: Run Behavior\BuildLiteBehavior [ RunTime:0.000000s ]
INFO: [ app_init ] --END-- [ RunTime:0.000000s ]
INFO: [ app_begin ] --START--
INFO: Run Behavior\ReadHtmlCacheBehavior [ RunTime:0.001000s ]
INFO: [ app_begin ] --END-- [ RunTime:0.001000s ]
SQL: SHOW COLUMNS FROM `tb_debt` [ RunTime:0.0020s ]
SQL: SELECT `DebtID`,`titimg`,`Title`,ProPrice as ccint,Total as aaint,ProcessModle as protype,`ViewCount`,`BuyCount` FROM `tb_debt` LEFT JOIN tb_debtdata ON tb_debt.DebtID = tb_debtdata.ID  WHERE tb_debt.AssetsStatue = 4 ORDER BY `BuyCount` desc,`ViewCount` asc LIMIT 8   [ RunTime:0.0020s ]

[ 2017-02-07T17:28:25+08:00 ] 192.168.10.2 /Brest/Index/read/acttype/assetlist/cc.json
INFO: [ app_init ] --START--
INFO: Run Behavior\BuildLiteBehavior [ RunTime:0.000000s ]
INFO: [ app_init ] --END-- [ RunTime:0.000000s ]
INFO: [ app_begin ] --START--
INFO: Run Behavior\ReadHtmlCacheBehavior [ RunTime:0.000000s ]
INFO: [ app_begin ] --END-- [ RunTime:0.001000s ]
SQL: SHOW COLUMNS FROM `tb_assets` [ RunTime:0.0030s ]
SQL: SELECT `AssetsID`,`titimg`,`Title`,ProPrice as ccint,Price as aaint,ProcessModle as protype,`ViewCount`,`BuyCount` FROM `tb_assets` LEFT JOIN tb_assetsdata ON tb_assets.AssetsID = tb_assetsdata.ID  WHERE tb_assets.AssetsStatue = 4 ORDER BY `BuyCount` desc,`ViewCount` asc LIMIT 8   [ RunTime:0.0020s ]

[ 2017-02-07T17:28:25+08:00 ] 192.168.10.2 /Brest/Index/read/acttype/packlist/cc.json
INFO: [ app_init ] --START--
INFO: Run Behavior\BuildLiteBehavior [ RunTime:0.000000s ]
INFO: [ app_init ] --END-- [ RunTime:0.000000s ]
INFO: [ app_begin ] --START--
INFO: Run Behavior\ReadHtmlCacheBehavior [ RunTime:0.001000s ]
INFO: [ app_begin ] --END-- [ RunTime:0.001000s ]
SQL: SHOW COLUMNS FROM `tb_package` [ RunTime:0.0030s ]
SQL: SELECT `PackageID`,`titimg`,`Title`,`ViewCount`,`BuyCount`,ProcessModle as ccint,Total as aaint FROM `tb_package` LEFT JOIN tb_packagedata ON tb_package.PackageID = tb_packagedata.ID  WHERE tb_package.AssetsStatue = 4 ORDER BY `BuyCount` desc,`ViewCount` asc LIMIT 8   [ RunTime:0.0020s ]

[ 2017-02-07T17:28:26+08:00 ] 192.168.10.2 /Brest/Index/read/acttype/debtlist/cc.json
INFO: [ app_init ] --START--
INFO: Run Behavior\BuildLiteBehavior [ RunTime:0.000000s ]
INFO: [ app_init ] --END-- [ RunTime:0.001000s ]
INFO: [ app_begin ] --START--
INFO: Run Behavior\ReadHtmlCacheBehavior [ RunTime:0.001000s ]
INFO: [ app_begin ] --END-- [ RunTime:0.001000s ]
SQL: SHOW COLUMNS FROM `tb_debt` [ RunTime:0.0030s ]
SQL: SELECT `DebtID`,`titimg`,`Title`,ProPrice as ccint,Total as aaint,ProcessModle as protype,`ViewCount`,`BuyCount` FROM `tb_debt` LEFT JOIN tb_debtdata ON tb_debt.DebtID = tb_debtdata.ID  WHERE tb_debt.AssetsStatue = 4 ORDER BY `BuyCount` desc,`ViewCount` asc LIMIT 8   [ RunTime:0.0010s ]

[ 2017-02-07T17:28:30+08:00 ] 192.168.10.2 /Brest/Index/read/acttype/assetlist/cc.json
INFO: [ app_init ] --START--
INFO: Run Behavior\BuildLiteBehavior [ RunTime:0.000000s ]
INFO: [ app_init ] --END-- [ RunTime:0.001000s ]
INFO: [ app_begin ] --START--
INFO: Run Behavior\ReadHtmlCacheBehavior [ RunTime:0.000000s ]
INFO: [ app_begin ] --END-- [ RunTime:0.000000s ]
SQL: SHOW COLUMNS FROM `tb_assets` [ RunTime:0.0030s ]
SQL: SELECT `AssetsID`,`titimg`,`Title`,ProPrice as ccint,Price as aaint,ProcessModle as protype,`ViewCount`,`BuyCount` FROM `tb_assets` LEFT JOIN tb_assetsdata ON tb_assets.AssetsID = tb_assetsdata.ID  WHERE tb_assets.AssetsStatue = 4 ORDER BY `BuyCount` desc,`ViewCount` asc LIMIT 8   [ RunTime:0.0020s ]

[ 2017-02-07T17:28:30+08:00 ] 192.168.10.2 /Brest/Index/read/acttype/packlist/cc.json
INFO: [ app_init ] --START--
INFO: Run Behavior\BuildLiteBehavior [ RunTime:0.000000s ]
INFO: [ app_init ] --END-- [ RunTime:0.000000s ]
INFO: [ app_begin ] --START--
INFO: Run Behavior\ReadHtmlCacheBehavior [ RunTime:0.001000s ]
INFO: [ app_begin ] --END-- [ RunTime:0.001000s ]
SQL: SHOW COLUMNS FROM `tb_package` [ RunTime:0.0030s ]
SQL: SELECT `PackageID`,`titimg`,`Title`,`ViewCount`,`BuyCount`,ProcessModle as ccint,Total as aaint FROM `tb_package` LEFT JOIN tb_packagedata ON tb_package.PackageID = tb_packagedata.ID  WHERE tb_package.AssetsStatue = 4 ORDER BY `BuyCount` desc,`ViewCount` asc LIMIT 8   [ RunTime:0.0010s ]

[ 2017-02-07T17:28:31+08:00 ] 192.168.10.2 /Brest/Index/read/acttype/debtlist/cc.json
INFO: [ app_init ] --START--
INFO: Run Behavior\BuildLiteBehavior [ RunTime:0.000000s ]
INFO: [ app_init ] --END-- [ RunTime:0.000000s ]
INFO: [ app_begin ] --START--
INFO: Run Behavior\ReadHtmlCacheBehavior [ RunTime:0.001000s ]
INFO: [ app_begin ] --END-- [ RunTime:0.001000s ]
SQL: SHOW COLUMNS FROM `tb_debt` [ RunTime:0.0030s ]
SQL: SELECT `DebtID`,`titimg`,`Title`,ProPrice as ccint,Total as aaint,ProcessModle as protype,`ViewCount`,`BuyCount` FROM `tb_debt` LEFT JOIN tb_debtdata ON tb_debt.DebtID = tb_debtdata.ID  WHERE tb_debt.AssetsStatue = 4 ORDER BY `BuyCount` desc,`ViewCount` asc LIMIT 8   [ RunTime:0.0020s ]

[ 2017-02-07T17:28:34+08:00 ] 192.168.10.2 /Brest/Index/read/acttype/packlist/cc.json
INFO: [ app_init ] --START--
INFO: Run Behavior\BuildLiteBehavior [ RunTime:0.000000s ]
INFO: [ app_init ] --END-- [ RunTime:0.000000s ]
INFO: [ app_begin ] --START--
INFO: Run Behavior\ReadHtmlCacheBehavior [ RunTime:0.000000s ]
INFO: [ app_begin ] --END-- [ RunTime:0.000000s ]
SQL: SHOW COLUMNS FROM `tb_package` [ RunTime:0.0030s ]
SQL: SELECT `PackageID`,`titimg`,`Title`,`ViewCount`,`BuyCount`,ProcessModle as ccint,Total as aaint FROM `tb_package` LEFT JOIN tb_packagedata ON tb_package.PackageID = tb_packagedata.ID  WHERE tb_package.AssetsStatue = 4 ORDER BY `BuyCount` desc,`ViewCount` asc LIMIT 8   [ RunTime:0.0020s ]

[ 2017-02-07T17:28:34+08:00 ] 192.168.10.2 /Brest/Index/read/acttype/assetlist/cc.json
INFO: [ app_init ] --START--
INFO: Run Behavior\BuildLiteBehavior [ RunTime:0.000000s ]
INFO: [ app_init ] --END-- [ RunTime:0.001000s ]
INFO: [ app_begin ] --START--
INFO: Run Behavior\ReadHtmlCacheBehavior [ RunTime:0.001000s ]
INFO: [ app_begin ] --END-- [ RunTime:0.001000s ]
SQL: SHOW COLUMNS FROM `tb_assets` [ RunTime:0.0030s ]
SQL: SELECT `AssetsID`,`titimg`,`Title`,ProPrice as ccint,Price as aaint,ProcessModle as protype,`ViewCount`,`BuyCount` FROM `tb_assets` LEFT JOIN tb_assetsdata ON tb_assets.AssetsID = tb_assetsdata.ID  WHERE tb_assets.AssetsStatue = 4 ORDER BY `BuyCount` desc,`ViewCount` asc LIMIT 8   [ RunTime:0.0020s ]

[ 2017-02-07T17:28:35+08:00 ] 192.168.10.2 /Brest/Index/read/acttype/debtlist/cc.json
INFO: [ app_init ] --START--
INFO: Run Behavior\BuildLiteBehavior [ RunTime:0.000000s ]
INFO: [ app_init ] --END-- [ RunTime:0.000000s ]
INFO: [ app_begin ] --START--
INFO: Run Behavior\ReadHtmlCacheBehavior [ RunTime:0.001000s ]
INFO: [ app_begin ] --END-- [ RunTime:0.001000s ]
SQL: SHOW COLUMNS FROM `tb_debt` [ RunTime:0.0030s ]
SQL: SELECT `DebtID`,`titimg`,`Title`,ProPrice as ccint,Total as aaint,ProcessModle as protype,`ViewCount`,`BuyCount` FROM `tb_debt` LEFT JOIN tb_debtdata ON tb_debt.DebtID = tb_debtdata.ID  WHERE tb_debt.AssetsStatue = 4 ORDER BY `BuyCount` desc,`ViewCount` asc LIMIT 8   [ RunTime:0.0020s ]

