[ 2017-02-17T10:53:16+08:00 ] 192.168.10.2 /Brest/Index/read/acttype/actlistcontent/actid/139/cc.json
INFO: [ app_init ] --START--
INFO: Run Behavior\BuildLiteBehavior [ RunTime:0.000000s ]
INFO: [ app_init ] --END-- [ RunTime:0.000000s ]
INFO: [ app_begin ] --START--
INFO: Run Behavior\ReadHtmlCacheBehavior [ RunTime:0.000000s ]
INFO: [ app_begin ] --END-- [ RunTime:0.001000s ]
SQL: SHOW COLUMNS FROM `sys_articlescrap` [ RunTime:0.0030s ]
SQL: SELECT * FROM `sys_articlescrap` WHERE `id` = '139' LIMIT 1   [ RunTime:0.0010s ]

[ 2017-02-17T10:54:10+08:00 ] 192.168.10.2 /Brest/Index/read/acttype/actlistcontent/actid/186/cc.json
INFO: [ app_init ] --START--
INFO: Run Behavior\BuildLiteBehavior [ RunTime:0.000000s ]
INFO: [ app_init ] --END-- [ RunTime:0.001000s ]
INFO: [ app_begin ] --START--
INFO: Run Behavior\ReadHtmlCacheBehavior [ RunTime:0.001000s ]
INFO: [ app_begin ] --END-- [ RunTime:0.001000s ]
SQL: SHOW COLUMNS FROM `sys_articlescrap` [ RunTime:0.0020s ]
SQL: SELECT * FROM `sys_articlescrap` WHERE `id` = '186' LIMIT 1   [ RunTime:0.0020s ]

[ 2017-02-17T10:54:14+08:00 ] 192.168.10.2 /Brest/Index/read/acttype/actlistcontent/actid/186/cc.json
INFO: [ app_init ] --START--
INFO: Run Behavior\BuildLiteBehavior [ RunTime:0.000000s ]
INFO: [ app_init ] --END-- [ RunTime:0.000000s ]
INFO: [ app_begin ] --START--
INFO: Run Behavior\ReadHtmlCacheBehavior [ RunTime:0.001000s ]
INFO: [ app_begin ] --END-- [ RunTime:0.001000s ]
SQL: SHOW COLUMNS FROM `sys_articlescrap` [ RunTime:0.0020s ]
SQL: SELECT * FROM `sys_articlescrap` WHERE `id` = '186' LIMIT 1   [ RunTime:0.0010s ]

[ 2017-02-17T15:28:50+08:00 ] 192.168.10.2 /Brest/Index/read/acttype/actlistcontent/actid/189/cc.json
INFO: [ app_init ] --START--
INFO: Run Behavior\BuildLiteBehavior [ RunTime:0.000000s ]
INFO: [ app_init ] --END-- [ RunTime:0.001000s ]
INFO: [ app_begin ] --START--
INFO: Run Behavior\ReadHtmlCacheBehavior [ RunTime:0.001000s ]
INFO: [ app_begin ] --END-- [ RunTime:0.001000s ]
SQL: SHOW COLUMNS FROM `sys_articlescrap` [ RunTime:0.0030s ]
SQL: SELECT * FROM `sys_articlescrap` WHERE `id` = '189' LIMIT 1   [ RunTime:0.0010s ]

[ 2017-02-17T15:28:54+08:00 ] 192.168.10.2 /Brest/Index/read/acttype/actlistcontent/actid/187/cc.json
INFO: [ app_init ] --START--
INFO: Run Behavior\BuildLiteBehavior [ RunTime:0.000000s ]
INFO: [ app_init ] --END-- [ RunTime:0.001000s ]
INFO: [ app_begin ] --START--
INFO: Run Behavior\ReadHtmlCacheBehavior [ RunTime:0.000000s ]
INFO: [ app_begin ] --END-- [ RunTime:0.000000s ]
SQL: SHOW COLUMNS FROM `sys_articlescrap` [ RunTime:0.0020s ]
SQL: SELECT * FROM `sys_articlescrap` WHERE `id` = '187' LIMIT 1   [ RunTime:0.0020s ]

[ 2017-02-17T15:29:14+08:00 ] 192.168.10.2 /Brest/Index/read/acttype/actlistcontent/actid/186/cc.json
INFO: [ app_init ] --START--
INFO: Run Behavior\BuildLiteBehavior [ RunTime:0.000000s ]
INFO: [ app_init ] --END-- [ RunTime:0.001000s ]
INFO: [ app_begin ] --START--
INFO: Run Behavior\ReadHtmlCacheBehavior [ RunTime:0.000000s ]
INFO: [ app_begin ] --END-- [ RunTime:0.001000s ]
SQL: SHOW COLUMNS FROM `sys_articlescrap` [ RunTime:0.0030s ]
SQL: SELECT * FROM `sys_articlescrap` WHERE `id` = '186' LIMIT 1   [ RunTime:0.0020s ]

