[ 2016-11-29T10:42:00+08:00 ] 127.0.0.1 /index.php/Portal/Area/codeB.html
INFO: [ app_init ] --START--
INFO: Run Behavior\BuildLiteBehavior [ RunTime:0.000000s ]
INFO: [ app_init ] --END-- [ RunTime:0.000000s ]
INFO: [ app_begin ] --START--
INFO: Run Behavior\ReadHtmlCacheBehavior [ RunTime:0.001000s ]
INFO: [ app_begin ] --END-- [ RunTime:0.001000s ]
SQL: SHOW COLUMNS FROM `tb_area` [ RunTime:0.0030s ]
SQL: SELECT `id`,`name`,`pid`,`code` FROM `tb_area` WHERE `pid` = '1'  [ RunTime:0.0010s ]

[ 2016-11-29T11:17:57+08:00 ] 192.168.1.25 /index.php/Portal/Index/mcode.html
INFO: [ app_init ] --START--
INFO: Run Behavior\BuildLiteBehavior [ RunTime:0.000000s ]
INFO: [ app_init ] --END-- [ RunTime:0.001000s ]
INFO: [ app_begin ] --START--
INFO: Run Behavior\ReadHtmlCacheBehavior [ RunTime:0.001000s ]
INFO: [ app_begin ] --END-- [ RunTime:0.001000s ]
SQL: SHOW COLUMNS FROM `tb_mobile_region` [ RunTime:0.0020s ]
SQL: SELECT * FROM `tb_mobile_region` WHERE `Mip` = '192.168.1.25' AND `time` BETWEEN 1480303076 AND 1480389476 LIMIT 1   [ RunTime:0.0010s ]
SQL: INSERT INTO `tb_mobile_region` (`Mip`,`time`) VALUES ('192.168.1.25','1480389477') [ RunTime:0.0260s ]

[ 2016-11-29T11:18:38+08:00 ] 192.168.1.25 /index.php/Portal/Upload/load.html
INFO: [ app_init ] --START--
INFO: Run Behavior\BuildLiteBehavior [ RunTime:0.000000s ]
INFO: [ app_init ] --END-- [ RunTime:0.001000s ]
INFO: [ app_begin ] --START--
INFO: Run Behavior\ReadHtmlCacheBehavior [ RunTime:0.000000s ]
INFO: [ app_begin ] --END-- [ RunTime:0.001000s ]
NOTIC: [2] call_user_func() expects parameter 1 to be a valid callback, no array or string given D:\WWW\tejinhui\ThinkPHP\Library\Think\Upload.class.php 第 170 行.
NOTIC: [8] Undefined index: Expires D:\WWW\tejinhui\ThinkPHP\Library\Think\Upload\Driver\Qiniu\QiniuStorage.class.php 第 45 行.
NOTIC: [8] Undefined index: saveName D:\WWW\tejinhui\ThinkPHP\Library\Think\Upload\Driver\Qiniu\QiniuStorage.class.php 第 80 行.
NOTIC: [8] Undefined index: custom_fields D:\WWW\tejinhui\ThinkPHP\Library\Think\Upload\Driver\Qiniu\QiniuStorage.class.php 第 83 行.
INFO: [ app_end ] --START--
INFO: Run Behavior\ShowPageTraceBehavior [ RunTime:0.002000s ]
INFO: [ app_end ] --END-- [ RunTime:0.002000s ]

[ 2016-11-29T14:36:22+08:00 ] 192.168.1.25 /index.php/Portal/Index/mcode.html
INFO: [ app_init ] --START--
INFO: Run Behavior\BuildLiteBehavior [ RunTime:0.000000s ]
INFO: [ app_init ] --END-- [ RunTime:0.001000s ]
INFO: [ app_begin ] --START--
INFO: Run Behavior\ReadHtmlCacheBehavior [ RunTime:0.000000s ]
INFO: [ app_begin ] --END-- [ RunTime:0.000000s ]
SQL: SHOW COLUMNS FROM `tb_mobile_region` [ RunTime:0.0020s ]
SQL: SELECT * FROM `tb_mobile_region` WHERE `Mip` = '192.168.1.25' AND `time` BETWEEN 1480314981 AND 1480401381 LIMIT 1   [ RunTime:0.0010s ]
SQL: UPDATE `tb_mobile_region` SET `num`=num+1 WHERE `Mip` = '192.168.1.25' AND `time` BETWEEN 1480314981 AND 1480401381 [ RunTime:0.0280s ]

