[ 2017-05-18T11:23:10+08:00 ] 127.0.0.1 /Portal/Area/codeB.html
INFO: [ app_init ] --START--
INFO: Run Behavior\BuildLiteBehavior [ RunTime:0.000000s ]
INFO: [ app_init ] --END-- [ RunTime:0.001000s ]
INFO: [ app_begin ] --START--
INFO: Run Behavior\ReadHtmlCacheBehavior [ RunTime:0.000000s ]
INFO: [ app_begin ] --END-- [ RunTime:0.000000s ]
SQL: SHOW COLUMNS FROM `tb_area` [ RunTime:0.0020s ]
SQL: SELECT `id`,`name`,`pid`,`code` FROM `tb_area` WHERE `pid` = 11  [ RunTime:0.0010s ]

[ 2017-05-18T11:23:29+08:00 ] 127.0.0.1 /Portal/Upload/load.html
INFO: [ app_init ] --START--
INFO: Run Behavior\BuildLiteBehavior [ RunTime:0.000000s ]
INFO: [ app_init ] --END-- [ RunTime:0.000000s ]
INFO: [ app_begin ] --START--
INFO: Run Behavior\ReadHtmlCacheBehavior [ RunTime:0.000000s ]
INFO: [ app_begin ] --END-- [ RunTime:0.000000s ]
NOTIC: [2] call_user_func() expects parameter 1 to be a valid callback, no array or string given D:\WWW\tejinhui\ThinkPHP\Library\Think\Upload.class.php 第 170 行.
NOTIC: [8] Undefined index: Expires D:\WWW\tejinhui\ThinkPHP\Library\Think\Upload\Driver\Qiniu\QiniuStorage.class.php 第 45 行.
NOTIC: [8] Undefined index: saveName D:\WWW\tejinhui\ThinkPHP\Library\Think\Upload\Driver\Qiniu\QiniuStorage.class.php 第 80 行.
NOTIC: [8] Undefined index: custom_fields D:\WWW\tejinhui\ThinkPHP\Library\Think\Upload\Driver\Qiniu\QiniuStorage.class.php 第 83 行.
INFO: [ app_end ] --START--
INFO: Run Behavior\ShowPageTraceBehavior [ RunTime:0.001000s ]
INFO: [ app_end ] --END-- [ RunTime:0.001000s ]

[ 2017-05-18T11:23:35+08:00 ] 127.0.0.1 /Portal/Upload/load.html
INFO: [ app_init ] --START--
INFO: Run Behavior\BuildLiteBehavior [ RunTime:0.000000s ]
INFO: [ app_init ] --END-- [ RunTime:0.000000s ]
INFO: [ app_begin ] --START--
INFO: Run Behavior\ReadHtmlCacheBehavior [ RunTime:0.001000s ]
INFO: [ app_begin ] --END-- [ RunTime:0.001000s ]
NOTIC: [2] call_user_func() expects parameter 1 to be a valid callback, no array or string given D:\WWW\tejinhui\ThinkPHP\Library\Think\Upload.class.php 第 170 行.
NOTIC: [8] Undefined index: Expires D:\WWW\tejinhui\ThinkPHP\Library\Think\Upload\Driver\Qiniu\QiniuStorage.class.php 第 45 行.
NOTIC: [8] Undefined index: saveName D:\WWW\tejinhui\ThinkPHP\Library\Think\Upload\Driver\Qiniu\QiniuStorage.class.php 第 80 行.
NOTIC: [8] Undefined index: custom_fields D:\WWW\tejinhui\ThinkPHP\Library\Think\Upload\Driver\Qiniu\QiniuStorage.class.php 第 83 行.
INFO: [ app_end ] --START--
INFO: Run Behavior\ShowPageTraceBehavior [ RunTime:0.001000s ]
INFO: [ app_end ] --END-- [ RunTime:0.001000s ]

[ 2017-05-18T11:25:54+08:00 ] 127.0.0.1 /index.php/Portal/Upload/load/zzp/zip
INFO: [ app_init ] --START--
INFO: Run Behavior\BuildLiteBehavior [ RunTime:0.000000s ]
INFO: [ app_init ] --END-- [ RunTime:0.000000s ]
INFO: [ app_begin ] --START--
INFO: Run Behavior\ReadHtmlCacheBehavior [ RunTime:0.001000s ]
INFO: [ app_begin ] --END-- [ RunTime:0.001000s ]
NOTIC: [2] call_user_func() expects parameter 1 to be a valid callback, no array or string given D:\WWW\tejinhui\ThinkPHP\Library\Think\Upload.class.php 第 170 行.
NOTIC: [8] Undefined index: Expires D:\WWW\tejinhui\ThinkPHP\Library\Think\Upload\Driver\Qiniu\QiniuStorage.class.php 第 45 行.
NOTIC: [8] Undefined index: saveName D:\WWW\tejinhui\ThinkPHP\Library\Think\Upload\Driver\Qiniu\QiniuStorage.class.php 第 80 行.
NOTIC: [8] Undefined index: custom_fields D:\WWW\tejinhui\ThinkPHP\Library\Think\Upload\Driver\Qiniu\QiniuStorage.class.php 第 83 行.
INFO: [ app_end ] --START--
INFO: Run Behavior\ShowPageTraceBehavior [ RunTime:0.001000s ]
INFO: [ app_end ] --END-- [ RunTime:0.001000s ]

[ 2017-05-18T11:26:01+08:00 ] 127.0.0.1 /index.php/Portal/Upload/load/zzp/pdf
INFO: [ app_init ] --START--
INFO: Run Behavior\BuildLiteBehavior [ RunTime:0.000000s ]
INFO: [ app_init ] --END-- [ RunTime:0.001000s ]
INFO: [ app_begin ] --START--
INFO: Run Behavior\ReadHtmlCacheBehavior [ RunTime:0.000000s ]
INFO: [ app_begin ] --END-- [ RunTime:0.000000s ]
INFO: [ view_parse ] --START--
INFO: [ template_filter ] --START--
INFO: Run Behavior\ContentReplaceBehavior [ RunTime:0.000000s ]
INFO: [ template_filter ] --END-- [ RunTime:0.000000s ]
INFO: Run Behavior\ParseTemplateBehavior [ RunTime:0.003000s ]
INFO: [ view_parse ] --END-- [ RunTime:0.003000s ]
INFO: [ view_filter ] --START--
INFO: Run Behavior\WriteHtmlCacheBehavior [ RunTime:0.000000s ]
INFO: [ view_filter ] --END-- [ RunTime:0.000000s ]

[ 2017-05-18T11:26:13+08:00 ] 127.0.0.1 /index.php/Portal/Upload/load/zzp/
INFO: [ app_init ] --START--
INFO: Run Behavior\BuildLiteBehavior [ RunTime:0.000000s ]
INFO: [ app_init ] --END-- [ RunTime:0.001000s ]
INFO: [ app_begin ] --START--
INFO: Run Behavior\ReadHtmlCacheBehavior [ RunTime:0.001000s ]
INFO: [ app_begin ] --END-- [ RunTime:0.001000s ]
NOTIC: [2] call_user_func() expects parameter 1 to be a valid callback, no array or string given D:\WWW\tejinhui\ThinkPHP\Library\Think\Upload.class.php 第 170 行.
NOTIC: [8] Undefined index: Expires D:\WWW\tejinhui\ThinkPHP\Library\Think\Upload\Driver\Qiniu\QiniuStorage.class.php 第 45 行.
NOTIC: [8] Undefined index: saveName D:\WWW\tejinhui\ThinkPHP\Library\Think\Upload\Driver\Qiniu\QiniuStorage.class.php 第 80 行.
NOTIC: [8] Undefined index: custom_fields D:\WWW\tejinhui\ThinkPHP\Library\Think\Upload\Driver\Qiniu\QiniuStorage.class.php 第 83 行.
INFO: [ app_end ] --START--
INFO: Run Behavior\ShowPageTraceBehavior [ RunTime:0.002000s ]
INFO: [ app_end ] --END-- [ RunTime:0.002000s ]

[ 2017-05-18T11:26:23+08:00 ] 127.0.0.1 /index.php/Portal/Upload/load/zzp/
INFO: [ app_init ] --START--
INFO: Run Behavior\BuildLiteBehavior [ RunTime:0.000000s ]
INFO: [ app_init ] --END-- [ RunTime:0.000000s ]
INFO: [ app_begin ] --START--
INFO: Run Behavior\ReadHtmlCacheBehavior [ RunTime:0.001000s ]
INFO: [ app_begin ] --END-- [ RunTime:0.001000s ]
NOTIC: [2] call_user_func() expects parameter 1 to be a valid callback, no array or string given D:\WWW\tejinhui\ThinkPHP\Library\Think\Upload.class.php 第 170 行.
NOTIC: [8] Undefined index: Expires D:\WWW\tejinhui\ThinkPHP\Library\Think\Upload\Driver\Qiniu\QiniuStorage.class.php 第 45 行.
NOTIC: [8] Undefined index: saveName D:\WWW\tejinhui\ThinkPHP\Library\Think\Upload\Driver\Qiniu\QiniuStorage.class.php 第 80 行.
NOTIC: [8] Undefined index: custom_fields D:\WWW\tejinhui\ThinkPHP\Library\Think\Upload\Driver\Qiniu\QiniuStorage.class.php 第 83 行.
INFO: [ app_end ] --START--
INFO: Run Behavior\ShowPageTraceBehavior [ RunTime:0.001000s ]
INFO: [ app_end ] --END-- [ RunTime:0.001000s ]

[ 2017-05-18T11:26:27+08:00 ] 127.0.0.1 /index.php/Portal/Upload/load/zzp/
INFO: [ app_init ] --START--
INFO: Run Behavior\BuildLiteBehavior [ RunTime:0.000000s ]
INFO: [ app_init ] --END-- [ RunTime:0.000000s ]
INFO: [ app_begin ] --START--
INFO: Run Behavior\ReadHtmlCacheBehavior [ RunTime:0.001000s ]
INFO: [ app_begin ] --END-- [ RunTime:0.001000s ]
NOTIC: [2] call_user_func() expects parameter 1 to be a valid callback, no array or string given D:\WWW\tejinhui\ThinkPHP\Library\Think\Upload.class.php 第 170 行.
NOTIC: [8] Undefined index: Expires D:\WWW\tejinhui\ThinkPHP\Library\Think\Upload\Driver\Qiniu\QiniuStorage.class.php 第 45 行.
NOTIC: [8] Undefined index: saveName D:\WWW\tejinhui\ThinkPHP\Library\Think\Upload\Driver\Qiniu\QiniuStorage.class.php 第 80 行.
NOTIC: [8] Undefined index: custom_fields D:\WWW\tejinhui\ThinkPHP\Library\Think\Upload\Driver\Qiniu\QiniuStorage.class.php 第 83 行.
INFO: [ app_end ] --START--
INFO: Run Behavior\ShowPageTraceBehavior [ RunTime:0.001000s ]
INFO: [ app_end ] --END-- [ RunTime:0.001000s ]

[ 2017-05-18T11:26:31+08:00 ] 127.0.0.1 /index.php/Portal/Upload/load/zzp/
INFO: [ app_init ] --START--
INFO: Run Behavior\BuildLiteBehavior [ RunTime:0.000000s ]
INFO: [ app_init ] --END-- [ RunTime:0.001000s ]
INFO: [ app_begin ] --START--
INFO: Run Behavior\ReadHtmlCacheBehavior [ RunTime:0.001000s ]
INFO: [ app_begin ] --END-- [ RunTime:0.001000s ]
NOTIC: [2] call_user_func() expects parameter 1 to be a valid callback, no array or string given D:\WWW\tejinhui\ThinkPHP\Library\Think\Upload.class.php 第 170 行.
NOTIC: [8] Undefined index: Expires D:\WWW\tejinhui\ThinkPHP\Library\Think\Upload\Driver\Qiniu\QiniuStorage.class.php 第 45 行.
NOTIC: [8] Undefined index: saveName D:\WWW\tejinhui\ThinkPHP\Library\Think\Upload\Driver\Qiniu\QiniuStorage.class.php 第 80 行.
NOTIC: [8] Undefined index: custom_fields D:\WWW\tejinhui\ThinkPHP\Library\Think\Upload\Driver\Qiniu\QiniuStorage.class.php 第 83 行.
INFO: [ app_end ] --START--
INFO: Run Behavior\ShowPageTraceBehavior [ RunTime:0.001000s ]
INFO: [ app_end ] --END-- [ RunTime:0.001000s ]

[ 2017-05-18T11:27:24+08:00 ] 127.0.0.1 /index.php/Portal/Upload/load/zzp/zip
INFO: [ app_init ] --START--
INFO: Run Behavior\BuildLiteBehavior [ RunTime:0.000000s ]
INFO: [ app_init ] --END-- [ RunTime:0.000000s ]
INFO: [ app_begin ] --START--
INFO: Run Behavior\ReadHtmlCacheBehavior [ RunTime:0.000000s ]
INFO: [ app_begin ] --END-- [ RunTime:0.000000s ]
NOTIC: [2] call_user_func() expects parameter 1 to be a valid callback, no array or string given D:\WWW\tejinhui\ThinkPHP\Library\Think\Upload.class.php 第 170 行.
NOTIC: [8] Undefined index: Expires D:\WWW\tejinhui\ThinkPHP\Library\Think\Upload\Driver\Qiniu\QiniuStorage.class.php 第 45 行.
NOTIC: [8] Undefined index: saveName D:\WWW\tejinhui\ThinkPHP\Library\Think\Upload\Driver\Qiniu\QiniuStorage.class.php 第 80 行.
NOTIC: [8] Undefined index: custom_fields D:\WWW\tejinhui\ThinkPHP\Library\Think\Upload\Driver\Qiniu\QiniuStorage.class.php 第 83 行.
INFO: [ app_end ] --START--
INFO: Run Behavior\ShowPageTraceBehavior [ RunTime:0.001000s ]
INFO: [ app_end ] --END-- [ RunTime:0.001000s ]

[ 2017-05-18T11:27:43+08:00 ] 127.0.0.1 /index.php/Portal/Upload/load/zzp/pdf
INFO: [ app_init ] --START--
INFO: Run Behavior\BuildLiteBehavior [ RunTime:0.000000s ]
INFO: [ app_init ] --END-- [ RunTime:0.000000s ]
INFO: [ app_begin ] --START--
INFO: Run Behavior\ReadHtmlCacheBehavior [ RunTime:0.000000s ]
INFO: [ app_begin ] --END-- [ RunTime:0.000000s ]
NOTIC: [2] call_user_func() expects parameter 1 to be a valid callback, no array or string given D:\WWW\tejinhui\ThinkPHP\Library\Think\Upload.class.php 第 170 行.
NOTIC: [8] Undefined index: Expires D:\WWW\tejinhui\ThinkPHP\Library\Think\Upload\Driver\Qiniu\QiniuStorage.class.php 第 45 行.
NOTIC: [8] Undefined index: saveName D:\WWW\tejinhui\ThinkPHP\Library\Think\Upload\Driver\Qiniu\QiniuStorage.class.php 第 80 行.
NOTIC: [8] Undefined index: custom_fields D:\WWW\tejinhui\ThinkPHP\Library\Think\Upload\Driver\Qiniu\QiniuStorage.class.php 第 83 行.
INFO: [ app_end ] --START--
INFO: Run Behavior\ShowPageTraceBehavior [ RunTime:0.001000s ]
INFO: [ app_end ] --END-- [ RunTime:0.001000s ]

[ 2017-05-18T11:27:48+08:00 ] 127.0.0.1 /index.php/Portal/Upload/load/zzp/
INFO: [ app_init ] --START--
INFO: Run Behavior\BuildLiteBehavior [ RunTime:0.000000s ]
INFO: [ app_init ] --END-- [ RunTime:0.000000s ]
INFO: [ app_begin ] --START--
INFO: Run Behavior\ReadHtmlCacheBehavior [ RunTime:0.000000s ]
INFO: [ app_begin ] --END-- [ RunTime:0.000000s ]
NOTIC: [2] call_user_func() expects parameter 1 to be a valid callback, no array or string given D:\WWW\tejinhui\ThinkPHP\Library\Think\Upload.class.php 第 170 行.
NOTIC: [8] Undefined index: Expires D:\WWW\tejinhui\ThinkPHP\Library\Think\Upload\Driver\Qiniu\QiniuStorage.class.php 第 45 行.
NOTIC: [8] Undefined index: saveName D:\WWW\tejinhui\ThinkPHP\Library\Think\Upload\Driver\Qiniu\QiniuStorage.class.php 第 80 行.
NOTIC: [8] Undefined index: custom_fields D:\WWW\tejinhui\ThinkPHP\Library\Think\Upload\Driver\Qiniu\QiniuStorage.class.php 第 83 行.
INFO: [ app_end ] --START--
INFO: Run Behavior\ShowPageTraceBehavior [ RunTime:0.001000s ]
INFO: [ app_end ] --END-- [ RunTime:0.001000s ]

[ 2017-05-18T11:27:52+08:00 ] 127.0.0.1 /index.php/Portal/Upload/load/zzp/
INFO: [ app_init ] --START--
INFO: Run Behavior\BuildLiteBehavior [ RunTime:0.000000s ]
INFO: [ app_init ] --END-- [ RunTime:0.001000s ]
INFO: [ app_begin ] --START--
INFO: Run Behavior\ReadHtmlCacheBehavior [ RunTime:0.000000s ]
INFO: [ app_begin ] --END-- [ RunTime:0.000000s ]
NOTIC: [2] call_user_func() expects parameter 1 to be a valid callback, no array or string given D:\WWW\tejinhui\ThinkPHP\Library\Think\Upload.class.php 第 170 行.
NOTIC: [8] Undefined index: Expires D:\WWW\tejinhui\ThinkPHP\Library\Think\Upload\Driver\Qiniu\QiniuStorage.class.php 第 45 行.
NOTIC: [8] Undefined index: saveName D:\WWW\tejinhui\ThinkPHP\Library\Think\Upload\Driver\Qiniu\QiniuStorage.class.php 第 80 行.
NOTIC: [8] Undefined index: custom_fields D:\WWW\tejinhui\ThinkPHP\Library\Think\Upload\Driver\Qiniu\QiniuStorage.class.php 第 83 行.
INFO: [ app_end ] --START--
INFO: Run Behavior\ShowPageTraceBehavior [ RunTime:0.001000s ]
INFO: [ app_end ] --END-- [ RunTime:0.001000s ]

[ 2017-05-18T11:27:56+08:00 ] 127.0.0.1 /index.php/Portal/Upload/load/zzp/
INFO: [ app_init ] --START--
INFO: Run Behavior\BuildLiteBehavior [ RunTime:0.000000s ]
INFO: [ app_init ] --END-- [ RunTime:0.000000s ]
INFO: [ app_begin ] --START--
INFO: Run Behavior\ReadHtmlCacheBehavior [ RunTime:0.000000s ]
INFO: [ app_begin ] --END-- [ RunTime:0.000000s ]
NOTIC: [2] call_user_func() expects parameter 1 to be a valid callback, no array or string given D:\WWW\tejinhui\ThinkPHP\Library\Think\Upload.class.php 第 170 行.
NOTIC: [8] Undefined index: Expires D:\WWW\tejinhui\ThinkPHP\Library\Think\Upload\Driver\Qiniu\QiniuStorage.class.php 第 45 行.
NOTIC: [8] Undefined index: saveName D:\WWW\tejinhui\ThinkPHP\Library\Think\Upload\Driver\Qiniu\QiniuStorage.class.php 第 80 行.
NOTIC: [8] Undefined index: custom_fields D:\WWW\tejinhui\ThinkPHP\Library\Think\Upload\Driver\Qiniu\QiniuStorage.class.php 第 83 行.
INFO: [ app_end ] --START--
INFO: Run Behavior\ShowPageTraceBehavior [ RunTime:0.001000s ]
INFO: [ app_end ] --END-- [ RunTime:0.001000s ]

[ 2017-05-18T11:28:05+08:00 ] 127.0.0.1 /index.php/Portal/Upload/load/zzp/
INFO: [ app_init ] --START--
INFO: Run Behavior\BuildLiteBehavior [ RunTime:0.000000s ]
INFO: [ app_init ] --END-- [ RunTime:0.001000s ]
INFO: [ app_begin ] --START--
INFO: Run Behavior\ReadHtmlCacheBehavior [ RunTime:0.000000s ]
INFO: [ app_begin ] --END-- [ RunTime:0.000000s ]
NOTIC: [2] call_user_func() expects parameter 1 to be a valid callback, no array or string given D:\WWW\tejinhui\ThinkPHP\Library\Think\Upload.class.php 第 170 行.
NOTIC: [8] Undefined index: Expires D:\WWW\tejinhui\ThinkPHP\Library\Think\Upload\Driver\Qiniu\QiniuStorage.class.php 第 45 行.
NOTIC: [8] Undefined index: saveName D:\WWW\tejinhui\ThinkPHP\Library\Think\Upload\Driver\Qiniu\QiniuStorage.class.php 第 80 行.
NOTIC: [8] Undefined index: custom_fields D:\WWW\tejinhui\ThinkPHP\Library\Think\Upload\Driver\Qiniu\QiniuStorage.class.php 第 83 行.
INFO: [ app_end ] --START--
INFO: Run Behavior\ShowPageTraceBehavior [ RunTime:0.001000s ]
INFO: [ app_end ] --END-- [ RunTime:0.001000s ]

[ 2017-05-18T16:48:25+08:00 ] 127.0.0.1 /Portal/Area/codeB.html
INFO: [ app_init ] --START--
INFO: Run Behavior\BuildLiteBehavior [ RunTime:0.000000s ]
INFO: [ app_init ] --END-- [ RunTime:0.001000s ]
INFO: [ app_begin ] --START--
INFO: Run Behavior\ReadHtmlCacheBehavior [ RunTime:0.000000s ]
INFO: [ app_begin ] --END-- [ RunTime:0.001000s ]
SQL: SHOW COLUMNS FROM `tb_area` [ RunTime:0.0030s ]
SQL: SELECT `id`,`name`,`pid`,`code` FROM `tb_area` WHERE `pid` = 2  [ RunTime:0.0020s ]

[ 2017-05-18T16:48:40+08:00 ] 127.0.0.1 /Portal/Upload/load.html
INFO: [ app_init ] --START--
INFO: Run Behavior\BuildLiteBehavior [ RunTime:0.000000s ]
INFO: [ app_init ] --END-- [ RunTime:0.000000s ]
INFO: [ app_begin ] --START--
INFO: Run Behavior\ReadHtmlCacheBehavior [ RunTime:0.000000s ]
INFO: [ app_begin ] --END-- [ RunTime:0.000000s ]
NOTIC: [2] call_user_func() expects parameter 1 to be a valid callback, no array or string given D:\WWW\tejinhui\ThinkPHP\Library\Think\Upload.class.php 第 170 行.
NOTIC: [8] Undefined index: Expires D:\WWW\tejinhui\ThinkPHP\Library\Think\Upload\Driver\Qiniu\QiniuStorage.class.php 第 45 行.
NOTIC: [8] Undefined index: saveName D:\WWW\tejinhui\ThinkPHP\Library\Think\Upload\Driver\Qiniu\QiniuStorage.class.php 第 80 行.
NOTIC: [8] Undefined index: custom_fields D:\WWW\tejinhui\ThinkPHP\Library\Think\Upload\Driver\Qiniu\QiniuStorage.class.php 第 83 行.
INFO: [ app_end ] --START--
INFO: Run Behavior\ShowPageTraceBehavior [ RunTime:0.001000s ]
INFO: [ app_end ] --END-- [ RunTime:0.001000s ]

[ 2017-05-18T16:48:59+08:00 ] 127.0.0.1 /Portal/Area/codeB.html
INFO: [ app_init ] --START--
INFO: Run Behavior\BuildLiteBehavior [ RunTime:0.000000s ]
INFO: [ app_init ] --END-- [ RunTime:0.001000s ]
INFO: [ app_begin ] --START--
INFO: Run Behavior\ReadHtmlCacheBehavior [ RunTime:0.001000s ]
INFO: [ app_begin ] --END-- [ RunTime:0.001000s ]
SQL: SHOW COLUMNS FROM `tb_area` [ RunTime:0.0040s ]
SQL: SELECT `id`,`name`,`pid`,`code` FROM `tb_area` WHERE `pid` = 2  [ RunTime:0.0010s ]

[ 2017-05-18T16:49:09+08:00 ] 127.0.0.1 /Portal/Area/codeB.html
INFO: [ app_init ] --START--
INFO: Run Behavior\BuildLiteBehavior [ RunTime:0.000000s ]
INFO: [ app_init ] --END-- [ RunTime:0.000000s ]
INFO: [ app_begin ] --START--
INFO: Run Behavior\ReadHtmlCacheBehavior [ RunTime:0.001000s ]
INFO: [ app_begin ] --END-- [ RunTime:0.001000s ]
SQL: SHOW COLUMNS FROM `tb_area` [ RunTime:0.0040s ]
SQL: SELECT `id`,`name`,`pid`,`code` FROM `tb_area` WHERE `pid` = 2  [ RunTime:0.0010s ]

[ 2017-05-18T16:49:25+08:00 ] 127.0.0.1 /Portal/Area/codeB.html
INFO: [ app_init ] --START--
INFO: Run Behavior\BuildLiteBehavior [ RunTime:0.000000s ]
INFO: [ app_init ] --END-- [ RunTime:0.000000s ]
INFO: [ app_begin ] --START--
INFO: Run Behavior\ReadHtmlCacheBehavior [ RunTime:0.000000s ]
INFO: [ app_begin ] --END-- [ RunTime:0.000000s ]
SQL: SHOW COLUMNS FROM `tb_area` [ RunTime:0.0030s ]
SQL: SELECT `id`,`name`,`pid`,`code` FROM `tb_area` WHERE `pid` = 2  [ RunTime:0.0010s ]

[ 2017-05-18T16:49:35+08:00 ] 127.0.0.1 /Portal/Area/codeB.html
INFO: [ app_init ] --START--
INFO: Run Behavior\BuildLiteBehavior [ RunTime:0.000000s ]
INFO: [ app_init ] --END-- [ RunTime:0.000000s ]
INFO: [ app_begin ] --START--
INFO: Run Behavior\ReadHtmlCacheBehavior [ RunTime:0.001000s ]
INFO: [ app_begin ] --END-- [ RunTime:0.001000s ]
SQL: SHOW COLUMNS FROM `tb_area` [ RunTime:0.0030s ]
SQL: SELECT `id`,`name`,`pid`,`code` FROM `tb_area` WHERE `pid` = 2  [ RunTime:0.0010s ]

[ 2017-05-18T17:23:08+08:00 ] 127.0.0.1 /Portal/Area/codeB.html
INFO: [ app_init ] --START--
INFO: Run Behavior\BuildLiteBehavior [ RunTime:0.000000s ]
INFO: [ app_init ] --END-- [ RunTime:0.000000s ]
INFO: [ app_begin ] --START--
INFO: Run Behavior\ReadHtmlCacheBehavior [ RunTime:0.000000s ]
INFO: [ app_begin ] --END-- [ RunTime:0.000000s ]
SQL: SHOW COLUMNS FROM `tb_area` [ RunTime:0.0020s ]
SQL: SELECT `id`,`name`,`pid`,`code` FROM `tb_area` WHERE `pid` = 14  [ RunTime:0.0010s ]

[ 2017-05-18T17:24:17+08:00 ] 127.0.0.1 /Portal/Area/codeB.html
INFO: [ app_init ] --START--
INFO: Run Behavior\BuildLiteBehavior [ RunTime:0.000000s ]
INFO: [ app_init ] --END-- [ RunTime:0.000000s ]
INFO: [ app_begin ] --START--
INFO: Run Behavior\ReadHtmlCacheBehavior [ RunTime:0.000000s ]
INFO: [ app_begin ] --END-- [ RunTime:0.000000s ]
SQL: SHOW COLUMNS FROM `tb_area` [ RunTime:0.0030s ]
SQL: SELECT `id`,`name`,`pid`,`code` FROM `tb_area` WHERE `pid` = 14  [ RunTime:0.0010s ]

[ 2017-05-18T17:24:34+08:00 ] 127.0.0.1 /Portal/Area/codeB.html
INFO: [ app_init ] --START--
INFO: Run Behavior\BuildLiteBehavior [ RunTime:0.000000s ]
INFO: [ app_init ] --END-- [ RunTime:0.000000s ]
INFO: [ app_begin ] --START--
INFO: Run Behavior\ReadHtmlCacheBehavior [ RunTime:0.000000s ]
INFO: [ app_begin ] --END-- [ RunTime:0.000000s ]
SQL: SHOW COLUMNS FROM `tb_area` [ RunTime:0.0030s ]
SQL: SELECT `id`,`name`,`pid`,`code` FROM `tb_area` WHERE `pid` = 15  [ RunTime:0.0010s ]

