[ 2017-06-08T14:22:19+08:00 ] 127.0.0.1 /User/Member/index.html
INFO: [ app_init ] --START--
INFO: Run Behavior\BuildLiteBehavior [ RunTime:0.000000s ]
INFO: [ app_init ] --END-- [ RunTime:0.000000s ]
INFO: [ app_begin ] --START--
INFO: Run Behavior\ReadHtmlCacheBehavior [ RunTime:0.000000s ]
INFO: [ app_begin ] --END-- [ RunTime:0.000000s ]
SQL: SHOW COLUMNS FROM `sys_web_configure` [ RunTime:0.0010s ]
SQL: SELECT * FROM `sys_web_configure` WHERE `type` = 4 LIMIT 1   [ RunTime:0.0020s ]
SQL: SHOW COLUMNS FROM `sys_web_configure` [ RunTime:0.0020s ]
SQL: SELECT * FROM `sys_web_configure` WHERE `type` = 3 LIMIT 1   [ RunTime:0.0020s ]
SQL: SHOW COLUMNS FROM `sys_code` [ RunTime:0.0020s ]
SQL: SELECT * FROM `sys_code` INNER JOIN tb_ads ON sys_code.CodeID=tb_ads.Catagrote  WHERE sys_code.CodeValue = 'footAdImg' LIMIT 1   [ RunTime:0.0020s ]

[ 2017-06-08T14:22:19+08:00 ] 127.0.0.1 /User/Index/index.html
INFO: [ app_init ] --START--
INFO: Run Behavior\BuildLiteBehavior [ RunTime:0.000000s ]
INFO: [ app_init ] --END-- [ RunTime:0.000000s ]
INFO: [ app_begin ] --START--
INFO: Run Behavior\ReadHtmlCacheBehavior [ RunTime:0.001000s ]
INFO: [ app_begin ] --END-- [ RunTime:0.001000s ]
INFO: [ view_parse ] --START--
INFO: [ template_filter ] --START--
INFO: Run Behavior\ContentReplaceBehavior [ RunTime:0.000000s ]
INFO: [ template_filter ] --END-- [ RunTime:0.000000s ]
NOTIC: [8] Undefined variable: search D:\WWW\tejinhui\Application\Runtime\Cache\User\5f2d0b49f58ff7c3686d6f83be871e33.php 第 31 行.
INFO: Run Behavior\ParseTemplateBehavior [ RunTime:0.005000s ]
INFO: [ view_parse ] --END-- [ RunTime:0.005000s ]
INFO: [ view_filter ] --START--
INFO: Run Behavior\WriteHtmlCacheBehavior [ RunTime:0.001000s ]
INFO: [ view_filter ] --END-- [ RunTime:0.001000s ]
INFO: [ app_end ] --START--
INFO: Run Behavior\ShowPageTraceBehavior [ RunTime:0.000000s ]
INFO: [ app_end ] --END-- [ RunTime:0.000000s ]

[ 2017-06-08T14:22:27+08:00 ] 127.0.0.1 /User/Login/dologin.html
INFO: [ app_init ] --START--
INFO: Run Behavior\BuildLiteBehavior [ RunTime:0.000000s ]
INFO: [ app_init ] --END-- [ RunTime:0.001000s ]
INFO: [ app_begin ] --START--
INFO: Run Behavior\ReadHtmlCacheBehavior [ RunTime:0.001000s ]
INFO: [ app_begin ] --END-- [ RunTime:0.001000s ]
SQL: SHOW COLUMNS FROM `tb_member` [ RunTime:0.0020s ]
NOTIC: [8] Undefined index: auto D:\WWW\tejinhui\ThinkPHP\Library\Think\Model.class.php 第 1128 行.
SQL: SELECT * FROM `tb_member` LEFT JOIN tb_memberprofile ON tb_member.MemberId = tb_memberprofile.MemberID  WHERE `MemberName` = 'wwwwwww' LIMIT 1   [ RunTime:0.0030s ]
SQL: UPDATE `tb_member` SET `LastLoginTime`='2017-06-08 14:22:27',`LastLoginIP`='127.0.0.1' WHERE `MemberId` = '3' [ RunTime:0.0370s ]
SQL: SHOW COLUMNS FROM `sys_code` [ RunTime:0.0020s ]
SQL: SELECT * FROM `sys_code` WHERE `CodeID` = '63' LIMIT 1   [ RunTime:0.0010s ]
SQL: UPDATE `tb_member` SET `FailTimes`='0' WHERE `MemberId` = '3' [ RunTime:0.0210s ]

[ 2017-06-08T14:22:27+08:00 ] 127.0.0.1 /User/Member/index.html
INFO: [ app_init ] --START--
INFO: Run Behavior\BuildLiteBehavior [ RunTime:0.001000s ]
INFO: [ app_init ] --END-- [ RunTime:0.001000s ]
INFO: [ app_begin ] --START--
INFO: Run Behavior\ReadHtmlCacheBehavior [ RunTime:0.000000s ]
INFO: [ app_begin ] --END-- [ RunTime:0.000000s ]
SQL: SHOW COLUMNS FROM `sys_web_configure` [ RunTime:0.0010s ]
SQL: SELECT * FROM `sys_web_configure` WHERE `type` = 4 LIMIT 1   [ RunTime:0.0010s ]
SQL: SHOW COLUMNS FROM `sys_web_configure` [ RunTime:0.0010s ]
SQL: SELECT * FROM `sys_web_configure` WHERE `type` = 3 LIMIT 1   [ RunTime:0.0020s ]
SQL: SHOW COLUMNS FROM `sys_code` [ RunTime:0.0010s ]
SQL: SELECT * FROM `sys_code` INNER JOIN tb_ads ON sys_code.CodeID=tb_ads.Catagrote  WHERE sys_code.CodeValue = 'footAdImg' LIMIT 1   [ RunTime:0.0020s ]
INFO: [ view_parse ] --START--
INFO: [ template_filter ] --START--
INFO: Run Behavior\ContentReplaceBehavior [ RunTime:0.000000s ]
INFO: [ template_filter ] --END-- [ RunTime:0.000000s ]
NOTIC: [8] Undefined variable: search D:\WWW\tejinhui\Application\Runtime\Cache\User\feebdcce97289611e131c0837d6fe48e.php 第 31 行.
NOTIC: [8] Undefined index: discuz_auth_key D:\WWW\tejinhui\Application\Common\Common\function.php 第 550 行.
NOTIC: [8] Undefined variable: user D:\WWW\tejinhui\Application\Runtime\Cache\User\feebdcce97289611e131c0837d6fe48e.php 第 103 行.
INFO: Run Behavior\ParseTemplateBehavior [ RunTime:0.018000s ]
INFO: [ view_parse ] --END-- [ RunTime:0.018000s ]
INFO: [ view_filter ] --START--
INFO: Run Behavior\WriteHtmlCacheBehavior [ RunTime:0.000000s ]
INFO: [ view_filter ] --END-- [ RunTime:0.000000s ]
INFO: [ app_end ] --START--
INFO: Run Behavior\ShowPageTraceBehavior [ RunTime:0.000000s ]
INFO: [ app_end ] --END-- [ RunTime:0.000000s ]

[ 2017-06-08T14:22:27+08:00 ] 127.0.0.1 /User/Common/train.html
INFO: [ app_init ] --START--
INFO: Run Behavior\BuildLiteBehavior [ RunTime:0.000000s ]
INFO: [ app_init ] --END-- [ RunTime:0.000000s ]
INFO: [ app_begin ] --START--
INFO: Run Behavior\ReadHtmlCacheBehavior [ RunTime:0.000000s ]
INFO: [ app_begin ] --END-- [ RunTime:0.000000s ]
SQL: SHOW COLUMNS FROM `sys_web_configure` [ RunTime:0.0020s ]
SQL: SELECT * FROM `sys_web_configure` WHERE `type` = 4 LIMIT 1   [ RunTime:0.0010s ]
SQL: SHOW COLUMNS FROM `sys_web_configure` [ RunTime:0.0010s ]
SQL: SELECT * FROM `sys_web_configure` WHERE `type` = 3 LIMIT 1   [ RunTime:0.0000s ]
SQL: SHOW COLUMNS FROM `sys_code` [ RunTime:0.0020s ]
SQL: SELECT * FROM `sys_code` INNER JOIN tb_ads ON sys_code.CodeID=tb_ads.Catagrote  WHERE sys_code.CodeValue = 'footAdImg' LIMIT 1   [ RunTime:0.0020s ]
SQL: SHOW COLUMNS FROM `sys_articlescrap` [ RunTime:0.0020s ]
SQL: SELECT COUNT(*) AS tp_count FROM `sys_articlescrap` WHERE `type` = 19 ORDER BY `no` asc,`createtime` desc LIMIT 1   [ RunTime:0.0010s ]
SQL: SHOW COLUMNS FROM `sys_articlescrap` [ RunTime:0.0010s ]
SQL: SELECT * FROM `sys_articlescrap` WHERE `type` = 19 ORDER BY `no` asc,`createtime` desc LIMIT 0,10   [ RunTime:0.0010s ]
INFO: [ view_parse ] --START--
INFO: [ template_filter ] --START--
INFO: Run Behavior\ContentReplaceBehavior [ RunTime:0.000000s ]
INFO: [ template_filter ] --END-- [ RunTime:0.000000s ]
NOTIC: [8] Undefined index: discuz_auth_key D:\WWW\tejinhui\Application\Common\Common\function.php 第 550 行.
NOTIC: [8] Undefined index: discuz_auth_key D:\WWW\tejinhui\Application\Common\Common\function.php 第 550 行.
NOTIC: [8] Undefined index: discuz_auth_key D:\WWW\tejinhui\Application\Common\Common\function.php 第 550 行.
NOTIC: [8] Undefined index: discuz_auth_key D:\WWW\tejinhui\Application\Common\Common\function.php 第 550 行.
NOTIC: [8] Undefined index: discuz_auth_key D:\WWW\tejinhui\Application\Common\Common\function.php 第 550 行.
NOTIC: [8] Undefined index: discuz_auth_key D:\WWW\tejinhui\Application\Common\Common\function.php 第 550 行.
NOTIC: [8] Undefined index: discuz_auth_key D:\WWW\tejinhui\Application\Common\Common\function.php 第 550 行.
NOTIC: [8] Undefined index: discuz_auth_key D:\WWW\tejinhui\Application\Common\Common\function.php 第 550 行.
NOTIC: [8] Undefined variable: page D:\WWW\tejinhui\Application\Runtime\Cache\User\f2e2a14500611210fbdc8b63575c30b0.php 第 43 行.
INFO: Run Behavior\ParseTemplateBehavior [ RunTime:0.014000s ]
INFO: [ view_parse ] --END-- [ RunTime:0.015000s ]
INFO: [ view_filter ] --START--
INFO: Run Behavior\WriteHtmlCacheBehavior [ RunTime:0.000000s ]
INFO: [ view_filter ] --END-- [ RunTime:0.000000s ]
INFO: [ app_end ] --START--
INFO: Run Behavior\ShowPageTraceBehavior [ RunTime:0.000000s ]
INFO: [ app_end ] --END-- [ RunTime:0.000000s ]

[ 2017-06-08T14:22:29+08:00 ] 127.0.0.1 /User/Common/memberindex.html
INFO: [ app_init ] --START--
INFO: Run Behavior\BuildLiteBehavior [ RunTime:0.000000s ]
INFO: [ app_init ] --END-- [ RunTime:0.000000s ]
INFO: [ app_begin ] --START--
INFO: Run Behavior\ReadHtmlCacheBehavior [ RunTime:0.000000s ]
INFO: [ app_begin ] --END-- [ RunTime:0.000000s ]
SQL: SHOW COLUMNS FROM `sys_web_configure` [ RunTime:0.0010s ]
SQL: SELECT * FROM `sys_web_configure` WHERE `type` = 4 LIMIT 1   [ RunTime:0.0020s ]
SQL: SHOW COLUMNS FROM `sys_web_configure` [ RunTime:0.0020s ]
SQL: SELECT * FROM `sys_web_configure` WHERE `type` = 3 LIMIT 1   [ RunTime:0.0010s ]
SQL: SHOW COLUMNS FROM `sys_code` [ RunTime:0.0020s ]
SQL: SELECT * FROM `sys_code` INNER JOIN tb_ads ON sys_code.CodeID=tb_ads.Catagrote  WHERE sys_code.CodeValue = 'footAdImg' LIMIT 1   [ RunTime:0.0010s ]
SQL: SHOW COLUMNS FROM `tb_memberaccount` [ RunTime:0.0020s ]
SQL: SELECT * FROM `tb_memberaccount` RIGHT JOIN tb_member ON tb_memberaccount.MemberId=tb_member.MemberId  WHERE tb_memberaccount.MemberId = '3' LIMIT 1   [ RunTime:0.0020s ]
SQL: SHOW COLUMNS FROM `sys_code` [ RunTime:0.0020s ]
SQL: SELECT * FROM `sys_code` WHERE `CodeID` = '63' LIMIT 1   [ RunTime:0.0020s ]
SQL: SHOW COLUMNS FROM `sys_code` [ RunTime:0.0020s ]
SQL: SELECT * FROM `sys_code` WHERE `CodeGroup` = 10109 LIMIT 1   [ RunTime:0.0020s ]
SQL: SHOW COLUMNS FROM `tb_area` [ RunTime:0.0020s ]
SQL: SELECT `name` FROM `tb_area` WHERE `id` = 18 LIMIT 1   [ RunTime:0.0020s ]
SQL: SELECT `name` FROM `tb_area` WHERE `id` = 273 LIMIT 1   [ RunTime:0.0010s ]
INFO: [ view_parse ] --START--
INFO: [ template_filter ] --START--
INFO: Run Behavior\ContentReplaceBehavior [ RunTime:0.000000s ]
INFO: [ template_filter ] --END-- [ RunTime:0.000000s ]
SQL: SHOW COLUMNS FROM `tb_memberblancellog` [ RunTime:0.0020s ]
SQL: SELECT ROUND(sum(OffSetValue),2) as OffSetValue FROM `tb_memberblancellog` WHERE `CreateTime` BETWEEN '2017-06-01 14:22:29' AND '2017-06-08 14:22:29' AND `MemberId` = '3' LIMIT 1   [ RunTime:0.0010s ]
SQL: SELECT * FROM `tb_memberaccount` WHERE `MemberId` = '3' LIMIT 1   [ RunTime:0.0010s ]
SQL: SHOW COLUMNS FROM `tb_member` [ RunTime:0.0020s ]
SQL: SELECT COUNT(*) AS tp_count FROM `tb_member` INNER JOIN tb_memberprofile ON tb_memberprofile.MemberID =tb_member.MemberId   WHERE tb_member.RecommendMember = '3' LIMIT 1   [ RunTime:0.0010s ]
SQL: SELECT `MemberId`,`MemberName` FROM `tb_member` WHERE tb_member.RecommendMember = '3'  [ RunTime:0.0010s ]
SQL: SHOW COLUMNS FROM `tb_assets` [ RunTime:0.0020s ]
SQL: SELECT COUNT(*) AS tp_count FROM `tb_assets` WHERE `memberid` IN ('19') LIMIT 1   [ RunTime:0.0010s ]
SQL: SELECT `MemberId`,`MemberName` FROM `tb_member` WHERE tb_member.RecommendMember = '3'  [ RunTime:0.0020s ]
SQL: SHOW COLUMNS FROM `tb_order` [ RunTime:0.0010s ]
SQL: SELECT SUM(DealPrice) as price FROM `tb_order` WHERE `CreateUser` IN ('19') AND `OrderStatue` = 2 LIMIT 1   [ RunTime:0.0010s ]
INFO: Run Behavior\ParseTemplateBehavior [ RunTime:0.048000s ]
INFO: [ view_parse ] --END-- [ RunTime:0.048000s ]
INFO: [ view_filter ] --START--
INFO: Run Behavior\WriteHtmlCacheBehavior [ RunTime:0.000000s ]
INFO: [ view_filter ] --END-- [ RunTime:0.000000s ]
INFO: [ app_end ] --START--
INFO: Run Behavior\ShowPageTraceBehavior [ RunTime:0.000000s ]
INFO: [ app_end ] --END-- [ RunTime:0.000000s ]

[ 2017-06-08T14:22:30+08:00 ] 127.0.0.1 /User/Common/memberupdata.html
INFO: [ app_init ] --START--
INFO: Run Behavior\BuildLiteBehavior [ RunTime:0.000000s ]
INFO: [ app_init ] --END-- [ RunTime:0.000000s ]
INFO: [ app_begin ] --START--
INFO: Run Behavior\ReadHtmlCacheBehavior [ RunTime:0.000000s ]
INFO: [ app_begin ] --END-- [ RunTime:0.000000s ]
SQL: SHOW COLUMNS FROM `sys_web_configure` [ RunTime:0.0020s ]
SQL: SELECT * FROM `sys_web_configure` WHERE `type` = 4 LIMIT 1   [ RunTime:0.0020s ]
SQL: SHOW COLUMNS FROM `sys_web_configure` [ RunTime:0.0020s ]
SQL: SELECT * FROM `sys_web_configure` WHERE `type` = 3 LIMIT 1   [ RunTime:0.0020s ]
SQL: SHOW COLUMNS FROM `sys_code` [ RunTime:0.0020s ]
SQL: SELECT * FROM `sys_code` INNER JOIN tb_ads ON sys_code.CodeID=tb_ads.Catagrote  WHERE sys_code.CodeValue = 'footAdImg' LIMIT 1   [ RunTime:0.0020s ]
SQL: SHOW COLUMNS FROM `tb_area` [ RunTime:0.0030s ]
SQL: SELECT `id`,`name`,`pid`,`code` FROM `tb_area` WHERE `pid` = 0  [ RunTime:0.0010s ]
SQL: SHOW COLUMNS FROM `tb_memberprofile` [ RunTime:0.0020s ]
SQL: SELECT * FROM `tb_memberprofile` WHERE `MemberID` = '3' LIMIT 1   [ RunTime:0.0020s ]
SQL: SHOW COLUMNS FROM `sys_code` [ RunTime:0.0020s ]
SQL: SELECT * FROM `sys_code` WHERE ( CodeID= '4' ) LIMIT 1   [ RunTime:0.0010s ]
INFO: [ view_parse ] --START--
INFO: [ template_filter ] --START--
INFO: Run Behavior\ContentReplaceBehavior [ RunTime:0.000000s ]
INFO: [ template_filter ] --END-- [ RunTime:0.000000s ]
INFO: Run Behavior\ParseTemplateBehavior [ RunTime:0.025000s ]
INFO: [ view_parse ] --END-- [ RunTime:0.025000s ]
INFO: [ view_filter ] --START--
INFO: Run Behavior\WriteHtmlCacheBehavior [ RunTime:0.000000s ]
INFO: [ view_filter ] --END-- [ RunTime:0.000000s ]
INFO: [ app_end ] --START--
INFO: Run Behavior\ShowPageTraceBehavior [ RunTime:0.000000s ]
INFO: [ app_end ] --END-- [ RunTime:0.001000s ]

[ 2017-06-08T14:22:44+08:00 ] 127.0.0.1 /User/Common/memberindex.html
INFO: [ app_init ] --START--
INFO: Run Behavior\BuildLiteBehavior [ RunTime:0.000000s ]
INFO: [ app_init ] --END-- [ RunTime:0.001000s ]
INFO: [ app_begin ] --START--
INFO: Run Behavior\ReadHtmlCacheBehavior [ RunTime:0.001000s ]
INFO: [ app_begin ] --END-- [ RunTime:0.001000s ]
SQL: SHOW COLUMNS FROM `sys_web_configure` [ RunTime:0.0020s ]
SQL: SELECT * FROM `sys_web_configure` WHERE `type` = 4 LIMIT 1   [ RunTime:0.0010s ]
SQL: SHOW COLUMNS FROM `sys_web_configure` [ RunTime:0.0020s ]
SQL: SELECT * FROM `sys_web_configure` WHERE `type` = 3 LIMIT 1   [ RunTime:0.0010s ]
SQL: SHOW COLUMNS FROM `sys_code` [ RunTime:0.0010s ]
SQL: SELECT * FROM `sys_code` INNER JOIN tb_ads ON sys_code.CodeID=tb_ads.Catagrote  WHERE sys_code.CodeValue = 'footAdImg' LIMIT 1   [ RunTime:0.0010s ]
SQL: SHOW COLUMNS FROM `tb_memberaccount` [ RunTime:0.0020s ]
SQL: SELECT * FROM `tb_memberaccount` RIGHT JOIN tb_member ON tb_memberaccount.MemberId=tb_member.MemberId  WHERE tb_memberaccount.MemberId = '3' LIMIT 1   [ RunTime:0.0020s ]
SQL: SHOW COLUMNS FROM `sys_code` [ RunTime:0.0020s ]
SQL: SELECT * FROM `sys_code` WHERE `CodeID` = '63' LIMIT 1   [ RunTime:0.0010s ]
SQL: SHOW COLUMNS FROM `sys_code` [ RunTime:0.0010s ]
SQL: SELECT * FROM `sys_code` WHERE `CodeGroup` = 10109 LIMIT 1   [ RunTime:0.0010s ]
SQL: SHOW COLUMNS FROM `tb_area` [ RunTime:0.0020s ]
SQL: SELECT `name` FROM `tb_area` WHERE `id` = 18 LIMIT 1   [ RunTime:0.0010s ]
SQL: SELECT `name` FROM `tb_area` WHERE `id` = 273 LIMIT 1   [ RunTime:0.0010s ]
INFO: [ view_parse ] --START--
INFO: [ template_filter ] --START--
INFO: Run Behavior\ContentReplaceBehavior [ RunTime:0.001000s ]
INFO: [ template_filter ] --END-- [ RunTime:0.001000s ]
SQL: SHOW COLUMNS FROM `tb_memberblancellog` [ RunTime:0.0010s ]
SQL: SELECT ROUND(sum(OffSetValue),2) as OffSetValue FROM `tb_memberblancellog` WHERE `CreateTime` BETWEEN '2017-06-01 14:22:44' AND '2017-06-08 14:22:44' AND `MemberId` = '3' LIMIT 1   [ RunTime:0.0010s ]
SQL: SELECT * FROM `tb_memberaccount` WHERE `MemberId` = '3' LIMIT 1   [ RunTime:0.0010s ]
SQL: SHOW COLUMNS FROM `tb_member` [ RunTime:0.0020s ]
SQL: SELECT COUNT(*) AS tp_count FROM `tb_member` INNER JOIN tb_memberprofile ON tb_memberprofile.MemberID =tb_member.MemberId   WHERE tb_member.RecommendMember = '3' LIMIT 1   [ RunTime:0.0010s ]
SQL: SELECT `MemberId`,`MemberName` FROM `tb_member` WHERE tb_member.RecommendMember = '3'  [ RunTime:0.0010s ]
SQL: SHOW COLUMNS FROM `tb_assets` [ RunTime:0.0020s ]
SQL: SELECT COUNT(*) AS tp_count FROM `tb_assets` WHERE `memberid` IN ('19') LIMIT 1   [ RunTime:0.0010s ]
SQL: SELECT `MemberId`,`MemberName` FROM `tb_member` WHERE tb_member.RecommendMember = '3'  [ RunTime:0.0020s ]
SQL: SHOW COLUMNS FROM `tb_order` [ RunTime:0.0020s ]
SQL: SELECT SUM(DealPrice) as price FROM `tb_order` WHERE `CreateUser` IN ('19') AND `OrderStatue` = 2 LIMIT 1   [ RunTime:0.0020s ]
INFO: Run Behavior\ParseTemplateBehavior [ RunTime:0.039000s ]
INFO: [ view_parse ] --END-- [ RunTime:0.039000s ]
INFO: [ view_filter ] --START--
INFO: Run Behavior\WriteHtmlCacheBehavior [ RunTime:0.000000s ]
INFO: [ view_filter ] --END-- [ RunTime:0.000000s ]
INFO: [ app_end ] --START--
INFO: Run Behavior\ShowPageTraceBehavior [ RunTime:0.001000s ]
INFO: [ app_end ] --END-- [ RunTime:0.001000s ]

[ 2017-06-08T14:22:46+08:00 ] 127.0.0.1 /User/Common/ordermgt.html
INFO: [ app_init ] --START--
INFO: Run Behavior\BuildLiteBehavior [ RunTime:0.000000s ]
INFO: [ app_init ] --END-- [ RunTime:0.000000s ]
INFO: [ app_begin ] --START--
INFO: Run Behavior\ReadHtmlCacheBehavior [ RunTime:0.001000s ]
INFO: [ app_begin ] --END-- [ RunTime:0.001000s ]
SQL: SHOW COLUMNS FROM `sys_web_configure` [ RunTime:0.0020s ]
SQL: SELECT * FROM `sys_web_configure` WHERE `type` = 4 LIMIT 1   [ RunTime:0.0020s ]
SQL: SHOW COLUMNS FROM `sys_web_configure` [ RunTime:0.0010s ]
SQL: SELECT * FROM `sys_web_configure` WHERE `type` = 3 LIMIT 1   [ RunTime:0.0010s ]
SQL: SHOW COLUMNS FROM `sys_code` [ RunTime:0.0020s ]
SQL: SELECT * FROM `sys_code` INNER JOIN tb_ads ON sys_code.CodeID=tb_ads.Catagrote  WHERE sys_code.CodeValue = 'footAdImg' LIMIT 1   [ RunTime:0.0020s ]
SQL: SHOW COLUMNS FROM `tb_order` [ RunTime:0.0020s ]
SQL: SELECT COUNT(*) AS tp_count FROM `tb_order` INNER JOIN tb_product ON tb_product.ProductId = tb_order.ProductID INNER JOIN sys_code ON sys_code.CodeID= tb_product.ProductType  WHERE tb_order.CreateUser = '3' LIMIT 1   [ RunTime:0.0010s ]
SQL: SELECT `id`,`sn`,tb_order.Type as type,tb_order.ProductID,`DealPrice`,tb_order.ProductName as ProductName,tb_order.CreateTime as CreateTime,`OrderStatue`,`Type`,sys_code.CodeValue as CodeValue FROM `tb_order` INNER JOIN tb_product ON tb_product.ProductId = tb_order.ProductID INNER JOIN sys_code ON sys_code.CodeID= tb_product.ProductType  WHERE tb_order.CreateUser = '3' ORDER BY CreateTime DESC LIMIT 0,10   [ RunTime:0.0020s ]
SQL: SHOW COLUMNS FROM `sys_code` [ RunTime:0.0020s ]
SQL: SELECT * FROM `sys_code` WHERE ( CodeGroup = '10105' )  [ RunTime:0.0010s ]
INFO: [ view_parse ] --START--
INFO: [ template_filter ] --START--
INFO: Run Behavior\ContentReplaceBehavior [ RunTime:0.000000s ]
INFO: [ template_filter ] --END-- [ RunTime:0.000000s ]
NOTIC: [8] Undefined index: discuz_auth_key D:\WWW\tejinhui\Application\Common\Common\function.php 第 550 行.
NOTIC: [8] Undefined index: discuz_auth_key D:\WWW\tejinhui\Application\Common\Common\function.php 第 550 行.
NOTIC: [8] Undefined index: discuz_auth_key D:\WWW\tejinhui\Application\Common\Common\function.php 第 550 行.
NOTIC: [8] Undefined index: discuz_auth_key D:\WWW\tejinhui\Application\Common\Common\function.php 第 550 行.
INFO: Run Behavior\ParseTemplateBehavior [ RunTime:0.029000s ]
INFO: [ view_parse ] --END-- [ RunTime:0.029000s ]
INFO: [ view_filter ] --START--
INFO: Run Behavior\WriteHtmlCacheBehavior [ RunTime:0.000000s ]
INFO: [ view_filter ] --END-- [ RunTime:0.001000s ]
INFO: [ app_end ] --START--
INFO: Run Behavior\ShowPageTraceBehavior [ RunTime:0.001000s ]
INFO: [ app_end ] --END-- [ RunTime:0.001000s ]

[ 2017-06-08T14:22:47+08:00 ] 127.0.0.1 /User/Common/memberindex.html
INFO: [ app_init ] --START--
INFO: Run Behavior\BuildLiteBehavior [ RunTime:0.001000s ]
INFO: [ app_init ] --END-- [ RunTime:0.001000s ]
INFO: [ app_begin ] --START--
INFO: Run Behavior\ReadHtmlCacheBehavior [ RunTime:0.000000s ]
INFO: [ app_begin ] --END-- [ RunTime:0.000000s ]
SQL: SHOW COLUMNS FROM `sys_web_configure` [ RunTime:0.0020s ]
SQL: SELECT * FROM `sys_web_configure` WHERE `type` = 4 LIMIT 1   [ RunTime:0.0010s ]
SQL: SHOW COLUMNS FROM `sys_web_configure` [ RunTime:0.0020s ]
SQL: SELECT * FROM `sys_web_configure` WHERE `type` = 3 LIMIT 1   [ RunTime:0.0020s ]
SQL: SHOW COLUMNS FROM `sys_code` [ RunTime:0.0020s ]
SQL: SELECT * FROM `sys_code` INNER JOIN tb_ads ON sys_code.CodeID=tb_ads.Catagrote  WHERE sys_code.CodeValue = 'footAdImg' LIMIT 1   [ RunTime:0.0020s ]
SQL: SHOW COLUMNS FROM `tb_memberaccount` [ RunTime:0.0010s ]
SQL: SELECT * FROM `tb_memberaccount` RIGHT JOIN tb_member ON tb_memberaccount.MemberId=tb_member.MemberId  WHERE tb_memberaccount.MemberId = '3' LIMIT 1   [ RunTime:0.0010s ]
SQL: SHOW COLUMNS FROM `sys_code` [ RunTime:0.0010s ]
SQL: SELECT * FROM `sys_code` WHERE `CodeID` = '63' LIMIT 1   [ RunTime:0.0020s ]
SQL: SHOW COLUMNS FROM `sys_code` [ RunTime:0.0010s ]
SQL: SELECT * FROM `sys_code` WHERE `CodeGroup` = 10109 LIMIT 1   [ RunTime:0.0010s ]
SQL: SHOW COLUMNS FROM `tb_area` [ RunTime:0.0020s ]
SQL: SELECT `name` FROM `tb_area` WHERE `id` = 18 LIMIT 1   [ RunTime:0.0010s ]
SQL: SELECT `name` FROM `tb_area` WHERE `id` = 273 LIMIT 1   [ RunTime:0.0000s ]
INFO: [ view_parse ] --START--
INFO: [ template_filter ] --START--
INFO: Run Behavior\ContentReplaceBehavior [ RunTime:0.000000s ]
INFO: [ template_filter ] --END-- [ RunTime:0.000000s ]
SQL: SHOW COLUMNS FROM `tb_memberblancellog` [ RunTime:0.0010s ]
SQL: SELECT ROUND(sum(OffSetValue),2) as OffSetValue FROM `tb_memberblancellog` WHERE `CreateTime` BETWEEN '2017-06-01 14:22:47' AND '2017-06-08 14:22:47' AND `MemberId` = '3' LIMIT 1   [ RunTime:0.0010s ]
SQL: SELECT * FROM `tb_memberaccount` WHERE `MemberId` = '3' LIMIT 1   [ RunTime:0.0020s ]
SQL: SHOW COLUMNS FROM `tb_member` [ RunTime:0.0020s ]
SQL: SELECT COUNT(*) AS tp_count FROM `tb_member` INNER JOIN tb_memberprofile ON tb_memberprofile.MemberID =tb_member.MemberId   WHERE tb_member.RecommendMember = '3' LIMIT 1   [ RunTime:0.0010s ]
SQL: SELECT `MemberId`,`MemberName` FROM `tb_member` WHERE tb_member.RecommendMember = '3'  [ RunTime:0.0010s ]
SQL: SHOW COLUMNS FROM `tb_assets` [ RunTime:0.0020s ]
SQL: SELECT COUNT(*) AS tp_count FROM `tb_assets` WHERE `memberid` IN ('19') LIMIT 1   [ RunTime:0.0020s ]
SQL: SELECT `MemberId`,`MemberName` FROM `tb_member` WHERE tb_member.RecommendMember = '3'  [ RunTime:0.0010s ]
SQL: SHOW COLUMNS FROM `tb_order` [ RunTime:0.0010s ]
SQL: SELECT SUM(DealPrice) as price FROM `tb_order` WHERE `CreateUser` IN ('19') AND `OrderStatue` = 2 LIMIT 1   [ RunTime:0.0010s ]
INFO: Run Behavior\ParseTemplateBehavior [ RunTime:0.025000s ]
INFO: [ view_parse ] --END-- [ RunTime:0.025000s ]
INFO: [ view_filter ] --START--
INFO: Run Behavior\WriteHtmlCacheBehavior [ RunTime:0.001000s ]
INFO: [ view_filter ] --END-- [ RunTime:0.001000s ]
INFO: [ app_end ] --START--
INFO: Run Behavior\ShowPageTraceBehavior [ RunTime:0.000000s ]
INFO: [ app_end ] --END-- [ RunTime:0.000000s ]

[ 2017-06-08T14:22:49+08:00 ] 127.0.0.1 /User/Common/memberupdata.html
INFO: [ app_init ] --START--
INFO: Run Behavior\BuildLiteBehavior [ RunTime:0.000000s ]
INFO: [ app_init ] --END-- [ RunTime:0.001000s ]
INFO: [ app_begin ] --START--
INFO: Run Behavior\ReadHtmlCacheBehavior [ RunTime:0.000000s ]
INFO: [ app_begin ] --END-- [ RunTime:0.000000s ]
SQL: SHOW COLUMNS FROM `sys_web_configure` [ RunTime:0.0030s ]
SQL: SELECT * FROM `sys_web_configure` WHERE `type` = 4 LIMIT 1   [ RunTime:0.0020s ]
SQL: SHOW COLUMNS FROM `sys_web_configure` [ RunTime:0.0020s ]
SQL: SELECT * FROM `sys_web_configure` WHERE `type` = 3 LIMIT 1   [ RunTime:0.0010s ]
SQL: SHOW COLUMNS FROM `sys_code` [ RunTime:0.0020s ]
SQL: SELECT * FROM `sys_code` INNER JOIN tb_ads ON sys_code.CodeID=tb_ads.Catagrote  WHERE sys_code.CodeValue = 'footAdImg' LIMIT 1   [ RunTime:0.0010s ]
SQL: SHOW COLUMNS FROM `tb_area` [ RunTime:0.0020s ]
SQL: SELECT `id`,`name`,`pid`,`code` FROM `tb_area` WHERE `pid` = 0  [ RunTime:0.0020s ]
SQL: SHOW COLUMNS FROM `tb_memberprofile` [ RunTime:0.0010s ]
SQL: SELECT * FROM `tb_memberprofile` WHERE `MemberID` = '3' LIMIT 1   [ RunTime:0.0010s ]
SQL: SHOW COLUMNS FROM `sys_code` [ RunTime:0.0020s ]
SQL: SELECT * FROM `sys_code` WHERE ( CodeID= '4' ) LIMIT 1   [ RunTime:0.0020s ]
INFO: [ view_parse ] --START--
INFO: [ template_filter ] --START--
INFO: Run Behavior\ContentReplaceBehavior [ RunTime:0.000000s ]
INFO: [ template_filter ] --END-- [ RunTime:0.000000s ]
INFO: Run Behavior\ParseTemplateBehavior [ RunTime:0.005000s ]
INFO: [ view_parse ] --END-- [ RunTime:0.005000s ]
INFO: [ view_filter ] --START--
INFO: Run Behavior\WriteHtmlCacheBehavior [ RunTime:0.000000s ]
INFO: [ view_filter ] --END-- [ RunTime:0.001000s ]
INFO: [ app_end ] --START--
INFO: Run Behavior\ShowPageTraceBehavior [ RunTime:0.000000s ]
INFO: [ app_end ] --END-- [ RunTime:0.000000s ]

[ 2017-06-08T14:23:23+08:00 ] 127.0.0.1 /User/Logic/savemember.html
INFO: [ app_init ] --START--
INFO: Run Behavior\BuildLiteBehavior [ RunTime:0.000000s ]
INFO: [ app_init ] --END-- [ RunTime:0.000000s ]
INFO: [ app_begin ] --START--
INFO: Run Behavior\ReadHtmlCacheBehavior [ RunTime:0.001000s ]
INFO: [ app_begin ] --END-- [ RunTime:0.001000s ]
SQL: SHOW COLUMNS FROM `sys_web_configure` [ RunTime:0.0020s ]
SQL: SELECT * FROM `sys_web_configure` WHERE `type` = 4 LIMIT 1   [ RunTime:0.0020s ]
SQL: SHOW COLUMNS FROM `sys_web_configure` [ RunTime:0.0020s ]
SQL: SELECT * FROM `sys_web_configure` WHERE `type` = 3 LIMIT 1   [ RunTime:0.0020s ]
SQL: SHOW COLUMNS FROM `sys_code` [ RunTime:0.0020s ]
SQL: SELECT * FROM `sys_code` INNER JOIN tb_ads ON sys_code.CodeID=tb_ads.Catagrote  WHERE sys_code.CodeValue = 'footAdImg' LIMIT 1   [ RunTime:0.0020s ]
NOTIC: [8] Use of undefined constant IF_POST - assumed 'IF_POST' D:\WWW\tejinhui\Application\User\Controller\LogicController.class.php 第 22 行.
SQL: SHOW COLUMNS FROM `tb_memberprofile` [ RunTime:0.0020s ]
SQL: SELECT `MemberID`,`RealName` FROM `tb_memberprofile` WHERE `MemberID` = '3' LIMIT 1   [ RunTime:0.0000s ]
SQL: SHOW COLUMNS FROM `sys_code` [ RunTime:0.0010s ]
SQL: SELECT `CodeID`,`CodeGroup`,`CodeName`,`CodeValue` FROM `sys_code` WHERE `CodeGroup` = 10130 LIMIT 1   [ RunTime:0.0020s ]
SQL: SHOW COLUMNS FROM `tb_memberaccount` [ RunTime:0.0010s ]
SQL: UPDATE `tb_memberaccount` SET `freeCount`='3' WHERE `MemberId` = '3' [ RunTime:0.0010s ]
NOTIC: [8] Undefined index: auto D:\WWW\tejinhui\ThinkPHP\Library\Think\Model.class.php 第 1128 行.
SQL: UPDATE `tb_memberprofile` SET `RealName`='666',`MicroMsg`='123456',`CellPhone`='13142240057',`Province`='18',`City`='273',`Street`='长沙长沙df' WHERE `MemberID` = '3' [ RunTime:0.0020s ]

[ 2017-06-08T14:23:26+08:00 ] 127.0.0.1 /User/Logic/savemember.html
INFO: [ app_init ] --START--
INFO: Run Behavior\BuildLiteBehavior [ RunTime:0.000000s ]
INFO: [ app_init ] --END-- [ RunTime:0.001000s ]
INFO: [ app_begin ] --START--
INFO: Run Behavior\ReadHtmlCacheBehavior [ RunTime:0.001000s ]
INFO: [ app_begin ] --END-- [ RunTime:0.001000s ]
SQL: SHOW COLUMNS FROM `sys_web_configure` [ RunTime:0.0020s ]
SQL: SELECT * FROM `sys_web_configure` WHERE `type` = 4 LIMIT 1   [ RunTime:0.0020s ]
SQL: SHOW COLUMNS FROM `sys_web_configure` [ RunTime:0.0020s ]
SQL: SELECT * FROM `sys_web_configure` WHERE `type` = 3 LIMIT 1   [ RunTime:0.0010s ]
SQL: SHOW COLUMNS FROM `sys_code` [ RunTime:0.0010s ]
SQL: SELECT * FROM `sys_code` INNER JOIN tb_ads ON sys_code.CodeID=tb_ads.Catagrote  WHERE sys_code.CodeValue = 'footAdImg' LIMIT 1   [ RunTime:0.0010s ]
NOTIC: [8] Use of undefined constant IF_POST - assumed 'IF_POST' D:\WWW\tejinhui\Application\User\Controller\LogicController.class.php 第 22 行.
SQL: SHOW COLUMNS FROM `tb_memberprofile` [ RunTime:0.0020s ]
SQL: SELECT `MemberID`,`RealName` FROM `tb_memberprofile` WHERE `MemberID` = '3' LIMIT 1   [ RunTime:0.0010s ]
SQL: SHOW COLUMNS FROM `sys_code` [ RunTime:0.0010s ]
SQL: SELECT `CodeID`,`CodeGroup`,`CodeName`,`CodeValue` FROM `sys_code` WHERE `CodeGroup` = 10130 LIMIT 1   [ RunTime:0.0020s ]
SQL: SHOW COLUMNS FROM `tb_memberaccount` [ RunTime:0.0020s ]
SQL: UPDATE `tb_memberaccount` SET `freeCount`='3' WHERE `MemberId` = '3' [ RunTime:0.0010s ]
NOTIC: [8] Undefined index: auto D:\WWW\tejinhui\ThinkPHP\Library\Think\Model.class.php 第 1128 行.
SQL: UPDATE `tb_memberprofile` SET `RealName`='666',`MicroMsg`='123456',`CellPhone`='13142240057',`Province`='18',`City`='273',`Street`='长沙长沙df' WHERE `MemberID` = '3' [ RunTime:0.0010s ]

[ 2017-06-08T14:23:36+08:00 ] 127.0.0.1 /User/Logic/savemember.html
INFO: [ app_init ] --START--
INFO: Run Behavior\BuildLiteBehavior [ RunTime:0.000000s ]
INFO: [ app_init ] --END-- [ RunTime:0.000000s ]
INFO: [ app_begin ] --START--
INFO: Run Behavior\ReadHtmlCacheBehavior [ RunTime:0.001000s ]
INFO: [ app_begin ] --END-- [ RunTime:0.001000s ]
SQL: SHOW COLUMNS FROM `sys_web_configure` [ RunTime:0.0020s ]
SQL: SELECT * FROM `sys_web_configure` WHERE `type` = 4 LIMIT 1   [ RunTime:0.0010s ]
SQL: SHOW COLUMNS FROM `sys_web_configure` [ RunTime:0.0020s ]
SQL: SELECT * FROM `sys_web_configure` WHERE `type` = 3 LIMIT 1   [ RunTime:0.0020s ]
SQL: SHOW COLUMNS FROM `sys_code` [ RunTime:0.0020s ]
SQL: SELECT * FROM `sys_code` INNER JOIN tb_ads ON sys_code.CodeID=tb_ads.Catagrote  WHERE sys_code.CodeValue = 'footAdImg' LIMIT 1   [ RunTime:0.0010s ]
NOTIC: [8] Use of undefined constant IF_POST - assumed 'IF_POST' D:\WWW\tejinhui\Application\User\Controller\LogicController.class.php 第 22 行.
SQL: SHOW COLUMNS FROM `tb_memberprofile` [ RunTime:0.0020s ]
SQL: SELECT `MemberID`,`RealName` FROM `tb_memberprofile` WHERE `MemberID` = '3' LIMIT 1   [ RunTime:0.0000s ]
SQL: SHOW COLUMNS FROM `sys_code` [ RunTime:0.0020s ]
SQL: SELECT `CodeID`,`CodeGroup`,`CodeName`,`CodeValue` FROM `sys_code` WHERE `CodeGroup` = 10130 LIMIT 1   [ RunTime:0.0010s ]
SQL: SHOW COLUMNS FROM `tb_memberaccount` [ RunTime:0.0020s ]
SQL: UPDATE `tb_memberaccount` SET `freeCount`='3' WHERE `MemberId` = '3' [ RunTime:0.0010s ]
NOTIC: [8] Undefined index: auto D:\WWW\tejinhui\ThinkPHP\Library\Think\Model.class.php 第 1128 行.
SQL: UPDATE `tb_memberprofile` SET `RealName`='666',`MicroMsg`='123456',`CellPhone`='13142240057',`Province`='18',`City`='273',`Street`='长沙长沙df1' WHERE `MemberID` = '3' [ RunTime:0.0010s ]
SQL: SELECT * FROM `tb_memberprofile` WHERE `MemberID` = '3' LIMIT 1   [ RunTime:0.0020s ]

[ 2017-06-08T14:23:36+08:00 ] 127.0.0.1 /User/Common/memberindex.html
INFO: [ app_init ] --START--
INFO: Run Behavior\BuildLiteBehavior [ RunTime:0.000000s ]
INFO: [ app_init ] --END-- [ RunTime:0.001000s ]
INFO: [ app_begin ] --START--
INFO: Run Behavior\ReadHtmlCacheBehavior [ RunTime:0.001000s ]
INFO: [ app_begin ] --END-- [ RunTime:0.001000s ]
SQL: SHOW COLUMNS FROM `sys_web_configure` [ RunTime:0.0020s ]
SQL: SELECT * FROM `sys_web_configure` WHERE `type` = 4 LIMIT 1   [ RunTime:0.0010s ]
SQL: SHOW COLUMNS FROM `sys_web_configure` [ RunTime:0.0020s ]
SQL: SELECT * FROM `sys_web_configure` WHERE `type` = 3 LIMIT 1   [ RunTime:0.0020s ]
SQL: SHOW COLUMNS FROM `sys_code` [ RunTime:0.0010s ]
SQL: SELECT * FROM `sys_code` INNER JOIN tb_ads ON sys_code.CodeID=tb_ads.Catagrote  WHERE sys_code.CodeValue = 'footAdImg' LIMIT 1   [ RunTime:0.0010s ]
SQL: SHOW COLUMNS FROM `tb_memberaccount` [ RunTime:0.0020s ]
SQL: SELECT * FROM `tb_memberaccount` RIGHT JOIN tb_member ON tb_memberaccount.MemberId=tb_member.MemberId  WHERE tb_memberaccount.MemberId = '3' LIMIT 1   [ RunTime:0.0010s ]
SQL: SHOW COLUMNS FROM `sys_code` [ RunTime:0.0010s ]
SQL: SELECT * FROM `sys_code` WHERE `CodeID` = '63' LIMIT 1   [ RunTime:0.0020s ]
SQL: SHOW COLUMNS FROM `sys_code` [ RunTime:0.0020s ]
SQL: SELECT * FROM `sys_code` WHERE `CodeGroup` = 10109 LIMIT 1   [ RunTime:0.0010s ]
SQL: SHOW COLUMNS FROM `tb_area` [ RunTime:0.0020s ]
SQL: SELECT `name` FROM `tb_area` WHERE `id` = 18 LIMIT 1   [ RunTime:0.0010s ]
SQL: SELECT `name` FROM `tb_area` WHERE `id` = 273 LIMIT 1   [ RunTime:0.0000s ]
INFO: [ view_parse ] --START--
INFO: [ template_filter ] --START--
INFO: Run Behavior\ContentReplaceBehavior [ RunTime:0.000000s ]
INFO: [ template_filter ] --END-- [ RunTime:0.000000s ]
SQL: SHOW COLUMNS FROM `tb_memberblancellog` [ RunTime:0.0010s ]
SQL: SELECT ROUND(sum(OffSetValue),2) as OffSetValue FROM `tb_memberblancellog` WHERE `CreateTime` BETWEEN '2017-06-01 14:23:36' AND '2017-06-08 14:23:36' AND `MemberId` = '3' LIMIT 1   [ RunTime:0.0010s ]
SQL: SELECT * FROM `tb_memberaccount` WHERE `MemberId` = '3' LIMIT 1   [ RunTime:0.0020s ]
SQL: SHOW COLUMNS FROM `tb_member` [ RunTime:0.0010s ]
SQL: SELECT COUNT(*) AS tp_count FROM `tb_member` INNER JOIN tb_memberprofile ON tb_memberprofile.MemberID =tb_member.MemberId   WHERE tb_member.RecommendMember = '3' LIMIT 1   [ RunTime:0.0020s ]
SQL: SELECT `MemberId`,`MemberName` FROM `tb_member` WHERE tb_member.RecommendMember = '3'  [ RunTime:0.0000s ]
SQL: SHOW COLUMNS FROM `tb_assets` [ RunTime:0.0010s ]
SQL: SELECT COUNT(*) AS tp_count FROM `tb_assets` WHERE `memberid` IN ('19') LIMIT 1   [ RunTime:0.0010s ]
SQL: SELECT `MemberId`,`MemberName` FROM `tb_member` WHERE tb_member.RecommendMember = '3'  [ RunTime:0.0020s ]
SQL: SHOW COLUMNS FROM `tb_order` [ RunTime:0.0010s ]
SQL: SELECT SUM(DealPrice) as price FROM `tb_order` WHERE `CreateUser` IN ('19') AND `OrderStatue` = 2 LIMIT 1   [ RunTime:0.0010s ]
INFO: Run Behavior\ParseTemplateBehavior [ RunTime:0.025000s ]
INFO: [ view_parse ] --END-- [ RunTime:0.025000s ]
INFO: [ view_filter ] --START--
INFO: Run Behavior\WriteHtmlCacheBehavior [ RunTime:0.000000s ]
INFO: [ view_filter ] --END-- [ RunTime:0.000000s ]
INFO: [ app_end ] --START--
INFO: Run Behavior\ShowPageTraceBehavior [ RunTime:0.001000s ]
INFO: [ app_end ] --END-- [ RunTime:0.001000s ]

