[ 2017-06-20T09:45:50+08:00 ] 127.0.0.1 /auc/images/common/yzm_03.jpg
INFO: [ app_init ] --START--
INFO: Run Behavior\BuildLiteBehavior [ RunTime:0.000000s ]
INFO: [ app_init ] --END-- [ RunTime:0.001000s ]
ERR: 无法加载模块:Auc

[ 2017-06-20T09:45:51+08:00 ] 127.0.0.1 /auc/images/common/yzm_03.jpg
INFO: [ app_init ] --START--
INFO: Run Behavior\BuildLiteBehavior [ RunTime:0.000000s ]
INFO: [ app_init ] --END-- [ RunTime:0.000000s ]
ERR: 无法加载模块:Auc

[ 2017-06-20T09:45:53+08:00 ] 127.0.0.1 /auc/images/common/yzm_03.jpg
INFO: [ app_init ] --START--
INFO: Run Behavior\BuildLiteBehavior [ RunTime:0.000000s ]
INFO: [ app_init ] --END-- [ RunTime:0.000000s ]
ERR: 无法加载模块:Auc

[ 2017-06-20T09:45:55+08:00 ] 127.0.0.1 /auc/images/common/yzm_03.jpg
INFO: [ app_init ] --START--
INFO: Run Behavior\BuildLiteBehavior [ RunTime:0.000000s ]
INFO: [ app_init ] --END-- [ RunTime:0.001000s ]
ERR: 无法加载模块:Auc

[ 2017-06-20T09:45:58+08:00 ] 127.0.0.1 /auc/images/common/yzm_03.jpg
INFO: [ app_init ] --START--
INFO: Run Behavior\BuildLiteBehavior [ RunTime:0.000000s ]
INFO: [ app_init ] --END-- [ RunTime:0.000000s ]
ERR: 无法加载模块:Auc

[ 2017-06-20T09:48:15+08:00 ] 127.0.0.1 /auc/images/common/yzm_03.jpg
INFO: [ app_init ] --START--
INFO: Run Behavior\BuildLiteBehavior [ RunTime:0.000000s ]
INFO: [ app_init ] --END-- [ RunTime:0.000000s ]
ERR: 无法加载模块:Auc

[ 2017-06-20T09:49:37+08:00 ] 127.0.0.1 /auc/images/common/yzm_03.jpg
INFO: [ app_init ] --START--
INFO: Run Behavior\BuildLiteBehavior [ RunTime:0.000000s ]
INFO: [ app_init ] --END-- [ RunTime:0.001000s ]
ERR: 无法加载模块:Auc

[ 2017-06-20T09:53:22+08:00 ] 127.0.0.1 /auc/images/common/yzm_03.jpg
INFO: [ app_init ] --START--
INFO: Run Behavior\BuildLiteBehavior [ RunTime:0.000000s ]
INFO: [ app_init ] --END-- [ RunTime:0.001000s ]
ERR: 无法加载模块:Auc

[ 2017-06-20T10:12:04+08:00 ] 127.0.0.1 /auc/images/common/yzm_03.jpg
INFO: [ app_init ] --START--
INFO: Run Behavior\BuildLiteBehavior [ RunTime:0.000000s ]
INFO: [ app_init ] --END-- [ RunTime:0.000000s ]
ERR: 无法加载模块:Auc

[ 2017-06-20T10:12:42+08:00 ] 127.0.0.1 /auc/images/common/yzm_03.jpg
INFO: [ app_init ] --START--
INFO: Run Behavior\BuildLiteBehavior [ RunTime:0.000000s ]
INFO: [ app_init ] --END-- [ RunTime:0.000000s ]
ERR: 无法加载模块:Auc

[ 2017-06-20T14:01:35+08:00 ] 127.0.0.1 /auc/images/common/yzm_03.jpg
INFO: [ app_init ] --START--
INFO: Run Behavior\BuildLiteBehavior [ RunTime:0.000000s ]
INFO: [ app_init ] --END-- [ RunTime:0.001000s ]
ERR: 无法加载模块:Auc

[ 2017-06-20T14:10:42+08:00 ] 127.0.0.1 /auc/images/common/yzm_03.jpg
INFO: [ app_init ] --START--
INFO: Run Behavior\BuildLiteBehavior [ RunTime:0.000000s ]
INFO: [ app_init ] --END-- [ RunTime:0.000000s ]
ERR: 无法加载模块:Auc

[ 2017-06-20T14:26:26+08:00 ] 127.0.0.1 /favicon.ico
INFO: [ app_init ] --START--
INFO: Run Behavior\BuildLiteBehavior [ RunTime:0.000000s ]
INFO: [ app_init ] --END-- [ RunTime:0.000000s ]
ERR: 无法加载模块:Favicon

[ 2017-06-20T15:00:21+08:00 ] 127.0.0.1 /auc/images/common/yzm_03.jpg
INFO: [ app_init ] --START--
INFO: Run Behavior\BuildLiteBehavior [ RunTime:0.000000s ]
INFO: [ app_init ] --END-- [ RunTime:0.001000s ]
ERR: 无法加载模块:Auc

[ 2017-06-20T15:39:26+08:00 ] 127.0.0.1 /auc/images/common/yzm_03.jpg
INFO: [ app_init ] --START--
INFO: Run Behavior\BuildLiteBehavior [ RunTime:0.000000s ]
INFO: [ app_init ] --END-- [ RunTime:0.000000s ]
ERR: 无法加载模块:Auc

[ 2017-06-20T15:39:30+08:00 ] 127.0.0.1 /auc/images/common/yzm_03.jpg
INFO: [ app_init ] --START--
INFO: Run Behavior\BuildLiteBehavior [ RunTime:0.001000s ]
INFO: [ app_init ] --END-- [ RunTime:0.001000s ]
ERR: 无法加载模块:Auc

[ 2017-06-20T15:45:09+08:00 ] 127.0.0.1 /auc/images/common/yzm_03.jpg
INFO: [ app_init ] --START--
INFO: Run Behavior\BuildLiteBehavior [ RunTime:0.000000s ]
INFO: [ app_init ] --END-- [ RunTime:0.001000s ]
ERR: 无法加载模块:Auc

[ 2017-06-20T15:48:41+08:00 ] 127.0.0.1 /auc/images/common/yzm_03.jpg
INFO: [ app_init ] --START--
INFO: Run Behavior\BuildLiteBehavior [ RunTime:0.000000s ]
INFO: [ app_init ] --END-- [ RunTime:0.000000s ]
ERR: 无法加载模块:Auc

[ 2017-06-20T15:48:59+08:00 ] 127.0.0.1 /auc/images/common/yzm_03.jpg
INFO: [ app_init ] --START--
INFO: Run Behavior\BuildLiteBehavior [ RunTime:0.000000s ]
INFO: [ app_init ] --END-- [ RunTime:0.000000s ]
ERR: 无法加载模块:Auc

[ 2017-06-20T15:49:16+08:00 ] 127.0.0.1 /auc/images/common/yzm_03.jpg
INFO: [ app_init ] --START--
INFO: Run Behavior\BuildLiteBehavior [ RunTime:0.000000s ]
INFO: [ app_init ] --END-- [ RunTime:0.001000s ]
ERR: 无法加载模块:Auc

[ 2017-06-20T15:49:49+08:00 ] 127.0.0.1 /auc/images/common/yzm_03.jpg
INFO: [ app_init ] --START--
INFO: Run Behavior\BuildLiteBehavior [ RunTime:0.000000s ]
INFO: [ app_init ] --END-- [ RunTime:0.000000s ]
ERR: 无法加载模块:Auc

[ 2017-06-20T15:50:55+08:00 ] 127.0.0.1 /auc/images/common/yzm_03.jpg
INFO: [ app_init ] --START--
INFO: Run Behavior\BuildLiteBehavior [ RunTime:0.000000s ]
INFO: [ app_init ] --END-- [ RunTime:0.001000s ]
ERR: 无法加载模块:Auc

[ 2017-06-20T15:55:46+08:00 ] 127.0.0.1 /auc/images/common/yzm_03.jpg
INFO: [ app_init ] --START--
INFO: Run Behavior\BuildLiteBehavior [ RunTime:0.000000s ]
INFO: [ app_init ] --END-- [ RunTime:0.001000s ]
ERR: 无法加载模块:Auc

[ 2017-06-20T15:56:28+08:00 ] 127.0.0.1 /auc/images/common/yzm_03.jpg
INFO: [ app_init ] --START--
INFO: Run Behavior\BuildLiteBehavior [ RunTime:0.000000s ]
INFO: [ app_init ] --END-- [ RunTime:0.001000s ]
ERR: 无法加载模块:Auc

[ 2017-06-20T15:57:22+08:00 ] 127.0.0.1 /auc/images/common/yzm_03.jpg
INFO: [ app_init ] --START--
INFO: Run Behavior\BuildLiteBehavior [ RunTime:0.000000s ]
INFO: [ app_init ] --END-- [ RunTime:0.001000s ]
ERR: 无法加载模块:Auc

[ 2017-06-20T15:58:35+08:00 ] 127.0.0.1 /auc/images/common/yzm_03.jpg
INFO: [ app_init ] --START--
INFO: Run Behavior\BuildLiteBehavior [ RunTime:0.000000s ]
INFO: [ app_init ] --END-- [ RunTime:0.000000s ]
ERR: 无法加载模块:Auc

[ 2017-06-20T16:02:35+08:00 ] 127.0.0.1 /auc/images/common/yzm_03.jpg
INFO: [ app_init ] --START--
INFO: Run Behavior\BuildLiteBehavior [ RunTime:0.000000s ]
INFO: [ app_init ] --END-- [ RunTime:0.000000s ]
ERR: 无法加载模块:Auc

[ 2017-06-20T16:02:36+08:00 ] 127.0.0.1 /auc/images/common/yzm_03.jpg
INFO: [ app_init ] --START--
INFO: Run Behavior\BuildLiteBehavior [ RunTime:0.000000s ]
INFO: [ app_init ] --END-- [ RunTime:0.000000s ]
ERR: 无法加载模块:Auc

[ 2017-06-20T16:17:18+08:00 ] 127.0.0.1 /auc/images/common/yzm_03.jpg
INFO: [ app_init ] --START--
INFO: Run Behavior\BuildLiteBehavior [ RunTime:0.000000s ]
INFO: [ app_init ] --END-- [ RunTime:0.000000s ]
ERR: 无法加载模块:Auc

[ 2017-06-20T16:18:18+08:00 ] 127.0.0.1 /auc/images/common/yzm_03.jpg
INFO: [ app_init ] --START--
INFO: Run Behavior\BuildLiteBehavior [ RunTime:0.000000s ]
INFO: [ app_init ] --END-- [ RunTime:0.000000s ]
ERR: 无法加载模块:Auc

[ 2017-06-20T16:19:02+08:00 ] 127.0.0.1 /auc/images/common/yzm_03.jpg
INFO: [ app_init ] --START--
INFO: Run Behavior\BuildLiteBehavior [ RunTime:0.000000s ]
INFO: [ app_init ] --END-- [ RunTime:0.000000s ]
ERR: 无法加载模块:Auc

[ 2017-06-20T16:19:18+08:00 ] 127.0.0.1 /auc/images/common/yzm_03.jpg
INFO: [ app_init ] --START--
INFO: Run Behavior\BuildLiteBehavior [ RunTime:0.000000s ]
INFO: [ app_init ] --END-- [ RunTime:0.000000s ]
ERR: 无法加载模块:Auc

[ 2017-06-20T16:19:19+08:00 ] 127.0.0.1 /auc/images/common/yzm_03.jpg
INFO: [ app_init ] --START--
INFO: Run Behavior\BuildLiteBehavior [ RunTime:0.000000s ]
INFO: [ app_init ] --END-- [ RunTime:0.001000s ]
ERR: 无法加载模块:Auc

