[ 2017-06-22T10:18:37+08:00 ] 127.0.0.1 /favicon.ico
INFO: [ app_init ] --START--
INFO: Run Behavior\BuildLiteBehavior [ RunTime:0.000000s ]
INFO: [ app_init ] --END-- [ RunTime:0.000000s ]
ERR: 无法加载模块:Favicon

[ 2017-06-22T14:09:41+08:00 ] 127.0.0.1 /favicon.ico
INFO: [ app_init ] --START--
INFO: Run Behavior\BuildLiteBehavior [ RunTime:0.000000s ]
INFO: [ app_init ] --END-- [ RunTime:0.000000s ]
ERR: 无法加载模块:Favicon

[ 2017-06-22T14:58:29+08:00 ] 127.0.0.1 /style/style.css
INFO: [ app_init ] --START--
INFO: Run Behavior\BuildLiteBehavior [ RunTime:0.000000s ]
INFO: [ app_init ] --END-- [ RunTime:0.000000s ]
ERR: 无法加载模块:Style

[ 2017-06-22T14:58:30+08:00 ] 127.0.0.1 /style/mui.min.css
INFO: [ app_init ] --START--
INFO: Run Behavior\BuildLiteBehavior [ RunTime:0.000000s ]
INFO: [ app_init ] --END-- [ RunTime:0.000000s ]
ERR: 无法加载模块:Style

[ 2017-06-22T14:58:30+08:00 ] 127.0.0.1 /js/jquery-1.7.2.min.js
INFO: [ app_init ] --START--
INFO: Run Behavior\BuildLiteBehavior [ RunTime:0.000000s ]
INFO: [ app_init ] --END-- [ RunTime:0.000000s ]
ERR: 无法加载模块:Js

[ 2017-06-22T14:58:30+08:00 ] 127.0.0.1 /js/jquery.nav.js
INFO: [ app_init ] --START--
INFO: Run Behavior\BuildLiteBehavior [ RunTime:0.000000s ]
INFO: [ app_init ] --END-- [ RunTime:0.001000s ]
ERR: 无法加载模块:Js

[ 2017-06-22T14:58:30+08:00 ] 127.0.0.1 /js/mui.min.js
INFO: [ app_init ] --START--
INFO: Run Behavior\BuildLiteBehavior [ RunTime:0.000000s ]
INFO: [ app_init ] --END-- [ RunTime:0.000000s ]
ERR: 无法加载模块:Js

[ 2017-06-22T14:58:30+08:00 ] 127.0.0.1 /style/iconfont.css
INFO: [ app_init ] --START--
INFO: Run Behavior\BuildLiteBehavior [ RunTime:0.000000s ]
INFO: [ app_init ] --END-- [ RunTime:0.000000s ]
ERR: 无法加载模块:Style

[ 2017-06-22T14:58:30+08:00 ] 127.0.0.1 /images/common/hhr-banner.jpg
INFO: [ app_init ] --START--
INFO: Run Behavior\BuildLiteBehavior [ RunTime:0.000000s ]
INFO: [ app_init ] --END-- [ RunTime:0.000000s ]
ERR: 无法加载模块:Images

[ 2017-06-22T14:58:30+08:00 ] 127.0.0.1 /js/mui.min.js
INFO: [ app_init ] --START--
INFO: Run Behavior\BuildLiteBehavior [ RunTime:0.000000s ]
INFO: [ app_init ] --END-- [ RunTime:0.000000s ]
ERR: 无法加载模块:Js

[ 2017-06-22T14:58:30+08:00 ] 127.0.0.1 /images/common/hhr_04.jpg
INFO: [ app_init ] --START--
INFO: Run Behavior\BuildLiteBehavior [ RunTime:0.000000s ]
INFO: [ app_init ] --END-- [ RunTime:0.000000s ]
ERR: 无法加载模块:Images

[ 2017-06-22T14:58:30+08:00 ] 127.0.0.1 /js/jquery.nav.js
INFO: [ app_init ] --START--
INFO: Run Behavior\BuildLiteBehavior [ RunTime:0.000000s ]
INFO: [ app_init ] --END-- [ RunTime:0.000000s ]
ERR: 无法加载模块:Js

[ 2017-06-22T14:58:30+08:00 ] 127.0.0.1 /images/common/hhricon_03.png
INFO: [ app_init ] --START--
INFO: Run Behavior\BuildLiteBehavior [ RunTime:0.000000s ]
INFO: [ app_init ] --END-- [ RunTime:0.001000s ]
ERR: 无法加载模块:Images

[ 2017-06-22T14:58:30+08:00 ] 127.0.0.1 /images/common/hhricon_06.png
INFO: [ app_init ] --START--
INFO: Run Behavior\BuildLiteBehavior [ RunTime:0.000000s ]
INFO: [ app_init ] --END-- [ RunTime:0.000000s ]
ERR: 无法加载模块:Images

[ 2017-06-22T14:58:30+08:00 ] 127.0.0.1 /images/common/hhricon_14.png
INFO: [ app_init ] --START--
INFO: Run Behavior\BuildLiteBehavior [ RunTime:0.000000s ]
INFO: [ app_init ] --END-- [ RunTime:0.000000s ]
ERR: 无法加载模块:Images

[ 2017-06-22T14:58:30+08:00 ] 127.0.0.1 /images/common/hhricon_11.png
INFO: [ app_init ] --START--
INFO: Run Behavior\BuildLiteBehavior [ RunTime:0.000000s ]
INFO: [ app_init ] --END-- [ RunTime:0.000000s ]
ERR: 无法加载模块:Images

[ 2017-06-22T14:58:30+08:00 ] 127.0.0.1 /images/common/hhr_08.jpg
INFO: [ app_init ] --START--
INFO: Run Behavior\BuildLiteBehavior [ RunTime:0.000000s ]
INFO: [ app_init ] --END-- [ RunTime:0.001000s ]
ERR: 无法加载模块:Images

[ 2017-06-22T14:58:30+08:00 ] 127.0.0.1 /images/common/hhr_11.jpg
INFO: [ app_init ] --START--
INFO: Run Behavior\BuildLiteBehavior [ RunTime:0.000000s ]
INFO: [ app_init ] --END-- [ RunTime:0.000000s ]
ERR: 无法加载模块:Images

[ 2017-06-22T14:58:30+08:00 ] 127.0.0.1 /images/common/hhr-banner.jpg
INFO: [ app_init ] --START--
INFO: Run Behavior\BuildLiteBehavior [ RunTime:0.000000s ]
INFO: [ app_init ] --END-- [ RunTime:0.000000s ]
ERR: 无法加载模块:Images

[ 2017-06-22T14:58:30+08:00 ] 127.0.0.1 /images/common/hhr_04.jpg
INFO: [ app_init ] --START--
INFO: Run Behavior\BuildLiteBehavior [ RunTime:0.000000s ]
INFO: [ app_init ] --END-- [ RunTime:0.001000s ]
ERR: 无法加载模块:Images

[ 2017-06-22T14:58:30+08:00 ] 127.0.0.1 /favicon.ico
INFO: [ app_init ] --START--
INFO: Run Behavior\BuildLiteBehavior [ RunTime:0.000000s ]
INFO: [ app_init ] --END-- [ RunTime:0.000000s ]
ERR: 无法加载模块:Favicon

[ 2017-06-22T15:01:43+08:00 ] 127.0.0.1 /static/mobile/js/jquery.nav.js?v=0.3114161
INFO: [ app_init ] --START--
INFO: Run Behavior\BuildLiteBehavior [ RunTime:0.000000s ]
INFO: [ app_init ] --END-- [ RunTime:0.000000s ]
ERR: 无法加载模块:Static

[ 2017-06-22T15:01:43+08:00 ] 127.0.0.1 /images/common/hhr-banner.jpg
INFO: [ app_init ] --START--
INFO: Run Behavior\BuildLiteBehavior [ RunTime:0.000000s ]
INFO: [ app_init ] --END-- [ RunTime:0.000000s ]
ERR: 无法加载模块:Images

[ 2017-06-22T15:01:43+08:00 ] 127.0.0.1 /images/common/hhr_04.jpg
INFO: [ app_init ] --START--
INFO: Run Behavior\BuildLiteBehavior [ RunTime:0.000000s ]
INFO: [ app_init ] --END-- [ RunTime:0.001000s ]
ERR: 无法加载模块:Images

[ 2017-06-22T15:01:43+08:00 ] 127.0.0.1 /images/common/hhricon_03.png
INFO: [ app_init ] --START--
INFO: Run Behavior\BuildLiteBehavior [ RunTime:0.000000s ]
INFO: [ app_init ] --END-- [ RunTime:0.000000s ]
ERR: 无法加载模块:Images

[ 2017-06-22T15:01:43+08:00 ] 127.0.0.1 /static/mobile/js/jquery.nav.js?v=0.3114161
INFO: [ app_init ] --START--
INFO: Run Behavior\BuildLiteBehavior [ RunTime:0.000000s ]
INFO: [ app_init ] --END-- [ RunTime:0.000000s ]
ERR: 无法加载模块:Static

[ 2017-06-22T15:01:43+08:00 ] 127.0.0.1 /images/common/hhricon_06.png
INFO: [ app_init ] --START--
INFO: Run Behavior\BuildLiteBehavior [ RunTime:0.000000s ]
INFO: [ app_init ] --END-- [ RunTime:0.000000s ]
ERR: 无法加载模块:Images

[ 2017-06-22T15:01:43+08:00 ] 127.0.0.1 /images/common/hhricon_11.png
INFO: [ app_init ] --START--
INFO: Run Behavior\BuildLiteBehavior [ RunTime:0.000000s ]
INFO: [ app_init ] --END-- [ RunTime:0.000000s ]
ERR: 无法加载模块:Images

[ 2017-06-22T15:01:43+08:00 ] 127.0.0.1 /images/common/hhr_08.jpg
INFO: [ app_init ] --START--
INFO: Run Behavior\BuildLiteBehavior [ RunTime:0.000000s ]
INFO: [ app_init ] --END-- [ RunTime:0.001000s ]
ERR: 无法加载模块:Images

[ 2017-06-22T15:01:43+08:00 ] 127.0.0.1 /images/common/hhricon_14.png
INFO: [ app_init ] --START--
INFO: Run Behavior\BuildLiteBehavior [ RunTime:0.000000s ]
INFO: [ app_init ] --END-- [ RunTime:0.000000s ]
ERR: 无法加载模块:Images

[ 2017-06-22T15:01:43+08:00 ] 127.0.0.1 /images/common/hhr-banner.jpg
INFO: [ app_init ] --START--
INFO: Run Behavior\BuildLiteBehavior [ RunTime:0.000000s ]
INFO: [ app_init ] --END-- [ RunTime:0.001000s ]
ERR: 无法加载模块:Images

[ 2017-06-22T15:01:43+08:00 ] 127.0.0.1 /images/common/hhricon_03.png
INFO: [ app_init ] --START--
INFO: Run Behavior\BuildLiteBehavior [ RunTime:0.000000s ]
INFO: [ app_init ] --END-- [ RunTime:0.000000s ]
ERR: 无法加载模块:Images

[ 2017-06-22T15:01:43+08:00 ] 127.0.0.1 /images/common/hhr_04.jpg
INFO: [ app_init ] --START--
INFO: Run Behavior\BuildLiteBehavior [ RunTime:0.001000s ]
INFO: [ app_init ] --END-- [ RunTime:0.001000s ]
ERR: 无法加载模块:Images

[ 2017-06-22T15:01:44+08:00 ] 127.0.0.1 /images/common/hhr_11.jpg
INFO: [ app_init ] --START--
INFO: Run Behavior\BuildLiteBehavior [ RunTime:0.000000s ]
INFO: [ app_init ] --END-- [ RunTime:0.000000s ]
ERR: 无法加载模块:Images

[ 2017-06-22T15:02:12+08:00 ] 127.0.0.1 /static/mobile/js/jquery.nav.js?v=0.3114161
INFO: [ app_init ] --START--
INFO: Run Behavior\BuildLiteBehavior [ RunTime:0.000000s ]
INFO: [ app_init ] --END-- [ RunTime:0.001000s ]
ERR: 无法加载模块:Static

[ 2017-06-22T15:06:25+08:00 ] 127.0.0.1 /static/mobile/js/jquery.nav.js?v=0.3114161
INFO: [ app_init ] --START--
INFO: Run Behavior\BuildLiteBehavior [ RunTime:0.000000s ]
INFO: [ app_init ] --END-- [ RunTime:0.001000s ]
ERR: 无法加载模块:Static

[ 2017-06-22T15:06:49+08:00 ] 127.0.0.1 /static/mobile/js/jquery.nav.js?v=0.3114161
INFO: [ app_init ] --START--
INFO: Run Behavior\BuildLiteBehavior [ RunTime:0.001000s ]
INFO: [ app_init ] --END-- [ RunTime:0.001000s ]
ERR: 无法加载模块:Static

[ 2017-06-22T15:06:49+08:00 ] 127.0.0.1 /static/mobile/js/jquery.nav.js?v=0.3114161
INFO: [ app_init ] --START--
INFO: Run Behavior\BuildLiteBehavior [ RunTime:0.000000s ]
INFO: [ app_init ] --END-- [ RunTime:0.000000s ]
ERR: 无法加载模块:Static

[ 2017-06-22T15:08:20+08:00 ] 127.0.0.1 /static/mobile/js/jquery.nav.js?v=0.3114161
INFO: [ app_init ] --START--
INFO: Run Behavior\BuildLiteBehavior [ RunTime:0.000000s ]
INFO: [ app_init ] --END-- [ RunTime:0.001000s ]
ERR: 无法加载模块:Static

[ 2017-06-22T15:22:32+08:00 ] 127.0.0.1 /static/mobile/js/jquery.nav.js?v=0.3114161
INFO: [ app_init ] --START--
INFO: Run Behavior\BuildLiteBehavior [ RunTime:0.000000s ]
INFO: [ app_init ] --END-- [ RunTime:0.000000s ]
ERR: 无法加载模块:Static

[ 2017-06-22T15:22:42+08:00 ] 127.0.0.1 /static/mobile/js/jquery.nav.js?v=0.3114161
INFO: [ app_init ] --START--
INFO: Run Behavior\BuildLiteBehavior [ RunTime:0.000000s ]
INFO: [ app_init ] --END-- [ RunTime:0.000000s ]
ERR: 无法加载模块:Static

[ 2017-06-22T15:23:05+08:00 ] 127.0.0.1 /static/mobile/js/jquery.nav.js?v=0.3114161
INFO: [ app_init ] --START--
INFO: Run Behavior\BuildLiteBehavior [ RunTime:0.000000s ]
INFO: [ app_init ] --END-- [ RunTime:0.000000s ]
ERR: 无法加载模块:Static

[ 2017-06-22T15:23:18+08:00 ] 127.0.0.1 /static/mobile/js/jquery.nav.js?v=0.3114161
INFO: [ app_init ] --START--
INFO: Run Behavior\BuildLiteBehavior [ RunTime:0.000000s ]
INFO: [ app_init ] --END-- [ RunTime:0.000000s ]
ERR: 无法加载模块:Static

[ 2017-06-22T15:25:50+08:00 ] 127.0.0.1 /static/mobile/js/jquery.nav.js?v=0.3114161
INFO: [ app_init ] --START--
INFO: Run Behavior\BuildLiteBehavior [ RunTime:0.000000s ]
INFO: [ app_init ] --END-- [ RunTime:0.000000s ]
ERR: 无法加载模块:Static

[ 2017-06-22T15:26:08+08:00 ] 127.0.0.1 /static/mobile/js/jquery.nav.js?v=0.3114161
INFO: [ app_init ] --START--
INFO: Run Behavior\BuildLiteBehavior [ RunTime:0.000000s ]
INFO: [ app_init ] --END-- [ RunTime:0.000000s ]
ERR: 无法加载模块:Static

[ 2017-06-22T15:27:12+08:00 ] 127.0.0.1 /static/mobile/js/jquery.nav.js?v=0.3114161
INFO: [ app_init ] --START--
INFO: Run Behavior\BuildLiteBehavior [ RunTime:0.000000s ]
INFO: [ app_init ] --END-- [ RunTime:0.001000s ]
ERR: 无法加载模块:Static

[ 2017-06-22T15:27:17+08:00 ] 127.0.0.1 /static/mobile/js/jquery.nav.js?v=0.3114161
INFO: [ app_init ] --START--
INFO: Run Behavior\BuildLiteBehavior [ RunTime:0.000000s ]
INFO: [ app_init ] --END-- [ RunTime:0.000000s ]
ERR: 无法加载模块:Static

[ 2017-06-22T15:29:53+08:00 ] 127.0.0.1 /static/mobile/js/jquery.nav.js?v=0.3114161
INFO: [ app_init ] --START--
INFO: Run Behavior\BuildLiteBehavior [ RunTime:0.000000s ]
INFO: [ app_init ] --END-- [ RunTime:0.001000s ]
ERR: 无法加载模块:Static

[ 2017-06-22T15:30:04+08:00 ] 127.0.0.1 /static/mobile/js/jquery.nav.js?v=0.3114161
INFO: [ app_init ] --START--
INFO: Run Behavior\BuildLiteBehavior [ RunTime:0.000000s ]
INFO: [ app_init ] --END-- [ RunTime:0.000000s ]
ERR: 无法加载模块:Static

[ 2017-06-22T15:33:26+08:00 ] 127.0.0.1 /static/mobile/js/jquery.nav.js?v=0.3114161
INFO: [ app_init ] --START--
INFO: Run Behavior\BuildLiteBehavior [ RunTime:0.000000s ]
INFO: [ app_init ] --END-- [ RunTime:0.000000s ]
ERR: 无法加载模块:Static

[ 2017-06-22T15:33:36+08:00 ] 127.0.0.1 /static/mobile/js/jquery.nav.js?v=0.3114161
INFO: [ app_init ] --START--
INFO: Run Behavior\BuildLiteBehavior [ RunTime:0.000000s ]
INFO: [ app_init ] --END-- [ RunTime:0.000000s ]
ERR: 无法加载模块:Static

[ 2017-06-22T15:33:47+08:00 ] 127.0.0.1 /static/mobile/js/jquery.nav.js?v=0.3114161
INFO: [ app_init ] --START--
INFO: Run Behavior\BuildLiteBehavior [ RunTime:0.000000s ]
INFO: [ app_init ] --END-- [ RunTime:0.000000s ]
ERR: 无法加载模块:Static

[ 2017-06-22T15:35:19+08:00 ] 127.0.0.1 /static/mobile/js/jquery.nav.js?v=0.3114161
INFO: [ app_init ] --START--
INFO: Run Behavior\BuildLiteBehavior [ RunTime:0.000000s ]
INFO: [ app_init ] --END-- [ RunTime:0.001000s ]
ERR: 无法加载模块:Static

[ 2017-06-22T15:42:01+08:00 ] 127.0.0.1 /static/mobile/js/jquery.nav.js?v=0.3114161
INFO: [ app_init ] --START--
INFO: Run Behavior\BuildLiteBehavior [ RunTime:0.000000s ]
INFO: [ app_init ] --END-- [ RunTime:0.000000s ]
ERR: 无法加载模块:Static

[ 2017-06-22T15:42:10+08:00 ] 127.0.0.1 /static/mobile/js/jquery.nav.js?v=0.3114161
INFO: [ app_init ] --START--
INFO: Run Behavior\BuildLiteBehavior [ RunTime:0.000000s ]
INFO: [ app_init ] --END-- [ RunTime:0.000000s ]
ERR: 无法加载模块:Static

[ 2017-06-22T15:42:17+08:00 ] 127.0.0.1 /static/mobile/js/jquery.nav.js?v=0.3114161
INFO: [ app_init ] --START--
INFO: Run Behavior\BuildLiteBehavior [ RunTime:0.000000s ]
INFO: [ app_init ] --END-- [ RunTime:0.000000s ]
ERR: 无法加载模块:Static

[ 2017-06-22T15:42:28+08:00 ] 127.0.0.1 /static/mobile/js/jquery.nav.js?v=0.3114161
INFO: [ app_init ] --START--
INFO: Run Behavior\BuildLiteBehavior [ RunTime:0.000000s ]
INFO: [ app_init ] --END-- [ RunTime:0.000000s ]
ERR: 无法加载模块:Static

[ 2017-06-22T15:42:37+08:00 ] 127.0.0.1 /static/mobile/js/jquery.nav.js?v=0.3114161
INFO: [ app_init ] --START--
INFO: Run Behavior\BuildLiteBehavior [ RunTime:0.000000s ]
INFO: [ app_init ] --END-- [ RunTime:0.000000s ]
ERR: 无法加载模块:Static

[ 2017-06-22T15:42:58+08:00 ] 127.0.0.1 /static/mobile/js/jquery.nav.js?v=0.3114161
INFO: [ app_init ] --START--
INFO: Run Behavior\BuildLiteBehavior [ RunTime:0.000000s ]
INFO: [ app_init ] --END-- [ RunTime:0.000000s ]
ERR: 无法加载模块:Static

[ 2017-06-22T15:46:48+08:00 ] 127.0.0.1 /images/error.png
INFO: [ app_init ] --START--
INFO: Run Behavior\BuildLiteBehavior [ RunTime:0.000000s ]
INFO: [ app_init ] --END-- [ RunTime:0.000000s ]
ERR: 无法加载模块:Images

[ 2017-06-22T15:46:53+08:00 ] 127.0.0.1 /images/right.png
INFO: [ app_init ] --START--
INFO: Run Behavior\BuildLiteBehavior [ RunTime:0.000000s ]
INFO: [ app_init ] --END-- [ RunTime:0.001000s ]
ERR: 无法加载模块:Images

