[ 2017-06-28T09:23:01+08:00 ] 127.0.0.1 /favicon.ico
INFO: [ app_init ] --START--
INFO: Run Behavior\BuildLiteBehavior [ RunTime:0.000000s ]
INFO: [ app_init ] --END-- [ RunTime:0.001000s ]
ERR: 无法加载模块:Favicon

[ 2017-06-28T09:27:37+08:00 ] 127.0.0.1 /favicon.ico
INFO: [ app_init ] --START--
INFO: Run Behavior\BuildLiteBehavior [ RunTime:0.000000s ]
INFO: [ app_init ] --END-- [ RunTime:0.000000s ]
ERR: 无法加载模块:Favicon

[ 2017-06-28T15:35:39+08:00 ] 127.0.0.1 /__//www.3qqq.com/static/images/temp/city_05.jpg
INFO: [ app_init ] --START--
INFO: Run Behavior\BuildLiteBehavior [ RunTime:0.000000s ]
INFO: [ app_init ] --END-- [ RunTime:0.001000s ]
ERR: 无法加载模块:__

[ 2017-06-28T15:38:50+08:00 ] 127.0.0.1 /__//www.3qqq.com/static/images/temp/city_05.jpg
INFO: [ app_init ] --START--
INFO: Run Behavior\BuildLiteBehavior [ RunTime:0.000000s ]
INFO: [ app_init ] --END-- [ RunTime:0.000000s ]
ERR: 无法加载模块:__

[ 2017-06-28T15:40:52+08:00 ] 127.0.0.1 /__//www.3qqq.com/static/images/temp/city_05.jpg
INFO: [ app_init ] --START--
INFO: Run Behavior\BuildLiteBehavior [ RunTime:0.000000s ]
INFO: [ app_init ] --END-- [ RunTime:0.001000s ]
ERR: 无法加载模块:__

[ 2017-06-28T15:42:52+08:00 ] 127.0.0.1 /__//www.3qqq.com/static/images/temp/city_05.jpg
INFO: [ app_init ] --START--
INFO: Run Behavior\BuildLiteBehavior [ RunTime:0.000000s ]
INFO: [ app_init ] --END-- [ RunTime:0.000000s ]
ERR: 无法加载模块:__

[ 2017-06-28T15:54:56+08:00 ] 127.0.0.1 /__//www.3qqq.com/static/images/temp/city_05.jpg
INFO: [ app_init ] --START--
INFO: Run Behavior\BuildLiteBehavior [ RunTime:0.000000s ]
INFO: [ app_init ] --END-- [ RunTime:0.000000s ]
ERR: 无法加载模块:__

[ 2017-06-28T15:57:56+08:00 ] 127.0.0.1 /__//www.3qqq.com/static/images/temp/city_05.jpg
INFO: [ app_init ] --START--
INFO: Run Behavior\BuildLiteBehavior [ RunTime:0.000000s ]
INFO: [ app_init ] --END-- [ RunTime:0.000000s ]
ERR: 无法加载模块:__

[ 2017-06-28T15:58:11+08:00 ] 127.0.0.1 /__//www.3qqq.com/static/images/temp/city_05.jpg
INFO: [ app_init ] --START--
INFO: Run Behavior\BuildLiteBehavior [ RunTime:0.000000s ]
INFO: [ app_init ] --END-- [ RunTime:0.000000s ]
ERR: 无法加载模块:__

[ 2017-06-28T16:04:53+08:00 ] 127.0.0.1 /__//www.3qqq.com/static/images/temp/city_05.jpg
INFO: [ app_init ] --START--
INFO: Run Behavior\BuildLiteBehavior [ RunTime:0.000000s ]
INFO: [ app_init ] --END-- [ RunTime:0.000000s ]
ERR: 无法加载模块:__

[ 2017-06-28T16:06:52+08:00 ] 127.0.0.1 /__//www.3qqq.com/static/images/temp/city_05.jpg
INFO: [ app_init ] --START--
INFO: Run Behavior\BuildLiteBehavior [ RunTime:0.000000s ]
INFO: [ app_init ] --END-- [ RunTime:0.001000s ]
ERR: 无法加载模块:__

[ 2017-06-28T16:11:25+08:00 ] 127.0.0.1 /__//www.3qqq.com/static/images/temp/city_05.jpg
INFO: [ app_init ] --START--
INFO: Run Behavior\BuildLiteBehavior [ RunTime:0.000000s ]
INFO: [ app_init ] --END-- [ RunTime:0.000000s ]
ERR: 无法加载模块:__

[ 2017-06-28T16:24:30+08:00 ] 127.0.0.1 /__//www.3qqq.com/static/images/temp/city_05.jpg
INFO: [ app_init ] --START--
INFO: Run Behavior\BuildLiteBehavior [ RunTime:0.000000s ]
INFO: [ app_init ] --END-- [ RunTime:0.001000s ]
ERR: 无法加载模块:__

[ 2017-06-28T16:25:28+08:00 ] 127.0.0.1 /__//www.3qqq.com/static/images/temp/city_05.jpg
INFO: [ app_init ] --START--
INFO: Run Behavior\BuildLiteBehavior [ RunTime:0.000000s ]
INFO: [ app_init ] --END-- [ RunTime:0.000000s ]
ERR: 无法加载模块:__

[ 2017-06-28T16:25:52+08:00 ] 127.0.0.1 /__//www.3qqq.com/static/images/temp/city_05.jpg
INFO: [ app_init ] --START--
INFO: Run Behavior\BuildLiteBehavior [ RunTime:0.000000s ]
INFO: [ app_init ] --END-- [ RunTime:0.000000s ]
ERR: 无法加载模块:__

[ 2017-06-28T16:26:00+08:00 ] 127.0.0.1 /__//www.3qqq.com/static/images/temp/city_05.jpg
INFO: [ app_init ] --START--
INFO: Run Behavior\BuildLiteBehavior [ RunTime:0.000000s ]
INFO: [ app_init ] --END-- [ RunTime:0.000000s ]
ERR: 无法加载模块:__

[ 2017-06-28T16:26:45+08:00 ] 127.0.0.1 /__//www.3qqq.com/static/images/temp/city_05.jpg
INFO: [ app_init ] --START--
INFO: Run Behavior\BuildLiteBehavior [ RunTime:0.000000s ]
INFO: [ app_init ] --END-- [ RunTime:0.000000s ]
ERR: 无法加载模块:__

[ 2017-06-28T16:28:35+08:00 ] 127.0.0.1 /__//www.3qqq.com/static/images/temp/city_05.jpg
INFO: [ app_init ] --START--
INFO: Run Behavior\BuildLiteBehavior [ RunTime:0.000000s ]
INFO: [ app_init ] --END-- [ RunTime:0.000000s ]
ERR: 无法加载模块:__

[ 2017-06-28T16:28:59+08:00 ] 127.0.0.1 /__//www.3qqq.com/static/images/temp/city_05.jpg
INFO: [ app_init ] --START--
INFO: Run Behavior\BuildLiteBehavior [ RunTime:0.000000s ]
INFO: [ app_init ] --END-- [ RunTime:0.000000s ]
ERR: 无法加载模块:__

[ 2017-06-28T16:32:15+08:00 ] 127.0.0.1 /__//www.3qqq.com/static/images/temp/city_05.jpg
INFO: [ app_init ] --START--
INFO: Run Behavior\BuildLiteBehavior [ RunTime:0.000000s ]
INFO: [ app_init ] --END-- [ RunTime:0.000000s ]
ERR: 无法加载模块:__

[ 2017-06-28T16:32:17+08:00 ] 127.0.0.1 /__//www.3qqq.com/static/images/temp/city_05.jpg
INFO: [ app_init ] --START--
INFO: Run Behavior\BuildLiteBehavior [ RunTime:0.000000s ]
INFO: [ app_init ] --END-- [ RunTime:0.000000s ]
ERR: 无法加载模块:__

[ 2017-06-28T16:32:18+08:00 ] 127.0.0.1 /__//www.3qqq.com/static/images/temp/city_05.jpg
INFO: [ app_init ] --START--
INFO: Run Behavior\BuildLiteBehavior [ RunTime:0.000000s ]
INFO: [ app_init ] --END-- [ RunTime:0.000000s ]
ERR: 无法加载模块:__

[ 2017-06-28T16:33:21+08:00 ] 127.0.0.1 /__//www.3qqq.com/static/images/temp/city_05.jpg
INFO: [ app_init ] --START--
INFO: Run Behavior\BuildLiteBehavior [ RunTime:0.000000s ]
INFO: [ app_init ] --END-- [ RunTime:0.000000s ]
ERR: 无法加载模块:__

[ 2017-06-28T16:33:48+08:00 ] 127.0.0.1 /__//www.3qqq.com/static/images/temp/city_05.jpg
INFO: [ app_init ] --START--
INFO: Run Behavior\BuildLiteBehavior [ RunTime:0.000000s ]
INFO: [ app_init ] --END-- [ RunTime:0.000000s ]
ERR: 无法加载模块:__

