[ 2015-08-10T05:59:32+08:00 ] ::1 /WeChatThink/index.php
INFO: [ app_init ] --START--
INFO: Run Behavior\BuildLiteBehavior [ RunTime:0.000209s ]
INFO: [ app_init ] --END-- [ RunTime:0.001853s ]
INFO: [ app_begin ] --START--
INFO: Run Behavior\ReadHtmlCacheBehavior [ RunTime:0.021429s ]
INFO: [ app_begin ] --END-- [ RunTime:0.022423s ]
ERR: 无法加载控制器:Index

[ 2015-08-10T06:00:04+08:00 ] ::1 /WeChatThink/index.php/Home/Validate/validate
INFO: [ app_init ] --START--
INFO: Run Behavior\BuildLiteBehavior [ RunTime:0.000166s ]
INFO: [ app_init ] --END-- [ RunTime:0.001782s ]
INFO: [ app_begin ] --START--
INFO: Run Behavior\ReadHtmlCacheBehavior [ RunTime:0.001004s ]
INFO: [ app_begin ] --END-- [ RunTime:0.001855s ]

[ 2015-08-10T06:00:18+08:00 ] ::1 /WeChatThink/index.php/Home/Validate/validate
INFO: [ app_init ] --START--
INFO: Run Behavior\BuildLiteBehavior [ RunTime:0.000178s ]
INFO: [ app_init ] --END-- [ RunTime:0.001552s ]
INFO: [ app_begin ] --START--
INFO: Run Behavior\ReadHtmlCacheBehavior [ RunTime:0.000968s ]
INFO: [ app_begin ] --END-- [ RunTime:0.020459s ]
INFO: [ app_end ] --START--
INFO: Run Behavior\ShowPageTraceBehavior [ RunTime:0.021278s ]
INFO: [ app_end ] --END-- [ RunTime:0.022764s ]

[ 2015-08-10T06:00:39+08:00 ] ::1 /WeChatThink/index.php/Home/Validate/validate
INFO: [ app_init ] --START--
INFO: Run Behavior\BuildLiteBehavior [ RunTime:0.000315s ]
INFO: [ app_init ] --END-- [ RunTime:0.002459s ]
INFO: [ app_begin ] --START--
INFO: Run Behavior\ReadHtmlCacheBehavior [ RunTime:0.000878s ]
INFO: [ app_begin ] --END-- [ RunTime:0.001669s ]
NOTIC: [8] Undefined index: HTTP_RAW_POST_DATA D:\WWW\WeChatThink\vendor\LaneWeChat\core\wechat.lib.php 第 39 行.
NOTIC: [8] Undefined index: signature D:\WWW\WeChatThink\vendor\LaneWeChat\core\wechat.lib.php 第 93 行.
NOTIC: [8] Undefined index: timestamp D:\WWW\WeChatThink\vendor\LaneWeChat\core\wechat.lib.php 第 94 行.
NOTIC: [8] Undefined index: nonce D:\WWW\WeChatThink\vendor\LaneWeChat\core\wechat.lib.php 第 95 行.
INFO: [ app_end ] --START--
INFO: Run Behavior\ShowPageTraceBehavior [ RunTime:0.001035s ]
INFO: [ app_end ] --END-- [ RunTime:0.001854s ]

[ 2015-08-10T06:00:42+08:00 ] ::1 /WeChatThink/index.php/Home/Validate/validate
INFO: [ app_init ] --START--
INFO: Run Behavior\BuildLiteBehavior [ RunTime:0.000164s ]
INFO: [ app_init ] --END-- [ RunTime:0.001443s ]
INFO: [ app_begin ] --START--
INFO: Run Behavior\ReadHtmlCacheBehavior [ RunTime:0.001028s ]
INFO: [ app_begin ] --END-- [ RunTime:0.002158s ]
NOTIC: [8] Undefined index: HTTP_RAW_POST_DATA D:\WWW\WeChatThink\vendor\LaneWeChat\core\wechat.lib.php 第 39 行.
NOTIC: [8] Undefined index: signature D:\WWW\WeChatThink\vendor\LaneWeChat\core\wechat.lib.php 第 93 行.
NOTIC: [8] Undefined index: timestamp D:\WWW\WeChatThink\vendor\LaneWeChat\core\wechat.lib.php 第 94 行.
NOTIC: [8] Undefined index: nonce D:\WWW\WeChatThink\vendor\LaneWeChat\core\wechat.lib.php 第 95 行.
INFO: [ app_end ] --START--
INFO: Run Behavior\ShowPageTraceBehavior [ RunTime:0.000842s ]
INFO: [ app_end ] --END-- [ RunTime:0.001630s ]

[ 2015-08-10T06:02:28+08:00 ] ::1 /WeChatThink/?m=Home&c=Validate&a=validate
INFO: [ app_init ] --START--
INFO: Run Behavior\BuildLiteBehavior [ RunTime:0.000237s ]
INFO: [ app_init ] --END-- [ RunTime:0.002081s ]
INFO: [ app_begin ] --START--
INFO: Run Behavior\ReadHtmlCacheBehavior [ RunTime:0.001802s ]
INFO: [ app_begin ] --END-- [ RunTime:0.003495s ]
NOTIC: [8] Undefined index: HTTP_RAW_POST_DATA D:\WWW\WeChatThink\vendor\LaneWeChat\core\wechat.lib.php 第 39 行.
NOTIC: [8] Undefined index: signature D:\WWW\WeChatThink\vendor\LaneWeChat\core\wechat.lib.php 第 93 行.
NOTIC: [8] Undefined index: timestamp D:\WWW\WeChatThink\vendor\LaneWeChat\core\wechat.lib.php 第 94 行.
NOTIC: [8] Undefined index: nonce D:\WWW\WeChatThink\vendor\LaneWeChat\core\wechat.lib.php 第 95 行.
INFO: [ app_end ] --START--
INFO: Run Behavior\ShowPageTraceBehavior [ RunTime:0.001244s ]
INFO: [ app_end ] --END-- [ RunTime:0.002232s ]

[ 2015-08-10T06:21:11+08:00 ] ::1 /WeChatThink/?m=Home&c=Validate&a=validate
INFO: [ app_init ] --START--
INFO: Run Behavior\BuildLiteBehavior [ RunTime:0.000180s ]
INFO: [ app_init ] --END-- [ RunTime:0.001521s ]
INFO: [ app_begin ] --START--
INFO: Run Behavior\ReadHtmlCacheBehavior [ RunTime:0.000952s ]
INFO: [ app_begin ] --END-- [ RunTime:0.001722s ]
NOTIC: [8] Undefined index: HTTP_RAW_POST_DATA D:\WWW\WeChatThink\vendor\LaneWeChat\core\wechat.lib.php 第 39 行.
NOTIC: [8] Undefined index: signature D:\WWW\WeChatThink\vendor\LaneWeChat\core\wechat.lib.php 第 93 行.
NOTIC: [8] Undefined index: timestamp D:\WWW\WeChatThink\vendor\LaneWeChat\core\wechat.lib.php 第 94 行.
NOTIC: [8] Undefined index: nonce D:\WWW\WeChatThink\vendor\LaneWeChat\core\wechat.lib.php 第 95 行.
INFO: [ app_end ] --START--
INFO: Run Behavior\ShowPageTraceBehavior [ RunTime:0.001051s ]
INFO: [ app_end ] --END-- [ RunTime:0.001813s ]

[ 2015-08-10T06:28:34+08:00 ] ::1 /WeChatThink/index.php/Home/Validate/validate
INFO: [ app_init ] --START--
INFO: Run Behavior\BuildLiteBehavior [ RunTime:0.000267s ]
INFO: [ app_init ] --END-- [ RunTime:0.002248s ]
INFO: [ app_begin ] --START--
INFO: Run Behavior\ReadHtmlCacheBehavior [ RunTime:0.001492s ]
INFO: [ app_begin ] --END-- [ RunTime:0.002762s ]
NOTIC: [8] Undefined index: HTTP_RAW_POST_DATA D:\WWW\WeChatThink\vendor\LaneWeChat\core\wechat.lib.php 第 39 行.
NOTIC: [8] Undefined index: signature D:\WWW\WeChatThink\vendor\LaneWeChat\core\wechat.lib.php 第 93 行.
NOTIC: [8] Undefined index: timestamp D:\WWW\WeChatThink\vendor\LaneWeChat\core\wechat.lib.php 第 94 行.
NOTIC: [8] Undefined index: nonce D:\WWW\WeChatThink\vendor\LaneWeChat\core\wechat.lib.php 第 95 行.
INFO: [ app_end ] --START--
INFO: Run Behavior\ShowPageTraceBehavior [ RunTime:0.001082s ]
INFO: [ app_end ] --END-- [ RunTime:0.001947s ]

[ 2015-08-10T06:31:06+08:00 ] ::1 /WeChatThink/index.php/Home/Validate/validate
INFO: [ app_init ] --START--
INFO: Run Behavior\BuildLiteBehavior [ RunTime:0.000214s ]
INFO: [ app_init ] --END-- [ RunTime:0.001739s ]
INFO: [ app_begin ] --START--
INFO: Run Behavior\ReadHtmlCacheBehavior [ RunTime:0.001264s ]
INFO: [ app_begin ] --END-- [ RunTime:0.002468s ]
NOTIC: [8] Undefined index: HTTP_RAW_POST_DATA D:\WWW\WeChatThink\vendor\LaneWeChat\core\wechat.lib.php 第 39 行.
NOTIC: [8] Undefined index: signature D:\WWW\WeChatThink\vendor\LaneWeChat\core\wechat.lib.php 第 93 行.
NOTIC: [8] Undefined index: timestamp D:\WWW\WeChatThink\vendor\LaneWeChat\core\wechat.lib.php 第 94 行.
NOTIC: [8] Undefined index: nonce D:\WWW\WeChatThink\vendor\LaneWeChat\core\wechat.lib.php 第 95 行.
INFO: [ app_end ] --START--
INFO: Run Behavior\ShowPageTraceBehavior [ RunTime:0.000917s ]
INFO: [ app_end ] --END-- [ RunTime:0.001718s ]

[ 2015-08-10T06:31:26+08:00 ] ::1 /WeChatThink/index.php/Home/Validate/validate?token=token
INFO: [ app_init ] --START--
INFO: Run Behavior\BuildLiteBehavior [ RunTime:0.000322s ]
INFO: [ app_init ] --END-- [ RunTime:0.002438s ]
INFO: [ app_begin ] --START--
INFO: Run Behavior\ReadHtmlCacheBehavior [ RunTime:0.001047s ]
INFO: [ app_begin ] --END-- [ RunTime:0.001901s ]
NOTIC: [8] Undefined index: HTTP_RAW_POST_DATA D:\WWW\WeChatThink\vendor\LaneWeChat\core\wechat.lib.php 第 39 行.
NOTIC: [8] Undefined index: signature D:\WWW\WeChatThink\vendor\LaneWeChat\core\wechat.lib.php 第 93 行.
NOTIC: [8] Undefined index: timestamp D:\WWW\WeChatThink\vendor\LaneWeChat\core\wechat.lib.php 第 94 行.
NOTIC: [8] Undefined index: nonce D:\WWW\WeChatThink\vendor\LaneWeChat\core\wechat.lib.php 第 95 行.
INFO: [ app_end ] --START--
INFO: Run Behavior\ShowPageTraceBehavior [ RunTime:0.000894s ]
INFO: [ app_end ] --END-- [ RunTime:0.001704s ]

[ 2015-08-10T06:38:56+08:00 ] ::1 /WeChatThink/index.php/Home/Validate/validate?token=token
INFO: [ app_init ] --START--
INFO: Run Behavior\BuildLiteBehavior [ RunTime:0.000179s ]
INFO: [ app_init ] --END-- [ RunTime:0.001521s ]
INFO: [ app_begin ] --START--
INFO: Run Behavior\ReadHtmlCacheBehavior [ RunTime:0.001673s ]
INFO: [ app_begin ] --END-- [ RunTime:0.002733s ]
NOTIC: [8] Undefined index: HTTP_RAW_POST_DATA D:\WWW\WeChatThink\vendor\LaneWeChat\core\wechat.lib.php 第 39 行.
NOTIC: [8] Undefined index: signature D:\WWW\WeChatThink\vendor\LaneWeChat\core\wechat.lib.php 第 93 行.
NOTIC: [8] Undefined index: timestamp D:\WWW\WeChatThink\vendor\LaneWeChat\core\wechat.lib.php 第 94 行.
NOTIC: [8] Undefined index: nonce D:\WWW\WeChatThink\vendor\LaneWeChat\core\wechat.lib.php 第 95 行.
INFO: [ app_end ] --START--
INFO: Run Behavior\ShowPageTraceBehavior [ RunTime:0.000977s ]
INFO: [ app_end ] --END-- [ RunTime:0.001797s ]

[ 2015-08-10T06:41:05+08:00 ] ::1 /WeChatThink/index.php/Home/Validate/validate?token=token
INFO: [ app_init ] --START--
INFO: Run Behavior\BuildLiteBehavior [ RunTime:0.000215s ]
INFO: [ app_init ] --END-- [ RunTime:0.001802s ]
INFO: [ app_begin ] --START--
INFO: Run Behavior\ReadHtmlCacheBehavior [ RunTime:0.000968s ]
INFO: [ app_begin ] --END-- [ RunTime:0.001758s ]
NOTIC: [2] session_start(): Cannot send session cache limiter - headers already sent (output started at D:\WWW\WeChatThink\index.php:33) D:\WWW\WeChatThink\ThinkPHP\Common\functions.php 第 1263 行.
NOTIC: [8] Undefined index: HTTP_RAW_POST_DATA D:\WWW\WeChatThink\vendor\LaneWeChat\core\wechat.lib.php 第 39 行.
NOTIC: [8] Undefined index: signature D:\WWW\WeChatThink\vendor\LaneWeChat\core\wechat.lib.php 第 93 行.
NOTIC: [8] Undefined index: timestamp D:\WWW\WeChatThink\vendor\LaneWeChat\core\wechat.lib.php 第 94 行.
NOTIC: [8] Undefined index: nonce D:\WWW\WeChatThink\vendor\LaneWeChat\core\wechat.lib.php 第 95 行.
INFO: [ app_end ] --START--
INFO: Run Behavior\ShowPageTraceBehavior [ RunTime:0.001050s ]
INFO: [ app_end ] --END-- [ RunTime:0.001909s ]

[ 2015-08-10T06:41:41+08:00 ] ::1 /WeChatThink/index.php/Home/Validate/validate?token=token
INFO: [ app_init ] --START--
INFO: Run Behavior\BuildLiteBehavior [ RunTime:0.000216s ]
INFO: [ app_init ] --END-- [ RunTime:0.001717s ]
INFO: [ app_begin ] --START--
INFO: Run Behavior\ReadHtmlCacheBehavior [ RunTime:0.001172s ]
INFO: [ app_begin ] --END-- [ RunTime:0.002200s ]
NOTIC: [8] Undefined index: HTTP_RAW_POST_DATA D:\WWW\WeChatThink\vendor\LaneWeChat\core\wechat.lib.php 第 39 行.
NOTIC: [8] Undefined index: signature D:\WWW\WeChatThink\vendor\LaneWeChat\core\wechat.lib.php 第 93 行.
NOTIC: [8] Undefined index: timestamp D:\WWW\WeChatThink\vendor\LaneWeChat\core\wechat.lib.php 第 94 行.
NOTIC: [8] Undefined index: nonce D:\WWW\WeChatThink\vendor\LaneWeChat\core\wechat.lib.php 第 95 行.
INFO: [ app_end ] --START--
INFO: Run Behavior\ShowPageTraceBehavior [ RunTime:0.001038s ]
INFO: [ app_end ] --END-- [ RunTime:0.001842s ]

[ 2015-08-10T06:50:08+08:00 ] ::1 /WeChatThink/index.php/Home/Validate/validate
INFO: [ app_init ] --START--
INFO: Run Behavior\BuildLiteBehavior [ RunTime:0.000193s ]
INFO: [ app_init ] --END-- [ RunTime:0.001514s ]
INFO: [ app_begin ] --START--
INFO: Run Behavior\ReadHtmlCacheBehavior [ RunTime:0.001051s ]
INFO: [ app_begin ] --END-- [ RunTime:0.001908s ]
NOTIC: [8] Undefined index: HTTP_RAW_POST_DATA D:\WWW\WeChatThink\vendor\LaneWeChat\core\wechat.lib.php 第 39 行.
NOTIC: [8] Undefined index: signature D:\WWW\WeChatThink\vendor\LaneWeChat\core\wechat.lib.php 第 93 行.
NOTIC: [8] Undefined index: timestamp D:\WWW\WeChatThink\vendor\LaneWeChat\core\wechat.lib.php 第 94 行.
NOTIC: [8] Undefined index: nonce D:\WWW\WeChatThink\vendor\LaneWeChat\core\wechat.lib.php 第 95 行.
INFO: [ app_end ] --START--
INFO: Run Behavior\ShowPageTraceBehavior [ RunTime:0.001152s ]
INFO: [ app_end ] --END-- [ RunTime:0.002017s ]

[ 2015-08-10T06:53:21+08:00 ] ::1 /WeChatThink/index.php/Home/Validate/validate?signature=123432&timestamp=123422424&nonce=122
INFO: [ app_init ] --START--
INFO: Run Behavior\BuildLiteBehavior [ RunTime:0.000195s ]
INFO: [ app_init ] --END-- [ RunTime:0.001435s ]
INFO: [ app_begin ] --START--
INFO: Run Behavior\ReadHtmlCacheBehavior [ RunTime:0.001022s ]
INFO: [ app_begin ] --END-- [ RunTime:0.001872s ]
NOTIC: [8] Undefined index: HTTP_RAW_POST_DATA D:\WWW\WeChatThink\vendor\LaneWeChat\core\wechat.lib.php 第 39 行.
INFO: [ app_end ] --START--
INFO: Run Behavior\ShowPageTraceBehavior [ RunTime:0.000957s ]
INFO: [ app_end ] --END-- [ RunTime:0.001735s ]

[ 2015-08-10T06:55:53+08:00 ] ::1 /WeChatThink/index.php/Home/Validate/validate
INFO: [ app_init ] --START--
INFO: Run Behavior\BuildLiteBehavior [ RunTime:0.000173s ]
INFO: [ app_init ] --END-- [ RunTime:0.001539s ]
INFO: [ app_begin ] --START--
INFO: Run Behavior\ReadHtmlCacheBehavior [ RunTime:0.001074s ]
INFO: [ app_begin ] --END-- [ RunTime:0.001913s ]
NOTIC: [8] Undefined index: HTTP_RAW_POST_DATA D:\WWW\WeChatThink\vendor\LaneWeChat\core\wechat.lib.php 第 39 行.
NOTIC: [8] Undefined index: signature D:\WWW\WeChatThink\vendor\LaneWeChat\core\wechat.lib.php 第 93 行.
NOTIC: [8] Undefined index: timestamp D:\WWW\WeChatThink\vendor\LaneWeChat\core\wechat.lib.php 第 94 行.
NOTIC: [8] Undefined index: nonce D:\WWW\WeChatThink\vendor\LaneWeChat\core\wechat.lib.php 第 95 行.
INFO: [ app_end ] --START--
INFO: Run Behavior\ShowPageTraceBehavior [ RunTime:0.000991s ]
INFO: [ app_end ] --END-- [ RunTime:0.001826s ]

