[ 2017-04-20T11:22:33+08:00 ] 127.0.0.1 /
INFO: [ app_init ] --START--
INFO: Run Behavior\BuildLiteBehavior [ RunTime:0.000000s ]
INFO: [ app_init ] --END-- [ RunTime:0.000000s ]
INFO: [ app_begin ] --START--
INFO: Run Behavior\ReadHtmlCacheBehavior [ RunTime:0.001000s ]
INFO: [ app_begin ] --END-- [ RunTime:0.001000s ]
SQL: SHOW COLUMNS FROM `sys_web_configure` [ RunTime:0.0020s ]
SQL: SELECT * FROM `sys_web_configure` WHERE `type` = 4 LIMIT 1   [ RunTime:0.0020s ]
SQL: SHOW COLUMNS FROM `sys_web_configure` [ RunTime:0.0020s ]
SQL: SELECT * FROM `sys_web_configure` WHERE `type` = 3 LIMIT 1   [ RunTime:0.0020s ]
SQL: SHOW COLUMNS FROM `sys_advert` [ RunTime:0.0020s ]
SQL: SELECT * FROM `sys_advert` WHERE `type` = 2  [ RunTime:0.0020s ]
SQL: SHOW COLUMNS FROM `sys_articlescrap` [ RunTime:0.0020s ]
SQL: SELECT `id`,`title`,`createtime` FROM `sys_articlescrap` WHERE `type` = 11 ORDER BY `no` asc,`createtime` desc LIMIT 5   [ RunTime:0.0010s ]
SQL: SHOW COLUMNS FROM `sys_articlescrap` [ RunTime:0.0010s ]
SQL: SELECT `id`,`title`,`createtime` FROM `sys_articlescrap` WHERE `type` = 20 ORDER BY `no` asc,`createtime` desc LIMIT 5   [ RunTime:0.0010s ]
SQL: SHOW COLUMNS FROM `sys_area_recommend` [ RunTime:0.0020s ]
SQL: SELECT * FROM `sys_area_recommend`  [ RunTime:0.0020s ]
SQL: SHOW COLUMNS FROM `tb_assets` [ RunTime:0.0030s ]
SQL: SHOW COLUMNS FROM `tb_debt` [ RunTime:0.0020s ]
SQL: SHOW COLUMNS FROM `tb_package` [ RunTime:0.0020s ]
SQL: SELECT * FROM `tb_assets` WHERE `AssetsStatue` IN ('4','8') AND `Usestat` = 1 ORDER BY AssetsID DESC LIMIT 4   [ RunTime:0.0020s ]
SQL: SELECT * FROM `tb_debt` WHERE `AssetsStatue` IN ('4','8') AND `Usestat` = 1 ORDER BY CreateTime DESC LIMIT 4   [ RunTime:0.0030s ]
SQL: SELECT * FROM `tb_package` WHERE `AssetsStatue` IN ('4','8') AND `Usestat` = 1 ORDER BY CreateTime DESC LIMIT 4   [ RunTime:0.0020s ]
SQL: SELECT `AssetsID`,`titimg`,`Title`,`ViewCount`,`BuyCount`,ProPrice as ccint,Price as aaint,`AssetsStatue` FROM `tb_assets` LEFT JOIN tb_assetsdata ON tb_assets.AssetsID = tb_assetsdata.ID  WHERE `AssetsStatue` IN ('4','8') AND `Usestat` = 1 ORDER BY `BuyCount` desc,`ViewCount` asc LIMIT 8   [ RunTime:0.0020s ]
SQL: SELECT `DebtID`,`titimg`,`Title`,`ViewCount`,`BuyCount`,ProPrice as ccint,Total as aaint,`AssetsStatue` FROM `tb_debt` LEFT JOIN tb_debtdata ON tb_debt.DebtID = tb_debtdata.ID  WHERE `AssetsStatue` IN ('4','8') AND `Usestat` = 1 ORDER BY `BuyCount` desc,`ViewCount` asc LIMIT 8   [ RunTime:0.0020s ]
SQL: SELECT `PackageID`,`titimg`,`Title`,`ViewCount`,`BuyCount`,ProcessModle as ccint,Total as aaint,`AssetsStatue` FROM `tb_package` LEFT JOIN tb_packagedata ON tb_package.PackageID = tb_packagedata.ID  WHERE `AssetsStatue` IN ('4','8') AND `Usestat` = 1 ORDER BY `BuyCount` desc,`ViewCount` asc LIMIT 8   [ RunTime:0.0020s ]
NOTIC: [2] Invalid argument supplied for foreach() D:\WWW\tejinhui\ThinkPHP\Library\Think\Db\Driver.class.php 第 504 行.
SQL: SELECT COUNT(*) AS tp_count FROM `tb_assets` LIMIT 1   [ RunTime:0.0010s ]
NOTIC: [2] Invalid argument supplied for foreach() D:\WWW\tejinhui\ThinkPHP\Library\Think\Db\Driver.class.php 第 504 行.
SQL: SELECT COUNT(*) AS tp_count FROM `tb_debt` LIMIT 1   [ RunTime:0.0010s ]
NOTIC: [2] Invalid argument supplied for foreach() D:\WWW\tejinhui\ThinkPHP\Library\Think\Db\Driver.class.php 第 504 行.
SQL: SELECT COUNT(*) AS tp_count FROM `tb_package` LIMIT 1   [ RunTime:0.0010s ]
SQL: SHOW COLUMNS FROM `tb_assetsduedili` [ RunTime:0.0020s ]
SQL: SELECT COUNT(*) AS tp_count FROM `tb_assetsduedili` WHERE `Usestat` = 1 LIMIT 1   [ RunTime:0.0010s ]
SQL: SHOW COLUMNS FROM `tb_debtduedili` [ RunTime:0.0010s ]
SQL: SELECT COUNT(*) AS tp_count FROM `tb_debtduedili` WHERE `Usestat` = 1 LIMIT 1   [ RunTime:0.0010s ]
SQL: SHOW COLUMNS FROM `tb_packageduedili` [ RunTime:0.0030s ]
SQL: SELECT COUNT(*) AS tp_count FROM `tb_packageduedili` WHERE `Usestat` = 1 LIMIT 1   [ RunTime:0.0020s ]
SQL: SHOW COLUMNS FROM `tb_member` [ RunTime:0.0020s ]
SQL: SELECT COUNT(*) AS tp_count FROM `tb_member` WHERE `MemberType` = 4 LIMIT 1   [ RunTime:0.0020s ]
SQL: SHOW COLUMNS FROM `tb_ads` [ RunTime:0.0010s ]
SQL: SELECT * FROM `tb_ads` WHERE `Catagrote` = 51  [ RunTime:0.0010s ]
SQL: SHOW COLUMNS FROM `sys_web_configure` [ RunTime:0.0010s ]
SQL: SELECT * FROM `sys_web_configure` WHERE `type` = 1 LIMIT 1   [ RunTime:0.0010s ]
INFO: [ view_parse ] --START--
INFO: [ template_filter ] --START--
INFO: Run Behavior\ContentReplaceBehavior [ RunTime:0.000000s ]
INFO: [ template_filter ] --END-- [ RunTime:0.000000s ]
NOTIC: [8] Undefined variable: search D:\WWW\tejinhui\Application\Runtime\Cache\Home\ccc714bf1ad7378d61a4beb8be3a2914.php 第 30 行.
NOTIC: [8] Use of undefined constant City - assumed 'City' D:\WWW\tejinhui\Application\Runtime\Cache\Home\ccc714bf1ad7378d61a4beb8be3a2914.php 第 100 行.
NOTIC: [8] Undefined index: discuz_auth_key D:\WWW\tejinhui\Application\Common\Common\function.php 第 550 行.
NOTIC: [8] Undefined index: discuz_auth_key D:\WWW\tejinhui\Application\Common\Common\function.php 第 550 行.
NOTIC: [8] Undefined index: discuz_auth_key D:\WWW\tejinhui\Application\Common\Common\function.php 第 550 行.
NOTIC: [8] Undefined index: discuz_auth_key D:\WWW\tejinhui\Application\Common\Common\function.php 第 550 行.
NOTIC: [8] Undefined index: discuz_auth_key D:\WWW\tejinhui\Application\Common\Common\function.php 第 550 行.
NOTIC: [8] Undefined index: discuz_auth_key D:\WWW\tejinhui\Application\Common\Common\function.php 第 550 行.
NOTIC: [8] Undefined index: discuz_auth_key D:\WWW\tejinhui\Application\Common\Common\function.php 第 550 行.
NOTIC: [8] Undefined index: discuz_auth_key D:\WWW\tejinhui\Application\Common\Common\function.php 第 550 行.
INFO: Run Behavior\ParseTemplateBehavior [ RunTime:0.035000s ]
INFO: [ view_parse ] --END-- [ RunTime:0.035000s ]
INFO: [ view_filter ] --START--
INFO: Run Behavior\WriteHtmlCacheBehavior [ RunTime:0.000000s ]
INFO: [ view_filter ] --END-- [ RunTime:0.000000s ]
INFO: [ app_end ] --START--
INFO: Run Behavior\ShowPageTraceBehavior [ RunTime:0.001000s ]
INFO: [ app_end ] --END-- [ RunTime:0.001000s ]

[ 2017-04-20T11:22:39+08:00 ] 127.0.0.1 /list.html
INFO: [ app_init ] --START--
INFO: Run Behavior\BuildLiteBehavior [ RunTime:0.000000s ]
INFO: [ app_init ] --END-- [ RunTime:0.001000s ]
INFO: [ app_begin ] --START--
INFO: Run Behavior\ReadHtmlCacheBehavior [ RunTime:0.001000s ]
INFO: [ app_begin ] --END-- [ RunTime:0.001000s ]
SQL: SHOW COLUMNS FROM `sys_web_configure` [ RunTime:0.0020s ]
SQL: SELECT * FROM `sys_web_configure` WHERE `type` = 4 LIMIT 1   [ RunTime:0.0010s ]
SQL: SHOW COLUMNS FROM `sys_web_configure` [ RunTime:0.0010s ]
SQL: SELECT * FROM `sys_web_configure` WHERE `type` = 3 LIMIT 1   [ RunTime:0.0020s ]
SQL: SHOW COLUMNS FROM `tb_area` [ RunTime:0.0020s ]
SQL: SELECT `id`,`name`,`pid` FROM `tb_area` WHERE `pid` = 0  [ RunTime:0.0010s ]
SQL: SELECT `id`,`name`,`pid` FROM `tb_area` WHERE `pid` BETWEEN '1' AND '34' ORDER BY id ASC  [ RunTime:0.0040s ]
SQL: SHOW COLUMNS FROM `sys_code` [ RunTime:0.0020s ]
SQL: SELECT `CodeID`,`CodeGroup`,`CodeName`,`CodeValue` FROM `sys_code` WHERE `CodeGroup` = '10105'  [ RunTime:0.0010s ]
SQL: SHOW COLUMNS FROM `sys_area_recommend` [ RunTime:0.0010s ]
SQL: SELECT * FROM `sys_area_recommend`  [ RunTime:0.0010s ]
INFO: [ view_parse ] --START--
INFO: [ template_filter ] --START--
INFO: Run Behavior\ContentReplaceBehavior [ RunTime:0.000000s ]
INFO: [ template_filter ] --END-- [ RunTime:0.001000s ]
NOTIC: [8] Undefined variable: search D:\WWW\tejinhui\Application\Runtime\Cache\Home\97e68d4d6d530c34fcd21195a115363f.php 第 30 行.
INFO: Run Behavior\ParseTemplateBehavior [ RunTime:0.018000s ]
INFO: [ view_parse ] --END-- [ RunTime:0.018000s ]
INFO: [ view_filter ] --START--
INFO: Run Behavior\WriteHtmlCacheBehavior [ RunTime:0.000000s ]
INFO: [ view_filter ] --END-- [ RunTime:0.000000s ]
INFO: [ app_end ] --START--
INFO: Run Behavior\ShowPageTraceBehavior [ RunTime:0.000000s ]
INFO: [ app_end ] --END-- [ RunTime:0.000000s ]

[ 2017-04-20T11:22:39+08:00 ] 127.0.0.1 /Home/Search/orders?search=&province=&City=&p=1
INFO: [ app_init ] --START--
INFO: Run Behavior\BuildLiteBehavior [ RunTime:0.000000s ]
INFO: [ app_init ] --END-- [ RunTime:0.000000s ]
INFO: [ app_begin ] --START--
INFO: Run Behavior\ReadHtmlCacheBehavior [ RunTime:0.000000s ]
INFO: [ app_begin ] --END-- [ RunTime:0.000000s ]
SQL: SHOW COLUMNS FROM `sys_web_configure` [ RunTime:0.0020s ]
SQL: SELECT * FROM `sys_web_configure` WHERE `type` = 4 LIMIT 1   [ RunTime:0.0030s ]
SQL: SHOW COLUMNS FROM `sys_web_configure` [ RunTime:0.0010s ]
SQL: SELECT * FROM `sys_web_configure` WHERE `type` = 3 LIMIT 1   [ RunTime:0.0020s ]
SQL: SHOW COLUMNS FROM `tb_debt` [ RunTime:0.0020s ]
SQL: SHOW COLUMNS FROM `tb_debt` [ RunTime:0.0020s ]
SQL: SELECT `DebtID`,`titimg`,Title as title,Total as total,`StartTime`,`EndTime`,ProcessModle as promodel,ProPrice as proprice,DebtAdress as adress,Owner as Contact,CellPhone as mobile,`CreateTime`,`AssetsStatue`,Type as typeset FROM `tb_debt` WHERE `AssetsStatue` IN ('4','8') AND `Title` LIKE '%%' ORDER BY DebtID desc  [ RunTime:0.0020s ]
SQL: SHOW COLUMNS FROM `tb_assets` [ RunTime:0.0020s ]
SQL: SHOW COLUMNS FROM `tb_assets` [ RunTime:0.0010s ]
SQL: SELECT `AssetsID`,`titimg`,Title as title,Price as total,ProcessModle as promodel,ProPrice as proprice,Address as adress,Contact as Contact,CellPhone as mobile,`CreateTime`,`AssetsStatue`,AssetsType as typeset FROM `tb_assets` WHERE `AssetsStatue` IN ('4','8') AND `Title` LIKE '%%' ORDER BY AssetsID desc  [ RunTime:0.0020s ]
NOTIC: [8] Undefined index: ProPrice D:\WWW\tejinhui\Application\Home\Controller\SearchController.class.php 第 111 行.
SQL: SHOW COLUMNS FROM `tb_package` [ RunTime:0.0020s ]
SQL: SHOW COLUMNS FROM `tb_package` [ RunTime:0.0010s ]
SQL: SELECT `PackageID`,`titimg`,Title as title,Total as total,ProcessModle as proprice,OwnerAdress as adress,Owner as Contact,CellPhone as mobile,`CreateTime`,`AssetsStatue`,Type as typeset FROM `tb_package` WHERE `AssetsStatue` IN ('4','8') AND `Title` LIKE '%%' ORDER BY PackageID desc  [ RunTime:0.0010s ]
NOTIC: [8] Undefined index: EndTime D:\WWW\tejinhui\Application\Home\Controller\SearchController.class.php 第 141 行.
NOTIC: [8] Undefined index: EndTime D:\WWW\tejinhui\Application\Home\Controller\SearchController.class.php 第 141 行.
NOTIC: [8] Undefined index: EndTime D:\WWW\tejinhui\Application\Home\Controller\SearchController.class.php 第 141 行.
NOTIC: [8] Undefined index: EndTime D:\WWW\tejinhui\Application\Home\Controller\SearchController.class.php 第 141 行.
NOTIC: [8] Undefined index: EndTime D:\WWW\tejinhui\Application\Home\Controller\SearchController.class.php 第 141 行.
NOTIC: [8] Undefined index: EndTime D:\WWW\tejinhui\Application\Home\Controller\SearchController.class.php 第 141 行.
NOTIC: [8] Undefined index: EndTime D:\WWW\tejinhui\Application\Home\Controller\SearchController.class.php 第 141 行.
NOTIC: [8] Undefined index: EndTime D:\WWW\tejinhui\Application\Home\Controller\SearchController.class.php 第 141 行.
NOTIC: [8] Undefined index: EndTime D:\WWW\tejinhui\Application\Home\Controller\SearchController.class.php 第 141 行.
NOTIC: [8] Undefined index: EndTime D:\WWW\tejinhui\Application\Home\Controller\SearchController.class.php 第 141 行.
NOTIC: [8] Undefined index: EndTime D:\WWW\tejinhui\Application\Home\Controller\SearchController.class.php 第 141 行.
NOTIC: [8] Undefined index: EndTime D:\WWW\tejinhui\Application\Home\Controller\SearchController.class.php 第 141 行.
NOTIC: [8] Undefined index: EndTime D:\WWW\tejinhui\Application\Home\Controller\SearchController.class.php 第 141 行.
NOTIC: [8] Undefined index: EndTime D:\WWW\tejinhui\Application\Home\Controller\SearchController.class.php 第 141 行.
NOTIC: [8] Undefined index: EndTime D:\WWW\tejinhui\Application\Home\Controller\SearchController.class.php 第 141 行.
NOTIC: [8] Undefined index: EndTime D:\WWW\tejinhui\Application\Home\Controller\SearchController.class.php 第 141 行.
NOTIC: [8] Undefined index: EndTime D:\WWW\tejinhui\Application\Home\Controller\SearchController.class.php 第 141 行.
NOTIC: [8] Undefined index: EndTime D:\WWW\tejinhui\Application\Home\Controller\SearchController.class.php 第 141 行.
NOTIC: [8] Undefined index: EndTime D:\WWW\tejinhui\Application\Home\Controller\SearchController.class.php 第 141 行.
NOTIC: [8] Undefined index: EndTime D:\WWW\tejinhui\Application\Home\Controller\SearchController.class.php 第 141 行.
NOTIC: [8] Undefined index: EndTime D:\WWW\tejinhui\Application\Home\Controller\SearchController.class.php 第 141 行.
NOTIC: [2] Missing argument 1 for Think\PageAjax::show(), called in D:\WWW\tejinhui\Application\Home\Controller\SearchController.class.php on line 166 and defined D:\WWW\tejinhui\ThinkPHP\Library\Think\PageAjax.class.php 第 77 行.
NOTIC: [8] Undefined variable: url_replace D:\WWW\tejinhui\ThinkPHP\Library\Think\PageAjax.class.php 第 84 行.
INFO: [ view_parse ] --START--
INFO: [ template_filter ] --START--
INFO: Run Behavior\ContentReplaceBehavior [ RunTime:0.000000s ]
INFO: [ template_filter ] --END-- [ RunTime:0.000000s ]
NOTIC: [8] Undefined index: discuz_auth_key D:\WWW\tejinhui\Application\Common\Common\function.php 第 550 行.
NOTIC: [8] Undefined index: discuz_auth_key D:\WWW\tejinhui\Application\Common\Common\function.php 第 550 行.
NOTIC: [8] Undefined index: discuz_auth_key D:\WWW\tejinhui\Application\Common\Common\function.php 第 550 行.
NOTIC: [8] Undefined index: discuz_auth_key D:\WWW\tejinhui\Application\Common\Common\function.php 第 550 行.
NOTIC: [8] Undefined index: discuz_auth_key D:\WWW\tejinhui\Application\Common\Common\function.php 第 550 行.
NOTIC: [8] Undefined index: discuz_auth_key D:\WWW\tejinhui\Application\Common\Common\function.php 第 550 行.
NOTIC: [8] Undefined index: discuz_auth_key D:\WWW\tejinhui\Application\Common\Common\function.php 第 550 行.
NOTIC: [8] Undefined index: discuz_auth_key D:\WWW\tejinhui\Application\Common\Common\function.php 第 550 行.
NOTIC: [8] Undefined index: discuz_auth_key D:\WWW\tejinhui\Application\Common\Common\function.php 第 550 行.
NOTIC: [8] Undefined index: discuz_auth_key D:\WWW\tejinhui\Application\Common\Common\function.php 第 550 行.
NOTIC: [8] Undefined index: discuz_auth_key D:\WWW\tejinhui\Application\Common\Common\function.php 第 550 行.
NOTIC: [8] Undefined index: discuz_auth_key D:\WWW\tejinhui\Application\Common\Common\function.php 第 550 行.
NOTIC: [8] Undefined index: discuz_auth_key D:\WWW\tejinhui\Application\Common\Common\function.php 第 550 行.
NOTIC: [8] Undefined index: discuz_auth_key D:\WWW\tejinhui\Application\Common\Common\function.php 第 550 行.
NOTIC: [8] Undefined index: discuz_auth_key D:\WWW\tejinhui\Application\Common\Common\function.php 第 550 行.
NOTIC: [8] Undefined index: discuz_auth_key D:\WWW\tejinhui\Application\Common\Common\function.php 第 550 行.
NOTIC: [8] Undefined index: discuz_auth_key D:\WWW\tejinhui\Application\Common\Common\function.php 第 550 行.
NOTIC: [8] Undefined index: discuz_auth_key D:\WWW\tejinhui\Application\Common\Common\function.php 第 550 行.
NOTIC: [8] Undefined index: discuz_auth_key D:\WWW\tejinhui\Application\Common\Common\function.php 第 550 行.
NOTIC: [8] Undefined index: discuz_auth_key D:\WWW\tejinhui\Application\Common\Common\function.php 第 550 行.
NOTIC: [8] Undefined index: discuz_auth_key D:\WWW\tejinhui\Application\Common\Common\function.php 第 550 行.
NOTIC: [8] Undefined index: discuz_auth_key D:\WWW\tejinhui\Application\Common\Common\function.php 第 550 行.
NOTIC: [8] Undefined index: discuz_auth_key D:\WWW\tejinhui\Application\Common\Common\function.php 第 550 行.
NOTIC: [8] Undefined index: discuz_auth_key D:\WWW\tejinhui\Application\Common\Common\function.php 第 550 行.
NOTIC: [8] Undefined index: discuz_auth_key D:\WWW\tejinhui\Application\Common\Common\function.php 第 550 行.
NOTIC: [8] Undefined index: discuz_auth_key D:\WWW\tejinhui\Application\Common\Common\function.php 第 550 行.
NOTIC: [8] Undefined index: discuz_auth_key D:\WWW\tejinhui\Application\Common\Common\function.php 第 550 行.
NOTIC: [8] Undefined index: discuz_auth_key D:\WWW\tejinhui\Application\Common\Common\function.php 第 550 行.
NOTIC: [8] Undefined index: discuz_auth_key D:\WWW\tejinhui\Application\Common\Common\function.php 第 550 行.
NOTIC: [8] Undefined index: discuz_auth_key D:\WWW\tejinhui\Application\Common\Common\function.php 第 550 行.
INFO: Run Behavior\ParseTemplateBehavior [ RunTime:0.036000s ]
INFO: [ view_parse ] --END-- [ RunTime:0.036000s ]
INFO: [ view_filter ] --START--
INFO: Run Behavior\WriteHtmlCacheBehavior [ RunTime:0.000000s ]
INFO: [ view_filter ] --END-- [ RunTime:0.000000s ]
INFO: [ app_end ] --START--
INFO: Run Behavior\ShowPageTraceBehavior [ RunTime:0.000000s ]
INFO: [ app_end ] --END-- [ RunTime:0.000000s ]

[ 2017-04-20T11:25:44+08:00 ] 127.0.0.1 /Home/index/help.html
INFO: [ app_init ] --START--
INFO: Run Behavior\BuildLiteBehavior [ RunTime:0.000000s ]
INFO: [ app_init ] --END-- [ RunTime:0.000000s ]
INFO: [ app_begin ] --START--
INFO: Run Behavior\ReadHtmlCacheBehavior [ RunTime:0.001000s ]
INFO: [ app_begin ] --END-- [ RunTime:0.001000s ]
SQL: SHOW COLUMNS FROM `sys_web_configure` [ RunTime:0.0020s ]
SQL: SELECT * FROM `sys_web_configure` WHERE `type` = 4 LIMIT 1   [ RunTime:0.0020s ]
SQL: SHOW COLUMNS FROM `sys_web_configure` [ RunTime:0.0020s ]
SQL: SELECT * FROM `sys_web_configure` WHERE `type` = 3 LIMIT 1   [ RunTime:0.0020s ]
INFO: [ view_parse ] --START--
INFO: [ template_filter ] --START--
INFO: Run Behavior\ContentReplaceBehavior [ RunTime:0.000000s ]
INFO: [ template_filter ] --END-- [ RunTime:0.000000s ]
NOTIC: [8] Undefined variable: search D:\WWW\tejinhui\Application\Runtime\Cache\Home\0304b12868011d28e40c67b99ec45b59.php 第 30 行.
INFO: Run Behavior\ParseTemplateBehavior [ RunTime:0.023000s ]
INFO: [ view_parse ] --END-- [ RunTime:0.023000s ]
INFO: [ view_filter ] --START--
INFO: Run Behavior\WriteHtmlCacheBehavior [ RunTime:0.000000s ]
INFO: [ view_filter ] --END-- [ RunTime:0.000000s ]
INFO: [ app_end ] --START--
INFO: Run Behavior\ShowPageTraceBehavior [ RunTime:0.001000s ]
INFO: [ app_end ] --END-- [ RunTime:0.001000s ]

[ 2017-04-20T11:25:46+08:00 ] 127.0.0.1 /Home/Index/baem.html
INFO: [ app_init ] --START--
INFO: Run Behavior\BuildLiteBehavior [ RunTime:0.000000s ]
INFO: [ app_init ] --END-- [ RunTime:0.000000s ]
INFO: [ app_begin ] --START--
INFO: Run Behavior\ReadHtmlCacheBehavior [ RunTime:0.001000s ]
INFO: [ app_begin ] --END-- [ RunTime:0.001000s ]
SQL: SHOW COLUMNS FROM `sys_web_configure` [ RunTime:0.0020s ]
SQL: SELECT * FROM `sys_web_configure` WHERE `type` = 4 LIMIT 1   [ RunTime:0.0010s ]
SQL: SHOW COLUMNS FROM `sys_web_configure` [ RunTime:0.0010s ]
SQL: SELECT * FROM `sys_web_configure` WHERE `type` = 3 LIMIT 1   [ RunTime:0.0020s ]
NOTIC: [8] Undefined index: discuz_auth_key D:\WWW\tejinhui\Application\Common\Common\function.php 第 550 行.
SQL: SHOW COLUMNS FROM `tb_member` [ RunTime:0.0010s ]
SQL: SELECT `MemberId`,`MemberName`,`MemberType` FROM `tb_member` WHERE `MemberId` = '' LIMIT 1   [ RunTime:0.0010s ]
INFO: [ view_parse ] --START--
INFO: [ template_filter ] --START--
INFO: Run Behavior\ContentReplaceBehavior [ RunTime:0.000000s ]
INFO: [ template_filter ] --END-- [ RunTime:0.000000s ]
NOTIC: [8] Undefined variable: search D:\WWW\tejinhui\Application\Runtime\Cache\Home\8c29e50b654f7ec3329943b451faaf5f.php 第 30 行.
NOTIC: [8] Undefined index: discuz_auth_key D:\WWW\tejinhui\Application\Common\Common\function.php 第 550 行.
NOTIC: [8] Use of undefined constant ENCODE - assumed 'ENCODE' D:\WWW\tejinhui\Application\Runtime\Cache\Home\8c29e50b654f7ec3329943b451faaf5f.php 第 83 行.
NOTIC: [8] Undefined index: discuz_auth_key D:\WWW\tejinhui\Application\Common\Common\function.php 第 550 行.
NOTIC: [8] Undefined index: discuz_auth_key D:\WWW\tejinhui\Application\Common\Common\function.php 第 550 行.
NOTIC: [8] Use of undefined constant ENCODE - assumed 'ENCODE' D:\WWW\tejinhui\Application\Runtime\Cache\Home\8c29e50b654f7ec3329943b451faaf5f.php 第 125 行.
NOTIC: [8] Undefined index: discuz_auth_key D:\WWW\tejinhui\Application\Common\Common\function.php 第 550 行.
NOTIC: [8] Undefined index: discuz_auth_key D:\WWW\tejinhui\Application\Common\Common\function.php 第 550 行.
NOTIC: [8] Use of undefined constant ENCODE - assumed 'ENCODE' D:\WWW\tejinhui\Application\Runtime\Cache\Home\8c29e50b654f7ec3329943b451faaf5f.php 第 136 行.
NOTIC: [8] Undefined index: discuz_auth_key D:\WWW\tejinhui\Application\Common\Common\function.php 第 550 行.
NOTIC: [8] Undefined index: discuz_auth_key D:\WWW\tejinhui\Application\Common\Common\function.php 第 550 行.
NOTIC: [8] Use of undefined constant ENCODE - assumed 'ENCODE' D:\WWW\tejinhui\Application\Runtime\Cache\Home\8c29e50b654f7ec3329943b451faaf5f.php 第 146 行.
NOTIC: [8] Undefined index: discuz_auth_key D:\WWW\tejinhui\Application\Common\Common\function.php 第 550 行.
NOTIC: [8] Undefined index: discuz_auth_key D:\WWW\tejinhui\Application\Common\Common\function.php 第 550 行.
NOTIC: [8] Use of undefined constant ENCODE - assumed 'ENCODE' D:\WWW\tejinhui\Application\Runtime\Cache\Home\8c29e50b654f7ec3329943b451faaf5f.php 第 158 行.
NOTIC: [8] Undefined index: discuz_auth_key D:\WWW\tejinhui\Application\Common\Common\function.php 第 550 行.
NOTIC: [8] Undefined index: discuz_auth_key D:\WWW\tejinhui\Application\Common\Common\function.php 第 550 行.
NOTIC: [8] Use of undefined constant ENCODE - assumed 'ENCODE' D:\WWW\tejinhui\Application\Runtime\Cache\Home\8c29e50b654f7ec3329943b451faaf5f.php 第 159 行.
NOTIC: [8] Undefined index: discuz_auth_key D:\WWW\tejinhui\Application\Common\Common\function.php 第 550 行.
INFO: Run Behavior\ParseTemplateBehavior [ RunTime:0.020000s ]
INFO: [ view_parse ] --END-- [ RunTime:0.020000s ]
INFO: [ view_filter ] --START--
INFO: Run Behavior\WriteHtmlCacheBehavior [ RunTime:0.001000s ]
INFO: [ view_filter ] --END-- [ RunTime:0.001000s ]
INFO: [ app_end ] --START--
INFO: Run Behavior\ShowPageTraceBehavior [ RunTime:0.001000s ]
INFO: [ app_end ] --END-- [ RunTime:0.001000s ]

[ 2017-04-20T11:25:46+08:00 ] 127.0.0.1 /Home/Index/introduce.html
INFO: [ app_init ] --START--
INFO: Run Behavior\BuildLiteBehavior [ RunTime:0.000000s ]
INFO: [ app_init ] --END-- [ RunTime:0.001000s ]
INFO: [ app_begin ] --START--
INFO: Run Behavior\ReadHtmlCacheBehavior [ RunTime:0.001000s ]
INFO: [ app_begin ] --END-- [ RunTime:0.001000s ]
SQL: SHOW COLUMNS FROM `sys_web_configure` [ RunTime:0.0020s ]
SQL: SELECT * FROM `sys_web_configure` WHERE `type` = 4 LIMIT 1   [ RunTime:0.0020s ]
SQL: SHOW COLUMNS FROM `sys_web_configure` [ RunTime:0.0030s ]
SQL: SELECT * FROM `sys_web_configure` WHERE `type` = 3 LIMIT 1   [ RunTime:0.0010s ]
INFO: [ view_parse ] --START--
INFO: [ template_filter ] --START--
INFO: Run Behavior\ContentReplaceBehavior [ RunTime:0.000000s ]
INFO: [ template_filter ] --END-- [ RunTime:0.000000s ]
NOTIC: [8] Undefined variable: search D:\WWW\tejinhui\Application\Runtime\Cache\Home\4dceb83fdd361722a4a10854b9abbcb9.php 第 30 行.
INFO: Run Behavior\ParseTemplateBehavior [ RunTime:0.023000s ]
INFO: [ view_parse ] --END-- [ RunTime:0.023000s ]
INFO: [ view_filter ] --START--
INFO: Run Behavior\WriteHtmlCacheBehavior [ RunTime:0.000000s ]
INFO: [ view_filter ] --END-- [ RunTime:0.000000s ]
INFO: [ app_end ] --START--
INFO: Run Behavior\ShowPageTraceBehavior [ RunTime:0.000000s ]
INFO: [ app_end ] --END-- [ RunTime:0.000000s ]

[ 2017-04-20T11:25:47+08:00 ] 127.0.0.1 /Home/Index/finan.html
INFO: [ app_init ] --START--
INFO: Run Behavior\BuildLiteBehavior [ RunTime:0.000000s ]
INFO: [ app_init ] --END-- [ RunTime:0.001000s ]
INFO: [ app_begin ] --START--
INFO: Run Behavior\ReadHtmlCacheBehavior [ RunTime:0.000000s ]
INFO: [ app_begin ] --END-- [ RunTime:0.000000s ]
SQL: SHOW COLUMNS FROM `sys_web_configure` [ RunTime:0.0020s ]
SQL: SELECT * FROM `sys_web_configure` WHERE `type` = 4 LIMIT 1   [ RunTime:0.0020s ]
SQL: SHOW COLUMNS FROM `sys_web_configure` [ RunTime:0.0020s ]
SQL: SELECT * FROM `sys_web_configure` WHERE `type` = 3 LIMIT 1   [ RunTime:0.0010s ]
INFO: [ view_parse ] --START--
INFO: [ template_filter ] --START--
INFO: Run Behavior\ContentReplaceBehavior [ RunTime:0.000000s ]
INFO: [ template_filter ] --END-- [ RunTime:0.000000s ]
NOTIC: [8] Undefined variable: search D:\WWW\tejinhui\Application\Runtime\Cache\Home\2cc46000cc3b81af644c0163895ced32.php 第 30 行.
INFO: Run Behavior\ParseTemplateBehavior [ RunTime:0.037000s ]
INFO: [ view_parse ] --END-- [ RunTime:0.037000s ]
INFO: [ view_filter ] --START--
INFO: Run Behavior\WriteHtmlCacheBehavior [ RunTime:0.001000s ]
INFO: [ view_filter ] --END-- [ RunTime:0.001000s ]
INFO: [ app_end ] --START--
INFO: Run Behavior\ShowPageTraceBehavior [ RunTime:0.000000s ]
INFO: [ app_end ] --END-- [ RunTime:0.000000s ]

[ 2017-04-20T11:25:48+08:00 ] 127.0.0.1 /Home/index/help.html
INFO: [ app_init ] --START--
INFO: Run Behavior\BuildLiteBehavior [ RunTime:0.000000s ]
INFO: [ app_init ] --END-- [ RunTime:0.001000s ]
INFO: [ app_begin ] --START--
INFO: Run Behavior\ReadHtmlCacheBehavior [ RunTime:0.000000s ]
INFO: [ app_begin ] --END-- [ RunTime:0.001000s ]
SQL: SHOW COLUMNS FROM `sys_web_configure` [ RunTime:0.0020s ]
SQL: SELECT * FROM `sys_web_configure` WHERE `type` = 4 LIMIT 1   [ RunTime:0.0020s ]
SQL: SHOW COLUMNS FROM `sys_web_configure` [ RunTime:0.0010s ]
SQL: SELECT * FROM `sys_web_configure` WHERE `type` = 3 LIMIT 1   [ RunTime:0.0020s ]
INFO: [ view_parse ] --START--
INFO: [ template_filter ] --START--
INFO: Run Behavior\ContentReplaceBehavior [ RunTime:0.001000s ]
INFO: [ template_filter ] --END-- [ RunTime:0.001000s ]
NOTIC: [8] Undefined variable: search D:\WWW\tejinhui\Application\Runtime\Cache\Home\0304b12868011d28e40c67b99ec45b59.php 第 30 行.
INFO: Run Behavior\ParseTemplateBehavior [ RunTime:0.013000s ]
INFO: [ view_parse ] --END-- [ RunTime:0.013000s ]
INFO: [ view_filter ] --START--
INFO: Run Behavior\WriteHtmlCacheBehavior [ RunTime:0.000000s ]
INFO: [ view_filter ] --END-- [ RunTime:0.000000s ]
INFO: [ app_end ] --START--
INFO: Run Behavior\ShowPageTraceBehavior [ RunTime:0.001000s ]
INFO: [ app_end ] --END-- [ RunTime:0.001000s ]

[ 2017-04-20T11:28:44+08:00 ] 127.0.0.1 /
INFO: [ app_init ] --START--
INFO: Run Behavior\BuildLiteBehavior [ RunTime:0.000000s ]
INFO: [ app_init ] --END-- [ RunTime:0.000000s ]
INFO: [ app_begin ] --START--
INFO: Run Behavior\ReadHtmlCacheBehavior [ RunTime:0.000000s ]
INFO: [ app_begin ] --END-- [ RunTime:0.000000s ]
SQL: SHOW COLUMNS FROM `sys_web_configure` [ RunTime:0.0030s ]
SQL: SELECT * FROM `sys_web_configure` WHERE `type` = 4 LIMIT 1   [ RunTime:0.0020s ]
SQL: SHOW COLUMNS FROM `sys_web_configure` [ RunTime:0.0020s ]
SQL: SELECT * FROM `sys_web_configure` WHERE `type` = 3 LIMIT 1   [ RunTime:0.0020s ]
SQL: SHOW COLUMNS FROM `sys_advert` [ RunTime:0.0020s ]
SQL: SELECT * FROM `sys_advert` WHERE `type` = 2  [ RunTime:0.0010s ]
SQL: SHOW COLUMNS FROM `sys_articlescrap` [ RunTime:0.0030s ]
SQL: SELECT `id`,`title`,`createtime` FROM `sys_articlescrap` WHERE `type` = 11 ORDER BY `no` asc,`createtime` desc LIMIT 5   [ RunTime:0.0010s ]
SQL: SHOW COLUMNS FROM `sys_articlescrap` [ RunTime:0.0020s ]
SQL: SELECT `id`,`title`,`createtime` FROM `sys_articlescrap` WHERE `type` = 20 ORDER BY `no` asc,`createtime` desc LIMIT 5   [ RunTime:0.0020s ]
SQL: SHOW COLUMNS FROM `sys_area_recommend` [ RunTime:0.0010s ]
SQL: SELECT * FROM `sys_area_recommend`  [ RunTime:0.0020s ]
SQL: SHOW COLUMNS FROM `tb_assets` [ RunTime:0.0020s ]
SQL: SHOW COLUMNS FROM `tb_debt` [ RunTime:0.0040s ]
SQL: SHOW COLUMNS FROM `tb_package` [ RunTime:0.0040s ]
SQL: SELECT * FROM `tb_assets` WHERE `AssetsStatue` IN ('4','8') AND `Usestat` = 1 ORDER BY AssetsID DESC LIMIT 4   [ RunTime:0.0030s ]
SQL: SELECT * FROM `tb_debt` WHERE `AssetsStatue` IN ('4','8') AND `Usestat` = 1 ORDER BY CreateTime DESC LIMIT 4   [ RunTime:0.0020s ]
SQL: SELECT * FROM `tb_package` WHERE `AssetsStatue` IN ('4','8') AND `Usestat` = 1 ORDER BY CreateTime DESC LIMIT 4   [ RunTime:0.0020s ]
SQL: SELECT `AssetsID`,`titimg`,`Title`,`ViewCount`,`BuyCount`,ProPrice as ccint,Price as aaint,`AssetsStatue` FROM `tb_assets` LEFT JOIN tb_assetsdata ON tb_assets.AssetsID = tb_assetsdata.ID  WHERE `AssetsStatue` IN ('4','8') AND `Usestat` = 1 ORDER BY `BuyCount` desc,`ViewCount` asc LIMIT 8   [ RunTime:0.0020s ]
SQL: SELECT `DebtID`,`titimg`,`Title`,`ViewCount`,`BuyCount`,ProPrice as ccint,Total as aaint,`AssetsStatue` FROM `tb_debt` LEFT JOIN tb_debtdata ON tb_debt.DebtID = tb_debtdata.ID  WHERE `AssetsStatue` IN ('4','8') AND `Usestat` = 1 ORDER BY `BuyCount` desc,`ViewCount` asc LIMIT 8   [ RunTime:0.0020s ]
SQL: SELECT `PackageID`,`titimg`,`Title`,`ViewCount`,`BuyCount`,ProcessModle as ccint,Total as aaint,`AssetsStatue` FROM `tb_package` LEFT JOIN tb_packagedata ON tb_package.PackageID = tb_packagedata.ID  WHERE `AssetsStatue` IN ('4','8') AND `Usestat` = 1 ORDER BY `BuyCount` desc,`ViewCount` asc LIMIT 8   [ RunTime:0.0020s ]
NOTIC: [2] Invalid argument supplied for foreach() D:\WWW\tejinhui\ThinkPHP\Library\Think\Db\Driver.class.php 第 504 行.
SQL: SELECT COUNT(*) AS tp_count FROM `tb_assets` LIMIT 1   [ RunTime:0.0010s ]
NOTIC: [2] Invalid argument supplied for foreach() D:\WWW\tejinhui\ThinkPHP\Library\Think\Db\Driver.class.php 第 504 行.
SQL: SELECT COUNT(*) AS tp_count FROM `tb_debt` LIMIT 1   [ RunTime:0.0020s ]
NOTIC: [2] Invalid argument supplied for foreach() D:\WWW\tejinhui\ThinkPHP\Library\Think\Db\Driver.class.php 第 504 行.
SQL: SELECT COUNT(*) AS tp_count FROM `tb_package` LIMIT 1   [ RunTime:0.0010s ]
SQL: SHOW COLUMNS FROM `tb_assetsduedili` [ RunTime:0.0030s ]
SQL: SELECT COUNT(*) AS tp_count FROM `tb_assetsduedili` WHERE `Usestat` = 1 LIMIT 1   [ RunTime:0.0010s ]
SQL: SHOW COLUMNS FROM `tb_debtduedili` [ RunTime:0.0020s ]
SQL: SELECT COUNT(*) AS tp_count FROM `tb_debtduedili` WHERE `Usestat` = 1 LIMIT 1   [ RunTime:0.0010s ]
SQL: SHOW COLUMNS FROM `tb_packageduedili` [ RunTime:0.0020s ]
SQL: SELECT COUNT(*) AS tp_count FROM `tb_packageduedili` WHERE `Usestat` = 1 LIMIT 1   [ RunTime:0.0010s ]
SQL: SHOW COLUMNS FROM `tb_member` [ RunTime:0.0020s ]
SQL: SELECT COUNT(*) AS tp_count FROM `tb_member` WHERE `MemberType` = 4 LIMIT 1   [ RunTime:0.0010s ]
SQL: SHOW COLUMNS FROM `tb_ads` [ RunTime:0.0020s ]
SQL: SELECT * FROM `tb_ads` WHERE `Catagrote` = 51  [ RunTime:0.0020s ]
SQL: SHOW COLUMNS FROM `sys_web_configure` [ RunTime:0.0020s ]
SQL: SELECT * FROM `sys_web_configure` WHERE `type` = 1 LIMIT 1   [ RunTime:0.0020s ]
INFO: [ view_parse ] --START--
INFO: [ template_filter ] --START--
INFO: Run Behavior\ContentReplaceBehavior [ RunTime:0.000000s ]
INFO: [ template_filter ] --END-- [ RunTime:0.000000s ]
NOTIC: [8] Undefined variable: search D:\WWW\tejinhui\Application\Runtime\Cache\Home\ccc714bf1ad7378d61a4beb8be3a2914.php 第 30 行.
NOTIC: [8] Use of undefined constant City - assumed 'City' D:\WWW\tejinhui\Application\Runtime\Cache\Home\ccc714bf1ad7378d61a4beb8be3a2914.php 第 100 行.
NOTIC: [8] Undefined index: discuz_auth_key D:\WWW\tejinhui\Application\Common\Common\function.php 第 550 行.
NOTIC: [8] Undefined index: discuz_auth_key D:\WWW\tejinhui\Application\Common\Common\function.php 第 550 行.
NOTIC: [8] Undefined index: discuz_auth_key D:\WWW\tejinhui\Application\Common\Common\function.php 第 550 行.
NOTIC: [8] Undefined index: discuz_auth_key D:\WWW\tejinhui\Application\Common\Common\function.php 第 550 行.
NOTIC: [8] Undefined index: discuz_auth_key D:\WWW\tejinhui\Application\Common\Common\function.php 第 550 行.
NOTIC: [8] Undefined index: discuz_auth_key D:\WWW\tejinhui\Application\Common\Common\function.php 第 550 行.
NOTIC: [8] Undefined index: discuz_auth_key D:\WWW\tejinhui\Application\Common\Common\function.php 第 550 行.
NOTIC: [8] Undefined index: discuz_auth_key D:\WWW\tejinhui\Application\Common\Common\function.php 第 550 行.
INFO: Run Behavior\ParseTemplateBehavior [ RunTime:0.017000s ]
INFO: [ view_parse ] --END-- [ RunTime:0.017000s ]
INFO: [ view_filter ] --START--
INFO: Run Behavior\WriteHtmlCacheBehavior [ RunTime:0.000000s ]
INFO: [ view_filter ] --END-- [ RunTime:0.000000s ]
INFO: [ app_end ] --START--
INFO: Run Behavior\ShowPageTraceBehavior [ RunTime:0.000000s ]
INFO: [ app_end ] --END-- [ RunTime:0.000000s ]

