[ 2017-03-20T17:09:04+08:00 ] 127.0.0.1 /Web/Index/publish.html
INFO: [ app_init ] --START--
INFO: Run Behavior\BuildLiteBehavior [ RunTime:0.000000s ]
INFO: [ app_init ] --END-- [ RunTime:0.000000s ]
INFO: [ app_begin ] --START--
INFO: Run Behavior\ReadHtmlCacheBehavior [ RunTime:0.001000s ]
INFO: [ app_begin ] --END-- [ RunTime:0.001000s ]
SQL: SHOW COLUMNS FROM `sys_web_configure` [ RunTime:0.0020s ]
SQL: SELECT * FROM `sys_web_configure` WHERE `type` = 4 LIMIT 1   [ RunTime:0.0030s ]
SQL: SHOW COLUMNS FROM `sys_web_configure` [ RunTime:0.0010s ]
SQL: SELECT * FROM `sys_web_configure` WHERE `type` = 3 LIMIT 1   [ RunTime:0.0020s ]

[ 2017-03-20T17:09:04+08:00 ] 127.0.0.1 /index.php?m=Web&c=Checkcode&a=index&length=4&font_size=16&width=120&height=55&charset=1234567890&use_noise=1&use_curve=0&time=0.5246274670379651
INFO: [ app_init ] --START--
INFO: Run Behavior\BuildLiteBehavior [ RunTime:0.000000s ]
INFO: [ app_init ] --END-- [ RunTime:0.000000s ]
INFO: [ app_begin ] --START--
INFO: Run Behavior\ReadHtmlCacheBehavior [ RunTime:0.001000s ]
INFO: [ app_begin ] --END-- [ RunTime:0.001000s ]
INFO: [ app_end ] --START--
INFO: Run Behavior\ShowPageTraceBehavior [ RunTime:0.000000s ]
INFO: [ app_end ] --END-- [ RunTime:0.000000s ]

[ 2017-03-20T17:09:57+08:00 ] 127.0.0.1 /Web/Index/publish.html
INFO: [ app_init ] --START--
INFO: Run Behavior\BuildLiteBehavior [ RunTime:0.000000s ]
INFO: [ app_init ] --END-- [ RunTime:0.000000s ]
INFO: [ app_begin ] --START--
INFO: Run Behavior\ReadHtmlCacheBehavior [ RunTime:0.001000s ]
INFO: [ app_begin ] --END-- [ RunTime:0.001000s ]
SQL: SHOW COLUMNS FROM `sys_web_configure` [ RunTime:0.0020s ]
SQL: SELECT * FROM `sys_web_configure` WHERE `type` = 4 LIMIT 1   [ RunTime:0.0020s ]
SQL: SHOW COLUMNS FROM `sys_web_configure` [ RunTime:0.0020s ]
SQL: SELECT * FROM `sys_web_configure` WHERE `type` = 3 LIMIT 1   [ RunTime:0.0010s ]

[ 2017-03-20T17:09:57+08:00 ] 127.0.0.1 /index.php?m=Web&c=Checkcode&a=index&length=4&font_size=16&width=120&height=55&charset=1234567890&use_noise=1&use_curve=0&time=0.5246274670379651
INFO: [ app_init ] --START--
INFO: Run Behavior\BuildLiteBehavior [ RunTime:0.000000s ]
INFO: [ app_init ] --END-- [ RunTime:0.000000s ]
INFO: [ app_begin ] --START--
INFO: Run Behavior\ReadHtmlCacheBehavior [ RunTime:0.000000s ]
INFO: [ app_begin ] --END-- [ RunTime:0.000000s ]
INFO: [ app_end ] --START--
INFO: Run Behavior\ShowPageTraceBehavior [ RunTime:0.001000s ]
INFO: [ app_end ] --END-- [ RunTime:0.001000s ]

[ 2017-03-20T17:14:40+08:00 ] 127.0.0.1 /index.php?m=Web&c=Checkcode&a=index&length=4&font_size=16&width=120&height=55&charset=1234567890&use_noise=1&use_curve=0&time=0.5246274670379651
INFO: [ app_init ] --START--
INFO: Run Behavior\BuildLiteBehavior [ RunTime:0.000000s ]
INFO: [ app_init ] --END-- [ RunTime:0.001000s ]
INFO: [ app_begin ] --START--
INFO: Run Behavior\ReadHtmlCacheBehavior [ RunTime:0.001000s ]
INFO: [ app_begin ] --END-- [ RunTime:0.001000s ]
INFO: [ app_end ] --START--
INFO: Run Behavior\ShowPageTraceBehavior [ RunTime:0.000000s ]
INFO: [ app_end ] --END-- [ RunTime:0.000000s ]

[ 2017-03-20T17:20:00+08:00 ] 127.0.0.1 /index.php?m=Web&c=Checkcode&a=index&length=4&font_size=16&width=120&height=55&charset=1234567890&use_noise=1&use_curve=0&time=0.5246274670379651
INFO: [ app_init ] --START--
INFO: Run Behavior\BuildLiteBehavior [ RunTime:0.000000s ]
INFO: [ app_init ] --END-- [ RunTime:0.000000s ]
INFO: [ app_begin ] --START--
INFO: Run Behavior\ReadHtmlCacheBehavior [ RunTime:0.000000s ]
INFO: [ app_begin ] --END-- [ RunTime:0.000000s ]
INFO: [ app_end ] --START--
INFO: Run Behavior\ShowPageTraceBehavior [ RunTime:0.000000s ]
INFO: [ app_end ] --END-- [ RunTime:0.000000s ]

