[ 2017-07-11T10:24:39+08:00 ] 127.0.0.1 /
INFO: [ app_init ] --START--
INFO: Run Behavior\BuildLiteBehavior [ RunTime:0.000000s ]
INFO: [ app_init ] --END-- [ RunTime:0.000000s ]
INFO: [ app_begin ] --START--
INFO: Run Behavior\ReadHtmlCacheBehavior [ RunTime:0.000000s ]
INFO: [ app_begin ] --END-- [ RunTime:0.000000s ]
SQL: SHOW COLUMNS FROM `sys_web_configure` [ RunTime:0.0020s ]
SQL: SELECT * FROM `sys_web_configure` WHERE `type` = 4 LIMIT 1   [ RunTime:0.0020s ]
SQL: SHOW COLUMNS FROM `sys_web_configure` [ RunTime:0.0010s ]
SQL: SELECT * FROM `sys_web_configure` WHERE `type` = 3 LIMIT 1   [ RunTime:0.0010s ]
SQL: SHOW COLUMNS FROM `sys_code` [ RunTime:0.0020s ]
SQL: SELECT * FROM `sys_code` INNER JOIN tb_ads ON sys_code.CodeID=tb_ads.Catagrote  WHERE sys_code.CodeValue = 'footAdImg' LIMIT 1   [ RunTime:0.0020s ]
SQL: SHOW COLUMNS FROM `sys_advert` [ RunTime:0.0020s ]
SQL: SELECT * FROM `sys_advert` WHERE `type` = 2  [ RunTime:0.0010s ]
SQL: SHOW COLUMNS FROM `sys_advert` [ RunTime:0.0010s ]
SQL: SELECT * FROM `sys_advert` WHERE `type` = 3  [ RunTime:0.0010s ]
SQL: SHOW COLUMNS FROM `sys_articlescrap` [ RunTime:0.0010s ]
SQL: SELECT `id`,`title`,`createtime` FROM `sys_articlescrap` WHERE `type` = 11 ORDER BY `no` asc,`createtime` desc LIMIT 7   [ RunTime:0.0020s ]
SQL: SHOW COLUMNS FROM `sys_articlescrap` [ RunTime:0.0010s ]
SQL: SELECT `id`,`title`,`createtime` FROM `sys_articlescrap` WHERE `type` = 20 ORDER BY `no` asc,`createtime` desc LIMIT 7   [ RunTime:0.0010s ]
SQL: SHOW COLUMNS FROM `sys_area_photo` [ RunTime:0.0020s ]
SQL: SELECT `area_code`,`titleImg`,`title` FROM `sys_area_photo` WHERE `stat` = 1 LIMIT 5   [ RunTime:0.0010s ]
SQL: SHOW COLUMNS FROM `tb_assets` [ RunTime:0.0010s ]
SQL: SHOW COLUMNS FROM `tb_assets_rent` [ RunTime:0.0020s ]
SQL: SHOW COLUMNS FROM `tb_debt` [ RunTime:0.0020s ]
SQL: SHOW COLUMNS FROM `tb_package` [ RunTime:0.0020s ]
SQL: SELECT * FROM `tb_assets` WHERE `AssetsStatue` IN ('4','8') AND `Usestat` = 1 AND `Source` IN ('2','3','4') ORDER BY AssetsID  desc LIMIT 12   [ RunTime:0.0020s ]
SQL: SELECT * FROM `tb_assets_rent` WHERE `AssetsStatue` IN ('4','8') AND `Usestat` = 1 AND `Source` = 6 ORDER BY AssetsID  desc LIMIT 12   [ RunTime:0.0010s ]
SQL: SELECT tb_assets.AssetsID,`titimg`,`Title`,`AssetsType`,`AuctionStart`,`ViewCount`,`BuyCount`,`Address`,ProPrice as ccint,Price as aaint,`AssetsStatue`,`Source`,`AuctionEnd` FROM `tb_assets` LEFT JOIN tb_assetsdata ON tb_assets.AssetsID = tb_assetsdata.ID INNER JOIN tb_project_recommend ON tb_assets.AssetsID = tb_project_recommend.assetsid  WHERE `AssetsStatue` = 4 AND `Usestat` = 1 AND `Source` IN ('2','3','4','5') AND tb_project_recommend.type = 1 ORDER BY `BuyCount` desc,`ViewCount` asc LIMIT 12   [ RunTime:0.0020s ]
SQL: SELECT tb_assets_rent.AssetsID,`titimg`,`Title`,`AssetsType`,`ViewCount`,`BuyCount`,`Address`,ProPrice as ccint,Price as aaint,`AssetsStatue`,`Source` FROM `tb_assets_rent` LEFT JOIN tb_assetsdata_rent ON tb_assets_rent.AssetsID = tb_assetsdata_rent.ID INNER JOIN tb_project_recommend ON tb_assets_rent.AssetsID = tb_project_recommend.assetsid  WHERE `AssetsStatue` = 4 AND `Usestat` = 1 AND `Source` = 6 AND tb_project_recommend.type = 2 ORDER BY `BuyCount` desc,`ViewCount` asc LIMIT 12   [ RunTime:0.0010s ]
NOTIC: [2] Invalid argument supplied for foreach() D:\WWW\tejinhui\ThinkPHP\Library\Think\Db\Driver.class.php 第 504 行.
SQL: SELECT COUNT(*) AS tp_count FROM `tb_assets` LIMIT 1   [ RunTime:0.0000s ]
NOTIC: [2] Invalid argument supplied for foreach() D:\WWW\tejinhui\ThinkPHP\Library\Think\Db\Driver.class.php 第 504 行.
SQL: SELECT COUNT(*) AS tp_count FROM `tb_debt` LIMIT 1   [ RunTime:0.0010s ]
NOTIC: [2] Invalid argument supplied for foreach() D:\WWW\tejinhui\ThinkPHP\Library\Think\Db\Driver.class.php 第 504 行.
SQL: SELECT COUNT(*) AS tp_count FROM `tb_package` LIMIT 1   [ RunTime:0.0010s ]
SQL: SHOW COLUMNS FROM `tb_assetsduedili` [ RunTime:0.0020s ]
SQL: SELECT COUNT(*) AS tp_count FROM `tb_assetsduedili` WHERE `Usestat` = 1 LIMIT 1   [ RunTime:0.0010s ]
SQL: SHOW COLUMNS FROM `tb_debtduedili` [ RunTime:0.0010s ]
SQL: SELECT COUNT(*) AS tp_count FROM `tb_debtduedili` WHERE `Usestat` = 1 LIMIT 1   [ RunTime:0.0010s ]
SQL: SHOW COLUMNS FROM `tb_packageduedili` [ RunTime:0.0020s ]
SQL: SELECT COUNT(*) AS tp_count FROM `tb_packageduedili` WHERE `Usestat` = 1 LIMIT 1   [ RunTime:0.0000s ]
SQL: SHOW COLUMNS FROM `tb_member` [ RunTime:0.0020s ]
SQL: SELECT COUNT(*) AS tp_count FROM `tb_member` WHERE `MemberType` = 4 LIMIT 1   [ RunTime:0.0010s ]
SQL: SHOW COLUMNS FROM `tb_ads` [ RunTime:0.0010s ]
SQL: SELECT * FROM `tb_ads` WHERE `Catagrote` = 51  [ RunTime:0.0010s ]
INFO: [ view_parse ] --START--
INFO: [ template_filter ] --START--
INFO: Run Behavior\ContentReplaceBehavior [ RunTime:0.000000s ]
INFO: [ template_filter ] --END-- [ RunTime:0.000000s ]
NOTIC: [8] Undefined variable: search D:\WWW\tejinhui\Application\Runtime\Cache\Home\ccc714bf1ad7378d61a4beb8be3a2914.php 第 31 行.
NOTIC: [8] Undefined index: discuz_auth_key D:\WWW\tejinhui\Application\Common\Common\function.php 第 551 行.
NOTIC: [8] Undefined index: discuz_auth_key D:\WWW\tejinhui\Application\Common\Common\function.php 第 551 行.
NOTIC: [8] Undefined index: discuz_auth_key D:\WWW\tejinhui\Application\Common\Common\function.php 第 551 行.
NOTIC: [8] Undefined index: discuz_auth_key D:\WWW\tejinhui\Application\Common\Common\function.php 第 551 行.
NOTIC: [8] Undefined index: discuz_auth_key D:\WWW\tejinhui\Application\Common\Common\function.php 第 551 行.
NOTIC: [8] Undefined index: discuz_auth_key D:\WWW\tejinhui\Application\Common\Common\function.php 第 551 行.
NOTIC: [8] Undefined index: discuz_auth_key D:\WWW\tejinhui\Application\Common\Common\function.php 第 551 行.
NOTIC: [8] Undefined index: discuz_auth_key D:\WWW\tejinhui\Application\Common\Common\function.php 第 551 行.
NOTIC: [8] Undefined index: discuz_auth_key D:\WWW\tejinhui\Application\Common\Common\function.php 第 551 行.
NOTIC: [8] Undefined index: discuz_auth_key D:\WWW\tejinhui\Application\Common\Common\function.php 第 551 行.
NOTIC: [8] Undefined index: discuz_auth_key D:\WWW\tejinhui\Application\Common\Common\function.php 第 551 行.
NOTIC: [8] Undefined index: discuz_auth_key D:\WWW\tejinhui\Application\Common\Common\function.php 第 551 行.
NOTIC: [8] Undefined index: discuz_auth_key D:\WWW\tejinhui\Application\Common\Common\function.php 第 551 行.
NOTIC: [8] Undefined index: discuz_auth_key D:\WWW\tejinhui\Application\Common\Common\function.php 第 551 行.
NOTIC: [8] Undefined index: discuz_auth_key D:\WWW\tejinhui\Application\Common\Common\function.php 第 551 行.
NOTIC: [8] Undefined index: discuz_auth_key D:\WWW\tejinhui\Application\Common\Common\function.php 第 551 行.
NOTIC: [8] Undefined index: discuz_auth_key D:\WWW\tejinhui\Application\Common\Common\function.php 第 551 行.
NOTIC: [8] Undefined index: discuz_auth_key D:\WWW\tejinhui\Application\Common\Common\function.php 第 551 行.
NOTIC: [8] Undefined index: discuz_auth_key D:\WWW\tejinhui\Application\Common\Common\function.php 第 551 行.
NOTIC: [8] Undefined index: discuz_auth_key D:\WWW\tejinhui\Application\Common\Common\function.php 第 551 行.
NOTIC: [8] Undefined index: discuz_auth_key D:\WWW\tejinhui\Application\Common\Common\function.php 第 551 行.
NOTIC: [8] Undefined variable: assets_auc D:\WWW\tejinhui\Application\Runtime\Cache\Home\ccc714bf1ad7378d61a4beb8be3a2914.php 第 296 行.
INFO: Run Behavior\ParseTemplateBehavior [ RunTime:0.025000s ]
INFO: [ view_parse ] --END-- [ RunTime:0.025000s ]
INFO: [ view_filter ] --START--
INFO: Run Behavior\WriteHtmlCacheBehavior [ RunTime:0.000000s ]
INFO: [ view_filter ] --END-- [ RunTime:0.000000s ]
INFO: [ app_end ] --START--
INFO: Run Behavior\ShowPageTraceBehavior [ RunTime:0.000000s ]
INFO: [ app_end ] --END-- [ RunTime:0.000000s ]

[ 2017-07-11T11:39:15+08:00 ] 127.0.0.1 /
INFO: [ app_init ] --START--
INFO: Run Behavior\BuildLiteBehavior [ RunTime:0.000000s ]
INFO: [ app_init ] --END-- [ RunTime:0.000000s ]
INFO: [ app_begin ] --START--
INFO: Run Behavior\ReadHtmlCacheBehavior [ RunTime:0.000000s ]
INFO: [ app_begin ] --END-- [ RunTime:0.000000s ]
SQL: SHOW COLUMNS FROM `sys_web_configure` [ RunTime:0.0020s ]
SQL: SELECT * FROM `sys_web_configure` WHERE `type` = 4 LIMIT 1   [ RunTime:0.0010s ]
SQL: SHOW COLUMNS FROM `sys_web_configure` [ RunTime:0.0020s ]
SQL: SELECT * FROM `sys_web_configure` WHERE `type` = 3 LIMIT 1   [ RunTime:0.0020s ]
SQL: SHOW COLUMNS FROM `sys_code` [ RunTime:0.0020s ]
SQL: SELECT * FROM `sys_code` INNER JOIN tb_ads ON sys_code.CodeID=tb_ads.Catagrote  WHERE sys_code.CodeValue = 'footAdImg' LIMIT 1   [ RunTime:0.0010s ]
SQL: SHOW COLUMNS FROM `sys_advert` [ RunTime:0.0010s ]
SQL: SELECT * FROM `sys_advert` WHERE `type` = 2  [ RunTime:0.0020s ]
SQL: SHOW COLUMNS FROM `sys_advert` [ RunTime:0.0020s ]
SQL: SELECT * FROM `sys_advert` WHERE `type` = 3  [ RunTime:0.0010s ]
SQL: SHOW COLUMNS FROM `sys_articlescrap` [ RunTime:0.0010s ]
SQL: SELECT `id`,`title`,`createtime` FROM `sys_articlescrap` WHERE `type` = 11 ORDER BY `no` asc,`createtime` desc LIMIT 7   [ RunTime:0.0020s ]
SQL: SHOW COLUMNS FROM `sys_articlescrap` [ RunTime:0.0020s ]
SQL: SELECT `id`,`title`,`createtime` FROM `sys_articlescrap` WHERE `type` = 20 ORDER BY `no` asc,`createtime` desc LIMIT 7   [ RunTime:0.0020s ]
SQL: SHOW COLUMNS FROM `sys_area_photo` [ RunTime:0.0010s ]
SQL: SELECT `area_code`,`titleImg`,`title` FROM `sys_area_photo` WHERE `stat` = 1 LIMIT 5   [ RunTime:0.0020s ]
SQL: SHOW COLUMNS FROM `tb_assets` [ RunTime:0.0020s ]
SQL: SHOW COLUMNS FROM `tb_assets_rent` [ RunTime:0.0020s ]
SQL: SHOW COLUMNS FROM `tb_debt` [ RunTime:0.0020s ]
SQL: SHOW COLUMNS FROM `tb_package` [ RunTime:0.0020s ]
SQL: SELECT * FROM `tb_assets` WHERE `AssetsStatue` IN ('4','8') AND `Usestat` = 1 AND `Source` IN ('2','3','4') ORDER BY AssetsID  desc LIMIT 12   [ RunTime:0.0020s ]
SQL: SELECT * FROM `tb_assets_rent` WHERE `AssetsStatue` IN ('4','8') AND `Usestat` = 1 AND `Source` = 6 ORDER BY AssetsID  desc LIMIT 12   [ RunTime:0.0020s ]
SQL: SELECT tb_assets.AssetsID,`titimg`,`Title`,`AssetsType`,`AuctionStart`,`ViewCount`,`BuyCount`,`Address`,ProPrice as ccint,Price as aaint,`AssetsStatue`,`Source`,`AuctionEnd` FROM `tb_assets` LEFT JOIN tb_assetsdata ON tb_assets.AssetsID = tb_assetsdata.ID INNER JOIN tb_project_recommend ON tb_assets.AssetsID = tb_project_recommend.assetsid  WHERE `AssetsStatue` = 4 AND `Usestat` = 1 AND `Source` IN ('2','3','4','5') AND tb_project_recommend.type = 1 ORDER BY `BuyCount` desc,`ViewCount` asc LIMIT 12   [ RunTime:0.0020s ]
SQL: SELECT tb_assets_rent.AssetsID,`titimg`,`Title`,`AssetsType`,`ViewCount`,`BuyCount`,`Address`,ProPrice as ccint,Price as aaint,`AssetsStatue`,`Source` FROM `tb_assets_rent` LEFT JOIN tb_assetsdata_rent ON tb_assets_rent.AssetsID = tb_assetsdata_rent.ID INNER JOIN tb_project_recommend ON tb_assets_rent.AssetsID = tb_project_recommend.assetsid  WHERE `AssetsStatue` = 4 AND `Usestat` = 1 AND `Source` = 6 AND tb_project_recommend.type = 2 ORDER BY `BuyCount` desc,`ViewCount` asc LIMIT 12   [ RunTime:0.0010s ]
NOTIC: [2] Invalid argument supplied for foreach() D:\WWW\tejinhui\ThinkPHP\Library\Think\Db\Driver.class.php 第 504 行.
SQL: SELECT COUNT(*) AS tp_count FROM `tb_assets` LIMIT 1   [ RunTime:0.0010s ]
NOTIC: [2] Invalid argument supplied for foreach() D:\WWW\tejinhui\ThinkPHP\Library\Think\Db\Driver.class.php 第 504 行.
SQL: SELECT COUNT(*) AS tp_count FROM `tb_debt` LIMIT 1   [ RunTime:0.0010s ]
NOTIC: [2] Invalid argument supplied for foreach() D:\WWW\tejinhui\ThinkPHP\Library\Think\Db\Driver.class.php 第 504 行.
SQL: SELECT COUNT(*) AS tp_count FROM `tb_package` LIMIT 1   [ RunTime:0.0010s ]
SQL: SHOW COLUMNS FROM `tb_assetsduedili` [ RunTime:0.0020s ]
SQL: SELECT COUNT(*) AS tp_count FROM `tb_assetsduedili` WHERE `Usestat` = 1 LIMIT 1   [ RunTime:0.0010s ]
SQL: SHOW COLUMNS FROM `tb_debtduedili` [ RunTime:0.0010s ]
SQL: SELECT COUNT(*) AS tp_count FROM `tb_debtduedili` WHERE `Usestat` = 1 LIMIT 1   [ RunTime:0.0010s ]
SQL: SHOW COLUMNS FROM `tb_packageduedili` [ RunTime:0.0020s ]
SQL: SELECT COUNT(*) AS tp_count FROM `tb_packageduedili` WHERE `Usestat` = 1 LIMIT 1   [ RunTime:0.0010s ]
SQL: SHOW COLUMNS FROM `tb_member` [ RunTime:0.0020s ]
SQL: SELECT COUNT(*) AS tp_count FROM `tb_member` WHERE `MemberType` = 4 LIMIT 1   [ RunTime:0.0010s ]
SQL: SHOW COLUMNS FROM `tb_ads` [ RunTime:0.0010s ]
SQL: SELECT * FROM `tb_ads` WHERE `Catagrote` = 51  [ RunTime:0.0010s ]
INFO: [ view_parse ] --START--
INFO: [ template_filter ] --START--
INFO: Run Behavior\ContentReplaceBehavior [ RunTime:0.000000s ]
INFO: [ template_filter ] --END-- [ RunTime:0.000000s ]
NOTIC: [8] Undefined variable: search D:\WWW\tejinhui\Application\Runtime\Cache\Home\ccc714bf1ad7378d61a4beb8be3a2914.php 第 31 行.
NOTIC: [8] Undefined index: discuz_auth_key D:\WWW\tejinhui\Application\Common\Common\function.php 第 551 行.
NOTIC: [8] Undefined index: discuz_auth_key D:\WWW\tejinhui\Application\Common\Common\function.php 第 551 行.
NOTIC: [8] Undefined index: discuz_auth_key D:\WWW\tejinhui\Application\Common\Common\function.php 第 551 行.
NOTIC: [8] Undefined index: discuz_auth_key D:\WWW\tejinhui\Application\Common\Common\function.php 第 551 行.
NOTIC: [8] Undefined index: discuz_auth_key D:\WWW\tejinhui\Application\Common\Common\function.php 第 551 行.
NOTIC: [8] Undefined index: discuz_auth_key D:\WWW\tejinhui\Application\Common\Common\function.php 第 551 行.
NOTIC: [8] Undefined index: discuz_auth_key D:\WWW\tejinhui\Application\Common\Common\function.php 第 551 行.
NOTIC: [8] Undefined index: discuz_auth_key D:\WWW\tejinhui\Application\Common\Common\function.php 第 551 行.
NOTIC: [8] Undefined index: discuz_auth_key D:\WWW\tejinhui\Application\Common\Common\function.php 第 551 行.
NOTIC: [8] Undefined index: discuz_auth_key D:\WWW\tejinhui\Application\Common\Common\function.php 第 551 行.
NOTIC: [8] Undefined index: discuz_auth_key D:\WWW\tejinhui\Application\Common\Common\function.php 第 551 行.
NOTIC: [8] Undefined index: discuz_auth_key D:\WWW\tejinhui\Application\Common\Common\function.php 第 551 行.
NOTIC: [8] Undefined index: discuz_auth_key D:\WWW\tejinhui\Application\Common\Common\function.php 第 551 行.
NOTIC: [8] Undefined index: discuz_auth_key D:\WWW\tejinhui\Application\Common\Common\function.php 第 551 行.
NOTIC: [8] Undefined index: discuz_auth_key D:\WWW\tejinhui\Application\Common\Common\function.php 第 551 行.
NOTIC: [8] Undefined index: discuz_auth_key D:\WWW\tejinhui\Application\Common\Common\function.php 第 551 行.
NOTIC: [8] Undefined index: discuz_auth_key D:\WWW\tejinhui\Application\Common\Common\function.php 第 551 行.
NOTIC: [8] Undefined index: discuz_auth_key D:\WWW\tejinhui\Application\Common\Common\function.php 第 551 行.
NOTIC: [8] Undefined index: discuz_auth_key D:\WWW\tejinhui\Application\Common\Common\function.php 第 551 行.
NOTIC: [8] Undefined index: discuz_auth_key D:\WWW\tejinhui\Application\Common\Common\function.php 第 551 行.
NOTIC: [8] Undefined index: discuz_auth_key D:\WWW\tejinhui\Application\Common\Common\function.php 第 551 行.
NOTIC: [8] Undefined variable: assets_auc D:\WWW\tejinhui\Application\Runtime\Cache\Home\ccc714bf1ad7378d61a4beb8be3a2914.php 第 296 行.
INFO: Run Behavior\ParseTemplateBehavior [ RunTime:0.026000s ]
INFO: [ view_parse ] --END-- [ RunTime:0.026000s ]
INFO: [ view_filter ] --START--
INFO: Run Behavior\WriteHtmlCacheBehavior [ RunTime:0.000000s ]
INFO: [ view_filter ] --END-- [ RunTime:0.000000s ]
INFO: [ app_end ] --START--
INFO: Run Behavior\ShowPageTraceBehavior [ RunTime:0.000000s ]
INFO: [ app_end ] --END-- [ RunTime:0.000000s ]

