[ 2017-05-12T09:38:50+08:00 ] 127.0.0.1 /User/Member/index.html
INFO: [ app_init ] --START--
INFO: Run Behavior\BuildLiteBehavior [ RunTime:0.000000s ]
INFO: [ app_init ] --END-- [ RunTime:0.000000s ]
INFO: [ app_begin ] --START--
INFO: Run Behavior\ReadHtmlCacheBehavior [ RunTime:0.000000s ]
INFO: [ app_begin ] --END-- [ RunTime:0.001000s ]
SQL: SHOW COLUMNS FROM `sys_web_configure` [ RunTime:0.0020s ]
SQL: SELECT * FROM `sys_web_configure` WHERE `type` = 4 LIMIT 1   [ RunTime:0.0010s ]
SQL: SHOW COLUMNS FROM `sys_web_configure` [ RunTime:0.0010s ]
SQL: SELECT * FROM `sys_web_configure` WHERE `type` = 3 LIMIT 1   [ RunTime:0.0010s ]
SQL: SHOW COLUMNS FROM `sys_code` [ RunTime:0.0010s ]
SQL: SELECT * FROM `sys_code` INNER JOIN tb_ads ON sys_code.CodeID=tb_ads.Catagrote  WHERE sys_code.CodeValue = 'footAdImg' LIMIT 1   [ RunTime:0.0020s ]

[ 2017-05-12T09:38:51+08:00 ] 127.0.0.1 /User/Index/index.html
INFO: [ app_init ] --START--
INFO: Run Behavior\BuildLiteBehavior [ RunTime:0.000000s ]
INFO: [ app_init ] --END-- [ RunTime:0.000000s ]
INFO: [ app_begin ] --START--
INFO: Run Behavior\ReadHtmlCacheBehavior [ RunTime:0.001000s ]
INFO: [ app_begin ] --END-- [ RunTime:0.001000s ]
INFO: [ view_parse ] --START--
INFO: [ template_filter ] --START--
INFO: Run Behavior\ContentReplaceBehavior [ RunTime:0.001000s ]
INFO: [ template_filter ] --END-- [ RunTime:0.001000s ]
NOTIC: [8] Undefined variable: search D:\WWW\tejinhui\Application\Runtime\Cache\User\5f2d0b49f58ff7c3686d6f83be871e33.php 第 30 行.
INFO: Run Behavior\ParseTemplateBehavior [ RunTime:0.016000s ]
INFO: [ view_parse ] --END-- [ RunTime:0.016000s ]
INFO: [ view_filter ] --START--
INFO: Run Behavior\WriteHtmlCacheBehavior [ RunTime:0.001000s ]
INFO: [ view_filter ] --END-- [ RunTime:0.001000s ]
INFO: [ app_end ] --START--
INFO: Run Behavior\ShowPageTraceBehavior [ RunTime:0.000000s ]
INFO: [ app_end ] --END-- [ RunTime:0.000000s ]

[ 2017-05-12T09:38:57+08:00 ] 127.0.0.1 /User/Login/dologin.html
INFO: [ app_init ] --START--
INFO: Run Behavior\BuildLiteBehavior [ RunTime:0.000000s ]
INFO: [ app_init ] --END-- [ RunTime:0.001000s ]
INFO: [ app_begin ] --START--
INFO: Run Behavior\ReadHtmlCacheBehavior [ RunTime:0.000000s ]
INFO: [ app_begin ] --END-- [ RunTime:0.000000s ]
SQL: SHOW COLUMNS FROM `tb_member` [ RunTime:0.0020s ]
NOTIC: [8] Undefined index: auto D:\WWW\tejinhui\ThinkPHP\Library\Think\Model.class.php 第 1128 行.
SQL: SELECT * FROM `tb_member` LEFT JOIN tb_memberprofile ON tb_member.MemberId = tb_memberprofile.MemberID  WHERE `MemberName` = 'wwwwwww' LIMIT 1   [ RunTime:0.0560s ]
SQL: UPDATE `tb_member` SET `LastLoginTime`='2017-05-12 09:38:57',`LastLoginIP`='127.0.0.1' WHERE `MemberId` = '3' [ RunTime:0.0936s ]
SQL: UPDATE `tb_member` SET `FailTimes`='0' WHERE `MemberId` = '3' [ RunTime:0.1010s ]

[ 2017-05-12T09:38:57+08:00 ] 127.0.0.1 /User/Member/index.html
INFO: [ app_init ] --START--
INFO: Run Behavior\BuildLiteBehavior [ RunTime:0.000000s ]
INFO: [ app_init ] --END-- [ RunTime:0.000000s ]
INFO: [ app_begin ] --START--
INFO: Run Behavior\ReadHtmlCacheBehavior [ RunTime:0.001000s ]
INFO: [ app_begin ] --END-- [ RunTime:0.001000s ]
SQL: SHOW COLUMNS FROM `sys_web_configure` [ RunTime:0.0020s ]
SQL: SELECT * FROM `sys_web_configure` WHERE `type` = 4 LIMIT 1   [ RunTime:0.0020s ]
SQL: SHOW COLUMNS FROM `sys_web_configure` [ RunTime:0.0020s ]
SQL: SELECT * FROM `sys_web_configure` WHERE `type` = 3 LIMIT 1   [ RunTime:0.0010s ]
SQL: SHOW COLUMNS FROM `sys_code` [ RunTime:0.0010s ]
SQL: SELECT * FROM `sys_code` INNER JOIN tb_ads ON sys_code.CodeID=tb_ads.Catagrote  WHERE sys_code.CodeValue = 'footAdImg' LIMIT 1   [ RunTime:0.0020s ]
INFO: [ view_parse ] --START--
INFO: [ template_filter ] --START--
INFO: Run Behavior\ContentReplaceBehavior [ RunTime:0.000000s ]
INFO: [ template_filter ] --END-- [ RunTime:0.000000s ]
NOTIC: [8] Undefined variable: search D:\WWW\tejinhui\Application\Runtime\Cache\User\feebdcce97289611e131c0837d6fe48e.php 第 30 行.
NOTIC: [8] Undefined index: discuz_auth_key D:\WWW\tejinhui\Application\Common\Common\function.php 第 550 行.
INFO: Run Behavior\ParseTemplateBehavior [ RunTime:0.007000s ]
INFO: [ view_parse ] --END-- [ RunTime:0.007000s ]
INFO: [ view_filter ] --START--
INFO: Run Behavior\WriteHtmlCacheBehavior [ RunTime:0.001000s ]
INFO: [ view_filter ] --END-- [ RunTime:0.001000s ]
INFO: [ app_end ] --START--
INFO: Run Behavior\ShowPageTraceBehavior [ RunTime:0.000000s ]
INFO: [ app_end ] --END-- [ RunTime:0.000000s ]

[ 2017-05-12T09:38:57+08:00 ] 127.0.0.1 /User/Common/train.html
INFO: [ app_init ] --START--
INFO: Run Behavior\BuildLiteBehavior [ RunTime:0.000000s ]
INFO: [ app_init ] --END-- [ RunTime:0.000000s ]
INFO: [ app_begin ] --START--
INFO: Run Behavior\ReadHtmlCacheBehavior [ RunTime:0.000000s ]
INFO: [ app_begin ] --END-- [ RunTime:0.000000s ]
SQL: SHOW COLUMNS FROM `sys_web_configure` [ RunTime:0.0010s ]
SQL: SELECT * FROM `sys_web_configure` WHERE `type` = 4 LIMIT 1   [ RunTime:0.0010s ]
SQL: SHOW COLUMNS FROM `sys_web_configure` [ RunTime:0.0020s ]
SQL: SELECT * FROM `sys_web_configure` WHERE `type` = 3 LIMIT 1   [ RunTime:0.0020s ]
SQL: SHOW COLUMNS FROM `sys_code` [ RunTime:0.0010s ]
SQL: SELECT * FROM `sys_code` INNER JOIN tb_ads ON sys_code.CodeID=tb_ads.Catagrote  WHERE sys_code.CodeValue = 'footAdImg' LIMIT 1   [ RunTime:0.0010s ]
SQL: SHOW COLUMNS FROM `sys_articlescrap` [ RunTime:0.0020s ]
SQL: SELECT COUNT(*) AS tp_count FROM `sys_articlescrap` WHERE `type` = 19 ORDER BY `no` asc,`createtime` desc LIMIT 1   [ RunTime:0.0020s ]
SQL: SHOW COLUMNS FROM `sys_articlescrap` [ RunTime:0.0020s ]
SQL: SELECT * FROM `sys_articlescrap` WHERE `type` = 19 ORDER BY `no` asc,`createtime` desc LIMIT 0,10   [ RunTime:0.0020s ]
INFO: [ view_parse ] --START--
INFO: [ template_filter ] --START--
INFO: Run Behavior\ContentReplaceBehavior [ RunTime:0.000000s ]
INFO: [ template_filter ] --END-- [ RunTime:0.000000s ]
NOTIC: [8] Undefined index: discuz_auth_key D:\WWW\tejinhui\Application\Common\Common\function.php 第 550 行.
NOTIC: [8] Undefined index: discuz_auth_key D:\WWW\tejinhui\Application\Common\Common\function.php 第 550 行.
NOTIC: [8] Undefined index: discuz_auth_key D:\WWW\tejinhui\Application\Common\Common\function.php 第 550 行.
NOTIC: [8] Undefined index: discuz_auth_key D:\WWW\tejinhui\Application\Common\Common\function.php 第 550 行.
NOTIC: [8] Undefined index: discuz_auth_key D:\WWW\tejinhui\Application\Common\Common\function.php 第 550 行.
NOTIC: [8] Undefined index: discuz_auth_key D:\WWW\tejinhui\Application\Common\Common\function.php 第 550 行.
NOTIC: [8] Undefined index: discuz_auth_key D:\WWW\tejinhui\Application\Common\Common\function.php 第 550 行.
NOTIC: [8] Undefined index: discuz_auth_key D:\WWW\tejinhui\Application\Common\Common\function.php 第 550 行.
NOTIC: [8] Undefined index: discuz_auth_key D:\WWW\tejinhui\Application\Common\Common\function.php 第 550 行.
NOTIC: [8] Undefined variable: page D:\WWW\tejinhui\Application\Runtime\Cache\User\f2e2a14500611210fbdc8b63575c30b0.php 第 43 行.
INFO: Run Behavior\ParseTemplateBehavior [ RunTime:0.005000s ]
INFO: [ view_parse ] --END-- [ RunTime:0.005000s ]
INFO: [ view_filter ] --START--
INFO: Run Behavior\WriteHtmlCacheBehavior [ RunTime:0.000000s ]
INFO: [ view_filter ] --END-- [ RunTime:0.000000s ]
INFO: [ app_end ] --START--
INFO: Run Behavior\ShowPageTraceBehavior [ RunTime:0.001000s ]
INFO: [ app_end ] --END-- [ RunTime:0.001000s ]

[ 2017-05-12T09:44:05+08:00 ] 127.0.0.1 /User/Common/todo.html
INFO: [ app_init ] --START--
INFO: Run Behavior\BuildLiteBehavior [ RunTime:0.001000s ]
INFO: [ app_init ] --END-- [ RunTime:0.001000s ]
INFO: [ app_begin ] --START--
INFO: Run Behavior\ReadHtmlCacheBehavior [ RunTime:0.001000s ]
INFO: [ app_begin ] --END-- [ RunTime:0.001000s ]
SQL: SHOW COLUMNS FROM `sys_web_configure` [ RunTime:0.0020s ]
SQL: SELECT * FROM `sys_web_configure` WHERE `type` = 4 LIMIT 1   [ RunTime:0.0020s ]
SQL: SHOW COLUMNS FROM `sys_web_configure` [ RunTime:0.0010s ]
SQL: SELECT * FROM `sys_web_configure` WHERE `type` = 3 LIMIT 1   [ RunTime:0.0020s ]
SQL: SHOW COLUMNS FROM `sys_code` [ RunTime:0.0010s ]
SQL: SELECT * FROM `sys_code` INNER JOIN tb_ads ON sys_code.CodeID=tb_ads.Catagrote  WHERE sys_code.CodeValue = 'footAdImg' LIMIT 1   [ RunTime:0.0010s ]
SQL: SHOW COLUMNS FROM `tb_assets` [ RunTime:0.0020s ]
SQL: SELECT tb_assets.AssetsID,Title as title,Price as total,ProcessModle as promodel,ProPrice as proprice,Address as adress,Contact as Contact,CellPhone as mobile,`CreateTime`,`AssetsStatue`,`OptType` FROM `tb_assets` LEFT JOIN tb_assetsacceptinfo ON tb_assetsacceptinfo.AssetsID = tb_assets.AssetsID  WHERE `AssetsStatue` BETWEEN '1' AND '4' AND `DueDiligenceMember` = '3' ORDER BY AssetsID desc  [ RunTime:0.0010s ]
SQL: SHOW COLUMNS FROM `tb_debt` [ RunTime:0.0030s ]
SQL: SELECT tb_debt.DebtID,Title as title,Total as total,`StartTime`,`EndTime`,ProcessModle as promodel,ProPrice as proprice,DebtAdress as adress,Owner as Contact,CellPhone as mobile,`CreateTime`,`AssetsStatue`,`OptType` FROM `tb_debt` LEFT JOIN tb_debtacceptinfo ON tb_debtacceptinfo.DebtID = tb_debt.DebtID  WHERE `AssetsStatue` BETWEEN '1' AND '4' AND `DueDiligenceMember` = '3' ORDER BY DebtID desc  [ RunTime:0.0010s ]
SQL: SHOW COLUMNS FROM `tb_package` [ RunTime:0.0010s ]
SQL: SELECT tb_package.PackageID,Title as title,Total as total,ProcessModle as proprice,OwnerAdress as adress,Owner as Contact,CellPhone as mobile,`CreateTime`,`AssetsStatue`,`OptType` FROM `tb_package` LEFT JOIN tb_packageacceptinfo ON tb_packageacceptinfo.PackageID = tb_package.PackageID  WHERE `AssetsStatue` BETWEEN '1' AND '4' AND `DueDiligenceMember` = '3' ORDER BY PackageID desc  [ RunTime:0.0010s ]
NOTIC: [8] Undefined index: StartTime D:\WWW\tejinhui\Application\User\Controller\CommonController.class.php 第 327 行.
NOTIC: [8] Undefined index: EndTime D:\WWW\tejinhui\Application\User\Controller\CommonController.class.php 第 327 行.
NOTIC: [8] Undefined index: StartTime D:\WWW\tejinhui\Application\User\Controller\CommonController.class.php 第 327 行.
NOTIC: [8] Undefined index: EndTime D:\WWW\tejinhui\Application\User\Controller\CommonController.class.php 第 327 行.
NOTIC: [8] Undefined index: StartTime D:\WWW\tejinhui\Application\User\Controller\CommonController.class.php 第 327 行.
NOTIC: [8] Undefined index: EndTime D:\WWW\tejinhui\Application\User\Controller\CommonController.class.php 第 327 行.
NOTIC: [8] Undefined index: StartTime D:\WWW\tejinhui\Application\User\Controller\CommonController.class.php 第 327 行.
NOTIC: [8] Undefined index: EndTime D:\WWW\tejinhui\Application\User\Controller\CommonController.class.php 第 327 行.
SQL: SHOW COLUMNS FROM `sys_code` [ RunTime:0.0010s ]
SQL: SELECT `CodeID`,`CodeValue` FROM `sys_code` WHERE `CodeGroup` = '10122' ORDER BY CodeID DESC  [ RunTime:0.0020s ]
SQL: SHOW COLUMNS FROM `sys_code` [ RunTime:0.0010s ]
SQL: SELECT * FROM `sys_code` WHERE ( CodeGroup = '10105' )  [ RunTime:0.0010s ]
INFO: [ view_parse ] --START--
INFO: [ template_filter ] --START--
INFO: Run Behavior\ContentReplaceBehavior [ RunTime:0.000000s ]
INFO: [ template_filter ] --END-- [ RunTime:0.000000s ]
NOTIC: [8] Undefined index: discuz_auth_key D:\WWW\tejinhui\Application\Common\Common\function.php 第 550 行.
NOTIC: [8] Undefined index: discuz_auth_key D:\WWW\tejinhui\Application\Common\Common\function.php 第 550 行.
NOTIC: [8] Undefined index: discuz_auth_key D:\WWW\tejinhui\Application\Common\Common\function.php 第 550 行.
NOTIC: [8] Undefined index: discuz_auth_key D:\WWW\tejinhui\Application\Common\Common\function.php 第 550 行.
INFO: Run Behavior\ParseTemplateBehavior [ RunTime:0.019000s ]
INFO: [ view_parse ] --END-- [ RunTime:0.019000s ]
INFO: [ view_filter ] --START--
INFO: Run Behavior\WriteHtmlCacheBehavior [ RunTime:0.001000s ]
INFO: [ view_filter ] --END-- [ RunTime:0.001000s ]
INFO: [ app_end ] --START--
INFO: Run Behavior\ShowPageTraceBehavior [ RunTime:0.000000s ]
INFO: [ app_end ] --END-- [ RunTime:0.000000s ]

[ 2017-05-12T09:44:17+08:00 ] 127.0.0.1 /User/Common/partner.html
INFO: [ app_init ] --START--
INFO: Run Behavior\BuildLiteBehavior [ RunTime:0.000000s ]
INFO: [ app_init ] --END-- [ RunTime:0.000000s ]
INFO: [ app_begin ] --START--
INFO: Run Behavior\ReadHtmlCacheBehavior [ RunTime:0.001000s ]
INFO: [ app_begin ] --END-- [ RunTime:0.001000s ]
SQL: SHOW COLUMNS FROM `sys_web_configure` [ RunTime:0.0010s ]
SQL: SELECT * FROM `sys_web_configure` WHERE `type` = 4 LIMIT 1   [ RunTime:0.0010s ]
SQL: SHOW COLUMNS FROM `sys_web_configure` [ RunTime:0.0020s ]
SQL: SELECT * FROM `sys_web_configure` WHERE `type` = 3 LIMIT 1   [ RunTime:0.0010s ]
SQL: SHOW COLUMNS FROM `sys_code` [ RunTime:0.0020s ]
SQL: SELECT * FROM `sys_code` INNER JOIN tb_ads ON sys_code.CodeID=tb_ads.Catagrote  WHERE sys_code.CodeValue = 'footAdImg' LIMIT 1   [ RunTime:0.0020s ]
ERR: 非法操作:partner

[ 2017-05-12T09:44:27+08:00 ] 127.0.0.1 /User/Logic/partner.html
INFO: [ app_init ] --START--
INFO: Run Behavior\BuildLiteBehavior [ RunTime:0.001000s ]
INFO: [ app_init ] --END-- [ RunTime:0.001000s ]
INFO: [ app_begin ] --START--
INFO: Run Behavior\ReadHtmlCacheBehavior [ RunTime:0.001000s ]
INFO: [ app_begin ] --END-- [ RunTime:0.001000s ]
SQL: SHOW COLUMNS FROM `sys_web_configure` [ RunTime:0.0010s ]
SQL: SELECT * FROM `sys_web_configure` WHERE `type` = 4 LIMIT 1   [ RunTime:0.0010s ]
SQL: SHOW COLUMNS FROM `sys_web_configure` [ RunTime:0.0020s ]
SQL: SELECT * FROM `sys_web_configure` WHERE `type` = 3 LIMIT 1   [ RunTime:0.0020s ]
SQL: SHOW COLUMNS FROM `sys_code` [ RunTime:0.0020s ]
SQL: SELECT * FROM `sys_code` INNER JOIN tb_ads ON sys_code.CodeID=tb_ads.Catagrote  WHERE sys_code.CodeValue = 'footAdImg' LIMIT 1   [ RunTime:0.0020s ]
INFO: [ app_end ] --START--
INFO: Run Behavior\ShowPageTraceBehavior [ RunTime:0.001000s ]
INFO: [ app_end ] --END-- [ RunTime:0.001000s ]

[ 2017-05-12T10:25:18+08:00 ] 127.0.0.1 /User/Logic/partner.html
INFO: [ app_init ] --START--
INFO: Run Behavior\BuildLiteBehavior [ RunTime:0.000000s ]
INFO: [ app_init ] --END-- [ RunTime:0.001000s ]
INFO: [ app_begin ] --START--
INFO: Run Behavior\ReadHtmlCacheBehavior [ RunTime:0.000000s ]
INFO: [ app_begin ] --END-- [ RunTime:0.000000s ]
SQL: SHOW COLUMNS FROM `sys_web_configure` [ RunTime:0.0020s ]
SQL: SELECT * FROM `sys_web_configure` WHERE `type` = 4 LIMIT 1   [ RunTime:0.0020s ]
SQL: SHOW COLUMNS FROM `sys_web_configure` [ RunTime:0.0020s ]
SQL: SELECT * FROM `sys_web_configure` WHERE `type` = 3 LIMIT 1   [ RunTime:0.0010s ]
SQL: SHOW COLUMNS FROM `sys_code` [ RunTime:0.0020s ]
SQL: SELECT * FROM `sys_code` INNER JOIN tb_ads ON sys_code.CodeID=tb_ads.Catagrote  WHERE sys_code.CodeValue = 'footAdImg' LIMIT 1   [ RunTime:0.0020s ]
SQL: SHOW COLUMNS FROM `tb_member` [ RunTime:0.0010s ]
SQL: SELECT * FROM `tb_member` INNER JOIN tb_memberprofile ON tb_memberprofile.MemberID =tb_member.MemberId   WHERE tb_member.RecommendMember = '3'  [ RunTime:0.0010s ]
INFO: [ app_end ] --START--
INFO: Run Behavior\ShowPageTraceBehavior [ RunTime:0.000000s ]
INFO: [ app_end ] --END-- [ RunTime:0.000000s ]

[ 2017-05-12T10:26:26+08:00 ] 127.0.0.1 /User/Logic/partner.html
INFO: [ app_init ] --START--
INFO: Run Behavior\BuildLiteBehavior [ RunTime:0.000000s ]
INFO: [ app_init ] --END-- [ RunTime:0.001000s ]
INFO: [ app_begin ] --START--
INFO: Run Behavior\ReadHtmlCacheBehavior [ RunTime:0.000000s ]
INFO: [ app_begin ] --END-- [ RunTime:0.001000s ]
SQL: SHOW COLUMNS FROM `sys_web_configure` [ RunTime:0.0010s ]
SQL: SELECT * FROM `sys_web_configure` WHERE `type` = 4 LIMIT 1   [ RunTime:0.0020s ]
SQL: SHOW COLUMNS FROM `sys_web_configure` [ RunTime:0.0010s ]
SQL: SELECT * FROM `sys_web_configure` WHERE `type` = 3 LIMIT 1   [ RunTime:0.0010s ]
SQL: SHOW COLUMNS FROM `sys_code` [ RunTime:0.0010s ]
SQL: SELECT * FROM `sys_code` INNER JOIN tb_ads ON sys_code.CodeID=tb_ads.Catagrote  WHERE sys_code.CodeValue = 'footAdImg' LIMIT 1   [ RunTime:0.0010s ]
SQL: SHOW COLUMNS FROM `tb_member` [ RunTime:0.0020s ]
SQL: SELECT * FROM `tb_member` INNER JOIN tb_memberprofile ON tb_memberprofile.MemberID =tb_member.MemberId   WHERE tb_member.RecommendMember = '3'  [ RunTime:0.0030s ]
INFO: [ app_end ] --START--
INFO: Run Behavior\ShowPageTraceBehavior [ RunTime:0.000000s ]
INFO: [ app_end ] --END-- [ RunTime:0.000000s ]

[ 2017-05-12T15:18:48+08:00 ] 127.0.0.1 /User/Member/index.html
INFO: [ app_init ] --START--
INFO: Run Behavior\BuildLiteBehavior [ RunTime:0.000000s ]
INFO: [ app_init ] --END-- [ RunTime:0.000000s ]
INFO: [ app_begin ] --START--
INFO: Run Behavior\ReadHtmlCacheBehavior [ RunTime:0.000000s ]
INFO: [ app_begin ] --END-- [ RunTime:0.001000s ]
SQL: SHOW COLUMNS FROM `sys_web_configure` [ RunTime:0.0020s ]
SQL: SELECT * FROM `sys_web_configure` WHERE `type` = 4 LIMIT 1   [ RunTime:0.0010s ]
SQL: SHOW COLUMNS FROM `sys_web_configure` [ RunTime:0.0010s ]
SQL: SELECT * FROM `sys_web_configure` WHERE `type` = 3 LIMIT 1   [ RunTime:0.0020s ]
SQL: SHOW COLUMNS FROM `sys_code` [ RunTime:0.0020s ]
SQL: SELECT * FROM `sys_code` INNER JOIN tb_ads ON sys_code.CodeID=tb_ads.Catagrote  WHERE sys_code.CodeValue = 'footAdImg' LIMIT 1   [ RunTime:0.0020s ]
INFO: [ view_parse ] --START--
INFO: [ template_filter ] --START--
INFO: Run Behavior\ContentReplaceBehavior [ RunTime:0.000000s ]
INFO: [ template_filter ] --END-- [ RunTime:0.000000s ]
NOTIC: [8] Undefined variable: search D:\WWW\tejinhui\Application\Runtime\Cache\User\feebdcce97289611e131c0837d6fe48e.php 第 30 行.
NOTIC: [8] Undefined index: discuz_auth_key D:\WWW\tejinhui\Application\Common\Common\function.php 第 550 行.
INFO: Run Behavior\ParseTemplateBehavior [ RunTime:0.013000s ]
INFO: [ view_parse ] --END-- [ RunTime:0.013000s ]
INFO: [ view_filter ] --START--
INFO: Run Behavior\WriteHtmlCacheBehavior [ RunTime:0.000000s ]
INFO: [ view_filter ] --END-- [ RunTime:0.000000s ]
INFO: [ app_end ] --START--
INFO: Run Behavior\ShowPageTraceBehavior [ RunTime:0.000000s ]
INFO: [ app_end ] --END-- [ RunTime:0.000000s ]

[ 2017-05-12T15:18:48+08:00 ] 127.0.0.1 /User/Common/memberindex.html
INFO: [ app_init ] --START--
INFO: Run Behavior\BuildLiteBehavior [ RunTime:0.000000s ]
INFO: [ app_init ] --END-- [ RunTime:0.000000s ]
INFO: [ app_begin ] --START--
INFO: Run Behavior\ReadHtmlCacheBehavior [ RunTime:0.000000s ]
INFO: [ app_begin ] --END-- [ RunTime:0.000000s ]
SQL: SHOW COLUMNS FROM `sys_web_configure` [ RunTime:0.0020s ]
SQL: SELECT * FROM `sys_web_configure` WHERE `type` = 4 LIMIT 1   [ RunTime:0.0020s ]
SQL: SHOW COLUMNS FROM `sys_web_configure` [ RunTime:0.0010s ]
SQL: SELECT * FROM `sys_web_configure` WHERE `type` = 3 LIMIT 1   [ RunTime:0.0020s ]
SQL: SHOW COLUMNS FROM `sys_code` [ RunTime:0.0010s ]
SQL: SELECT * FROM `sys_code` INNER JOIN tb_ads ON sys_code.CodeID=tb_ads.Catagrote  WHERE sys_code.CodeValue = 'footAdImg' LIMIT 1   [ RunTime:0.0030s ]
SQL: SHOW COLUMNS FROM `tb_memberaccount` [ RunTime:0.0010s ]
SQL: SELECT * FROM `tb_memberaccount` RIGHT JOIN tb_member ON tb_memberaccount.MemberId=tb_member.MemberId  WHERE tb_memberaccount.MemberId = '3' LIMIT 1   [ RunTime:0.0020s ]
SQL: SHOW COLUMNS FROM `sys_code` [ RunTime:0.0020s ]
SQL: SELECT * FROM `sys_code` WHERE `CodeID` = '4' LIMIT 1   [ RunTime:0.0010s ]
SQL: SHOW COLUMNS FROM `sys_code` [ RunTime:0.0020s ]
SQL: SELECT * FROM `sys_code` WHERE `CodeGroup` = 10109 LIMIT 1   [ RunTime:0.0010s ]
SQL: SHOW COLUMNS FROM `tb_area` [ RunTime:0.0030s ]
SQL: SELECT `name` FROM `tb_area` WHERE `id` = 18 LIMIT 1   [ RunTime:0.0010s ]
SQL: SELECT `name` FROM `tb_area` WHERE `id` = 273 LIMIT 1   [ RunTime:0.0010s ]
INFO: [ view_parse ] --START--
INFO: [ template_filter ] --START--
INFO: Run Behavior\ContentReplaceBehavior [ RunTime:0.000000s ]
INFO: [ template_filter ] --END-- [ RunTime:0.000000s ]
SQL: SHOW COLUMNS FROM `tb_memberblancellog` [ RunTime:0.0010s ]
SQL: SELECT ROUND(sum(OffSetValue),2) as OffSetValue FROM `tb_memberblancellog` WHERE `CreateTime` BETWEEN '2017-05-05 15:18:48' AND '2017-05-12 15:18:48' AND `MemberId` = '3' LIMIT 1   [ RunTime:0.0010s ]
SQL: SELECT * FROM `tb_memberaccount` WHERE `MemberId` = '3' LIMIT 1   [ RunTime:0.0010s ]
INFO: Run Behavior\ParseTemplateBehavior [ RunTime:0.011000s ]
INFO: [ view_parse ] --END-- [ RunTime:0.011000s ]
INFO: [ view_filter ] --START--
INFO: Run Behavior\WriteHtmlCacheBehavior [ RunTime:0.000000s ]
INFO: [ view_filter ] --END-- [ RunTime:0.000000s ]
INFO: [ app_end ] --START--
INFO: Run Behavior\ShowPageTraceBehavior [ RunTime:0.000000s ]
INFO: [ app_end ] --END-- [ RunTime:0.000000s ]

[ 2017-05-12T15:18:54+08:00 ] 127.0.0.1 /User/Common/memberupdata.html
INFO: [ app_init ] --START--
INFO: Run Behavior\BuildLiteBehavior [ RunTime:0.000000s ]
INFO: [ app_init ] --END-- [ RunTime:0.000000s ]
INFO: [ app_begin ] --START--
INFO: Run Behavior\ReadHtmlCacheBehavior [ RunTime:0.001000s ]
INFO: [ app_begin ] --END-- [ RunTime:0.001000s ]
SQL: SHOW COLUMNS FROM `sys_web_configure` [ RunTime:0.0020s ]
SQL: SELECT * FROM `sys_web_configure` WHERE `type` = 4 LIMIT 1   [ RunTime:0.0010s ]
SQL: SHOW COLUMNS FROM `sys_web_configure` [ RunTime:0.0020s ]
SQL: SELECT * FROM `sys_web_configure` WHERE `type` = 3 LIMIT 1   [ RunTime:0.0010s ]
SQL: SHOW COLUMNS FROM `sys_code` [ RunTime:0.0010s ]
SQL: SELECT * FROM `sys_code` INNER JOIN tb_ads ON sys_code.CodeID=tb_ads.Catagrote  WHERE sys_code.CodeValue = 'footAdImg' LIMIT 1   [ RunTime:0.0020s ]
SQL: SHOW COLUMNS FROM `tb_area` [ RunTime:0.0020s ]
SQL: SELECT `id`,`name`,`pid`,`code` FROM `tb_area` WHERE `pid` = 0  [ RunTime:0.0020s ]
SQL: SHOW COLUMNS FROM `tb_memberprofile` [ RunTime:0.0010s ]
SQL: SELECT * FROM `tb_memberprofile` WHERE `MemberID` = '3' LIMIT 1   [ RunTime:0.0010s ]
SQL: SHOW COLUMNS FROM `sys_code` [ RunTime:0.0020s ]
SQL: SELECT * FROM `sys_code` WHERE ( CodeID= '4' ) LIMIT 1   [ RunTime:0.0010s ]
INFO: [ view_parse ] --START--
INFO: [ template_filter ] --START--
INFO: Run Behavior\ContentReplaceBehavior [ RunTime:0.000000s ]
INFO: [ template_filter ] --END-- [ RunTime:0.000000s ]
INFO: Run Behavior\ParseTemplateBehavior [ RunTime:0.022000s ]
INFO: [ view_parse ] --END-- [ RunTime:0.022000s ]
INFO: [ view_filter ] --START--
INFO: Run Behavior\WriteHtmlCacheBehavior [ RunTime:0.000000s ]
INFO: [ view_filter ] --END-- [ RunTime:0.000000s ]
INFO: [ app_end ] --START--
INFO: Run Behavior\ShowPageTraceBehavior [ RunTime:0.000000s ]
INFO: [ app_end ] --END-- [ RunTime:0.000000s ]

[ 2017-05-12T15:19:57+08:00 ] 127.0.0.1 /User/Common/memberindex.html
INFO: [ app_init ] --START--
INFO: Run Behavior\BuildLiteBehavior [ RunTime:0.000000s ]
INFO: [ app_init ] --END-- [ RunTime:0.000000s ]
INFO: [ app_begin ] --START--
INFO: Run Behavior\ReadHtmlCacheBehavior [ RunTime:0.001000s ]
INFO: [ app_begin ] --END-- [ RunTime:0.001000s ]
SQL: SHOW COLUMNS FROM `sys_web_configure` [ RunTime:0.0020s ]
SQL: SELECT * FROM `sys_web_configure` WHERE `type` = 4 LIMIT 1   [ RunTime:0.0020s ]
SQL: SHOW COLUMNS FROM `sys_web_configure` [ RunTime:0.0020s ]
SQL: SELECT * FROM `sys_web_configure` WHERE `type` = 3 LIMIT 1   [ RunTime:0.0020s ]
SQL: SHOW COLUMNS FROM `sys_code` [ RunTime:0.0020s ]
SQL: SELECT * FROM `sys_code` INNER JOIN tb_ads ON sys_code.CodeID=tb_ads.Catagrote  WHERE sys_code.CodeValue = 'footAdImg' LIMIT 1   [ RunTime:0.0020s ]
SQL: SHOW COLUMNS FROM `tb_memberaccount` [ RunTime:0.0020s ]
SQL: SELECT * FROM `tb_memberaccount` RIGHT JOIN tb_member ON tb_memberaccount.MemberId=tb_member.MemberId  WHERE tb_memberaccount.MemberId = '3' LIMIT 1   [ RunTime:0.0030s ]
SQL: SHOW COLUMNS FROM `sys_code` [ RunTime:0.0020s ]
SQL: SELECT * FROM `sys_code` WHERE `CodeID` = '4' LIMIT 1   [ RunTime:0.0010s ]
SQL: SHOW COLUMNS FROM `sys_code` [ RunTime:0.0020s ]
SQL: SELECT * FROM `sys_code` WHERE `CodeGroup` = 10109 LIMIT 1   [ RunTime:0.0010s ]
SQL: SHOW COLUMNS FROM `tb_area` [ RunTime:0.0020s ]
SQL: SELECT `name` FROM `tb_area` WHERE `id` = 18 LIMIT 1   [ RunTime:0.0020s ]
SQL: SELECT `name` FROM `tb_area` WHERE `id` = 273 LIMIT 1   [ RunTime:0.0010s ]
INFO: [ view_parse ] --START--
INFO: [ template_filter ] --START--
INFO: Run Behavior\ContentReplaceBehavior [ RunTime:0.000000s ]
INFO: [ template_filter ] --END-- [ RunTime:0.000000s ]
SQL: SHOW COLUMNS FROM `tb_memberblancellog` [ RunTime:0.0010s ]
SQL: SELECT ROUND(sum(OffSetValue),2) as OffSetValue FROM `tb_memberblancellog` WHERE `CreateTime` BETWEEN '2017-05-05 15:19:57' AND '2017-05-12 15:19:57' AND `MemberId` = '3' LIMIT 1   [ RunTime:0.0010s ]
SQL: SELECT * FROM `tb_memberaccount` WHERE `MemberId` = '3' LIMIT 1   [ RunTime:0.0010s ]
INFO: Run Behavior\ParseTemplateBehavior [ RunTime:0.014000s ]
INFO: [ view_parse ] --END-- [ RunTime:0.014000s ]
INFO: [ view_filter ] --START--
INFO: Run Behavior\WriteHtmlCacheBehavior [ RunTime:0.000000s ]
INFO: [ view_filter ] --END-- [ RunTime:0.000000s ]
INFO: [ app_end ] --START--
INFO: Run Behavior\ShowPageTraceBehavior [ RunTime:0.000000s ]
INFO: [ app_end ] --END-- [ RunTime:0.000000s ]

[ 2017-05-12T15:20:24+08:00 ] 127.0.0.1 /User/Common/memberupdata.html
INFO: [ app_init ] --START--
INFO: Run Behavior\BuildLiteBehavior [ RunTime:0.000000s ]
INFO: [ app_init ] --END-- [ RunTime:0.000000s ]
INFO: [ app_begin ] --START--
INFO: Run Behavior\ReadHtmlCacheBehavior [ RunTime:0.000000s ]
INFO: [ app_begin ] --END-- [ RunTime:0.000000s ]
SQL: SHOW COLUMNS FROM `sys_web_configure` [ RunTime:0.0020s ]
SQL: SELECT * FROM `sys_web_configure` WHERE `type` = 4 LIMIT 1   [ RunTime:0.0020s ]
SQL: SHOW COLUMNS FROM `sys_web_configure` [ RunTime:0.0010s ]
SQL: SELECT * FROM `sys_web_configure` WHERE `type` = 3 LIMIT 1   [ RunTime:0.0020s ]
SQL: SHOW COLUMNS FROM `sys_code` [ RunTime:0.0010s ]
SQL: SELECT * FROM `sys_code` INNER JOIN tb_ads ON sys_code.CodeID=tb_ads.Catagrote  WHERE sys_code.CodeValue = 'footAdImg' LIMIT 1   [ RunTime:0.0020s ]
SQL: SHOW COLUMNS FROM `tb_area` [ RunTime:0.0020s ]
SQL: SELECT `id`,`name`,`pid`,`code` FROM `tb_area` WHERE `pid` = 0  [ RunTime:0.0010s ]
SQL: SHOW COLUMNS FROM `tb_memberprofile` [ RunTime:0.0020s ]
SQL: SELECT * FROM `tb_memberprofile` WHERE `MemberID` = '3' LIMIT 1   [ RunTime:0.0010s ]
SQL: SHOW COLUMNS FROM `sys_code` [ RunTime:0.0020s ]
SQL: SELECT * FROM `sys_code` WHERE ( CodeID= '4' ) LIMIT 1   [ RunTime:0.0010s ]
INFO: [ view_parse ] --START--
INFO: [ template_filter ] --START--
INFO: Run Behavior\ContentReplaceBehavior [ RunTime:0.000000s ]
INFO: [ template_filter ] --END-- [ RunTime:0.000000s ]
INFO: Run Behavior\ParseTemplateBehavior [ RunTime:0.006000s ]
INFO: [ view_parse ] --END-- [ RunTime:0.006000s ]
INFO: [ view_filter ] --START--
INFO: Run Behavior\WriteHtmlCacheBehavior [ RunTime:0.000000s ]
INFO: [ view_filter ] --END-- [ RunTime:0.000000s ]
INFO: [ app_end ] --START--
INFO: Run Behavior\ShowPageTraceBehavior [ RunTime:0.001000s ]
INFO: [ app_end ] --END-- [ RunTime:0.001000s ]

