[ 2017-02-22T09:33:42+08:00 ] 127.0.0.1 /User/Member/index.html
INFO: [ app_init ] --START--
INFO: Run Behavior\BuildLiteBehavior [ RunTime:0.000000s ]
INFO: [ app_init ] --END-- [ RunTime:0.001000s ]
INFO: [ app_begin ] --START--
INFO: Run Behavior\ReadHtmlCacheBehavior [ RunTime:0.000000s ]
INFO: [ app_begin ] --END-- [ RunTime:0.000000s ]
SQL: SHOW COLUMNS FROM `sys_web_configure` [ RunTime:0.0020s ]
SQL: SELECT * FROM `sys_web_configure` WHERE `type` = 4 LIMIT 1   [ RunTime:0.0020s ]
SQL: SHOW COLUMNS FROM `sys_web_configure` [ RunTime:0.0020s ]
SQL: SELECT * FROM `sys_web_configure` WHERE `type` = 3 LIMIT 1   [ RunTime:0.0020s ]

[ 2017-02-22T09:33:42+08:00 ] 127.0.0.1 /User/Index/index.html
INFO: [ app_init ] --START--
INFO: Run Behavior\BuildLiteBehavior [ RunTime:0.000000s ]
INFO: [ app_init ] --END-- [ RunTime:0.000000s ]
INFO: [ app_begin ] --START--
INFO: Run Behavior\ReadHtmlCacheBehavior [ RunTime:0.000000s ]
INFO: [ app_begin ] --END-- [ RunTime:0.000000s ]
INFO: [ view_parse ] --START--
INFO: [ template_filter ] --START--
INFO: Run Behavior\ContentReplaceBehavior [ RunTime:0.000000s ]
INFO: [ template_filter ] --END-- [ RunTime:0.000000s ]
NOTIC: [8] Undefined variable: search D:\WWW\tejinhui\Application\Runtime\Cache\User\5f2d0b49f58ff7c3686d6f83be871e33.php 第 30 行.
INFO: Run Behavior\ParseTemplateBehavior [ RunTime:0.006000s ]
INFO: [ view_parse ] --END-- [ RunTime:0.006000s ]
INFO: [ view_filter ] --START--
INFO: Run Behavior\WriteHtmlCacheBehavior [ RunTime:0.000000s ]
INFO: [ view_filter ] --END-- [ RunTime:0.000000s ]
INFO: [ app_end ] --START--
INFO: Run Behavior\ShowPageTraceBehavior [ RunTime:0.000000s ]
INFO: [ app_end ] --END-- [ RunTime:0.000000s ]

[ 2017-02-22T09:33:46+08:00 ] 127.0.0.1 /User/Login/dologin.html
INFO: [ app_init ] --START--
INFO: Run Behavior\BuildLiteBehavior [ RunTime:0.000000s ]
INFO: [ app_init ] --END-- [ RunTime:0.000000s ]
INFO: [ app_begin ] --START--
INFO: Run Behavior\ReadHtmlCacheBehavior [ RunTime:0.001000s ]
INFO: [ app_begin ] --END-- [ RunTime:0.001000s ]

[ 2017-02-22T09:33:50+08:00 ] 127.0.0.1 /User/Login/dologin.html
INFO: [ app_init ] --START--
INFO: Run Behavior\BuildLiteBehavior [ RunTime:0.000000s ]
INFO: [ app_init ] --END-- [ RunTime:0.000000s ]
INFO: [ app_begin ] --START--
INFO: Run Behavior\ReadHtmlCacheBehavior [ RunTime:0.001000s ]
INFO: [ app_begin ] --END-- [ RunTime:0.001000s ]

[ 2017-02-22T09:33:59+08:00 ] 127.0.0.1 /User/Login/dologin.html
INFO: [ app_init ] --START--
INFO: Run Behavior\BuildLiteBehavior [ RunTime:0.001000s ]
INFO: [ app_init ] --END-- [ RunTime:0.001000s ]
INFO: [ app_begin ] --START--
INFO: Run Behavior\ReadHtmlCacheBehavior [ RunTime:0.001000s ]
INFO: [ app_begin ] --END-- [ RunTime:0.001000s ]
SQL: SHOW COLUMNS FROM `tb_member` [ RunTime:0.0020s ]
NOTIC: [8] Undefined index: auto D:\WWW\tejinhui\ThinkPHP\Library\Think\Model.class.php 第 1128 行.
SQL: SELECT * FROM `tb_member` LEFT JOIN tb_memberprofile ON tb_member.MemberId = tb_memberprofile.MemberID  WHERE `MemberName` = 'wwwwwww' LIMIT 1   [ RunTime:0.0030s ]
SQL: UPDATE `tb_member` SET `LastLoginTime`='2017-02-22 09:33:59',`LastLoginIP`='127.0.0.1' WHERE `MemberId` = '3' [ RunTime:0.0370s ]
SQL: UPDATE `tb_member` SET `FailTimes`='0' WHERE `MemberId` = '3' [ RunTime:0.0170s ]

[ 2017-02-22T09:33:59+08:00 ] 127.0.0.1 /User/Member/index.html
INFO: [ app_init ] --START--
INFO: Run Behavior\BuildLiteBehavior [ RunTime:0.000000s ]
INFO: [ app_init ] --END-- [ RunTime:0.000000s ]
INFO: [ app_begin ] --START--
INFO: Run Behavior\ReadHtmlCacheBehavior [ RunTime:0.001000s ]
INFO: [ app_begin ] --END-- [ RunTime:0.001000s ]
SQL: SHOW COLUMNS FROM `sys_web_configure` [ RunTime:0.0020s ]
SQL: SELECT * FROM `sys_web_configure` WHERE `type` = 4 LIMIT 1   [ RunTime:0.0010s ]
SQL: SHOW COLUMNS FROM `sys_web_configure` [ RunTime:0.0010s ]
SQL: SELECT * FROM `sys_web_configure` WHERE `type` = 3 LIMIT 1   [ RunTime:0.0020s ]
INFO: [ view_parse ] --START--
INFO: [ template_filter ] --START--
INFO: Run Behavior\ContentReplaceBehavior [ RunTime:0.000000s ]
INFO: [ template_filter ] --END-- [ RunTime:0.000000s ]
NOTIC: [8] Undefined variable: search D:\WWW\tejinhui\Application\Runtime\Cache\User\feebdcce97289611e131c0837d6fe48e.php 第 30 行.
NOTIC: [8] Undefined index: discuz_auth_key D:\WWW\tejinhui\Application\Common\Common\function.php 第 547 行.
INFO: Run Behavior\ParseTemplateBehavior [ RunTime:0.008000s ]
INFO: [ view_parse ] --END-- [ RunTime:0.008000s ]
INFO: [ view_filter ] --START--
INFO: Run Behavior\WriteHtmlCacheBehavior [ RunTime:0.000000s ]
INFO: [ view_filter ] --END-- [ RunTime:0.000000s ]
INFO: [ app_end ] --START--
INFO: Run Behavior\ShowPageTraceBehavior [ RunTime:0.001000s ]
INFO: [ app_end ] --END-- [ RunTime:0.001000s ]

[ 2017-02-22T09:33:59+08:00 ] 127.0.0.1 /User/Common/memberindex.html
INFO: [ app_init ] --START--
INFO: Run Behavior\BuildLiteBehavior [ RunTime:0.000000s ]
INFO: [ app_init ] --END-- [ RunTime:0.000000s ]
INFO: [ app_begin ] --START--
INFO: Run Behavior\ReadHtmlCacheBehavior [ RunTime:0.000000s ]
INFO: [ app_begin ] --END-- [ RunTime:0.000000s ]
SQL: SHOW COLUMNS FROM `sys_web_configure` [ RunTime:0.0010s ]
SQL: SELECT * FROM `sys_web_configure` WHERE `type` = 4 LIMIT 1   [ RunTime:0.0020s ]
SQL: SHOW COLUMNS FROM `sys_web_configure` [ RunTime:0.0010s ]
SQL: SELECT * FROM `sys_web_configure` WHERE `type` = 3 LIMIT 1   [ RunTime:0.0020s ]
SQL: SHOW COLUMNS FROM `tb_memberaccount` [ RunTime:0.0020s ]
SQL: SELECT * FROM `tb_memberaccount` RIGHT JOIN tb_member ON tb_memberaccount.MemberId=tb_member.MemberId  WHERE tb_memberaccount.MemberId = '3' LIMIT 1   [ RunTime:0.0020s ]
SQL: SHOW COLUMNS FROM `sys_code` [ RunTime:0.0020s ]
SQL: SELECT * FROM `sys_code` WHERE `CodeID` = '4' LIMIT 1   [ RunTime:0.0010s ]
SQL: SHOW COLUMNS FROM `sys_code` [ RunTime:0.0020s ]
SQL: SELECT * FROM `sys_code` WHERE `CodeGroup` = 10109 LIMIT 1   [ RunTime:0.0020s ]
SQL: SHOW COLUMNS FROM `tb_area` [ RunTime:0.0020s ]
SQL: SELECT `name` FROM `tb_area` WHERE `id` = 18 LIMIT 1   [ RunTime:0.0020s ]
SQL: SELECT `name` FROM `tb_area` WHERE `id` = 273 LIMIT 1   [ RunTime:0.0000s ]
INFO: [ view_parse ] --START--
INFO: [ template_filter ] --START--
INFO: Run Behavior\ContentReplaceBehavior [ RunTime:0.000000s ]
INFO: [ template_filter ] --END-- [ RunTime:0.000000s ]
SQL: SHOW COLUMNS FROM `tb_memberblancellog` [ RunTime:0.0020s ]
SQL: SELECT ROUND(sum(OffSetValue),2) as OffSetValue FROM `tb_memberblancellog` WHERE `CreateTime` BETWEEN '2017-02-15 09:33:59' AND '2017-02-22 09:33:59' AND `MemberId` = '3' LIMIT 1   [ RunTime:0.0010s ]
SQL: SELECT * FROM `tb_memberaccount` WHERE `MemberId` = '3' LIMIT 1   [ RunTime:0.0010s ]
INFO: Run Behavior\ParseTemplateBehavior [ RunTime:0.009000s ]
INFO: [ view_parse ] --END-- [ RunTime:0.009000s ]
INFO: [ view_filter ] --START--
INFO: Run Behavior\WriteHtmlCacheBehavior [ RunTime:0.001000s ]
INFO: [ view_filter ] --END-- [ RunTime:0.001000s ]
INFO: [ app_end ] --START--
INFO: Run Behavior\ShowPageTraceBehavior [ RunTime:0.000000s ]
INFO: [ app_end ] --END-- [ RunTime:0.000000s ]

[ 2017-02-22T09:36:26+08:00 ] 127.0.0.1 /User/Member/index.html
INFO: [ app_init ] --START--
INFO: Run Behavior\BuildLiteBehavior [ RunTime:0.000000s ]
INFO: [ app_init ] --END-- [ RunTime:0.000000s ]
INFO: [ app_begin ] --START--
INFO: Run Behavior\ReadHtmlCacheBehavior [ RunTime:0.001000s ]
INFO: [ app_begin ] --END-- [ RunTime:0.001000s ]
SQL: SHOW COLUMNS FROM `sys_web_configure` [ RunTime:0.0020s ]
SQL: SELECT * FROM `sys_web_configure` WHERE `type` = 4 LIMIT 1   [ RunTime:0.0010s ]
SQL: SHOW COLUMNS FROM `sys_web_configure` [ RunTime:0.0010s ]
SQL: SELECT * FROM `sys_web_configure` WHERE `type` = 3 LIMIT 1   [ RunTime:0.0020s ]
INFO: [ view_parse ] --START--
INFO: [ template_filter ] --START--
INFO: Run Behavior\ContentReplaceBehavior [ RunTime:0.000000s ]
INFO: [ template_filter ] --END-- [ RunTime:0.000000s ]
NOTIC: [8] Undefined variable: search D:\WWW\tejinhui\Application\Runtime\Cache\User\feebdcce97289611e131c0837d6fe48e.php 第 30 行.
NOTIC: [8] Undefined index: discuz_auth_key D:\WWW\tejinhui\Application\Common\Common\function.php 第 547 行.
INFO: Run Behavior\ParseTemplateBehavior [ RunTime:0.008000s ]
INFO: [ view_parse ] --END-- [ RunTime:0.008000s ]
INFO: [ view_filter ] --START--
INFO: Run Behavior\WriteHtmlCacheBehavior [ RunTime:0.000000s ]
INFO: [ view_filter ] --END-- [ RunTime:0.001000s ]
INFO: [ app_end ] --START--
INFO: Run Behavior\ShowPageTraceBehavior [ RunTime:0.000000s ]
INFO: [ app_end ] --END-- [ RunTime:0.000000s ]

[ 2017-02-22T09:36:26+08:00 ] 127.0.0.1 /User/Common/memberindex.html
INFO: [ app_init ] --START--
INFO: Run Behavior\BuildLiteBehavior [ RunTime:0.000000s ]
INFO: [ app_init ] --END-- [ RunTime:0.001000s ]
INFO: [ app_begin ] --START--
INFO: Run Behavior\ReadHtmlCacheBehavior [ RunTime:0.001000s ]
INFO: [ app_begin ] --END-- [ RunTime:0.001000s ]
SQL: SHOW COLUMNS FROM `sys_web_configure` [ RunTime:0.0020s ]
SQL: SELECT * FROM `sys_web_configure` WHERE `type` = 4 LIMIT 1   [ RunTime:0.0010s ]
SQL: SHOW COLUMNS FROM `sys_web_configure` [ RunTime:0.0020s ]
SQL: SELECT * FROM `sys_web_configure` WHERE `type` = 3 LIMIT 1   [ RunTime:0.0010s ]
SQL: SHOW COLUMNS FROM `tb_memberaccount` [ RunTime:0.0020s ]
SQL: SELECT * FROM `tb_memberaccount` RIGHT JOIN tb_member ON tb_memberaccount.MemberId=tb_member.MemberId  WHERE tb_memberaccount.MemberId = '3' LIMIT 1   [ RunTime:0.0010s ]
SQL: SHOW COLUMNS FROM `sys_code` [ RunTime:0.0020s ]
SQL: SELECT * FROM `sys_code` WHERE `CodeID` = '4' LIMIT 1   [ RunTime:0.0020s ]
SQL: SHOW COLUMNS FROM `sys_code` [ RunTime:0.0020s ]
SQL: SELECT * FROM `sys_code` WHERE `CodeGroup` = 10109 LIMIT 1   [ RunTime:0.0010s ]
SQL: SHOW COLUMNS FROM `tb_area` [ RunTime:0.0020s ]
SQL: SELECT `name` FROM `tb_area` WHERE `id` = 18 LIMIT 1   [ RunTime:0.0020s ]
SQL: SELECT `name` FROM `tb_area` WHERE `id` = 273 LIMIT 1   [ RunTime:0.0010s ]
INFO: [ view_parse ] --START--
INFO: [ template_filter ] --START--
INFO: Run Behavior\ContentReplaceBehavior [ RunTime:0.000000s ]
INFO: [ template_filter ] --END-- [ RunTime:0.000000s ]
SQL: SHOW COLUMNS FROM `tb_memberblancellog` [ RunTime:0.0010s ]
SQL: SELECT ROUND(sum(OffSetValue),2) as OffSetValue FROM `tb_memberblancellog` WHERE `CreateTime` BETWEEN '2017-02-15 09:36:26' AND '2017-02-22 09:36:26' AND `MemberId` = '3' LIMIT 1   [ RunTime:0.0020s ]
SQL: SELECT * FROM `tb_memberaccount` WHERE `MemberId` = '3' LIMIT 1   [ RunTime:0.0010s ]
INFO: Run Behavior\ParseTemplateBehavior [ RunTime:0.010000s ]
INFO: [ view_parse ] --END-- [ RunTime:0.010000s ]
INFO: [ view_filter ] --START--
INFO: Run Behavior\WriteHtmlCacheBehavior [ RunTime:0.000000s ]
INFO: [ view_filter ] --END-- [ RunTime:0.000000s ]
INFO: [ app_end ] --START--
INFO: Run Behavior\ShowPageTraceBehavior [ RunTime:0.000000s ]
INFO: [ app_end ] --END-- [ RunTime:0.000000s ]

[ 2017-02-22T09:36:40+08:00 ] 127.0.0.1 /User/Member/logout.html
INFO: [ app_init ] --START--
INFO: Run Behavior\BuildLiteBehavior [ RunTime:0.000000s ]
INFO: [ app_init ] --END-- [ RunTime:0.000000s ]
INFO: [ app_begin ] --START--
INFO: Run Behavior\ReadHtmlCacheBehavior [ RunTime:0.001000s ]
INFO: [ app_begin ] --END-- [ RunTime:0.001000s ]
SQL: SHOW COLUMNS FROM `sys_web_configure` [ RunTime:0.0020s ]
SQL: SELECT * FROM `sys_web_configure` WHERE `type` = 4 LIMIT 1   [ RunTime:0.0010s ]
SQL: SHOW COLUMNS FROM `sys_web_configure` [ RunTime:0.0020s ]
SQL: SELECT * FROM `sys_web_configure` WHERE `type` = 3 LIMIT 1   [ RunTime:0.0020s ]

[ 2017-02-22T09:36:42+08:00 ] 127.0.0.1 /User/Member/index.html
INFO: [ app_init ] --START--
INFO: Run Behavior\BuildLiteBehavior [ RunTime:0.000000s ]
INFO: [ app_init ] --END-- [ RunTime:0.001000s ]
INFO: [ app_begin ] --START--
INFO: Run Behavior\ReadHtmlCacheBehavior [ RunTime:0.001000s ]
INFO: [ app_begin ] --END-- [ RunTime:0.001000s ]
SQL: SHOW COLUMNS FROM `sys_web_configure` [ RunTime:0.0020s ]
SQL: SELECT * FROM `sys_web_configure` WHERE `type` = 4 LIMIT 1   [ RunTime:0.0020s ]
SQL: SHOW COLUMNS FROM `sys_web_configure` [ RunTime:0.0010s ]
SQL: SELECT * FROM `sys_web_configure` WHERE `type` = 3 LIMIT 1   [ RunTime:0.0010s ]

[ 2017-02-22T09:36:42+08:00 ] 127.0.0.1 /User/Index/index.html
INFO: [ app_init ] --START--
INFO: Run Behavior\BuildLiteBehavior [ RunTime:0.000000s ]
INFO: [ app_init ] --END-- [ RunTime:0.000000s ]
INFO: [ app_begin ] --START--
INFO: Run Behavior\ReadHtmlCacheBehavior [ RunTime:0.000000s ]
INFO: [ app_begin ] --END-- [ RunTime:0.000000s ]
INFO: [ view_parse ] --START--
INFO: [ template_filter ] --START--
INFO: Run Behavior\ContentReplaceBehavior [ RunTime:0.000000s ]
INFO: [ template_filter ] --END-- [ RunTime:0.000000s ]
NOTIC: [8] Undefined variable: search D:\WWW\tejinhui\Application\Runtime\Cache\User\5f2d0b49f58ff7c3686d6f83be871e33.php 第 30 行.
INFO: Run Behavior\ParseTemplateBehavior [ RunTime:0.006000s ]
INFO: [ view_parse ] --END-- [ RunTime:0.006000s ]
INFO: [ view_filter ] --START--
INFO: Run Behavior\WriteHtmlCacheBehavior [ RunTime:0.000000s ]
INFO: [ view_filter ] --END-- [ RunTime:0.000000s ]
INFO: [ app_end ] --START--
INFO: Run Behavior\ShowPageTraceBehavior [ RunTime:0.000000s ]
INFO: [ app_end ] --END-- [ RunTime:0.000000s ]

[ 2017-02-22T09:36:44+08:00 ] 127.0.0.1 /User/Index/region.html
INFO: [ app_init ] --START--
INFO: Run Behavior\BuildLiteBehavior [ RunTime:0.000000s ]
INFO: [ app_init ] --END-- [ RunTime:0.000000s ]
INFO: [ app_begin ] --START--
INFO: Run Behavior\ReadHtmlCacheBehavior [ RunTime:0.001000s ]
INFO: [ app_begin ] --END-- [ RunTime:0.001000s ]
INFO: [ view_parse ] --START--
INFO: [ template_filter ] --START--
INFO: Run Behavior\ContentReplaceBehavior [ RunTime:0.000000s ]
INFO: [ template_filter ] --END-- [ RunTime:0.000000s ]
NOTIC: [8] Undefined variable: search D:\WWW\tejinhui\Application\Runtime\Cache\User\4f619b80e11ca80d216f2e7f3290557c.php 第 30 行.
NOTIC: [8] Undefined index: uic D:\WWW\tejinhui\Application\Runtime\Cache\User\4f619b80e11ca80d216f2e7f3290557c.php 第 109 行.
INFO: Run Behavior\ParseTemplateBehavior [ RunTime:0.025000s ]
INFO: [ view_parse ] --END-- [ RunTime:0.025000s ]
INFO: [ view_filter ] --START--
INFO: Run Behavior\WriteHtmlCacheBehavior [ RunTime:0.001000s ]
INFO: [ view_filter ] --END-- [ RunTime:0.001000s ]
INFO: [ app_end ] --START--
INFO: Run Behavior\ShowPageTraceBehavior [ RunTime:0.000000s ]
INFO: [ app_end ] --END-- [ RunTime:0.000000s ]

[ 2017-02-22T09:51:32+08:00 ] 127.0.0.1 /User/Index/index.html
INFO: [ app_init ] --START--
INFO: Run Behavior\BuildLiteBehavior [ RunTime:0.000000s ]
INFO: [ app_init ] --END-- [ RunTime:0.000000s ]
INFO: [ app_begin ] --START--
INFO: Run Behavior\ReadHtmlCacheBehavior [ RunTime:0.000000s ]
INFO: [ app_begin ] --END-- [ RunTime:0.000000s ]
INFO: [ view_parse ] --START--
INFO: [ template_filter ] --START--
INFO: Run Behavior\ContentReplaceBehavior [ RunTime:0.000000s ]
INFO: [ template_filter ] --END-- [ RunTime:0.000000s ]
NOTIC: [8] Undefined variable: search D:\WWW\tejinhui\Application\Runtime\Cache\User\5f2d0b49f58ff7c3686d6f83be871e33.php 第 30 行.
INFO: Run Behavior\ParseTemplateBehavior [ RunTime:0.006000s ]
INFO: [ view_parse ] --END-- [ RunTime:0.006000s ]
INFO: [ view_filter ] --START--
INFO: Run Behavior\WriteHtmlCacheBehavior [ RunTime:0.001000s ]
INFO: [ view_filter ] --END-- [ RunTime:0.001000s ]
INFO: [ app_end ] --START--
INFO: Run Behavior\ShowPageTraceBehavior [ RunTime:0.000000s ]
INFO: [ app_end ] --END-- [ RunTime:0.000000s ]

[ 2017-02-22T09:51:36+08:00 ] 127.0.0.1 /User/Member/index.html
INFO: [ app_init ] --START--
INFO: Run Behavior\BuildLiteBehavior [ RunTime:0.000000s ]
INFO: [ app_init ] --END-- [ RunTime:0.000000s ]
INFO: [ app_begin ] --START--
INFO: Run Behavior\ReadHtmlCacheBehavior [ RunTime:0.000000s ]
INFO: [ app_begin ] --END-- [ RunTime:0.001000s ]
SQL: SHOW COLUMNS FROM `sys_web_configure` [ RunTime:0.0010s ]
SQL: SELECT * FROM `sys_web_configure` WHERE `type` = 4 LIMIT 1   [ RunTime:0.0010s ]
SQL: SHOW COLUMNS FROM `sys_web_configure` [ RunTime:0.0010s ]
SQL: SELECT * FROM `sys_web_configure` WHERE `type` = 3 LIMIT 1   [ RunTime:0.0020s ]

[ 2017-02-22T09:51:36+08:00 ] 127.0.0.1 /User/Index/index.html
INFO: [ app_init ] --START--
INFO: Run Behavior\BuildLiteBehavior [ RunTime:0.000000s ]
INFO: [ app_init ] --END-- [ RunTime:0.000000s ]
INFO: [ app_begin ] --START--
INFO: Run Behavior\ReadHtmlCacheBehavior [ RunTime:0.001000s ]
INFO: [ app_begin ] --END-- [ RunTime:0.001000s ]
INFO: [ view_parse ] --START--
INFO: [ template_filter ] --START--
INFO: Run Behavior\ContentReplaceBehavior [ RunTime:0.000000s ]
INFO: [ template_filter ] --END-- [ RunTime:0.000000s ]
NOTIC: [8] Undefined variable: search D:\WWW\tejinhui\Application\Runtime\Cache\User\5f2d0b49f58ff7c3686d6f83be871e33.php 第 30 行.
INFO: Run Behavior\ParseTemplateBehavior [ RunTime:0.008000s ]
INFO: [ view_parse ] --END-- [ RunTime:0.008000s ]
INFO: [ view_filter ] --START--
INFO: Run Behavior\WriteHtmlCacheBehavior [ RunTime:0.000000s ]
INFO: [ view_filter ] --END-- [ RunTime:0.000000s ]
INFO: [ app_end ] --START--
INFO: Run Behavior\ShowPageTraceBehavior [ RunTime:0.001000s ]
INFO: [ app_end ] --END-- [ RunTime:0.001000s ]

[ 2017-02-22T09:51:39+08:00 ] 127.0.0.1 /User/Index/index.html
INFO: [ app_init ] --START--
INFO: Run Behavior\BuildLiteBehavior [ RunTime:0.000000s ]
INFO: [ app_init ] --END-- [ RunTime:0.000000s ]
INFO: [ app_begin ] --START--
INFO: Run Behavior\ReadHtmlCacheBehavior [ RunTime:0.000000s ]
INFO: [ app_begin ] --END-- [ RunTime:0.000000s ]
INFO: [ view_parse ] --START--
INFO: [ template_filter ] --START--
INFO: Run Behavior\ContentReplaceBehavior [ RunTime:0.000000s ]
INFO: [ template_filter ] --END-- [ RunTime:0.000000s ]
NOTIC: [8] Undefined variable: search D:\WWW\tejinhui\Application\Runtime\Cache\User\5f2d0b49f58ff7c3686d6f83be871e33.php 第 30 行.
INFO: Run Behavior\ParseTemplateBehavior [ RunTime:0.008000s ]
INFO: [ view_parse ] --END-- [ RunTime:0.008000s ]
INFO: [ view_filter ] --START--
INFO: Run Behavior\WriteHtmlCacheBehavior [ RunTime:0.000000s ]
INFO: [ view_filter ] --END-- [ RunTime:0.000000s ]
INFO: [ app_end ] --START--
INFO: Run Behavior\ShowPageTraceBehavior [ RunTime:0.000000s ]
INFO: [ app_end ] --END-- [ RunTime:0.000000s ]

[ 2017-02-22T15:54:30+08:00 ] 127.0.0.1 /User/Index/index.html
INFO: [ app_init ] --START--
INFO: Run Behavior\BuildLiteBehavior [ RunTime:0.000000s ]
INFO: [ app_init ] --END-- [ RunTime:0.000000s ]
INFO: [ app_begin ] --START--
INFO: Run Behavior\ReadHtmlCacheBehavior [ RunTime:0.000000s ]
INFO: [ app_begin ] --END-- [ RunTime:0.000000s ]
INFO: [ view_parse ] --START--
INFO: [ template_filter ] --START--
INFO: Run Behavior\ContentReplaceBehavior [ RunTime:0.000000s ]
INFO: [ template_filter ] --END-- [ RunTime:0.000000s ]
NOTIC: [8] Undefined variable: search D:\WWW\tejinhui\Application\Runtime\Cache\User\5f2d0b49f58ff7c3686d6f83be871e33.php 第 30 行.
INFO: Run Behavior\ParseTemplateBehavior [ RunTime:0.011000s ]
INFO: [ view_parse ] --END-- [ RunTime:0.011000s ]
INFO: [ view_filter ] --START--
INFO: Run Behavior\WriteHtmlCacheBehavior [ RunTime:0.001000s ]
INFO: [ view_filter ] --END-- [ RunTime:0.001000s ]
INFO: [ app_end ] --START--
INFO: Run Behavior\ShowPageTraceBehavior [ RunTime:0.000000s ]
INFO: [ app_end ] --END-- [ RunTime:0.000000s ]

[ 2017-02-22T15:54:33+08:00 ] 127.0.0.1 /User/Member/index.html
INFO: [ app_init ] --START--
INFO: Run Behavior\BuildLiteBehavior [ RunTime:0.000000s ]
INFO: [ app_init ] --END-- [ RunTime:0.000000s ]
INFO: [ app_begin ] --START--
INFO: Run Behavior\ReadHtmlCacheBehavior [ RunTime:0.001000s ]
INFO: [ app_begin ] --END-- [ RunTime:0.001000s ]
SQL: SHOW COLUMNS FROM `sys_web_configure` [ RunTime:0.0020s ]
SQL: SELECT * FROM `sys_web_configure` WHERE `type` = 4 LIMIT 1   [ RunTime:0.0010s ]
SQL: SHOW COLUMNS FROM `sys_web_configure` [ RunTime:0.0020s ]
SQL: SELECT * FROM `sys_web_configure` WHERE `type` = 3 LIMIT 1   [ RunTime:0.0010s ]

[ 2017-02-22T15:54:33+08:00 ] 127.0.0.1 /User/Index/index.html
INFO: [ app_init ] --START--
INFO: Run Behavior\BuildLiteBehavior [ RunTime:0.000000s ]
INFO: [ app_init ] --END-- [ RunTime:0.000000s ]
INFO: [ app_begin ] --START--
INFO: Run Behavior\ReadHtmlCacheBehavior [ RunTime:0.000000s ]
INFO: [ app_begin ] --END-- [ RunTime:0.000000s ]
INFO: [ view_parse ] --START--
INFO: [ template_filter ] --START--
INFO: Run Behavior\ContentReplaceBehavior [ RunTime:0.000000s ]
INFO: [ template_filter ] --END-- [ RunTime:0.000000s ]
NOTIC: [8] Undefined variable: search D:\WWW\tejinhui\Application\Runtime\Cache\User\5f2d0b49f58ff7c3686d6f83be871e33.php 第 30 行.
INFO: Run Behavior\ParseTemplateBehavior [ RunTime:0.006000s ]
INFO: [ view_parse ] --END-- [ RunTime:0.007000s ]
INFO: [ view_filter ] --START--
INFO: Run Behavior\WriteHtmlCacheBehavior [ RunTime:0.000000s ]
INFO: [ view_filter ] --END-- [ RunTime:0.000000s ]
INFO: [ app_end ] --START--
INFO: Run Behavior\ShowPageTraceBehavior [ RunTime:0.000000s ]
INFO: [ app_end ] --END-- [ RunTime:0.000000s ]

[ 2017-02-22T16:43:34+08:00 ] 127.0.0.1 /User/Member/index.html
INFO: [ app_init ] --START--
INFO: Run Behavior\BuildLiteBehavior [ RunTime:0.000000s ]
INFO: [ app_init ] --END-- [ RunTime:0.000000s ]
INFO: [ app_begin ] --START--
INFO: Run Behavior\ReadHtmlCacheBehavior [ RunTime:0.001000s ]
INFO: [ app_begin ] --END-- [ RunTime:0.001000s ]
SQL: SHOW COLUMNS FROM `sys_web_configure` [ RunTime:0.0020s ]
SQL: SELECT * FROM `sys_web_configure` WHERE `type` = 4 LIMIT 1   [ RunTime:0.0020s ]
SQL: SHOW COLUMNS FROM `sys_web_configure` [ RunTime:0.0020s ]
SQL: SELECT * FROM `sys_web_configure` WHERE `type` = 3 LIMIT 1   [ RunTime:0.0020s ]

[ 2017-02-22T16:43:34+08:00 ] 127.0.0.1 /User/Index/index.html
INFO: [ app_init ] --START--
INFO: Run Behavior\BuildLiteBehavior [ RunTime:0.000000s ]
INFO: [ app_init ] --END-- [ RunTime:0.000000s ]
INFO: [ app_begin ] --START--
INFO: Run Behavior\ReadHtmlCacheBehavior [ RunTime:0.000000s ]
INFO: [ app_begin ] --END-- [ RunTime:0.000000s ]
INFO: [ view_parse ] --START--
INFO: [ template_filter ] --START--
INFO: Run Behavior\ContentReplaceBehavior [ RunTime:0.000000s ]
INFO: [ template_filter ] --END-- [ RunTime:0.000000s ]
NOTIC: [8] Undefined variable: search D:\WWW\tejinhui\Application\Runtime\Cache\User\5f2d0b49f58ff7c3686d6f83be871e33.php 第 30 行.
INFO: Run Behavior\ParseTemplateBehavior [ RunTime:0.006000s ]
INFO: [ view_parse ] --END-- [ RunTime:0.006000s ]
INFO: [ view_filter ] --START--
INFO: Run Behavior\WriteHtmlCacheBehavior [ RunTime:0.001000s ]
INFO: [ view_filter ] --END-- [ RunTime:0.001000s ]
INFO: [ app_end ] --START--
INFO: Run Behavior\ShowPageTraceBehavior [ RunTime:0.000000s ]
INFO: [ app_end ] --END-- [ RunTime:0.000000s ]

