[ 2017-03-27T10:05:19+08:00 ] 192.168.10.3 /User/Logic/downFile/type/assets/buyid/127.html
INFO: [ app_init ] --START--
INFO: Run Behavior\BuildLiteBehavior [ RunTime:0.000000s ]
INFO: [ app_init ] --END-- [ RunTime:0.001000s ]
INFO: [ app_begin ] --START--
INFO: Run Behavior\ReadHtmlCacheBehavior [ RunTime:0.000000s ]
INFO: [ app_begin ] --END-- [ RunTime:0.000000s ]
SQL: SHOW COLUMNS FROM `sys_web_configure` [ RunTime:0.0020s ]
SQL: SELECT * FROM `sys_web_configure` WHERE `type` = 4 LIMIT 1   [ RunTime:0.0020s ]
SQL: SHOW COLUMNS FROM `sys_web_configure` [ RunTime:0.0010s ]
SQL: SELECT * FROM `sys_web_configure` WHERE `type` = 3 LIMIT 1   [ RunTime:0.0010s ]

[ 2017-03-27T10:05:19+08:00 ] 192.168.10.3 /User/Index/index.html
INFO: [ app_init ] --START--
INFO: Run Behavior\BuildLiteBehavior [ RunTime:0.000000s ]
INFO: [ app_init ] --END-- [ RunTime:0.001000s ]
INFO: [ app_begin ] --START--
INFO: Run Behavior\ReadHtmlCacheBehavior [ RunTime:0.000000s ]
INFO: [ app_begin ] --END-- [ RunTime:0.000000s ]
INFO: [ view_parse ] --START--
INFO: [ template_filter ] --START--
INFO: Run Behavior\ContentReplaceBehavior [ RunTime:0.000000s ]
INFO: [ template_filter ] --END-- [ RunTime:0.000000s ]
NOTIC: [8] Undefined variable: search D:\WWW\tejinhui\Application\Runtime\Cache\User\5f2d0b49f58ff7c3686d6f83be871e33.php 第 30 行.
INFO: Run Behavior\ParseTemplateBehavior [ RunTime:0.011000s ]
INFO: [ view_parse ] --END-- [ RunTime:0.011000s ]
INFO: [ view_filter ] --START--
INFO: Run Behavior\WriteHtmlCacheBehavior [ RunTime:0.001000s ]
INFO: [ view_filter ] --END-- [ RunTime:0.001000s ]
INFO: [ app_end ] --START--
INFO: Run Behavior\ShowPageTraceBehavior [ RunTime:0.000000s ]
INFO: [ app_end ] --END-- [ RunTime:0.000000s ]

[ 2017-03-27T11:47:01+08:00 ] 127.0.0.1 /User/Logic/downFile/type/assets/buyid/127.html
INFO: [ app_init ] --START--
INFO: Run Behavior\BuildLiteBehavior [ RunTime:0.000000s ]
INFO: [ app_init ] --END-- [ RunTime:0.000000s ]
INFO: [ app_begin ] --START--
INFO: Run Behavior\ReadHtmlCacheBehavior [ RunTime:0.000000s ]
INFO: [ app_begin ] --END-- [ RunTime:0.000000s ]
SQL: SHOW COLUMNS FROM `sys_web_configure` [ RunTime:0.0020s ]
SQL: SELECT * FROM `sys_web_configure` WHERE `type` = 4 LIMIT 1   [ RunTime:0.0010s ]
SQL: SHOW COLUMNS FROM `sys_web_configure` [ RunTime:0.0020s ]
SQL: SELECT * FROM `sys_web_configure` WHERE `type` = 3 LIMIT 1   [ RunTime:0.0010s ]

[ 2017-03-27T11:47:01+08:00 ] 127.0.0.1 /User/Index/index.html
INFO: [ app_init ] --START--
INFO: Run Behavior\BuildLiteBehavior [ RunTime:0.000000s ]
INFO: [ app_init ] --END-- [ RunTime:0.000000s ]
INFO: [ app_begin ] --START--
INFO: Run Behavior\ReadHtmlCacheBehavior [ RunTime:0.000000s ]
INFO: [ app_begin ] --END-- [ RunTime:0.000000s ]
INFO: [ view_parse ] --START--
INFO: [ template_filter ] --START--
INFO: Run Behavior\ContentReplaceBehavior [ RunTime:0.000000s ]
INFO: [ template_filter ] --END-- [ RunTime:0.000000s ]
NOTIC: [8] Undefined variable: search D:\WWW\tejinhui\Application\Runtime\Cache\User\5f2d0b49f58ff7c3686d6f83be871e33.php 第 30 行.
INFO: Run Behavior\ParseTemplateBehavior [ RunTime:0.006000s ]
INFO: [ view_parse ] --END-- [ RunTime:0.006000s ]
INFO: [ view_filter ] --START--
INFO: Run Behavior\WriteHtmlCacheBehavior [ RunTime:0.000000s ]
INFO: [ view_filter ] --END-- [ RunTime:0.000000s ]
INFO: [ app_end ] --START--
INFO: Run Behavior\ShowPageTraceBehavior [ RunTime:0.000000s ]
INFO: [ app_end ] --END-- [ RunTime:0.000000s ]

[ 2017-03-27T11:47:08+08:00 ] 127.0.0.1 /User/Login/dologin.html
INFO: [ app_init ] --START--
INFO: Run Behavior\BuildLiteBehavior [ RunTime:0.000000s ]
INFO: [ app_init ] --END-- [ RunTime:0.000000s ]
INFO: [ app_begin ] --START--
INFO: Run Behavior\ReadHtmlCacheBehavior [ RunTime:0.001000s ]
INFO: [ app_begin ] --END-- [ RunTime:0.001000s ]
SQL: SHOW COLUMNS FROM `tb_member` [ RunTime:0.0030s ]
NOTIC: [8] Undefined index: auto D:\WWW\tejinhui\ThinkPHP\Library\Think\Model.class.php 第 1128 行.
SQL: SELECT * FROM `tb_member` LEFT JOIN tb_memberprofile ON tb_member.MemberId = tb_memberprofile.MemberID  WHERE `MemberName` = 'wwwwwww' LIMIT 1   [ RunTime:0.0020s ]
SQL: UPDATE `tb_member` SET `LastLoginTime`='2017-03-27 11:47:08',`LastLoginIP`='127.0.0.1' WHERE `MemberId` = '3' [ RunTime:0.0310s ]
SQL: UPDATE `tb_member` SET `FailTimes`='0' WHERE `MemberId` = '3' [ RunTime:0.0180s ]

[ 2017-03-27T11:47:17+08:00 ] 127.0.0.1 /User/Logic/deal/type/assets/buyid/127.html?day=
INFO: [ app_init ] --START--
INFO: Run Behavior\BuildLiteBehavior [ RunTime:0.000000s ]
INFO: [ app_init ] --END-- [ RunTime:0.001000s ]
INFO: [ app_begin ] --START--
INFO: Run Behavior\ReadHtmlCacheBehavior [ RunTime:0.000000s ]
INFO: [ app_begin ] --END-- [ RunTime:0.000000s ]
SQL: SHOW COLUMNS FROM `sys_web_configure` [ RunTime:0.0020s ]
SQL: SELECT * FROM `sys_web_configure` WHERE `type` = 4 LIMIT 1   [ RunTime:0.0020s ]
SQL: SHOW COLUMNS FROM `sys_web_configure` [ RunTime:0.0020s ]
SQL: SELECT * FROM `sys_web_configure` WHERE `type` = 3 LIMIT 1   [ RunTime:0.0010s ]
INFO: [ view_parse ] --START--
INFO: [ template_filter ] --START--
INFO: Run Behavior\ContentReplaceBehavior [ RunTime:0.000000s ]
INFO: [ template_filter ] --END-- [ RunTime:0.000000s ]
INFO: Run Behavior\ParseTemplateBehavior [ RunTime:0.022000s ]
INFO: [ view_parse ] --END-- [ RunTime:0.022000s ]
INFO: [ view_filter ] --START--
INFO: Run Behavior\WriteHtmlCacheBehavior [ RunTime:0.000000s ]
INFO: [ view_filter ] --END-- [ RunTime:0.000000s ]

[ 2017-03-27T11:47:25+08:00 ] 127.0.0.1 /User/Member/index.html
INFO: [ app_init ] --START--
INFO: Run Behavior\BuildLiteBehavior [ RunTime:0.000000s ]
INFO: [ app_init ] --END-- [ RunTime:0.001000s ]
INFO: [ app_begin ] --START--
INFO: Run Behavior\ReadHtmlCacheBehavior [ RunTime:0.001000s ]
INFO: [ app_begin ] --END-- [ RunTime:0.001000s ]
SQL: SHOW COLUMNS FROM `sys_web_configure` [ RunTime:0.0020s ]
SQL: SELECT * FROM `sys_web_configure` WHERE `type` = 4 LIMIT 1   [ RunTime:0.0020s ]
SQL: SHOW COLUMNS FROM `sys_web_configure` [ RunTime:0.0020s ]
SQL: SELECT * FROM `sys_web_configure` WHERE `type` = 3 LIMIT 1   [ RunTime:0.0010s ]
INFO: [ view_parse ] --START--
INFO: [ template_filter ] --START--
INFO: Run Behavior\ContentReplaceBehavior [ RunTime:0.000000s ]
INFO: [ template_filter ] --END-- [ RunTime:0.000000s ]
NOTIC: [8] Undefined variable: search D:\WWW\tejinhui\Application\Runtime\Cache\User\feebdcce97289611e131c0837d6fe48e.php 第 30 行.
NOTIC: [8] Undefined index: discuz_auth_key D:\WWW\tejinhui\Application\Common\Common\function.php 第 550 行.
INFO: Run Behavior\ParseTemplateBehavior [ RunTime:0.014000s ]
INFO: [ view_parse ] --END-- [ RunTime:0.014000s ]
INFO: [ view_filter ] --START--
INFO: Run Behavior\WriteHtmlCacheBehavior [ RunTime:0.001000s ]
INFO: [ view_filter ] --END-- [ RunTime:0.001000s ]
INFO: [ app_end ] --START--
INFO: Run Behavior\ShowPageTraceBehavior [ RunTime:0.000000s ]
INFO: [ app_end ] --END-- [ RunTime:0.000000s ]

[ 2017-03-27T11:47:25+08:00 ] 127.0.0.1 /User/Common/memberindex.html
INFO: [ app_init ] --START--
INFO: Run Behavior\BuildLiteBehavior [ RunTime:0.000000s ]
INFO: [ app_init ] --END-- [ RunTime:0.001000s ]
INFO: [ app_begin ] --START--
INFO: Run Behavior\ReadHtmlCacheBehavior [ RunTime:0.001000s ]
INFO: [ app_begin ] --END-- [ RunTime:0.001000s ]
SQL: SHOW COLUMNS FROM `sys_web_configure` [ RunTime:0.0020s ]
SQL: SELECT * FROM `sys_web_configure` WHERE `type` = 4 LIMIT 1   [ RunTime:0.0020s ]
SQL: SHOW COLUMNS FROM `sys_web_configure` [ RunTime:0.0010s ]
SQL: SELECT * FROM `sys_web_configure` WHERE `type` = 3 LIMIT 1   [ RunTime:0.0010s ]
SQL: SHOW COLUMNS FROM `tb_memberaccount` [ RunTime:0.0020s ]
SQL: SELECT * FROM `tb_memberaccount` RIGHT JOIN tb_member ON tb_memberaccount.MemberId=tb_member.MemberId  WHERE tb_memberaccount.MemberId = '3' LIMIT 1   [ RunTime:0.0030s ]
SQL: SHOW COLUMNS FROM `sys_code` [ RunTime:0.0020s ]
SQL: SELECT * FROM `sys_code` WHERE `CodeID` = '4' LIMIT 1   [ RunTime:0.0010s ]
SQL: SHOW COLUMNS FROM `sys_code` [ RunTime:0.0020s ]
SQL: SELECT * FROM `sys_code` WHERE `CodeGroup` = 10109 LIMIT 1   [ RunTime:0.0010s ]
SQL: SHOW COLUMNS FROM `tb_area` [ RunTime:0.0030s ]
SQL: SELECT `name` FROM `tb_area` WHERE `id` = 18 LIMIT 1   [ RunTime:0.0020s ]
SQL: SELECT `name` FROM `tb_area` WHERE `id` = 273 LIMIT 1   [ RunTime:0.0010s ]
INFO: [ view_parse ] --START--
INFO: [ template_filter ] --START--
INFO: Run Behavior\ContentReplaceBehavior [ RunTime:0.000000s ]
INFO: [ template_filter ] --END-- [ RunTime:0.000000s ]
SQL: SHOW COLUMNS FROM `tb_memberblancellog` [ RunTime:0.0020s ]
SQL: SELECT ROUND(sum(OffSetValue),2) as OffSetValue FROM `tb_memberblancellog` WHERE `CreateTime` BETWEEN '2017-03-20 11:47:25' AND '2017-03-27 11:47:25' AND `MemberId` = '3' LIMIT 1   [ RunTime:0.0010s ]
SQL: SELECT * FROM `tb_memberaccount` WHERE `MemberId` = '3' LIMIT 1   [ RunTime:0.0010s ]
INFO: Run Behavior\ParseTemplateBehavior [ RunTime:0.012000s ]
INFO: [ view_parse ] --END-- [ RunTime:0.012000s ]
INFO: [ view_filter ] --START--
INFO: Run Behavior\WriteHtmlCacheBehavior [ RunTime:0.001000s ]
INFO: [ view_filter ] --END-- [ RunTime:0.001000s ]
INFO: [ app_end ] --START--
INFO: Run Behavior\ShowPageTraceBehavior [ RunTime:0.000000s ]
INFO: [ app_end ] --END-- [ RunTime:0.000000s ]

[ 2017-03-27T11:47:28+08:00 ] 127.0.0.1 /User/Member/index.html
INFO: [ app_init ] --START--
INFO: Run Behavior\BuildLiteBehavior [ RunTime:0.000000s ]
INFO: [ app_init ] --END-- [ RunTime:0.000000s ]
INFO: [ app_begin ] --START--
INFO: Run Behavior\ReadHtmlCacheBehavior [ RunTime:0.001000s ]
INFO: [ app_begin ] --END-- [ RunTime:0.001000s ]
SQL: SHOW COLUMNS FROM `sys_web_configure` [ RunTime:0.0020s ]
SQL: SELECT * FROM `sys_web_configure` WHERE `type` = 4 LIMIT 1   [ RunTime:0.0020s ]
SQL: SHOW COLUMNS FROM `sys_web_configure` [ RunTime:0.0010s ]
SQL: SELECT * FROM `sys_web_configure` WHERE `type` = 3 LIMIT 1   [ RunTime:0.0020s ]
INFO: [ view_parse ] --START--
INFO: [ template_filter ] --START--
INFO: Run Behavior\ContentReplaceBehavior [ RunTime:0.000000s ]
INFO: [ template_filter ] --END-- [ RunTime:0.000000s ]
NOTIC: [8] Undefined variable: search D:\WWW\tejinhui\Application\Runtime\Cache\User\feebdcce97289611e131c0837d6fe48e.php 第 30 行.
NOTIC: [8] Undefined index: discuz_auth_key D:\WWW\tejinhui\Application\Common\Common\function.php 第 550 行.
INFO: Run Behavior\ParseTemplateBehavior [ RunTime:0.012000s ]
INFO: [ view_parse ] --END-- [ RunTime:0.012000s ]
INFO: [ view_filter ] --START--
INFO: Run Behavior\WriteHtmlCacheBehavior [ RunTime:0.000000s ]
INFO: [ view_filter ] --END-- [ RunTime:0.000000s ]
INFO: [ app_end ] --START--
INFO: Run Behavior\ShowPageTraceBehavior [ RunTime:0.001000s ]
INFO: [ app_end ] --END-- [ RunTime:0.001000s ]

[ 2017-03-27T11:47:28+08:00 ] 127.0.0.1 /User/Common/memberindex.html
INFO: [ app_init ] --START--
INFO: Run Behavior\BuildLiteBehavior [ RunTime:0.000000s ]
INFO: [ app_init ] --END-- [ RunTime:0.000000s ]
INFO: [ app_begin ] --START--
INFO: Run Behavior\ReadHtmlCacheBehavior [ RunTime:0.000000s ]
INFO: [ app_begin ] --END-- [ RunTime:0.001000s ]
SQL: SHOW COLUMNS FROM `sys_web_configure` [ RunTime:0.0020s ]
SQL: SELECT * FROM `sys_web_configure` WHERE `type` = 4 LIMIT 1   [ RunTime:0.0020s ]
SQL: SHOW COLUMNS FROM `sys_web_configure` [ RunTime:0.0010s ]
SQL: SELECT * FROM `sys_web_configure` WHERE `type` = 3 LIMIT 1   [ RunTime:0.0020s ]
SQL: SHOW COLUMNS FROM `tb_memberaccount` [ RunTime:0.0010s ]
SQL: SELECT * FROM `tb_memberaccount` RIGHT JOIN tb_member ON tb_memberaccount.MemberId=tb_member.MemberId  WHERE tb_memberaccount.MemberId = '3' LIMIT 1   [ RunTime:0.0030s ]
SQL: SHOW COLUMNS FROM `sys_code` [ RunTime:0.0020s ]
SQL: SELECT * FROM `sys_code` WHERE `CodeID` = '4' LIMIT 1   [ RunTime:0.0020s ]
SQL: SHOW COLUMNS FROM `sys_code` [ RunTime:0.0010s ]
SQL: SELECT * FROM `sys_code` WHERE `CodeGroup` = 10109 LIMIT 1   [ RunTime:0.0020s ]
SQL: SHOW COLUMNS FROM `tb_area` [ RunTime:0.0020s ]
SQL: SELECT `name` FROM `tb_area` WHERE `id` = 18 LIMIT 1   [ RunTime:0.0010s ]
SQL: SELECT `name` FROM `tb_area` WHERE `id` = 273 LIMIT 1   [ RunTime:0.0020s ]
INFO: [ view_parse ] --START--
INFO: [ template_filter ] --START--
INFO: Run Behavior\ContentReplaceBehavior [ RunTime:0.000000s ]
INFO: [ template_filter ] --END-- [ RunTime:0.000000s ]
SQL: SHOW COLUMNS FROM `tb_memberblancellog` [ RunTime:0.0020s ]
SQL: SELECT ROUND(sum(OffSetValue),2) as OffSetValue FROM `tb_memberblancellog` WHERE `CreateTime` BETWEEN '2017-03-20 11:47:28' AND '2017-03-27 11:47:28' AND `MemberId` = '3' LIMIT 1   [ RunTime:0.0010s ]
SQL: SELECT * FROM `tb_memberaccount` WHERE `MemberId` = '3' LIMIT 1   [ RunTime:0.0010s ]
INFO: Run Behavior\ParseTemplateBehavior [ RunTime:0.009000s ]
INFO: [ view_parse ] --END-- [ RunTime:0.009000s ]
INFO: [ view_filter ] --START--
INFO: Run Behavior\WriteHtmlCacheBehavior [ RunTime:0.000000s ]
INFO: [ view_filter ] --END-- [ RunTime:0.000000s ]
INFO: [ app_end ] --START--
INFO: Run Behavior\ShowPageTraceBehavior [ RunTime:0.001000s ]
INFO: [ app_end ] --END-- [ RunTime:0.001000s ]

[ 2017-03-27T11:47:31+08:00 ] 127.0.0.1 /User/Member/logout.html
INFO: [ app_init ] --START--
INFO: Run Behavior\BuildLiteBehavior [ RunTime:0.000000s ]
INFO: [ app_init ] --END-- [ RunTime:0.001000s ]
INFO: [ app_begin ] --START--
INFO: Run Behavior\ReadHtmlCacheBehavior [ RunTime:0.000000s ]
INFO: [ app_begin ] --END-- [ RunTime:0.000000s ]
SQL: SHOW COLUMNS FROM `sys_web_configure` [ RunTime:0.0020s ]
SQL: SELECT * FROM `sys_web_configure` WHERE `type` = 4 LIMIT 1   [ RunTime:0.0010s ]
SQL: SHOW COLUMNS FROM `sys_web_configure` [ RunTime:0.0020s ]
SQL: SELECT * FROM `sys_web_configure` WHERE `type` = 3 LIMIT 1   [ RunTime:0.0010s ]

[ 2017-03-27T11:47:39+08:00 ] 127.0.0.1 /User/Member/index.html
INFO: [ app_init ] --START--
INFO: Run Behavior\BuildLiteBehavior [ RunTime:0.000000s ]
INFO: [ app_init ] --END-- [ RunTime:0.001000s ]
INFO: [ app_begin ] --START--
INFO: Run Behavior\ReadHtmlCacheBehavior [ RunTime:0.001000s ]
INFO: [ app_begin ] --END-- [ RunTime:0.001000s ]
SQL: SHOW COLUMNS FROM `sys_web_configure` [ RunTime:0.0020s ]
SQL: SELECT * FROM `sys_web_configure` WHERE `type` = 4 LIMIT 1   [ RunTime:0.0020s ]
SQL: SHOW COLUMNS FROM `sys_web_configure` [ RunTime:0.0030s ]
SQL: SELECT * FROM `sys_web_configure` WHERE `type` = 3 LIMIT 1   [ RunTime:0.0020s ]

[ 2017-03-27T11:47:39+08:00 ] 127.0.0.1 /User/Index/index.html
INFO: [ app_init ] --START--
INFO: Run Behavior\BuildLiteBehavior [ RunTime:0.000000s ]
INFO: [ app_init ] --END-- [ RunTime:0.000000s ]
INFO: [ app_begin ] --START--
INFO: Run Behavior\ReadHtmlCacheBehavior [ RunTime:0.001000s ]
INFO: [ app_begin ] --END-- [ RunTime:0.001000s ]
INFO: [ view_parse ] --START--
INFO: [ template_filter ] --START--
INFO: Run Behavior\ContentReplaceBehavior [ RunTime:0.000000s ]
INFO: [ template_filter ] --END-- [ RunTime:0.000000s ]
NOTIC: [8] Undefined variable: search D:\WWW\tejinhui\Application\Runtime\Cache\User\5f2d0b49f58ff7c3686d6f83be871e33.php 第 30 行.
INFO: Run Behavior\ParseTemplateBehavior [ RunTime:0.008000s ]
INFO: [ view_parse ] --END-- [ RunTime:0.008000s ]
INFO: [ view_filter ] --START--
INFO: Run Behavior\WriteHtmlCacheBehavior [ RunTime:0.001000s ]
INFO: [ view_filter ] --END-- [ RunTime:0.001000s ]
INFO: [ app_end ] --START--
INFO: Run Behavior\ShowPageTraceBehavior [ RunTime:0.000000s ]
INFO: [ app_end ] --END-- [ RunTime:0.000000s ]

[ 2017-03-27T11:47:55+08:00 ] 127.0.0.1 /User/Logic/downFile/type/assets/buyid/127.html
INFO: [ app_init ] --START--
INFO: Run Behavior\BuildLiteBehavior [ RunTime:0.000000s ]
INFO: [ app_init ] --END-- [ RunTime:0.000000s ]
INFO: [ app_begin ] --START--
INFO: Run Behavior\ReadHtmlCacheBehavior [ RunTime:0.001000s ]
INFO: [ app_begin ] --END-- [ RunTime:0.001000s ]
SQL: SHOW COLUMNS FROM `sys_web_configure` [ RunTime:0.0020s ]
SQL: SELECT * FROM `sys_web_configure` WHERE `type` = 4 LIMIT 1   [ RunTime:0.0010s ]
SQL: SHOW COLUMNS FROM `sys_web_configure` [ RunTime:0.0020s ]
SQL: SELECT * FROM `sys_web_configure` WHERE `type` = 3 LIMIT 1   [ RunTime:0.0010s ]

[ 2017-03-27T11:47:55+08:00 ] 127.0.0.1 /User/Index/index.html
INFO: [ app_init ] --START--
INFO: Run Behavior\BuildLiteBehavior [ RunTime:0.000000s ]
INFO: [ app_init ] --END-- [ RunTime:0.000000s ]
INFO: [ app_begin ] --START--
INFO: Run Behavior\ReadHtmlCacheBehavior [ RunTime:0.000000s ]
INFO: [ app_begin ] --END-- [ RunTime:0.000000s ]
INFO: [ view_parse ] --START--
INFO: [ template_filter ] --START--
INFO: Run Behavior\ContentReplaceBehavior [ RunTime:0.000000s ]
INFO: [ template_filter ] --END-- [ RunTime:0.000000s ]
NOTIC: [8] Undefined variable: search D:\WWW\tejinhui\Application\Runtime\Cache\User\5f2d0b49f58ff7c3686d6f83be871e33.php 第 30 行.
INFO: Run Behavior\ParseTemplateBehavior [ RunTime:0.004000s ]
INFO: [ view_parse ] --END-- [ RunTime:0.004000s ]
INFO: [ view_filter ] --START--
INFO: Run Behavior\WriteHtmlCacheBehavior [ RunTime:0.000000s ]
INFO: [ view_filter ] --END-- [ RunTime:0.000000s ]
INFO: [ app_end ] --START--
INFO: Run Behavior\ShowPageTraceBehavior [ RunTime:0.001000s ]
INFO: [ app_end ] --END-- [ RunTime:0.001000s ]

[ 2017-03-27T13:50:37+08:00 ] 127.0.0.1 /User/Logic/buymic/type/assets/buyid/127.html
INFO: [ app_init ] --START--
INFO: Run Behavior\BuildLiteBehavior [ RunTime:0.000000s ]
INFO: [ app_init ] --END-- [ RunTime:0.001000s ]
INFO: [ app_begin ] --START--
INFO: Run Behavior\ReadHtmlCacheBehavior [ RunTime:0.001000s ]
INFO: [ app_begin ] --END-- [ RunTime:0.001000s ]
SQL: SHOW COLUMNS FROM `sys_web_configure` [ RunTime:0.0020s ]
SQL: SELECT * FROM `sys_web_configure` WHERE `type` = 4 LIMIT 1   [ RunTime:0.0020s ]
SQL: SHOW COLUMNS FROM `sys_web_configure` [ RunTime:0.0020s ]
SQL: SELECT * FROM `sys_web_configure` WHERE `type` = 3 LIMIT 1   [ RunTime:0.0020s ]

[ 2017-03-27T13:50:37+08:00 ] 127.0.0.1 /User/Index/index.html
INFO: [ app_init ] --START--
INFO: Run Behavior\BuildLiteBehavior [ RunTime:0.000000s ]
INFO: [ app_init ] --END-- [ RunTime:0.000000s ]
INFO: [ app_begin ] --START--
INFO: Run Behavior\ReadHtmlCacheBehavior [ RunTime:0.000000s ]
INFO: [ app_begin ] --END-- [ RunTime:0.000000s ]
INFO: [ view_parse ] --START--
INFO: [ template_filter ] --START--
INFO: Run Behavior\ContentReplaceBehavior [ RunTime:0.000000s ]
INFO: [ template_filter ] --END-- [ RunTime:0.000000s ]
NOTIC: [8] Undefined variable: search D:\WWW\tejinhui\Application\Runtime\Cache\User\5f2d0b49f58ff7c3686d6f83be871e33.php 第 30 行.
INFO: Run Behavior\ParseTemplateBehavior [ RunTime:0.006000s ]
INFO: [ view_parse ] --END-- [ RunTime:0.006000s ]
INFO: [ view_filter ] --START--
INFO: Run Behavior\WriteHtmlCacheBehavior [ RunTime:0.000000s ]
INFO: [ view_filter ] --END-- [ RunTime:0.000000s ]
INFO: [ app_end ] --START--
INFO: Run Behavior\ShowPageTraceBehavior [ RunTime:0.000000s ]
INFO: [ app_end ] --END-- [ RunTime:0.000000s ]

[ 2017-03-27T13:50:42+08:00 ] 127.0.0.1 /User/Login/dologin.html
INFO: [ app_init ] --START--
INFO: Run Behavior\BuildLiteBehavior [ RunTime:0.000000s ]
INFO: [ app_init ] --END-- [ RunTime:0.001000s ]
INFO: [ app_begin ] --START--
INFO: Run Behavior\ReadHtmlCacheBehavior [ RunTime:0.001000s ]
INFO: [ app_begin ] --END-- [ RunTime:0.001000s ]
SQL: SHOW COLUMNS FROM `tb_member` [ RunTime:0.0020s ]
NOTIC: [8] Undefined index: auto D:\WWW\tejinhui\ThinkPHP\Library\Think\Model.class.php 第 1128 行.
SQL: SELECT * FROM `tb_member` LEFT JOIN tb_memberprofile ON tb_member.MemberId = tb_memberprofile.MemberID  WHERE `MemberName` = 'wwwwwww' LIMIT 1   [ RunTime:0.0020s ]
SQL: UPDATE `tb_member` SET `LastLoginTime`='2017-03-27 13:50:42',`LastLoginIP`='127.0.0.1' WHERE `MemberId` = '3' [ RunTime:0.0270s ]
SQL: UPDATE `tb_member` SET `FailTimes`='0' WHERE `MemberId` = '3' [ RunTime:0.0160s ]

[ 2017-03-27T13:51:35+08:00 ] 127.0.0.1 /User/Logic/buymic/type/assets/buyid/125.html
INFO: [ app_init ] --START--
INFO: Run Behavior\BuildLiteBehavior [ RunTime:0.000000s ]
INFO: [ app_init ] --END-- [ RunTime:0.000000s ]
INFO: [ app_begin ] --START--
INFO: Run Behavior\ReadHtmlCacheBehavior [ RunTime:0.001000s ]
INFO: [ app_begin ] --END-- [ RunTime:0.001000s ]
SQL: SHOW COLUMNS FROM `sys_web_configure` [ RunTime:0.0020s ]
SQL: SELECT * FROM `sys_web_configure` WHERE `type` = 4 LIMIT 1   [ RunTime:0.0010s ]
SQL: SHOW COLUMNS FROM `sys_web_configure` [ RunTime:0.0020s ]
SQL: SELECT * FROM `sys_web_configure` WHERE `type` = 3 LIMIT 1   [ RunTime:0.0010s ]
SQL: SHOW COLUMNS FROM `tb_assetsproject` [ RunTime:0.0020s ]
SQL: SELECT * FROM `tb_assetsproject` WHERE `AssetsID` = '125' LIMIT 1   [ RunTime:0.0010s ]
SQL: SHOW COLUMNS FROM `sys_code` [ RunTime:0.0020s ]
SQL: SELECT * FROM `sys_code` WHERE `CodeGroup` = 10110 LIMIT 1   [ RunTime:0.0010s ]
SQL: SHOW COLUMNS FROM `sys_code` [ RunTime:0.0020s ]
SQL: SELECT * FROM `sys_code` WHERE `CodeGroup` = 10108 LIMIT 1   [ RunTime:0.0010s ]
SQL: SHOW COLUMNS FROM `tb_order` [ RunTime:0.0020s ]
SQL: SELECT * FROM `tb_order` WHERE `OrderStatue` BETWEEN '1' AND '2' AND `Type` = 2 AND `ProductID` = 5 AND `InfoNo` = '20' AND `CreateUser` = 3 LIMIT 1   [ RunTime:0.0020s ]
NOTIC: [8] Undefined index: validate D:\WWW\tejinhui\ThinkPHP\Library\Think\Model.class.php 第 1185 行.
NOTIC: [8] Undefined index: auto D:\WWW\tejinhui\ThinkPHP\Library\Think\Model.class.php 第 1128 行.
SQL: INSERT INTO `tb_order` (`sn`,`ProductID`,`ProductName`,`ProductDesc`,`Type`,`OrgPrice`,`DealPrice`,`OrgInt`,`DealInt`,`InfoNo`,`CreateUser`,`CreateTime`) VALUES ('20170327135135EBXx','5','实物资产购买','长沙市车站南路芒果雅苑3万平米房产转让','2','100','100','1000','1000','20','3','2017-03-27 13:51:35') [ RunTime:0.0190s ]
NOTIC: [8] Undefined index: discuz_auth_key D:\WWW\tejinhui\Application\Common\Common\function.php 第 550 行.
NOTIC: [8] Undefined index: discuz_auth_key D:\WWW\tejinhui\Application\Common\Common\function.php 第 550 行.
NOTIC: [8] Undefined index: discuz_auth_key D:\WWW\tejinhui\Application\Common\Common\function.php 第 550 行.

[ 2017-03-27T13:51:35+08:00 ] 127.0.0.1 /User/Payment/index/codekey/0808Iwmb2A21KKKS7v8yGUn99zgpSAY5btK8flrIAB4/type/0808Iwmb2A21KKKS7vhkFRn0ozwmGgU9aYe_KQCbRF1iu-Q/codetype/3fbcY3i8XpeZcNZ8TUGQNsBZ6iqwPe-MdJmHEVR9.html
INFO: [ app_init ] --START--
INFO: Run Behavior\BuildLiteBehavior [ RunTime:0.000000s ]
INFO: [ app_init ] --END-- [ RunTime:0.000000s ]
INFO: [ app_begin ] --START--
INFO: Run Behavior\ReadHtmlCacheBehavior [ RunTime:0.001000s ]
INFO: [ app_begin ] --END-- [ RunTime:0.001000s ]
SQL: SHOW COLUMNS FROM `sys_web_configure` [ RunTime:0.0020s ]
SQL: SELECT * FROM `sys_web_configure` WHERE `type` = 4 LIMIT 1   [ RunTime:0.0010s ]
SQL: SHOW COLUMNS FROM `sys_web_configure` [ RunTime:0.0020s ]
SQL: SELECT * FROM `sys_web_configure` WHERE `type` = 3 LIMIT 1   [ RunTime:0.0020s ]
NOTIC: [8] Undefined index: discuz_auth_key D:\WWW\tejinhui\Application\Common\Common\function.php 第 550 行.
NOTIC: [8] Undefined index: discuz_auth_key D:\WWW\tejinhui\Application\Common\Common\function.php 第 550 行.
NOTIC: [8] Undefined index: discuz_auth_key D:\WWW\tejinhui\Application\Common\Common\function.php 第 550 行.
SQL: SHOW COLUMNS FROM `tb_order` [ RunTime:0.0020s ]
SQL: SELECT `id`,`sn`,`DealPrice`,tb_assetsproject.SubName as Title FROM `tb_order` INNER JOIN tb_assetsproject ON tb_order.InfoNo=tb_assetsproject.SubID  WHERE `id` = '270' AND `OrderStatue` = 1 LIMIT 1   [ RunTime:0.0010s ]
INFO: [ view_parse ] --START--
INFO: [ template_filter ] --START--
INFO: Run Behavior\ContentReplaceBehavior [ RunTime:0.000000s ]
INFO: [ template_filter ] --END-- [ RunTime:0.000000s ]
NOTIC: [8] Undefined variable: search D:\WWW\tejinhui\Application\Runtime\Cache\User\d1292c540ab9d614a4abd47c65c6f836.php 第 30 行.
NOTIC: [8] Undefined index: discuz_auth_key D:\WWW\tejinhui\Application\Common\Common\function.php 第 550 行.
NOTIC: [8] Use of undefined constant codetype - assumed 'codetype' D:\WWW\tejinhui\Application\Runtime\Cache\User\d1292c540ab9d614a4abd47c65c6f836.php 第 103 行.
NOTIC: [8] Undefined index: discuz_auth_key D:\WWW\tejinhui\Application\Common\Common\function.php 第 550 行.
NOTIC: [8] Undefined index: discuz_auth_key D:\WWW\tejinhui\Application\Common\Common\function.php 第 550 行.
INFO: Run Behavior\ParseTemplateBehavior [ RunTime:0.018000s ]
INFO: [ view_parse ] --END-- [ RunTime:0.018000s ]
INFO: [ view_filter ] --START--
INFO: Run Behavior\WriteHtmlCacheBehavior [ RunTime:0.000000s ]
INFO: [ view_filter ] --END-- [ RunTime:0.000000s ]
INFO: [ app_end ] --START--
INFO: Run Behavior\ShowPageTraceBehavior [ RunTime:0.000000s ]
INFO: [ app_end ] --END-- [ RunTime:0.000000s ]

[ 2017-03-27T13:51:36+08:00 ] 127.0.0.1 /User/payment/weixinpay_qrcode/codekey/0808Iwmb2A21KKKS7v8yGUn99zgpSAY5btK8flrIAB4/type/0808Iwmb2A21KKKS7vhkFRn0ozwmGgU9aYe_KQCbRF1iu-Q/codetype/3fbcY3i8XpeZcNZ8TUGQNsBZ6iqwPe-MdJmHEVR9.html
INFO: [ app_init ] --START--
INFO: Run Behavior\BuildLiteBehavior [ RunTime:0.000000s ]
INFO: [ app_init ] --END-- [ RunTime:0.000000s ]
INFO: [ app_begin ] --START--
INFO: Run Behavior\ReadHtmlCacheBehavior [ RunTime:0.001000s ]
INFO: [ app_begin ] --END-- [ RunTime:0.001000s ]
SQL: SHOW COLUMNS FROM `sys_web_configure` [ RunTime:0.0020s ]
SQL: SELECT * FROM `sys_web_configure` WHERE `type` = 4 LIMIT 1   [ RunTime:0.0020s ]
SQL: SHOW COLUMNS FROM `sys_web_configure` [ RunTime:0.0010s ]
SQL: SELECT * FROM `sys_web_configure` WHERE `type` = 3 LIMIT 1   [ RunTime:0.0020s ]
NOTIC: [8] Undefined index: discuz_auth_key D:\WWW\tejinhui\Application\Common\Common\function.php 第 550 行.
NOTIC: [8] Undefined index: discuz_auth_key D:\WWW\tejinhui\Application\Common\Common\function.php 第 550 行.
NOTIC: [8] Undefined index: discuz_auth_key D:\WWW\tejinhui\Application\Common\Common\function.php 第 550 行.
SQL: SHOW COLUMNS FROM `tb_order` [ RunTime:0.0020s ]
SQL: SELECT `id`,`sn`,`DealPrice`,tb_assetsproject.SubName as Title,tb_order.UpdateTime FROM `tb_order` INNER JOIN tb_assetsproject ON tb_order.InfoNo=tb_assetsproject.SubID  WHERE `id` = '270' AND `OrderStatue` = 1 LIMIT 1   [ RunTime:0.0010s ]
NOTIC: [8] Undefined index: CreateTime D:\WWW\tejinhui\Application\User\Controller\PaymentController.class.php 第 147 行.
NOTIC: [8] Undefined index: validate D:\WWW\tejinhui\ThinkPHP\Library\Think\Model.class.php 第 1185 行.
NOTIC: [8] Undefined index: auto D:\WWW\tejinhui\ThinkPHP\Library\Think\Model.class.php 第 1128 行.
SQL: UPDATE `tb_order` SET `sn`='20170327135135IQlU',`UpdateTime`='2017-03-27 13:51:35' WHERE `id` = '270' [ RunTime:0.0150s ]
NOTIC: [2] Missing argument 1 for Weixinpay::__construct(), called in D:\WWW\tejinhui\Application\Common\Common\function.php on line 503 and defined D:\WWW\tejinhui\ThinkPHP\Library\Vendor\Weixinpay\Weixinpay.php 第 14 行.
INFO: [ app_end ] --START--
INFO: Run Behavior\ShowPageTraceBehavior [ RunTime:0.001000s ]
INFO: [ app_end ] --END-- [ RunTime:0.001000s ]

[ 2017-03-27T13:51:41+08:00 ] 127.0.0.1 /index.php/User/Apipay/getAllMsgTradeCode
INFO: [ app_init ] --START--
INFO: Run Behavior\BuildLiteBehavior [ RunTime:0.000000s ]
INFO: [ app_init ] --END-- [ RunTime:0.000000s ]
INFO: [ app_begin ] --START--
INFO: Run Behavior\ReadHtmlCacheBehavior [ RunTime:0.001000s ]
INFO: [ app_begin ] --END-- [ RunTime:0.001000s ]
SQL: SHOW COLUMNS FROM `tb_order` [ RunTime:0.0020s ]
NOTIC: [8] Undefined index: discuz_auth_key D:\WWW\tejinhui\Application\Common\Common\function.php 第 550 行.
SQL: SELECT * FROM `tb_order` WHERE `id` = '270' AND `OrderStatue` = 2 LIMIT 1   [ RunTime:0.0010s ]
NOTIC: [8] Undefined index: discuz_auth_key D:\WWW\tejinhui\Application\Common\Common\function.php 第 550 行.
SQL: SELECT * FROM `tb_order` WHERE `id` = '270' AND `OrderStatue` = 2 LIMIT 1   [ RunTime:0.0020s ]
NOTIC: [8] Undefined index: discuz_auth_key D:\WWW\tejinhui\Application\Common\Common\function.php 第 550 行.
SQL: SELECT * FROM `tb_order` WHERE `id` = '270' AND `OrderStatue` = 2 LIMIT 1   [ RunTime:0.0010s ]
NOTIC: [8] Undefined index: discuz_auth_key D:\WWW\tejinhui\Application\Common\Common\function.php 第 550 行.
SQL: SELECT * FROM `tb_order` WHERE `id` = '270' AND `OrderStatue` = 2 LIMIT 1   [ RunTime:0.0010s ]

[ 2017-03-27T13:51:43+08:00 ] 127.0.0.1 /User/Logic/buymic/type/assets/buyid/125.html
INFO: [ app_init ] --START--
INFO: Run Behavior\BuildLiteBehavior [ RunTime:0.000000s ]
INFO: [ app_init ] --END-- [ RunTime:0.000000s ]
INFO: [ app_begin ] --START--
INFO: Run Behavior\ReadHtmlCacheBehavior [ RunTime:0.000000s ]
INFO: [ app_begin ] --END-- [ RunTime:0.000000s ]
SQL: SHOW COLUMNS FROM `sys_web_configure` [ RunTime:0.0020s ]
SQL: SELECT * FROM `sys_web_configure` WHERE `type` = 4 LIMIT 1   [ RunTime:0.0020s ]
SQL: SHOW COLUMNS FROM `sys_web_configure` [ RunTime:0.0020s ]
SQL: SELECT * FROM `sys_web_configure` WHERE `type` = 3 LIMIT 1   [ RunTime:0.0010s ]
SQL: SHOW COLUMNS FROM `tb_assetsproject` [ RunTime:0.0020s ]
SQL: SELECT * FROM `tb_assetsproject` WHERE `AssetsID` = '125' LIMIT 1   [ RunTime:0.0010s ]
SQL: SHOW COLUMNS FROM `sys_code` [ RunTime:0.0020s ]
SQL: SELECT * FROM `sys_code` WHERE `CodeGroup` = 10110 LIMIT 1   [ RunTime:0.0010s ]
SQL: SHOW COLUMNS FROM `sys_code` [ RunTime:0.0020s ]
SQL: SELECT * FROM `sys_code` WHERE `CodeGroup` = 10108 LIMIT 1   [ RunTime:0.0020s ]
SQL: SHOW COLUMNS FROM `tb_order` [ RunTime:0.0020s ]
SQL: SELECT * FROM `tb_order` WHERE `OrderStatue` BETWEEN '1' AND '2' AND `Type` = 2 AND `ProductID` = 5 AND `InfoNo` = '20' AND `CreateUser` = 3 LIMIT 1   [ RunTime:0.0020s ]
NOTIC: [8] Undefined index: validate D:\WWW\tejinhui\ThinkPHP\Library\Think\Model.class.php 第 1185 行.
NOTIC: [8] Undefined index: auto D:\WWW\tejinhui\ThinkPHP\Library\Think\Model.class.php 第 1128 行.
SQL: UPDATE `tb_order` SET `sn`='201703271351434oPa',`ProductID`='5',`ProductName`='实物资产购买',`ProductDesc`='长沙市车站南路芒果雅苑3万平米房产转让',`Type`='2',`OrgPrice`='100',`DealPrice`='100',`OrgInt`='1000',`DealInt`='1000',`InfoNo`='20',`CreateUser`='3',`CreateTime`='2017-03-27 13:51:43' WHERE `OrderStatue` BETWEEN '1' AND '2' AND `Type` = 2 AND `ProductID` = 5 AND `InfoNo` = '20' AND `CreateUser` = 3 [ RunTime:0.0370s ]
NOTIC: [8] Undefined index: discuz_auth_key D:\WWW\tejinhui\Application\Common\Common\function.php 第 550 行.
NOTIC: [8] Undefined index: discuz_auth_key D:\WWW\tejinhui\Application\Common\Common\function.php 第 550 行.
NOTIC: [8] Undefined index: discuz_auth_key D:\WWW\tejinhui\Application\Common\Common\function.php 第 550 行.

[ 2017-03-27T13:51:43+08:00 ] 127.0.0.1 /User/Payment/index/codekey/e67dZbs36YKjHOixJJK3_2f6KiXcMUBTm9Ozmvm4QUI/type/cde88XhJkHbecT4prjzCaJGm7V7wyIDwZ0-Ft0YJszTBgPo/codetype/cde88XhJkHbecT4prmvDPpH15Q2rm9P3NkyC7xxa.html
INFO: [ app_init ] --START--
INFO: Run Behavior\BuildLiteBehavior [ RunTime:0.000000s ]
INFO: [ app_init ] --END-- [ RunTime:0.001000s ]
INFO: [ app_begin ] --START--
INFO: Run Behavior\ReadHtmlCacheBehavior [ RunTime:0.001000s ]
INFO: [ app_begin ] --END-- [ RunTime:0.001000s ]
SQL: SHOW COLUMNS FROM `sys_web_configure` [ RunTime:0.0020s ]
SQL: SELECT * FROM `sys_web_configure` WHERE `type` = 4 LIMIT 1   [ RunTime:0.0010s ]
SQL: SHOW COLUMNS FROM `sys_web_configure` [ RunTime:0.0020s ]
SQL: SELECT * FROM `sys_web_configure` WHERE `type` = 3 LIMIT 1   [ RunTime:0.0010s ]
NOTIC: [8] Undefined index: discuz_auth_key D:\WWW\tejinhui\Application\Common\Common\function.php 第 550 行.
NOTIC: [8] Undefined index: discuz_auth_key D:\WWW\tejinhui\Application\Common\Common\function.php 第 550 行.
NOTIC: [8] Undefined index: discuz_auth_key D:\WWW\tejinhui\Application\Common\Common\function.php 第 550 行.
SQL: SHOW COLUMNS FROM `tb_order` [ RunTime:0.0020s ]
SQL: SELECT `id`,`sn`,`DealPrice`,tb_assetsproject.SubName as Title FROM `tb_order` INNER JOIN tb_assetsproject ON tb_order.InfoNo=tb_assetsproject.SubID  WHERE `id` = '270' AND `OrderStatue` = 1 LIMIT 1   [ RunTime:0.0020s ]
INFO: [ view_parse ] --START--
INFO: [ template_filter ] --START--
INFO: Run Behavior\ContentReplaceBehavior [ RunTime:0.000000s ]
INFO: [ template_filter ] --END-- [ RunTime:0.000000s ]
NOTIC: [8] Undefined variable: search D:\WWW\tejinhui\Application\Runtime\Cache\User\d1292c540ab9d614a4abd47c65c6f836.php 第 30 行.
NOTIC: [8] Undefined index: discuz_auth_key D:\WWW\tejinhui\Application\Common\Common\function.php 第 550 行.
NOTIC: [8] Use of undefined constant codetype - assumed 'codetype' D:\WWW\tejinhui\Application\Runtime\Cache\User\d1292c540ab9d614a4abd47c65c6f836.php 第 103 行.
NOTIC: [8] Undefined index: discuz_auth_key D:\WWW\tejinhui\Application\Common\Common\function.php 第 550 行.
NOTIC: [8] Undefined index: discuz_auth_key D:\WWW\tejinhui\Application\Common\Common\function.php 第 550 行.
INFO: Run Behavior\ParseTemplateBehavior [ RunTime:0.006000s ]
INFO: [ view_parse ] --END-- [ RunTime:0.006000s ]
INFO: [ view_filter ] --START--
INFO: Run Behavior\WriteHtmlCacheBehavior [ RunTime:0.001000s ]
INFO: [ view_filter ] --END-- [ RunTime:0.001000s ]
INFO: [ app_end ] --START--
INFO: Run Behavior\ShowPageTraceBehavior [ RunTime:0.000000s ]
INFO: [ app_end ] --END-- [ RunTime:0.000000s ]

[ 2017-03-27T13:51:43+08:00 ] 127.0.0.1 /User/payment/weixinpay_qrcode/codekey/e67dZbs36YKjHOixJJK3_2f6KiXcMUBTm9Ozmvm4QUI/type/cde88XhJkHbecT4prjzCaJGm7V7wyIDwZ0-Ft0YJszTBgPo/codetype/cde88XhJkHbecT4prmvDPpH15Q2rm9P3NkyC7xxa.html
INFO: [ app_init ] --START--
INFO: Run Behavior\BuildLiteBehavior [ RunTime:0.000000s ]
INFO: [ app_init ] --END-- [ RunTime:0.000000s ]
INFO: [ app_begin ] --START--
INFO: Run Behavior\ReadHtmlCacheBehavior [ RunTime:0.001000s ]
INFO: [ app_begin ] --END-- [ RunTime:0.001000s ]
SQL: SHOW COLUMNS FROM `sys_web_configure` [ RunTime:0.0020s ]
SQL: SELECT * FROM `sys_web_configure` WHERE `type` = 4 LIMIT 1   [ RunTime:0.0020s ]
SQL: SHOW COLUMNS FROM `sys_web_configure` [ RunTime:0.0020s ]
SQL: SELECT * FROM `sys_web_configure` WHERE `type` = 3 LIMIT 1   [ RunTime:0.0010s ]
NOTIC: [8] Undefined index: discuz_auth_key D:\WWW\tejinhui\Application\Common\Common\function.php 第 550 行.
NOTIC: [8] Undefined index: discuz_auth_key D:\WWW\tejinhui\Application\Common\Common\function.php 第 550 行.
NOTIC: [8] Undefined index: discuz_auth_key D:\WWW\tejinhui\Application\Common\Common\function.php 第 550 行.
SQL: SHOW COLUMNS FROM `tb_order` [ RunTime:0.0020s ]
SQL: SELECT `id`,`sn`,`DealPrice`,tb_assetsproject.SubName as Title,tb_order.UpdateTime FROM `tb_order` INNER JOIN tb_assetsproject ON tb_order.InfoNo=tb_assetsproject.SubID  WHERE `id` = '270' AND `OrderStatue` = 1 LIMIT 1   [ RunTime:0.0020s ]
NOTIC: [2] Missing argument 1 for Weixinpay::__construct(), called in D:\WWW\tejinhui\Application\Common\Common\function.php on line 503 and defined D:\WWW\tejinhui\ThinkPHP\Library\Vendor\Weixinpay\Weixinpay.php 第 14 行.
INFO: [ app_end ] --START--
INFO: Run Behavior\ShowPageTraceBehavior [ RunTime:0.001000s ]
INFO: [ app_end ] --END-- [ RunTime:0.001000s ]

[ 2017-03-27T13:51:47+08:00 ] 127.0.0.1 /index.php/User/Apipay/getAllMsgTradeCode
INFO: [ app_init ] --START--
INFO: Run Behavior\BuildLiteBehavior [ RunTime:0.000000s ]
INFO: [ app_init ] --END-- [ RunTime:0.001000s ]
INFO: [ app_begin ] --START--
INFO: Run Behavior\ReadHtmlCacheBehavior [ RunTime:0.001000s ]
INFO: [ app_begin ] --END-- [ RunTime:0.001000s ]
SQL: SHOW COLUMNS FROM `tb_order` [ RunTime:0.0020s ]
NOTIC: [8] Undefined index: discuz_auth_key D:\WWW\tejinhui\Application\Common\Common\function.php 第 550 行.
SQL: SELECT * FROM `tb_order` WHERE `id` = '270' AND `OrderStatue` = 2 LIMIT 1   [ RunTime:0.0020s ]
NOTIC: [8] Undefined index: discuz_auth_key D:\WWW\tejinhui\Application\Common\Common\function.php 第 550 行.
SQL: SELECT * FROM `tb_order` WHERE `id` = '270' AND `OrderStatue` = 2 LIMIT 1   [ RunTime:0.0020s ]
NOTIC: [8] Undefined index: discuz_auth_key D:\WWW\tejinhui\Application\Common\Common\function.php 第 550 行.
SQL: SELECT * FROM `tb_order` WHERE `id` = '270' AND `OrderStatue` = 2 LIMIT 1   [ RunTime:0.0010s ]
NOTIC: [8] Undefined index: discuz_auth_key D:\WWW\tejinhui\Application\Common\Common\function.php 第 550 行.
SQL: SELECT * FROM `tb_order` WHERE `id` = '270' AND `OrderStatue` = 2 LIMIT 1   [ RunTime:0.0020s ]

[ 2017-03-27T13:54:58+08:00 ] 127.0.0.1 /User/Member/index.html
INFO: [ app_init ] --START--
INFO: Run Behavior\BuildLiteBehavior [ RunTime:0.000000s ]
INFO: [ app_init ] --END-- [ RunTime:0.001000s ]
INFO: [ app_begin ] --START--
INFO: Run Behavior\ReadHtmlCacheBehavior [ RunTime:0.001000s ]
INFO: [ app_begin ] --END-- [ RunTime:0.001000s ]
SQL: SHOW COLUMNS FROM `sys_web_configure` [ RunTime:0.0020s ]
SQL: SELECT * FROM `sys_web_configure` WHERE `type` = 4 LIMIT 1   [ RunTime:0.0020s ]
SQL: SHOW COLUMNS FROM `sys_web_configure` [ RunTime:0.0020s ]
SQL: SELECT * FROM `sys_web_configure` WHERE `type` = 3 LIMIT 1   [ RunTime:0.0010s ]
INFO: [ view_parse ] --START--
INFO: [ template_filter ] --START--
INFO: Run Behavior\ContentReplaceBehavior [ RunTime:0.000000s ]
INFO: [ template_filter ] --END-- [ RunTime:0.000000s ]
NOTIC: [8] Undefined variable: search D:\WWW\tejinhui\Application\Runtime\Cache\User\feebdcce97289611e131c0837d6fe48e.php 第 30 行.
NOTIC: [8] Undefined index: discuz_auth_key D:\WWW\tejinhui\Application\Common\Common\function.php 第 550 行.
INFO: Run Behavior\ParseTemplateBehavior [ RunTime:0.013000s ]
INFO: [ view_parse ] --END-- [ RunTime:0.013000s ]
INFO: [ view_filter ] --START--
INFO: Run Behavior\WriteHtmlCacheBehavior [ RunTime:0.000000s ]
INFO: [ view_filter ] --END-- [ RunTime:0.000000s ]
INFO: [ app_end ] --START--
INFO: Run Behavior\ShowPageTraceBehavior [ RunTime:0.001000s ]
INFO: [ app_end ] --END-- [ RunTime:0.001000s ]

[ 2017-03-27T13:54:58+08:00 ] 127.0.0.1 /User/Common/memberindex.html
INFO: [ app_init ] --START--
INFO: Run Behavior\BuildLiteBehavior [ RunTime:0.000000s ]
INFO: [ app_init ] --END-- [ RunTime:0.001000s ]
INFO: [ app_begin ] --START--
INFO: Run Behavior\ReadHtmlCacheBehavior [ RunTime:0.001000s ]
INFO: [ app_begin ] --END-- [ RunTime:0.001000s ]
SQL: SHOW COLUMNS FROM `sys_web_configure` [ RunTime:0.0020s ]
SQL: SELECT * FROM `sys_web_configure` WHERE `type` = 4 LIMIT 1   [ RunTime:0.0010s ]
SQL: SHOW COLUMNS FROM `sys_web_configure` [ RunTime:0.0030s ]
SQL: SELECT * FROM `sys_web_configure` WHERE `type` = 3 LIMIT 1   [ RunTime:0.0010s ]
SQL: SHOW COLUMNS FROM `tb_memberaccount` [ RunTime:0.0030s ]
SQL: SELECT * FROM `tb_memberaccount` RIGHT JOIN tb_member ON tb_memberaccount.MemberId=tb_member.MemberId  WHERE tb_memberaccount.MemberId = '3' LIMIT 1   [ RunTime:0.0020s ]
SQL: SHOW COLUMNS FROM `sys_code` [ RunTime:0.0020s ]
SQL: SELECT * FROM `sys_code` WHERE `CodeID` = '4' LIMIT 1   [ RunTime:0.0010s ]
SQL: SHOW COLUMNS FROM `sys_code` [ RunTime:0.0020s ]
SQL: SELECT * FROM `sys_code` WHERE `CodeGroup` = 10109 LIMIT 1   [ RunTime:0.0020s ]
SQL: SHOW COLUMNS FROM `tb_area` [ RunTime:0.0020s ]
SQL: SELECT `name` FROM `tb_area` WHERE `id` = 18 LIMIT 1   [ RunTime:0.0010s ]
SQL: SELECT `name` FROM `tb_area` WHERE `id` = 273 LIMIT 1   [ RunTime:0.0020s ]
INFO: [ view_parse ] --START--
INFO: [ template_filter ] --START--
INFO: Run Behavior\ContentReplaceBehavior [ RunTime:0.000000s ]
INFO: [ template_filter ] --END-- [ RunTime:0.000000s ]
SQL: SHOW COLUMNS FROM `tb_memberblancellog` [ RunTime:0.0020s ]
SQL: SELECT ROUND(sum(OffSetValue),2) as OffSetValue FROM `tb_memberblancellog` WHERE `CreateTime` BETWEEN '2017-03-20 13:54:58' AND '2017-03-27 13:54:58' AND `MemberId` = '3' LIMIT 1   [ RunTime:0.0010s ]
SQL: SELECT * FROM `tb_memberaccount` WHERE `MemberId` = '3' LIMIT 1   [ RunTime:0.0020s ]
INFO: Run Behavior\ParseTemplateBehavior [ RunTime:0.010000s ]
INFO: [ view_parse ] --END-- [ RunTime:0.010000s ]
INFO: [ view_filter ] --START--
INFO: Run Behavior\WriteHtmlCacheBehavior [ RunTime:0.001000s ]
INFO: [ view_filter ] --END-- [ RunTime:0.001000s ]
INFO: [ app_end ] --START--
INFO: Run Behavior\ShowPageTraceBehavior [ RunTime:0.000000s ]
INFO: [ app_end ] --END-- [ RunTime:0.000000s ]

[ 2017-03-27T13:58:25+08:00 ] 127.0.0.1 /User/Member/index.html
INFO: [ app_init ] --START--
INFO: Run Behavior\BuildLiteBehavior [ RunTime:0.000000s ]
INFO: [ app_init ] --END-- [ RunTime:0.000000s ]
INFO: [ app_begin ] --START--
INFO: Run Behavior\ReadHtmlCacheBehavior [ RunTime:0.000000s ]
INFO: [ app_begin ] --END-- [ RunTime:0.000000s ]
SQL: SHOW COLUMNS FROM `sys_web_configure` [ RunTime:0.0020s ]
SQL: SELECT * FROM `sys_web_configure` WHERE `type` = 4 LIMIT 1   [ RunTime:0.0010s ]
SQL: SHOW COLUMNS FROM `sys_web_configure` [ RunTime:0.0020s ]
SQL: SELECT * FROM `sys_web_configure` WHERE `type` = 3 LIMIT 1   [ RunTime:0.0020s ]
INFO: [ view_parse ] --START--
INFO: [ template_filter ] --START--
INFO: Run Behavior\ContentReplaceBehavior [ RunTime:0.000000s ]
INFO: [ template_filter ] --END-- [ RunTime:0.000000s ]
NOTIC: [8] Undefined variable: search D:\WWW\tejinhui\Application\Runtime\Cache\User\feebdcce97289611e131c0837d6fe48e.php 第 30 行.
NOTIC: [8] Undefined index: discuz_auth_key D:\WWW\tejinhui\Application\Common\Common\function.php 第 550 行.
INFO: Run Behavior\ParseTemplateBehavior [ RunTime:0.009000s ]
INFO: [ view_parse ] --END-- [ RunTime:0.010000s ]
INFO: [ view_filter ] --START--
INFO: Run Behavior\WriteHtmlCacheBehavior [ RunTime:0.000000s ]
INFO: [ view_filter ] --END-- [ RunTime:0.000000s ]
INFO: [ app_end ] --START--
INFO: Run Behavior\ShowPageTraceBehavior [ RunTime:0.000000s ]
INFO: [ app_end ] --END-- [ RunTime:0.000000s ]

[ 2017-03-27T13:58:25+08:00 ] 127.0.0.1 /User/Common/memberindex.html
INFO: [ app_init ] --START--
INFO: Run Behavior\BuildLiteBehavior [ RunTime:0.000000s ]
INFO: [ app_init ] --END-- [ RunTime:0.000000s ]
INFO: [ app_begin ] --START--
INFO: Run Behavior\ReadHtmlCacheBehavior [ RunTime:0.000000s ]
INFO: [ app_begin ] --END-- [ RunTime:0.000000s ]
SQL: SHOW COLUMNS FROM `sys_web_configure` [ RunTime:0.0020s ]
SQL: SELECT * FROM `sys_web_configure` WHERE `type` = 4 LIMIT 1   [ RunTime:0.0020s ]
SQL: SHOW COLUMNS FROM `sys_web_configure` [ RunTime:0.0010s ]
SQL: SELECT * FROM `sys_web_configure` WHERE `type` = 3 LIMIT 1   [ RunTime:0.0010s ]
SQL: SHOW COLUMNS FROM `tb_memberaccount` [ RunTime:0.0020s ]
SQL: SELECT * FROM `tb_memberaccount` RIGHT JOIN tb_member ON tb_memberaccount.MemberId=tb_member.MemberId  WHERE tb_memberaccount.MemberId = '3' LIMIT 1   [ RunTime:0.0020s ]
SQL: SHOW COLUMNS FROM `sys_code` [ RunTime:0.0020s ]
SQL: SELECT * FROM `sys_code` WHERE `CodeID` = '4' LIMIT 1   [ RunTime:0.0010s ]
SQL: SHOW COLUMNS FROM `sys_code` [ RunTime:0.0020s ]
SQL: SELECT * FROM `sys_code` WHERE `CodeGroup` = 10109 LIMIT 1   [ RunTime:0.0020s ]
SQL: SHOW COLUMNS FROM `tb_area` [ RunTime:0.0020s ]
SQL: SELECT `name` FROM `tb_area` WHERE `id` = 18 LIMIT 1   [ RunTime:0.0010s ]
SQL: SELECT `name` FROM `tb_area` WHERE `id` = 273 LIMIT 1   [ RunTime:0.0020s ]
INFO: [ view_parse ] --START--
INFO: [ template_filter ] --START--
INFO: Run Behavior\ContentReplaceBehavior [ RunTime:0.000000s ]
INFO: [ template_filter ] --END-- [ RunTime:0.000000s ]
SQL: SHOW COLUMNS FROM `tb_memberblancellog` [ RunTime:0.0020s ]
SQL: SELECT ROUND(sum(OffSetValue),2) as OffSetValue FROM `tb_memberblancellog` WHERE `CreateTime` BETWEEN '2017-03-20 13:58:25' AND '2017-03-27 13:58:25' AND `MemberId` = '3' LIMIT 1   [ RunTime:0.0010s ]
SQL: SELECT * FROM `tb_memberaccount` WHERE `MemberId` = '3' LIMIT 1   [ RunTime:0.0020s ]
INFO: Run Behavior\ParseTemplateBehavior [ RunTime:0.010000s ]
INFO: [ view_parse ] --END-- [ RunTime:0.010000s ]
INFO: [ view_filter ] --START--
INFO: Run Behavior\WriteHtmlCacheBehavior [ RunTime:0.000000s ]
INFO: [ view_filter ] --END-- [ RunTime:0.000000s ]
INFO: [ app_end ] --START--
INFO: Run Behavior\ShowPageTraceBehavior [ RunTime:0.000000s ]
INFO: [ app_end ] --END-- [ RunTime:0.000000s ]

[ 2017-03-27T14:26:41+08:00 ] 127.0.0.1 /User/Member/index.html
INFO: [ app_init ] --START--
INFO: Run Behavior\BuildLiteBehavior [ RunTime:0.000000s ]
INFO: [ app_init ] --END-- [ RunTime:0.001000s ]
INFO: [ app_begin ] --START--
INFO: Run Behavior\ReadHtmlCacheBehavior [ RunTime:0.000000s ]
INFO: [ app_begin ] --END-- [ RunTime:0.000000s ]
SQL: SHOW COLUMNS FROM `sys_web_configure` [ RunTime:0.0010s ]
SQL: SELECT * FROM `sys_web_configure` WHERE `type` = 4 LIMIT 1   [ RunTime:0.0010s ]
SQL: SHOW COLUMNS FROM `sys_web_configure` [ RunTime:0.0020s ]
SQL: SELECT * FROM `sys_web_configure` WHERE `type` = 3 LIMIT 1   [ RunTime:0.0010s ]
INFO: [ view_parse ] --START--
INFO: [ template_filter ] --START--
INFO: Run Behavior\ContentReplaceBehavior [ RunTime:0.001000s ]
INFO: [ template_filter ] --END-- [ RunTime:0.001000s ]
NOTIC: [8] Undefined variable: search D:\WWW\tejinhui\Application\Runtime\Cache\User\feebdcce97289611e131c0837d6fe48e.php 第 30 行.
NOTIC: [8] Undefined index: discuz_auth_key D:\WWW\tejinhui\Application\Common\Common\function.php 第 550 行.
INFO: Run Behavior\ParseTemplateBehavior [ RunTime:0.009000s ]
INFO: [ view_parse ] --END-- [ RunTime:0.009000s ]
INFO: [ view_filter ] --START--
INFO: Run Behavior\WriteHtmlCacheBehavior [ RunTime:0.001000s ]
INFO: [ view_filter ] --END-- [ RunTime:0.001000s ]
INFO: [ app_end ] --START--
INFO: Run Behavior\ShowPageTraceBehavior [ RunTime:0.000000s ]
INFO: [ app_end ] --END-- [ RunTime:0.000000s ]

[ 2017-03-27T14:26:41+08:00 ] 127.0.0.1 /User/Common/memberindex.html
INFO: [ app_init ] --START--
INFO: Run Behavior\BuildLiteBehavior [ RunTime:0.000000s ]
INFO: [ app_init ] --END-- [ RunTime:0.000000s ]
INFO: [ app_begin ] --START--
INFO: Run Behavior\ReadHtmlCacheBehavior [ RunTime:0.000000s ]
INFO: [ app_begin ] --END-- [ RunTime:0.000000s ]
SQL: SHOW COLUMNS FROM `sys_web_configure` [ RunTime:0.0010s ]
SQL: SELECT * FROM `sys_web_configure` WHERE `type` = 4 LIMIT 1   [ RunTime:0.0020s ]
SQL: SHOW COLUMNS FROM `sys_web_configure` [ RunTime:0.0010s ]
SQL: SELECT * FROM `sys_web_configure` WHERE `type` = 3 LIMIT 1   [ RunTime:0.0020s ]
SQL: SHOW COLUMNS FROM `tb_memberaccount` [ RunTime:0.0010s ]
SQL: SELECT * FROM `tb_memberaccount` RIGHT JOIN tb_member ON tb_memberaccount.MemberId=tb_member.MemberId  WHERE tb_memberaccount.MemberId = '3' LIMIT 1   [ RunTime:0.0030s ]
SQL: SHOW COLUMNS FROM `sys_code` [ RunTime:0.0010s ]
SQL: SELECT * FROM `sys_code` WHERE `CodeID` = '4' LIMIT 1   [ RunTime:0.0020s ]
SQL: SHOW COLUMNS FROM `sys_code` [ RunTime:0.0010s ]
SQL: SELECT * FROM `sys_code` WHERE `CodeGroup` = 10109 LIMIT 1   [ RunTime:0.0020s ]
SQL: SHOW COLUMNS FROM `tb_area` [ RunTime:0.0020s ]
SQL: SELECT `name` FROM `tb_area` WHERE `id` = 18 LIMIT 1   [ RunTime:0.0010s ]
SQL: SELECT `name` FROM `tb_area` WHERE `id` = 273 LIMIT 1   [ RunTime:0.0010s ]
INFO: [ view_parse ] --START--
INFO: [ template_filter ] --START--
INFO: Run Behavior\ContentReplaceBehavior [ RunTime:0.000000s ]
INFO: [ template_filter ] --END-- [ RunTime:0.000000s ]
SQL: SHOW COLUMNS FROM `tb_memberblancellog` [ RunTime:0.0020s ]
SQL: SELECT ROUND(sum(OffSetValue),2) as OffSetValue FROM `tb_memberblancellog` WHERE `CreateTime` BETWEEN '2017-03-20 14:26:41' AND '2017-03-27 14:26:41' AND `MemberId` = '3' LIMIT 1   [ RunTime:0.0010s ]
SQL: SELECT * FROM `tb_memberaccount` WHERE `MemberId` = '3' LIMIT 1   [ RunTime:0.0020s ]
INFO: Run Behavior\ParseTemplateBehavior [ RunTime:0.010000s ]
INFO: [ view_parse ] --END-- [ RunTime:0.010000s ]
INFO: [ view_filter ] --START--
INFO: Run Behavior\WriteHtmlCacheBehavior [ RunTime:0.000000s ]
INFO: [ view_filter ] --END-- [ RunTime:0.000000s ]
INFO: [ app_end ] --START--
INFO: Run Behavior\ShowPageTraceBehavior [ RunTime:0.000000s ]
INFO: [ app_end ] --END-- [ RunTime:0.000000s ]

[ 2017-03-27T14:26:42+08:00 ] 127.0.0.1 /User/Common/mypublish.html
INFO: [ app_init ] --START--
INFO: Run Behavior\BuildLiteBehavior [ RunTime:0.000000s ]
INFO: [ app_init ] --END-- [ RunTime:0.000000s ]
INFO: [ app_begin ] --START--
INFO: Run Behavior\ReadHtmlCacheBehavior [ RunTime:0.000000s ]
INFO: [ app_begin ] --END-- [ RunTime:0.000000s ]
SQL: SHOW COLUMNS FROM `sys_web_configure` [ RunTime:0.0020s ]
SQL: SELECT * FROM `sys_web_configure` WHERE `type` = 4 LIMIT 1   [ RunTime:0.0020s ]
SQL: SHOW COLUMNS FROM `sys_web_configure` [ RunTime:0.0020s ]
SQL: SELECT * FROM `sys_web_configure` WHERE `type` = 3 LIMIT 1   [ RunTime:0.0010s ]
SQL: SHOW COLUMNS FROM `tb_debt` [ RunTime:0.0030s ]
SQL: SHOW COLUMNS FROM `tb_debt` [ RunTime:0.0030s ]
SQL: SELECT `DebtID`,`titimg`,Title as title,Total as total,`StartTime`,`EndTime`,ProcessModle as promodel,ProPrice as proprice,DebtAdress as adress,Owner as Contact,CellPhone as mobile,`CreateTime`,`AssetsStatue`,Type as typeset FROM `tb_debt` WHERE `AssetsStatue` BETWEEN '0' AND '4' AND `memberid` = '3' ORDER BY DebtID desc  [ RunTime:0.0020s ]
SQL: SHOW COLUMNS FROM `tb_assets` [ RunTime:0.0030s ]
SQL: SHOW COLUMNS FROM `tb_assets` [ RunTime:0.0020s ]
SQL: SELECT `AssetsID`,`titimg`,Title as title,Price as total,ProcessModle as promodel,ProPrice as proprice,Address as adress,Contact as Contact,CellPhone as mobile,`CreateTime`,`AssetsStatue`,AssetsType as typeset FROM `tb_assets` WHERE `AssetsStatue` BETWEEN '0' AND '4' AND `memberid` = '3' ORDER BY AssetsID desc  [ RunTime:0.0020s ]
SQL: SHOW COLUMNS FROM `tb_package` [ RunTime:0.0030s ]
SQL: SHOW COLUMNS FROM `tb_package` [ RunTime:0.0020s ]
SQL: SELECT `PackageID`,`titimg`,Title as title,Total as total,ProcessModle as proprice,OwnerAdress as adress,Owner as Contact,CellPhone as mobile,`CreateTime`,`AssetsStatue`,Type as typeset FROM `tb_package` WHERE `AssetsStatue` BETWEEN '0' AND '4' AND `memberid` = '3' ORDER BY PackageID desc  [ RunTime:0.0020s ]
NOTIC: [8] Undefined index: StartTime D:\WWW\tejinhui\Application\User\Controller\CommonController.class.php 第 423 行.
NOTIC: [8] Undefined index: EndTime D:\WWW\tejinhui\Application\User\Controller\CommonController.class.php 第 423 行.
SQL: SHOW COLUMNS FROM `sys_code` [ RunTime:0.0020s ]
SQL: SELECT * FROM `sys_code` WHERE ( CodeGroup = '10105' )  [ RunTime:0.0020s ]
INFO: [ view_parse ] --START--
INFO: [ template_filter ] --START--
INFO: Run Behavior\ContentReplaceBehavior [ RunTime:0.000000s ]
INFO: [ template_filter ] --END-- [ RunTime:0.000000s ]
NOTIC: [8] Undefined index: promodel D:\WWW\tejinhui\Application\Runtime\Cache\User\f19051157cd0b206019f7735fdb5eec7.php 第 61 行.
NOTIC: [8] Undefined index: promodel D:\WWW\tejinhui\Application\Runtime\Cache\User\f19051157cd0b206019f7735fdb5eec7.php 第 61 行.
NOTIC: [8] Undefined index: discuz_auth_key D:\WWW\tejinhui\Application\Common\Common\function.php 第 550 行.
INFO: Run Behavior\ParseTemplateBehavior [ RunTime:0.014000s ]
INFO: [ view_parse ] --END-- [ RunTime:0.014000s ]
INFO: [ view_filter ] --START--
INFO: Run Behavior\WriteHtmlCacheBehavior [ RunTime:0.000000s ]
INFO: [ view_filter ] --END-- [ RunTime:0.000000s ]
INFO: [ app_end ] --START--
INFO: Run Behavior\ShowPageTraceBehavior [ RunTime:0.000000s ]
INFO: [ app_end ] --END-- [ RunTime:0.000000s ]

[ 2017-03-27T14:27:04+08:00 ] 127.0.0.1 /User/Member/index.html
INFO: [ app_init ] --START--
INFO: Run Behavior\BuildLiteBehavior [ RunTime:0.000000s ]
INFO: [ app_init ] --END-- [ RunTime:0.000000s ]
INFO: [ app_begin ] --START--
INFO: Run Behavior\ReadHtmlCacheBehavior [ RunTime:0.000000s ]
INFO: [ app_begin ] --END-- [ RunTime:0.000000s ]
SQL: SHOW COLUMNS FROM `sys_web_configure` [ RunTime:0.0020s ]
SQL: SELECT * FROM `sys_web_configure` WHERE `type` = 4 LIMIT 1   [ RunTime:0.0020s ]
SQL: SHOW COLUMNS FROM `sys_web_configure` [ RunTime:0.0020s ]
SQL: SELECT * FROM `sys_web_configure` WHERE `type` = 3 LIMIT 1   [ RunTime:0.0020s ]
INFO: [ view_parse ] --START--
INFO: [ template_filter ] --START--
INFO: Run Behavior\ContentReplaceBehavior [ RunTime:0.000000s ]
INFO: [ template_filter ] --END-- [ RunTime:0.000000s ]
NOTIC: [8] Undefined variable: search D:\WWW\tejinhui\Application\Runtime\Cache\User\feebdcce97289611e131c0837d6fe48e.php 第 30 行.
NOTIC: [8] Undefined index: discuz_auth_key D:\WWW\tejinhui\Application\Common\Common\function.php 第 550 行.
INFO: Run Behavior\ParseTemplateBehavior [ RunTime:0.009000s ]
INFO: [ view_parse ] --END-- [ RunTime:0.009000s ]
INFO: [ view_filter ] --START--
INFO: Run Behavior\WriteHtmlCacheBehavior [ RunTime:0.000000s ]
INFO: [ view_filter ] --END-- [ RunTime:0.000000s ]
INFO: [ app_end ] --START--
INFO: Run Behavior\ShowPageTraceBehavior [ RunTime:0.000000s ]
INFO: [ app_end ] --END-- [ RunTime:0.000000s ]

[ 2017-03-27T14:27:04+08:00 ] 127.0.0.1 /User/Common/mypublish.html
INFO: [ app_init ] --START--
INFO: Run Behavior\BuildLiteBehavior [ RunTime:0.000000s ]
INFO: [ app_init ] --END-- [ RunTime:0.000000s ]
INFO: [ app_begin ] --START--
INFO: Run Behavior\ReadHtmlCacheBehavior [ RunTime:0.000000s ]
INFO: [ app_begin ] --END-- [ RunTime:0.000000s ]
SQL: SHOW COLUMNS FROM `sys_web_configure` [ RunTime:0.0020s ]
SQL: SELECT * FROM `sys_web_configure` WHERE `type` = 4 LIMIT 1   [ RunTime:0.0010s ]
SQL: SHOW COLUMNS FROM `sys_web_configure` [ RunTime:0.0020s ]
SQL: SELECT * FROM `sys_web_configure` WHERE `type` = 3 LIMIT 1   [ RunTime:0.0020s ]
SQL: SHOW COLUMNS FROM `tb_debt` [ RunTime:0.0030s ]
SQL: SHOW COLUMNS FROM `tb_debt` [ RunTime:0.0040s ]
SQL: SELECT `DebtID`,`titimg`,Title as title,Total as total,`StartTime`,`EndTime`,ProcessModle as promodel,ProPrice as proprice,DebtAdress as adress,Owner as Contact,CellPhone as mobile,`CreateTime`,`AssetsStatue`,Type as typeset FROM `tb_debt` WHERE `AssetsStatue` BETWEEN '0' AND '4' AND `memberid` = '3' ORDER BY DebtID desc  [ RunTime:0.0020s ]
SQL: SHOW COLUMNS FROM `tb_assets` [ RunTime:0.0020s ]
SQL: SHOW COLUMNS FROM `tb_assets` [ RunTime:0.0020s ]
SQL: SELECT `AssetsID`,`titimg`,Title as title,Price as total,ProcessModle as promodel,ProPrice as proprice,Address as adress,Contact as Contact,CellPhone as mobile,`CreateTime`,`AssetsStatue`,AssetsType as typeset FROM `tb_assets` WHERE `AssetsStatue` BETWEEN '0' AND '4' AND `memberid` = '3' ORDER BY AssetsID desc  [ RunTime:0.0020s ]
SQL: SHOW COLUMNS FROM `tb_package` [ RunTime:0.0020s ]
SQL: SHOW COLUMNS FROM `tb_package` [ RunTime:0.0020s ]
SQL: SELECT `PackageID`,`titimg`,Title as title,Total as total,ProcessModle as proprice,OwnerAdress as adress,Owner as Contact,CellPhone as mobile,`CreateTime`,`AssetsStatue`,Type as typeset FROM `tb_package` WHERE `AssetsStatue` BETWEEN '0' AND '4' AND `memberid` = '3' ORDER BY PackageID desc  [ RunTime:0.0010s ]
NOTIC: [8] Undefined index: StartTime D:\WWW\tejinhui\Application\User\Controller\CommonController.class.php 第 423 行.
NOTIC: [8] Undefined index: EndTime D:\WWW\tejinhui\Application\User\Controller\CommonController.class.php 第 423 行.
NOTIC: [8] Undefined index: StartTime D:\WWW\tejinhui\Application\User\Controller\CommonController.class.php 第 423 行.
NOTIC: [8] Undefined index: EndTime D:\WWW\tejinhui\Application\User\Controller\CommonController.class.php 第 423 行.
SQL: SHOW COLUMNS FROM `sys_code` [ RunTime:0.0010s ]
SQL: SELECT * FROM `sys_code` WHERE ( CodeGroup = '10105' )  [ RunTime:0.0010s ]
INFO: [ view_parse ] --START--
INFO: [ template_filter ] --START--
INFO: Run Behavior\ContentReplaceBehavior [ RunTime:0.000000s ]
INFO: [ template_filter ] --END-- [ RunTime:0.001000s ]
NOTIC: [8] Undefined index: promodel D:\WWW\tejinhui\Application\Runtime\Cache\User\f19051157cd0b206019f7735fdb5eec7.php 第 61 行.
NOTIC: [8] Undefined index: promodel D:\WWW\tejinhui\Application\Runtime\Cache\User\f19051157cd0b206019f7735fdb5eec7.php 第 61 行.
NOTIC: [8] Undefined index: discuz_auth_key D:\WWW\tejinhui\Application\Common\Common\function.php 第 550 行.
NOTIC: [8] Undefined index: discuz_auth_key D:\WWW\tejinhui\Application\Common\Common\function.php 第 550 行.
INFO: Run Behavior\ParseTemplateBehavior [ RunTime:0.006000s ]
INFO: [ view_parse ] --END-- [ RunTime:0.006000s ]
INFO: [ view_filter ] --START--
INFO: Run Behavior\WriteHtmlCacheBehavior [ RunTime:0.000000s ]
INFO: [ view_filter ] --END-- [ RunTime:0.000000s ]
INFO: [ app_end ] --START--
INFO: Run Behavior\ShowPageTraceBehavior [ RunTime:0.000000s ]
INFO: [ app_end ] --END-- [ RunTime:0.000000s ]

[ 2017-03-27T14:27:06+08:00 ] 127.0.0.1 /User/Common/mypublish.html
INFO: [ app_init ] --START--
INFO: Run Behavior\BuildLiteBehavior [ RunTime:0.000000s ]
INFO: [ app_init ] --END-- [ RunTime:0.000000s ]
INFO: [ app_begin ] --START--
INFO: Run Behavior\ReadHtmlCacheBehavior [ RunTime:0.001000s ]
INFO: [ app_begin ] --END-- [ RunTime:0.001000s ]
SQL: SHOW COLUMNS FROM `sys_web_configure` [ RunTime:0.0020s ]
SQL: SELECT * FROM `sys_web_configure` WHERE `type` = 4 LIMIT 1   [ RunTime:0.0010s ]
SQL: SHOW COLUMNS FROM `sys_web_configure` [ RunTime:0.0020s ]
SQL: SELECT * FROM `sys_web_configure` WHERE `type` = 3 LIMIT 1   [ RunTime:0.0010s ]
SQL: SHOW COLUMNS FROM `tb_debt` [ RunTime:0.0020s ]
SQL: SHOW COLUMNS FROM `tb_debt` [ RunTime:0.0020s ]
SQL: SELECT `DebtID`,`titimg`,Title as title,Total as total,`StartTime`,`EndTime`,ProcessModle as promodel,ProPrice as proprice,DebtAdress as adress,Owner as Contact,CellPhone as mobile,`CreateTime`,`AssetsStatue`,Type as typeset FROM `tb_debt` WHERE `AssetsStatue` BETWEEN '0' AND '4' AND `memberid` = '3' ORDER BY DebtID desc  [ RunTime:0.0020s ]
SQL: SHOW COLUMNS FROM `tb_assets` [ RunTime:0.0020s ]
SQL: SHOW COLUMNS FROM `tb_assets` [ RunTime:0.0020s ]
SQL: SELECT `AssetsID`,`titimg`,Title as title,Price as total,ProcessModle as promodel,ProPrice as proprice,Address as adress,Contact as Contact,CellPhone as mobile,`CreateTime`,`AssetsStatue`,AssetsType as typeset FROM `tb_assets` WHERE `AssetsStatue` BETWEEN '0' AND '4' AND `memberid` = '3' ORDER BY AssetsID desc  [ RunTime:0.0010s ]
SQL: SHOW COLUMNS FROM `tb_package` [ RunTime:0.0010s ]
SQL: SHOW COLUMNS FROM `tb_package` [ RunTime:0.0010s ]
SQL: SELECT `PackageID`,`titimg`,Title as title,Total as total,ProcessModle as proprice,OwnerAdress as adress,Owner as Contact,CellPhone as mobile,`CreateTime`,`AssetsStatue`,Type as typeset FROM `tb_package` WHERE `AssetsStatue` BETWEEN '0' AND '4' AND `memberid` = '3' ORDER BY PackageID desc  [ RunTime:0.0010s ]
NOTIC: [8] Undefined index: StartTime D:\WWW\tejinhui\Application\User\Controller\CommonController.class.php 第 423 行.
NOTIC: [8] Undefined index: EndTime D:\WWW\tejinhui\Application\User\Controller\CommonController.class.php 第 423 行.
NOTIC: [8] Undefined index: StartTime D:\WWW\tejinhui\Application\User\Controller\CommonController.class.php 第 423 行.
NOTIC: [8] Undefined index: EndTime D:\WWW\tejinhui\Application\User\Controller\CommonController.class.php 第 423 行.
SQL: SHOW COLUMNS FROM `sys_code` [ RunTime:0.0020s ]
SQL: SELECT * FROM `sys_code` WHERE ( CodeGroup = '10105' )  [ RunTime:0.0010s ]
INFO: [ view_parse ] --START--
INFO: [ template_filter ] --START--
INFO: Run Behavior\ContentReplaceBehavior [ RunTime:0.000000s ]
INFO: [ template_filter ] --END-- [ RunTime:0.000000s ]
NOTIC: [8] Undefined index: promodel D:\WWW\tejinhui\Application\Runtime\Cache\User\f19051157cd0b206019f7735fdb5eec7.php 第 61 行.
NOTIC: [8] Undefined index: promodel D:\WWW\tejinhui\Application\Runtime\Cache\User\f19051157cd0b206019f7735fdb5eec7.php 第 61 行.
NOTIC: [8] Undefined index: discuz_auth_key D:\WWW\tejinhui\Application\Common\Common\function.php 第 550 行.
NOTIC: [8] Undefined index: discuz_auth_key D:\WWW\tejinhui\Application\Common\Common\function.php 第 550 行.
INFO: Run Behavior\ParseTemplateBehavior [ RunTime:0.008000s ]
INFO: [ view_parse ] --END-- [ RunTime:0.008000s ]
INFO: [ view_filter ] --START--
INFO: Run Behavior\WriteHtmlCacheBehavior [ RunTime:0.001000s ]
INFO: [ view_filter ] --END-- [ RunTime:0.001000s ]
INFO: [ app_end ] --START--
INFO: Run Behavior\ShowPageTraceBehavior [ RunTime:0.000000s ]
INFO: [ app_end ] --END-- [ RunTime:0.000000s ]

[ 2017-03-27T14:27:08+08:00 ] 127.0.0.1 /User/Common/todo.html
INFO: [ app_init ] --START--
INFO: Run Behavior\BuildLiteBehavior [ RunTime:0.000000s ]
INFO: [ app_init ] --END-- [ RunTime:0.001000s ]
INFO: [ app_begin ] --START--
INFO: Run Behavior\ReadHtmlCacheBehavior [ RunTime:0.000000s ]
INFO: [ app_begin ] --END-- [ RunTime:0.001000s ]
SQL: SHOW COLUMNS FROM `sys_web_configure` [ RunTime:0.0020s ]
SQL: SELECT * FROM `sys_web_configure` WHERE `type` = 4 LIMIT 1   [ RunTime:0.0010s ]
SQL: SHOW COLUMNS FROM `sys_web_configure` [ RunTime:0.0020s ]
SQL: SELECT * FROM `sys_web_configure` WHERE `type` = 3 LIMIT 1   [ RunTime:0.0010s ]
SQL: SHOW COLUMNS FROM `tb_assets` [ RunTime:0.0020s ]
SQL: SELECT tb_assets.AssetsID,Title as title,Price as total,ProcessModle as promodel,ProPrice as proprice,Address as adress,Contact as Contact,CellPhone as mobile,`CreateTime`,`AssetsStatue`,`OptType` FROM `tb_assets` LEFT JOIN tb_assetsacceptinfo ON tb_assetsacceptinfo.AssetsID = tb_assets.AssetsID  WHERE `AssetsStatue` BETWEEN '1' AND '4' AND `DueDiligenceMember` = '3' ORDER BY AssetsID desc  [ RunTime:0.0010s ]
SQL: SHOW COLUMNS FROM `tb_debt` [ RunTime:0.0030s ]
SQL: SELECT tb_debt.DebtID,Title as title,Total as total,`StartTime`,`EndTime`,ProcessModle as promodel,ProPrice as proprice,DebtAdress as adress,Owner as Contact,CellPhone as mobile,`CreateTime`,`AssetsStatue`,`OptType` FROM `tb_debt` LEFT JOIN tb_debtacceptinfo ON tb_debtacceptinfo.DebtID = tb_debt.DebtID  WHERE `AssetsStatue` BETWEEN '1' AND '4' AND `DueDiligenceMember` = '3' ORDER BY DebtID desc  [ RunTime:0.0010s ]
SQL: SHOW COLUMNS FROM `tb_package` [ RunTime:0.0020s ]
SQL: SELECT tb_package.PackageID,Title as title,Total as total,ProcessModle as proprice,OwnerAdress as adress,Owner as Contact,CellPhone as mobile,`CreateTime`,`AssetsStatue`,`OptType` FROM `tb_package` LEFT JOIN tb_packageacceptinfo ON tb_packageacceptinfo.PackageID = tb_package.PackageID  WHERE `AssetsStatue` BETWEEN '1' AND '4' AND `DueDiligenceMember` = '3' ORDER BY PackageID desc  [ RunTime:0.0020s ]
NOTIC: [8] Undefined index: StartTime D:\WWW\tejinhui\Application\User\Controller\CommonController.class.php 第 327 行.
NOTIC: [8] Undefined index: EndTime D:\WWW\tejinhui\Application\User\Controller\CommonController.class.php 第 327 行.
SQL: SHOW COLUMNS FROM `sys_code` [ RunTime:0.0010s ]
SQL: SELECT `CodeID`,`CodeValue` FROM `sys_code` WHERE `CodeGroup` = '10122' ORDER BY CodeID DESC  [ RunTime:0.0020s ]
SQL: SHOW COLUMNS FROM `sys_code` [ RunTime:0.0020s ]
SQL: SELECT * FROM `sys_code` WHERE ( CodeGroup = '10105' )  [ RunTime:0.0020s ]
INFO: [ view_parse ] --START--
INFO: [ template_filter ] --START--
INFO: Run Behavior\ContentReplaceBehavior [ RunTime:0.000000s ]
INFO: [ template_filter ] --END-- [ RunTime:0.000000s ]
NOTIC: [8] Undefined index: promodel D:\WWW\tejinhui\Application\Runtime\Cache\User\0f9bd8684840706e344a19dcf483b0da.php 第 42 行.
NOTIC: [8] Undefined index: promodel D:\WWW\tejinhui\Application\Runtime\Cache\User\0f9bd8684840706e344a19dcf483b0da.php 第 42 行.
NOTIC: [8] Undefined index: discuz_auth_key D:\WWW\tejinhui\Application\Common\Common\function.php 第 550 行.
INFO: Run Behavior\ParseTemplateBehavior [ RunTime:0.008000s ]
INFO: [ view_parse ] --END-- [ RunTime:0.008000s ]
INFO: [ view_filter ] --START--
INFO: Run Behavior\WriteHtmlCacheBehavior [ RunTime:0.000000s ]
INFO: [ view_filter ] --END-- [ RunTime:0.000000s ]
INFO: [ app_end ] --START--
INFO: Run Behavior\ShowPageTraceBehavior [ RunTime:0.001000s ]
INFO: [ app_end ] --END-- [ RunTime:0.001000s ]

[ 2017-03-27T15:37:43+08:00 ] 127.0.0.1 /User/Logic/downFile/type/assets/buyid/127.html
INFO: [ app_init ] --START--
INFO: Run Behavior\BuildLiteBehavior [ RunTime:0.000000s ]
INFO: [ app_init ] --END-- [ RunTime:0.000000s ]
INFO: [ app_begin ] --START--
INFO: Run Behavior\ReadHtmlCacheBehavior [ RunTime:0.001000s ]
INFO: [ app_begin ] --END-- [ RunTime:0.001000s ]
SQL: SHOW COLUMNS FROM `sys_web_configure` [ RunTime:0.0020s ]
SQL: SELECT * FROM `sys_web_configure` WHERE `type` = 4 LIMIT 1   [ RunTime:0.0010s ]
SQL: SHOW COLUMNS FROM `sys_web_configure` [ RunTime:0.0020s ]
SQL: SELECT * FROM `sys_web_configure` WHERE `type` = 3 LIMIT 1   [ RunTime:0.0010s ]
SQL: SHOW COLUMNS FROM `tb_assets` [ RunTime:0.0020s ]
SQL: SELECT tb_assets.AssetsID,tb_assets.DueDiligenceMember,tb_assetsproject.SubID,tb_assetsproject.JDUrl FROM `tb_assets` INNER JOIN tb_assetsproject ON tb_assets.AssetsID = tb_assetsproject.AssetsID  WHERE tb_assets.AssetsID = '127' AND tb_assets.DueDiligenceMember = '3' AND tb_assets.Usestat = 1 ORDER BY tb_assetsproject.SubID DESC LIMIT 1   [ RunTime:0.0010s ]
SQL: SHOW COLUMNS FROM `tb_assetsproject` [ RunTime:0.0020s ]
SQL: SELECT tb_assetsproject.SubID,tb_assetsproject.JDUrl,tb_order.id,tb_order.OrderStatue FROM `tb_assetsproject` INNER JOIN tb_order ON tb_assetsproject.SubID=tb_order.InfoNo  WHERE tb_order.Type = 2 AND tb_order.ProductID = 5 AND tb_order.OrderStatue = 2 AND tb_assetsproject.AssetsID = '127' AND tb_order.CreateUser = '3' LIMIT 1   [ RunTime:0.0020s ]

[ 2017-03-27T15:38:13+08:00 ] 127.0.0.1 /User/Logic/downFile/type/assets/buyid/127/viewfile/viewfile.html
INFO: [ app_init ] --START--
INFO: Run Behavior\BuildLiteBehavior [ RunTime:0.000000s ]
INFO: [ app_init ] --END-- [ RunTime:0.000000s ]
INFO: [ app_begin ] --START--
INFO: Run Behavior\ReadHtmlCacheBehavior [ RunTime:0.001000s ]
INFO: [ app_begin ] --END-- [ RunTime:0.001000s ]
SQL: SHOW COLUMNS FROM `sys_web_configure` [ RunTime:0.0020s ]
SQL: SELECT * FROM `sys_web_configure` WHERE `type` = 4 LIMIT 1   [ RunTime:0.0020s ]
SQL: SHOW COLUMNS FROM `sys_web_configure` [ RunTime:0.0010s ]
SQL: SELECT * FROM `sys_web_configure` WHERE `type` = 3 LIMIT 1   [ RunTime:0.0010s ]
SQL: SHOW COLUMNS FROM `tb_assets` [ RunTime:0.0020s ]
SQL: SELECT tb_assets.AssetsID,tb_assets.DueDiligenceMember,tb_assetsproject.SubID,tb_assetsproject.JDUrl FROM `tb_assets` INNER JOIN tb_assetsproject ON tb_assets.AssetsID = tb_assetsproject.AssetsID  WHERE tb_assets.AssetsID = '127' AND tb_assets.DueDiligenceMember = '3' AND tb_assets.Usestat = 1 ORDER BY tb_assetsproject.SubID DESC LIMIT 1   [ RunTime:0.0010s ]
SQL: SHOW COLUMNS FROM `tb_assetsproject` [ RunTime:0.0020s ]
SQL: SELECT tb_assetsproject.SubID,tb_assetsproject.JDUrl,tb_order.id,tb_order.OrderStatue FROM `tb_assetsproject` INNER JOIN tb_order ON tb_assetsproject.SubID=tb_order.InfoNo  WHERE tb_order.Type = 2 AND tb_order.ProductID = 5 AND tb_order.OrderStatue = 2 AND tb_assetsproject.AssetsID = '127' AND tb_order.CreateUser = '3' LIMIT 1   [ RunTime:0.0010s ]

[ 2017-03-27T15:41:07+08:00 ] 127.0.0.1 /User/Logic/downFile/type/assets/buyid/127/viewfile/viewfile.html
INFO: [ app_init ] --START--
INFO: Run Behavior\BuildLiteBehavior [ RunTime:0.000000s ]
INFO: [ app_init ] --END-- [ RunTime:0.001000s ]
INFO: [ app_begin ] --START--
INFO: Run Behavior\ReadHtmlCacheBehavior [ RunTime:0.001000s ]
INFO: [ app_begin ] --END-- [ RunTime:0.001000s ]
SQL: SHOW COLUMNS FROM `sys_web_configure` [ RunTime:0.0020s ]
SQL: SELECT * FROM `sys_web_configure` WHERE `type` = 4 LIMIT 1   [ RunTime:0.0010s ]
SQL: SHOW COLUMNS FROM `sys_web_configure` [ RunTime:0.0020s ]
SQL: SELECT * FROM `sys_web_configure` WHERE `type` = 3 LIMIT 1   [ RunTime:0.0020s ]
SQL: SHOW COLUMNS FROM `tb_assets` [ RunTime:0.0020s ]
SQL: SELECT tb_assets.AssetsID,tb_assets.DueDiligenceMember,tb_assetsproject.SubID,tb_assetsproject.JDUrl FROM `tb_assets` INNER JOIN tb_assetsproject ON tb_assets.AssetsID = tb_assetsproject.AssetsID  WHERE tb_assets.AssetsID = '127' AND tb_assets.DueDiligenceMember = '3' AND tb_assets.Usestat = 1 ORDER BY tb_assetsproject.SubID DESC LIMIT 1   [ RunTime:0.0010s ]
SQL: SHOW COLUMNS FROM `tb_assetsproject` [ RunTime:0.0020s ]
SQL: SELECT tb_assetsproject.SubID,tb_assetsproject.JDUrl,tb_order.id,tb_order.OrderStatue FROM `tb_assetsproject` INNER JOIN tb_order ON tb_assetsproject.SubID=tb_order.InfoNo  WHERE tb_order.Type = 2 AND tb_order.ProductID = 5 AND tb_order.OrderStatue = 2 AND tb_assetsproject.AssetsID = '127' AND tb_order.CreateUser = '3' LIMIT 1   [ RunTime:0.0020s ]

[ 2017-03-27T15:41:26+08:00 ] 127.0.0.1 /User/Logic/downFile/type/assets/buyid/126/viewfile/viewfile.html
INFO: [ app_init ] --START--
INFO: Run Behavior\BuildLiteBehavior [ RunTime:0.000000s ]
INFO: [ app_init ] --END-- [ RunTime:0.000000s ]
INFO: [ app_begin ] --START--
INFO: Run Behavior\ReadHtmlCacheBehavior [ RunTime:0.001000s ]
INFO: [ app_begin ] --END-- [ RunTime:0.001000s ]
SQL: SHOW COLUMNS FROM `sys_web_configure` [ RunTime:0.0020s ]
SQL: SELECT * FROM `sys_web_configure` WHERE `type` = 4 LIMIT 1   [ RunTime:0.0020s ]
SQL: SHOW COLUMNS FROM `sys_web_configure` [ RunTime:0.0020s ]
SQL: SELECT * FROM `sys_web_configure` WHERE `type` = 3 LIMIT 1   [ RunTime:0.0020s ]
SQL: SHOW COLUMNS FROM `tb_assets` [ RunTime:0.0020s ]
SQL: SELECT tb_assets.AssetsID,tb_assets.DueDiligenceMember,tb_assetsproject.SubID,tb_assetsproject.JDUrl FROM `tb_assets` INNER JOIN tb_assetsproject ON tb_assets.AssetsID = tb_assetsproject.AssetsID  WHERE tb_assets.AssetsID = '126' AND tb_assets.DueDiligenceMember = '3' AND tb_assets.Usestat = 1 ORDER BY tb_assetsproject.SubID DESC LIMIT 1   [ RunTime:0.0020s ]
SQL: SHOW COLUMNS FROM `tb_assetsproject` [ RunTime:0.0010s ]
SQL: SELECT tb_assetsproject.SubID,tb_assetsproject.JDUrl,tb_order.id,tb_order.OrderStatue FROM `tb_assetsproject` INNER JOIN tb_order ON tb_assetsproject.SubID=tb_order.InfoNo  WHERE tb_order.Type = 2 AND tb_order.ProductID = 5 AND tb_order.OrderStatue = 2 AND tb_assetsproject.AssetsID = '126' AND tb_order.CreateUser = '3' LIMIT 1   [ RunTime:0.0010s ]

[ 2017-03-27T15:41:37+08:00 ] 127.0.0.1 /User/Logic/downFile/type/assets/buyid/123/viewfile/viewfile.html
INFO: [ app_init ] --START--
INFO: Run Behavior\BuildLiteBehavior [ RunTime:0.000000s ]
INFO: [ app_init ] --END-- [ RunTime:0.000000s ]
INFO: [ app_begin ] --START--
INFO: Run Behavior\ReadHtmlCacheBehavior [ RunTime:0.000000s ]
INFO: [ app_begin ] --END-- [ RunTime:0.000000s ]
SQL: SHOW COLUMNS FROM `sys_web_configure` [ RunTime:0.0020s ]
SQL: SELECT * FROM `sys_web_configure` WHERE `type` = 4 LIMIT 1   [ RunTime:0.0010s ]
SQL: SHOW COLUMNS FROM `sys_web_configure` [ RunTime:0.0010s ]
SQL: SELECT * FROM `sys_web_configure` WHERE `type` = 3 LIMIT 1   [ RunTime:0.0010s ]
SQL: SHOW COLUMNS FROM `tb_assets` [ RunTime:0.0020s ]
SQL: SELECT tb_assets.AssetsID,tb_assets.DueDiligenceMember,tb_assetsproject.SubID,tb_assetsproject.JDUrl FROM `tb_assets` INNER JOIN tb_assetsproject ON tb_assets.AssetsID = tb_assetsproject.AssetsID  WHERE tb_assets.AssetsID = '123' AND tb_assets.DueDiligenceMember = '3' AND tb_assets.Usestat = 1 ORDER BY tb_assetsproject.SubID DESC LIMIT 1   [ RunTime:0.0010s ]
SQL: SHOW COLUMNS FROM `tb_assetsproject` [ RunTime:0.0020s ]
SQL: SELECT tb_assetsproject.SubID,tb_assetsproject.JDUrl,tb_order.id,tb_order.OrderStatue FROM `tb_assetsproject` INNER JOIN tb_order ON tb_assetsproject.SubID=tb_order.InfoNo  WHERE tb_order.Type = 2 AND tb_order.ProductID = 5 AND tb_order.OrderStatue = 2 AND tb_assetsproject.AssetsID = '123' AND tb_order.CreateUser = '3' LIMIT 1   [ RunTime:0.0010s ]

[ 2017-03-27T15:41:45+08:00 ] 127.0.0.1 /User/Logic/buymic/type/assets/buyid/120.html
INFO: [ app_init ] --START--
INFO: Run Behavior\BuildLiteBehavior [ RunTime:0.000000s ]
INFO: [ app_init ] --END-- [ RunTime:0.001000s ]
INFO: [ app_begin ] --START--
INFO: Run Behavior\ReadHtmlCacheBehavior [ RunTime:0.000000s ]
INFO: [ app_begin ] --END-- [ RunTime:0.000000s ]
SQL: SHOW COLUMNS FROM `sys_web_configure` [ RunTime:0.0020s ]
SQL: SELECT * FROM `sys_web_configure` WHERE `type` = 4 LIMIT 1   [ RunTime:0.0010s ]
SQL: SHOW COLUMNS FROM `sys_web_configure` [ RunTime:0.0020s ]
SQL: SELECT * FROM `sys_web_configure` WHERE `type` = 3 LIMIT 1   [ RunTime:0.0010s ]
SQL: SHOW COLUMNS FROM `tb_assetsproject` [ RunTime:0.0020s ]
SQL: SELECT * FROM `tb_assetsproject` WHERE `AssetsID` = '120' LIMIT 1   [ RunTime:0.0020s ]
SQL: SHOW COLUMNS FROM `sys_code` [ RunTime:0.0020s ]
SQL: SELECT * FROM `sys_code` WHERE `CodeGroup` = 10110 LIMIT 1   [ RunTime:0.0020s ]
SQL: SHOW COLUMNS FROM `sys_code` [ RunTime:0.0020s ]
SQL: SELECT * FROM `sys_code` WHERE `CodeGroup` = 10108 LIMIT 1   [ RunTime:0.0020s ]
SQL: SHOW COLUMNS FROM `tb_order` [ RunTime:0.0020s ]
SQL: SELECT * FROM `tb_order` WHERE `OrderStatue` BETWEEN '1' AND '2' AND `Type` = 2 AND `ProductID` = 5 AND `InfoNo` = '17' AND `CreateUser` = 3 LIMIT 1   [ RunTime:0.0020s ]
NOTIC: [8] Undefined index: validate D:\WWW\tejinhui\ThinkPHP\Library\Think\Model.class.php 第 1185 行.
NOTIC: [8] Undefined index: auto D:\WWW\tejinhui\ThinkPHP\Library\Think\Model.class.php 第 1128 行.
SQL: INSERT INTO `tb_order` (`sn`,`ProductID`,`ProductName`,`ProductDesc`,`Type`,`OrgPrice`,`DealPrice`,`OrgInt`,`DealInt`,`InfoNo`,`CreateUser`,`CreateTime`) VALUES ('20170327154145Dahv','5','实物资产购买','长沙火车站2万平酒店门面转让','2','99','99','990','990','17','3','2017-03-27 15:41:45') [ RunTime:0.0300s ]
NOTIC: [8] Undefined index: discuz_auth_key D:\WWW\tejinhui\Application\Common\Common\function.php 第 550 行.
NOTIC: [8] Undefined index: discuz_auth_key D:\WWW\tejinhui\Application\Common\Common\function.php 第 550 行.
NOTIC: [8] Undefined index: discuz_auth_key D:\WWW\tejinhui\Application\Common\Common\function.php 第 550 行.

[ 2017-03-27T15:41:46+08:00 ] 127.0.0.1 /User/Payment/index/codekey/e27cPC97lWlkjwMY9lq5eBztbgdr1_sGm_QYTYpZkP8/type/da98MyAwg9Z0WOInVHHvGm9vzwIk8mh0vee-4V1oMEnLN_s/codetype/da98MyAwg9Z0WOInVCbuTG88x1F_oTtz7OS5uQc7.html
INFO: [ app_init ] --START--
INFO: Run Behavior\BuildLiteBehavior [ RunTime:0.000000s ]
INFO: [ app_init ] --END-- [ RunTime:0.001000s ]
INFO: [ app_begin ] --START--
INFO: Run Behavior\ReadHtmlCacheBehavior [ RunTime:0.000000s ]
INFO: [ app_begin ] --END-- [ RunTime:0.000000s ]
SQL: SHOW COLUMNS FROM `sys_web_configure` [ RunTime:0.0020s ]
SQL: SELECT * FROM `sys_web_configure` WHERE `type` = 4 LIMIT 1   [ RunTime:0.0020s ]
SQL: SHOW COLUMNS FROM `sys_web_configure` [ RunTime:0.0020s ]
SQL: SELECT * FROM `sys_web_configure` WHERE `type` = 3 LIMIT 1   [ RunTime:0.0010s ]
NOTIC: [8] Undefined index: discuz_auth_key D:\WWW\tejinhui\Application\Common\Common\function.php 第 550 行.
NOTIC: [8] Undefined index: discuz_auth_key D:\WWW\tejinhui\Application\Common\Common\function.php 第 550 行.
NOTIC: [8] Undefined index: discuz_auth_key D:\WWW\tejinhui\Application\Common\Common\function.php 第 550 行.
SQL: SHOW COLUMNS FROM `tb_order` [ RunTime:0.0020s ]
SQL: SELECT `id`,`sn`,`DealPrice`,tb_assetsproject.SubName as Title FROM `tb_order` INNER JOIN tb_assetsproject ON tb_order.InfoNo=tb_assetsproject.SubID  WHERE `id` = '271' AND `OrderStatue` = 1 LIMIT 1   [ RunTime:0.0010s ]
INFO: [ view_parse ] --START--
INFO: [ template_filter ] --START--
INFO: Run Behavior\ContentReplaceBehavior [ RunTime:0.000000s ]
INFO: [ template_filter ] --END-- [ RunTime:0.000000s ]
NOTIC: [8] Use of undefined constant codetype - assumed 'codetype' D:\WWW\tejinhui\Application\Runtime\Cache\User\8740a24f7ba7fb2d082d5893b49545e2.php 第 28 行.
INFO: Run Behavior\ParseTemplateBehavior [ RunTime:0.018000s ]
INFO: [ view_parse ] --END-- [ RunTime:0.018000s ]
INFO: [ view_filter ] --START--
INFO: Run Behavior\WriteHtmlCacheBehavior [ RunTime:0.001000s ]
INFO: [ view_filter ] --END-- [ RunTime:0.001000s ]
INFO: [ app_end ] --START--
INFO: Run Behavior\ShowPageTraceBehavior [ RunTime:0.000000s ]
INFO: [ app_end ] --END-- [ RunTime:0.000000s ]

[ 2017-03-27T15:41:46+08:00 ] 127.0.0.1 /User/payment/weixinpay_qrcode/codekey/e27cPC97lWlkjwMY9lq5eBztbgdr1_sGm_QYTYpZkP8/type/da98MyAwg9Z0WOInVHHvGm9vzwIk8mh0vee-4V1oMEnLN_s/codetype/da98MyAwg9Z0WOInVCbuTG88x1F_oTtz7OS5uQc7.html
INFO: [ app_init ] --START--
INFO: Run Behavior\BuildLiteBehavior [ RunTime:0.000000s ]
INFO: [ app_init ] --END-- [ RunTime:0.000000s ]
INFO: [ app_begin ] --START--
INFO: Run Behavior\ReadHtmlCacheBehavior [ RunTime:0.000000s ]
INFO: [ app_begin ] --END-- [ RunTime:0.000000s ]
SQL: SHOW COLUMNS FROM `sys_web_configure` [ RunTime:0.0020s ]
SQL: SELECT * FROM `sys_web_configure` WHERE `type` = 4 LIMIT 1   [ RunTime:0.0010s ]
SQL: SHOW COLUMNS FROM `sys_web_configure` [ RunTime:0.0020s ]
SQL: SELECT * FROM `sys_web_configure` WHERE `type` = 3 LIMIT 1   [ RunTime:0.0010s ]
NOTIC: [8] Undefined index: discuz_auth_key D:\WWW\tejinhui\Application\Common\Common\function.php 第 550 行.
NOTIC: [8] Undefined index: discuz_auth_key D:\WWW\tejinhui\Application\Common\Common\function.php 第 550 行.
NOTIC: [8] Undefined index: discuz_auth_key D:\WWW\tejinhui\Application\Common\Common\function.php 第 550 行.
SQL: SHOW COLUMNS FROM `tb_order` [ RunTime:0.0010s ]
SQL: SELECT `id`,`sn`,`DealPrice`,tb_assetsproject.SubName as Title,tb_order.UpdateTime FROM `tb_order` INNER JOIN tb_assetsproject ON tb_order.InfoNo=tb_assetsproject.SubID  WHERE `id` = '271' AND `OrderStatue` = 1 LIMIT 1   [ RunTime:0.0010s ]
NOTIC: [8] Undefined index: CreateTime D:\WWW\tejinhui\Application\User\Controller\PaymentController.class.php 第 147 行.
NOTIC: [8] Undefined index: validate D:\WWW\tejinhui\ThinkPHP\Library\Think\Model.class.php 第 1185 行.
NOTIC: [8] Undefined index: auto D:\WWW\tejinhui\ThinkPHP\Library\Think\Model.class.php 第 1128 行.
SQL: UPDATE `tb_order` SET `sn`='20170327154146ezBb',`UpdateTime`='2017-03-27 15:41:46' WHERE `id` = '271' [ RunTime:0.0150s ]
NOTIC: [2] Missing argument 1 for Weixinpay::__construct(), called in D:\WWW\tejinhui\Application\Common\Common\function.php on line 503 and defined D:\WWW\tejinhui\ThinkPHP\Library\Vendor\Weixinpay\Weixinpay.php 第 14 行.
INFO: [ app_end ] --START--
INFO: Run Behavior\ShowPageTraceBehavior [ RunTime:0.001000s ]
INFO: [ app_end ] --END-- [ RunTime:0.001000s ]

[ 2017-03-27T15:48:35+08:00 ] 127.0.0.1 /User/Logic/buymic/type/assets/buyid/120.html
INFO: [ app_init ] --START--
INFO: Run Behavior\BuildLiteBehavior [ RunTime:0.000000s ]
INFO: [ app_init ] --END-- [ RunTime:0.000000s ]
INFO: [ app_begin ] --START--
INFO: Run Behavior\ReadHtmlCacheBehavior [ RunTime:0.000000s ]
INFO: [ app_begin ] --END-- [ RunTime:0.000000s ]
SQL: SHOW COLUMNS FROM `sys_web_configure` [ RunTime:0.0020s ]
SQL: SELECT * FROM `sys_web_configure` WHERE `type` = 4 LIMIT 1   [ RunTime:0.0020s ]
SQL: SHOW COLUMNS FROM `sys_web_configure` [ RunTime:0.0010s ]
SQL: SELECT * FROM `sys_web_configure` WHERE `type` = 3 LIMIT 1   [ RunTime:0.0010s ]
SQL: SHOW COLUMNS FROM `tb_assetsproject` [ RunTime:0.0020s ]
SQL: SELECT * FROM `tb_assetsproject` WHERE `AssetsID` = '120' LIMIT 1   [ RunTime:0.0020s ]
SQL: SHOW COLUMNS FROM `sys_code` [ RunTime:0.0020s ]
SQL: SELECT * FROM `sys_code` WHERE `CodeGroup` = 10110 LIMIT 1   [ RunTime:0.0010s ]
SQL: SHOW COLUMNS FROM `sys_code` [ RunTime:0.0020s ]
SQL: SELECT * FROM `sys_code` WHERE `CodeGroup` = 10108 LIMIT 1   [ RunTime:0.0010s ]
SQL: SHOW COLUMNS FROM `tb_order` [ RunTime:0.0020s ]
SQL: SELECT * FROM `tb_order` WHERE `OrderStatue` BETWEEN '1' AND '2' AND `Type` = 2 AND `ProductID` = 5 AND `InfoNo` = '17' AND `CreateUser` = 3 LIMIT 1   [ RunTime:0.0020s ]
NOTIC: [8] Undefined index: validate D:\WWW\tejinhui\ThinkPHP\Library\Think\Model.class.php 第 1185 行.
NOTIC: [8] Undefined index: auto D:\WWW\tejinhui\ThinkPHP\Library\Think\Model.class.php 第 1128 行.
SQL: UPDATE `tb_order` SET `sn`='201703271548357t7T',`ProductID`='5',`ProductName`='实物资产购买',`ProductDesc`='长沙火车站2万平酒店门面转让',`Type`='2',`OrgPrice`='99',`DealPrice`='99',`OrgInt`='990',`DealInt`='990',`InfoNo`='17',`CreateUser`='3',`CreateTime`='2017-03-27 15:48:35' WHERE `OrderStatue` BETWEEN '1' AND '2' AND `Type` = 2 AND `ProductID` = 5 AND `InfoNo` = '17' AND `CreateUser` = 3 [ RunTime:0.0210s ]
NOTIC: [8] Undefined index: discuz_auth_key D:\WWW\tejinhui\Application\Common\Common\function.php 第 550 行.
NOTIC: [8] Undefined index: discuz_auth_key D:\WWW\tejinhui\Application\Common\Common\function.php 第 550 行.
NOTIC: [8] Undefined index: discuz_auth_key D:\WWW\tejinhui\Application\Common\Common\function.php 第 550 行.

[ 2017-03-27T15:48:35+08:00 ] 127.0.0.1 /User/Payment/index/codekey/6137ZD9GsHd-YVFDN5FNnVBccpdkeupY9Nn6wIWmTQE/type/6a72lT3gSZ0j3iOc6odLX7Mbwiew4m73yZOu1LU8DYUeqHU/codetype/2e416zh8GgvtXylnqHYMJRn-bbsN3km5ctYgViZ6.html
INFO: [ app_init ] --START--
INFO: Run Behavior\BuildLiteBehavior [ RunTime:0.000000s ]
INFO: [ app_init ] --END-- [ RunTime:0.001000s ]
INFO: [ app_begin ] --START--
INFO: Run Behavior\ReadHtmlCacheBehavior [ RunTime:0.001000s ]
INFO: [ app_begin ] --END-- [ RunTime:0.001000s ]
SQL: SHOW COLUMNS FROM `sys_web_configure` [ RunTime:0.0020s ]
SQL: SELECT * FROM `sys_web_configure` WHERE `type` = 4 LIMIT 1   [ RunTime:0.0010s ]
SQL: SHOW COLUMNS FROM `sys_web_configure` [ RunTime:0.0020s ]
SQL: SELECT * FROM `sys_web_configure` WHERE `type` = 3 LIMIT 1   [ RunTime:0.0010s ]
NOTIC: [8] Undefined index: discuz_auth_key D:\WWW\tejinhui\Application\Common\Common\function.php 第 550 行.
NOTIC: [8] Undefined index: discuz_auth_key D:\WWW\tejinhui\Application\Common\Common\function.php 第 550 行.
NOTIC: [8] Undefined index: discuz_auth_key D:\WWW\tejinhui\Application\Common\Common\function.php 第 550 行.
SQL: SHOW COLUMNS FROM `tb_order` [ RunTime:0.0030s ]
SQL: SELECT `id`,`sn`,`DealPrice`,tb_assetsproject.SubName as Title FROM `tb_order` INNER JOIN tb_assetsproject ON tb_order.InfoNo=tb_assetsproject.SubID  WHERE `id` = '271' AND `OrderStatue` = 1 LIMIT 1   [ RunTime:0.0020s ]
INFO: [ view_parse ] --START--
INFO: [ template_filter ] --START--
INFO: Run Behavior\ContentReplaceBehavior [ RunTime:0.000000s ]
INFO: [ template_filter ] --END-- [ RunTime:0.000000s ]
NOTIC: [8] Use of undefined constant codetype - assumed 'codetype' D:\WWW\tejinhui\Application\Runtime\Cache\User\8740a24f7ba7fb2d082d5893b49545e2.php 第 28 行.
INFO: Run Behavior\ParseTemplateBehavior [ RunTime:0.004000s ]
INFO: [ view_parse ] --END-- [ RunTime:0.004000s ]
INFO: [ view_filter ] --START--
INFO: Run Behavior\WriteHtmlCacheBehavior [ RunTime:0.000000s ]
INFO: [ view_filter ] --END-- [ RunTime:0.000000s ]
INFO: [ app_end ] --START--
INFO: Run Behavior\ShowPageTraceBehavior [ RunTime:0.000000s ]
INFO: [ app_end ] --END-- [ RunTime:0.000000s ]

[ 2017-03-27T15:48:36+08:00 ] 127.0.0.1 /User/payment/weixinpay_qrcode/codekey/6137ZD9GsHd-YVFDN5FNnVBccpdkeupY9Nn6wIWmTQE/type/6a72lT3gSZ0j3iOc6odLX7Mbwiew4m73yZOu1LU8DYUeqHU/codetype/2e416zh8GgvtXylnqHYMJRn-bbsN3km5ctYgViZ6.html
INFO: [ app_init ] --START--
INFO: Run Behavior\BuildLiteBehavior [ RunTime:0.000000s ]
INFO: [ app_init ] --END-- [ RunTime:0.000000s ]
INFO: [ app_begin ] --START--
INFO: Run Behavior\ReadHtmlCacheBehavior [ RunTime:0.000000s ]
INFO: [ app_begin ] --END-- [ RunTime:0.000000s ]
SQL: SHOW COLUMNS FROM `sys_web_configure` [ RunTime:0.0020s ]
SQL: SELECT * FROM `sys_web_configure` WHERE `type` = 4 LIMIT 1   [ RunTime:0.0010s ]
SQL: SHOW COLUMNS FROM `sys_web_configure` [ RunTime:0.0020s ]
SQL: SELECT * FROM `sys_web_configure` WHERE `type` = 3 LIMIT 1   [ RunTime:0.0010s ]
NOTIC: [8] Undefined index: discuz_auth_key D:\WWW\tejinhui\Application\Common\Common\function.php 第 550 行.
NOTIC: [8] Undefined index: discuz_auth_key D:\WWW\tejinhui\Application\Common\Common\function.php 第 550 行.
NOTIC: [8] Undefined index: discuz_auth_key D:\WWW\tejinhui\Application\Common\Common\function.php 第 550 行.
SQL: SHOW COLUMNS FROM `tb_order` [ RunTime:0.0020s ]
SQL: SELECT `id`,`sn`,`DealPrice`,tb_assetsproject.SubName as Title,tb_order.UpdateTime FROM `tb_order` INNER JOIN tb_assetsproject ON tb_order.InfoNo=tb_assetsproject.SubID  WHERE `id` = '271' AND `OrderStatue` = 1 LIMIT 1   [ RunTime:0.0010s ]
NOTIC: [2] Missing argument 1 for Weixinpay::__construct(), called in D:\WWW\tejinhui\Application\Common\Common\function.php on line 503 and defined D:\WWW\tejinhui\ThinkPHP\Library\Vendor\Weixinpay\Weixinpay.php 第 14 行.
INFO: [ app_end ] --START--
INFO: Run Behavior\ShowPageTraceBehavior [ RunTime:0.000000s ]
INFO: [ app_end ] --END-- [ RunTime:0.000000s ]

[ 2017-03-27T15:48:43+08:00 ] 127.0.0.1 /User/Common/memberindex.html
INFO: [ app_init ] --START--
INFO: Run Behavior\BuildLiteBehavior [ RunTime:0.000000s ]
INFO: [ app_init ] --END-- [ RunTime:0.000000s ]
INFO: [ app_begin ] --START--
INFO: Run Behavior\ReadHtmlCacheBehavior [ RunTime:0.000000s ]
INFO: [ app_begin ] --END-- [ RunTime:0.000000s ]
SQL: SHOW COLUMNS FROM `sys_web_configure` [ RunTime:0.0020s ]
SQL: SELECT * FROM `sys_web_configure` WHERE `type` = 4 LIMIT 1   [ RunTime:0.0010s ]
SQL: SHOW COLUMNS FROM `sys_web_configure` [ RunTime:0.0020s ]
SQL: SELECT * FROM `sys_web_configure` WHERE `type` = 3 LIMIT 1   [ RunTime:0.0020s ]
SQL: SHOW COLUMNS FROM `tb_memberaccount` [ RunTime:0.0020s ]
SQL: SELECT * FROM `tb_memberaccount` RIGHT JOIN tb_member ON tb_memberaccount.MemberId=tb_member.MemberId  WHERE tb_memberaccount.MemberId = '3' LIMIT 1   [ RunTime:0.0020s ]
SQL: SHOW COLUMNS FROM `sys_code` [ RunTime:0.0020s ]
SQL: SELECT * FROM `sys_code` WHERE `CodeID` = '4' LIMIT 1   [ RunTime:0.0020s ]
SQL: SHOW COLUMNS FROM `sys_code` [ RunTime:0.0020s ]
SQL: SELECT * FROM `sys_code` WHERE `CodeGroup` = 10109 LIMIT 1   [ RunTime:0.0020s ]
SQL: SHOW COLUMNS FROM `tb_area` [ RunTime:0.0030s ]
SQL: SELECT `name` FROM `tb_area` WHERE `id` = 18 LIMIT 1   [ RunTime:0.0020s ]
SQL: SELECT `name` FROM `tb_area` WHERE `id` = 273 LIMIT 1   [ RunTime:0.0010s ]
INFO: [ view_parse ] --START--
INFO: [ template_filter ] --START--
INFO: Run Behavior\ContentReplaceBehavior [ RunTime:0.000000s ]
INFO: [ template_filter ] --END-- [ RunTime:0.000000s ]
SQL: SHOW COLUMNS FROM `tb_memberblancellog` [ RunTime:0.0020s ]
SQL: SELECT ROUND(sum(OffSetValue),2) as OffSetValue FROM `tb_memberblancellog` WHERE `CreateTime` BETWEEN '2017-03-20 15:48:43' AND '2017-03-27 15:48:43' AND `MemberId` = '3' LIMIT 1   [ RunTime:0.0010s ]
SQL: SELECT * FROM `tb_memberaccount` WHERE `MemberId` = '3' LIMIT 1   [ RunTime:0.0020s ]
NOTIC: [8] Undefined index: discuz_auth_key D:\WWW\tejinhui\Application\Common\Common\function.php 第 550 行.
INFO: Run Behavior\ParseTemplateBehavior [ RunTime:0.031000s ]
INFO: [ view_parse ] --END-- [ RunTime:0.031000s ]
INFO: [ view_filter ] --START--
INFO: Run Behavior\WriteHtmlCacheBehavior [ RunTime:0.000000s ]
INFO: [ view_filter ] --END-- [ RunTime:0.000000s ]
INFO: [ app_end ] --START--
INFO: Run Behavior\ShowPageTraceBehavior [ RunTime:0.001000s ]
INFO: [ app_end ] --END-- [ RunTime:0.001000s ]

[ 2017-03-27T15:48:47+08:00 ] 127.0.0.1 /User/Common/memberindex.html
INFO: [ app_init ] --START--
INFO: Run Behavior\BuildLiteBehavior [ RunTime:0.000000s ]
INFO: [ app_init ] --END-- [ RunTime:0.000000s ]
INFO: [ app_begin ] --START--
INFO: Run Behavior\ReadHtmlCacheBehavior [ RunTime:0.001000s ]
INFO: [ app_begin ] --END-- [ RunTime:0.001000s ]
SQL: SHOW COLUMNS FROM `sys_web_configure` [ RunTime:0.0020s ]
SQL: SELECT * FROM `sys_web_configure` WHERE `type` = 4 LIMIT 1   [ RunTime:0.0010s ]
SQL: SHOW COLUMNS FROM `sys_web_configure` [ RunTime:0.0020s ]
SQL: SELECT * FROM `sys_web_configure` WHERE `type` = 3 LIMIT 1   [ RunTime:0.0010s ]
SQL: SHOW COLUMNS FROM `tb_memberaccount` [ RunTime:0.0010s ]
SQL: SELECT * FROM `tb_memberaccount` RIGHT JOIN tb_member ON tb_memberaccount.MemberId=tb_member.MemberId  WHERE tb_memberaccount.MemberId = '3' LIMIT 1   [ RunTime:0.0010s ]
SQL: SHOW COLUMNS FROM `sys_code` [ RunTime:0.0020s ]
SQL: SELECT * FROM `sys_code` WHERE `CodeID` = '4' LIMIT 1   [ RunTime:0.0020s ]
SQL: SHOW COLUMNS FROM `sys_code` [ RunTime:0.0010s ]
SQL: SELECT * FROM `sys_code` WHERE `CodeGroup` = 10109 LIMIT 1   [ RunTime:0.0010s ]
SQL: SHOW COLUMNS FROM `tb_area` [ RunTime:0.0020s ]
SQL: SELECT `name` FROM `tb_area` WHERE `id` = 18 LIMIT 1   [ RunTime:0.0010s ]
SQL: SELECT `name` FROM `tb_area` WHERE `id` = 273 LIMIT 1   [ RunTime:0.0020s ]
INFO: [ view_parse ] --START--
INFO: [ template_filter ] --START--
INFO: Run Behavior\ContentReplaceBehavior [ RunTime:0.000000s ]
INFO: [ template_filter ] --END-- [ RunTime:0.000000s ]
SQL: SHOW COLUMNS FROM `tb_memberblancellog` [ RunTime:0.0020s ]
SQL: SELECT ROUND(sum(OffSetValue),2) as OffSetValue FROM `tb_memberblancellog` WHERE `CreateTime` BETWEEN '2017-03-20 15:48:47' AND '2017-03-27 15:48:47' AND `MemberId` = '3' LIMIT 1   [ RunTime:0.0010s ]
SQL: SELECT * FROM `tb_memberaccount` WHERE `MemberId` = '3' LIMIT 1   [ RunTime:0.0020s ]
NOTIC: [8] Undefined index: discuz_auth_key D:\WWW\tejinhui\Application\Common\Common\function.php 第 550 行.
INFO: Run Behavior\ParseTemplateBehavior [ RunTime:0.010000s ]
INFO: [ view_parse ] --END-- [ RunTime:0.010000s ]
INFO: [ view_filter ] --START--
INFO: Run Behavior\WriteHtmlCacheBehavior [ RunTime:0.001000s ]
INFO: [ view_filter ] --END-- [ RunTime:0.001000s ]
INFO: [ app_end ] --START--
INFO: Run Behavior\ShowPageTraceBehavior [ RunTime:0.000000s ]
INFO: [ app_end ] --END-- [ RunTime:0.000000s ]

