[ 2015-08-09T21:59:25+08:00 ] ::1 /WeChatThink/
INFO: [ app_init ] --START--
INFO: Run Behavior\BuildLiteBehavior [ RunTime:0.000491s ]
INFO: [ app_init ] --END-- [ RunTime:0.045147s ]
INFO: [ app_begin ] --START--
INFO: Run Behavior\ReadHtmlCacheBehavior [ RunTime:0.023961s ]
INFO: [ app_begin ] --END-- [ RunTime:0.026417s ]
INFO: [ view_parse ] --START--
INFO: [ template_filter ] --START--
INFO: Run Behavior\ContentReplaceBehavior [ RunTime:0.000447s ]
INFO: [ template_filter ] --END-- [ RunTime:0.001317s ]
INFO: Run Behavior\ParseTemplateBehavior [ RunTime:0.082034s ]
INFO: [ view_parse ] --END-- [ RunTime:0.082993s ]
INFO: [ view_filter ] --START--
INFO: Run Behavior\WriteHtmlCacheBehavior [ RunTime:0.013938s ]
INFO: [ view_filter ] --END-- [ RunTime:0.014705s ]
INFO: [ app_end ] --START--
INFO: Run Behavior\ShowPageTraceBehavior [ RunTime:0.025579s ]
INFO: [ app_end ] --END-- [ RunTime:0.026432s ]

[ 2015-08-09T22:26:01+08:00 ] ::1 /WeChatThink/
INFO: [ app_init ] --START--
INFO: Run Behavior\BuildLiteBehavior [ RunTime:0.000216s ]
INFO: [ app_init ] --END-- [ RunTime:0.147956s ]
INFO: [ app_begin ] --START--
INFO: Run Behavior\ReadHtmlCacheBehavior [ RunTime:0.030162s ]
INFO: [ app_begin ] --END-- [ RunTime:0.033607s ]
INFO: [ app_end ] --START--
INFO: Run Behavior\ShowPageTraceBehavior [ RunTime:0.034743s ]
INFO: [ app_end ] --END-- [ RunTime:0.036903s ]

[ 2015-08-09T22:26:28+08:00 ] ::1 /WeChatThink/
INFO: [ app_init ] --START--
INFO: Run Behavior\BuildLiteBehavior [ RunTime:0.000223s ]
INFO: [ app_init ] --END-- [ RunTime:0.001728s ]
INFO: [ app_begin ] --START--
INFO: Run Behavior\ReadHtmlCacheBehavior [ RunTime:0.001040s ]
INFO: [ app_begin ] --END-- [ RunTime:0.002028s ]
INFO: [ app_end ] --START--
INFO: Run Behavior\ShowPageTraceBehavior [ RunTime:0.001041s ]
INFO: [ app_end ] --END-- [ RunTime:0.002029s ]

