[ 2017-06-30T09:24:03+08:00 ] 127.0.0.1 /Qrcode/Index/qrcode/code/http%253A%252F%252Fwww.3qqq.com%252FHome%252Flists%252Fcontent%252FAssetsID%252F154%252Fcard%252F5968Xa070JAE6_NjOw65rHw4KXoIWt-UJSpKyY8.html.html
INFO: [ app_init ] --START--
INFO: Run Behavior\BuildLiteBehavior [ RunTime:0.000000s ]
INFO: [ app_init ] --END-- [ RunTime:0.000000s ]
INFO: [ app_begin ] --START--
INFO: Run Behavior\ReadHtmlCacheBehavior [ RunTime:0.001000s ]
INFO: [ app_begin ] --END-- [ RunTime:0.001000s ]
INFO: [ app_end ] --START--
INFO: Run Behavior\ShowPageTraceBehavior [ RunTime:0.000000s ]
INFO: [ app_end ] --END-- [ RunTime:0.000000s ]

[ 2017-06-30T09:24:04+08:00 ] 127.0.0.1 /Qrcode/Index/qrcode/code/http%253A%252F%252Fwww.3qqq.com%252FHome%252Flists%252Fcontent%252FAssetsID%252F178%252Fcard%252F5968Xa070JAE6_NjOw65rHw4KXoIWt-UJSpKyY8.html.html
INFO: [ app_init ] --START--
INFO: Run Behavior\BuildLiteBehavior [ RunTime:0.000000s ]
INFO: [ app_init ] --END-- [ RunTime:0.001000s ]
INFO: [ app_begin ] --START--
INFO: Run Behavior\ReadHtmlCacheBehavior [ RunTime:0.001000s ]
INFO: [ app_begin ] --END-- [ RunTime:0.001000s ]
INFO: [ app_end ] --START--
INFO: Run Behavior\ShowPageTraceBehavior [ RunTime:0.001000s ]
INFO: [ app_end ] --END-- [ RunTime:0.001000s ]

[ 2017-06-30T10:12:21+08:00 ] 127.0.0.1 /Qrcode/Index/qrcode/code/http%253A%252F%252Fwww.3qqq.com%252FHome%252Flists%252Fcontent%252FAssetsID%252F154%252Fcard%252Fff5f_Z6woyipYBDNiAp-xfyjlhz7kb7fukIY_Co.html.html
INFO: [ app_init ] --START--
INFO: Run Behavior\BuildLiteBehavior [ RunTime:0.000000s ]
INFO: [ app_init ] --END-- [ RunTime:0.000000s ]
INFO: [ app_begin ] --START--
INFO: Run Behavior\ReadHtmlCacheBehavior [ RunTime:0.000000s ]
INFO: [ app_begin ] --END-- [ RunTime:0.000000s ]
INFO: [ app_end ] --START--
INFO: Run Behavior\ShowPageTraceBehavior [ RunTime:0.000000s ]
INFO: [ app_end ] --END-- [ RunTime:0.000000s ]

[ 2017-06-30T10:12:22+08:00 ] 127.0.0.1 /Qrcode/Index/qrcode/code/http%253A%252F%252Fwww.3qqq.com%252FHome%252Flists%252Fcontent%252FAssetsID%252F178%252Fcard%252Fc474oWo3RgD2a4wwPtDIN-rKIH4V32UHovjroDI.html.html
INFO: [ app_init ] --START--
INFO: Run Behavior\BuildLiteBehavior [ RunTime:0.000000s ]
INFO: [ app_init ] --END-- [ RunTime:0.001000s ]
INFO: [ app_begin ] --START--
INFO: Run Behavior\ReadHtmlCacheBehavior [ RunTime:0.000000s ]
INFO: [ app_begin ] --END-- [ RunTime:0.000000s ]
INFO: [ app_end ] --START--
INFO: Run Behavior\ShowPageTraceBehavior [ RunTime:0.000000s ]
INFO: [ app_end ] --END-- [ RunTime:0.000000s ]

[ 2017-06-30T10:30:43+08:00 ] 127.0.0.1 /Qrcode/Index/qrcode/code/http%253A%252F%252Fwww.3qqq.com%252FHome%252Flists%252Fcontent%252FAssetsID%252F154%252Fcard%252Fb5efxccg6ovOXu8R_iOmvIePvB-vnsQEj3yHTsI.html.html
INFO: [ app_init ] --START--
INFO: Run Behavior\BuildLiteBehavior [ RunTime:0.000000s ]
INFO: [ app_init ] --END-- [ RunTime:0.000000s ]
INFO: [ app_begin ] --START--
INFO: Run Behavior\ReadHtmlCacheBehavior [ RunTime:0.000000s ]
INFO: [ app_begin ] --END-- [ RunTime:0.000000s ]
INFO: [ app_end ] --START--
INFO: Run Behavior\ShowPageTraceBehavior [ RunTime:0.001000s ]
INFO: [ app_end ] --END-- [ RunTime:0.001000s ]

[ 2017-06-30T10:30:44+08:00 ] 127.0.0.1 /Qrcode/Index/qrcode/code/http%253A%252F%252Fwww.3qqq.com%252FHome%252Flists%252Fcontent%252FAssetsID%252F178%252Fcard%252Ff721SCKmxwV7XrI9im22CwviTciGUCcjWhYzavU.html.html
INFO: [ app_init ] --START--
INFO: Run Behavior\BuildLiteBehavior [ RunTime:0.000000s ]
INFO: [ app_init ] --END-- [ RunTime:0.000000s ]
INFO: [ app_begin ] --START--
INFO: Run Behavior\ReadHtmlCacheBehavior [ RunTime:0.000000s ]
INFO: [ app_begin ] --END-- [ RunTime:0.000000s ]
INFO: [ app_end ] --START--
INFO: Run Behavior\ShowPageTraceBehavior [ RunTime:0.000000s ]
INFO: [ app_end ] --END-- [ RunTime:0.000000s ]

[ 2017-06-30T10:31:21+08:00 ] 127.0.0.1 /Qrcode/Index/qrcode/code/http%253A%252F%252Fwww.3qqq.com%252FHome%252Flists%252Fcontent%252FAssetsID%252F154%252Fcard%252F7f8a50R5K9xu70B9yi9K9GBKpU8ShodQX7yA9Gk.html.html
INFO: [ app_init ] --START--
INFO: Run Behavior\BuildLiteBehavior [ RunTime:0.000000s ]
INFO: [ app_init ] --END-- [ RunTime:0.000000s ]
INFO: [ app_begin ] --START--
INFO: Run Behavior\ReadHtmlCacheBehavior [ RunTime:0.000000s ]
INFO: [ app_begin ] --END-- [ RunTime:0.000000s ]
INFO: [ app_end ] --START--
INFO: Run Behavior\ShowPageTraceBehavior [ RunTime:0.000000s ]
INFO: [ app_end ] --END-- [ RunTime:0.000000s ]

[ 2017-06-30T10:31:43+08:00 ] 127.0.0.1 /Qrcode/Index/qrcode/code/http%253A%252F%252Fwww.3qqq.com%252FHome%252Flists%252Fcontent%252FAssetsID%252F154%252Fcard%252Fb4df-z3Q33vvsPNdcdttO1b8nKji4VzbNYdn-JU.html.html
INFO: [ app_init ] --START--
INFO: Run Behavior\BuildLiteBehavior [ RunTime:0.000000s ]
INFO: [ app_init ] --END-- [ RunTime:0.000000s ]
INFO: [ app_begin ] --START--
INFO: Run Behavior\ReadHtmlCacheBehavior [ RunTime:0.000000s ]
INFO: [ app_begin ] --END-- [ RunTime:0.001000s ]
INFO: [ app_end ] --START--
INFO: Run Behavior\ShowPageTraceBehavior [ RunTime:0.000000s ]
INFO: [ app_end ] --END-- [ RunTime:0.000000s ]

[ 2017-06-30T10:32:43+08:00 ] 127.0.0.1 /Qrcode/Index/qrcode/code/http%253A%252F%252Fwww.3qqq.com%252FHome%252Flists%252Fcontent%252FAssetsID%252F154%252Fcard%252F97cdzuGU9NXyThwSZUfbcbE8z-fhmvheCyZxFZ4.html.html
INFO: [ app_init ] --START--
INFO: Run Behavior\BuildLiteBehavior [ RunTime:0.000000s ]
INFO: [ app_init ] --END-- [ RunTime:0.000000s ]
INFO: [ app_begin ] --START--
INFO: Run Behavior\ReadHtmlCacheBehavior [ RunTime:0.000000s ]
INFO: [ app_begin ] --END-- [ RunTime:0.000000s ]
INFO: [ app_end ] --START--
INFO: Run Behavior\ShowPageTraceBehavior [ RunTime:0.000000s ]
INFO: [ app_end ] --END-- [ RunTime:0.000000s ]

[ 2017-06-30T10:33:09+08:00 ] 127.0.0.1 /Qrcode/Index/qrcode/code/http%253A%252F%252Fwww.3qqq.com%252FHome%252Flists%252Fcontent%252FAssetsID%252F154%252Fcard%252F8b294GwnYedi_r9VYh0vxe53s5h_6p31dh7bkYo.html.html
INFO: [ app_init ] --START--
INFO: Run Behavior\BuildLiteBehavior [ RunTime:0.000000s ]
INFO: [ app_init ] --END-- [ RunTime:0.000000s ]
INFO: [ app_begin ] --START--
INFO: Run Behavior\ReadHtmlCacheBehavior [ RunTime:0.000000s ]
INFO: [ app_begin ] --END-- [ RunTime:0.000000s ]
INFO: [ app_end ] --START--
INFO: Run Behavior\ShowPageTraceBehavior [ RunTime:0.001000s ]
INFO: [ app_end ] --END-- [ RunTime:0.001000s ]

[ 2017-06-30T10:33:10+08:00 ] 127.0.0.1 /Qrcode/Index/qrcode/code/http%253A%252F%252Fwww.3qqq.com%252FHome%252Flists%252Fcontent%252FAssetsID%252F186%252Fcard%252F8b294GwnYedi_r9VYh0vxe53s5h_6p31dh7bkYo.html.html
INFO: [ app_init ] --START--
INFO: Run Behavior\BuildLiteBehavior [ RunTime:0.000000s ]
INFO: [ app_init ] --END-- [ RunTime:0.001000s ]
INFO: [ app_begin ] --START--
INFO: Run Behavior\ReadHtmlCacheBehavior [ RunTime:0.001000s ]
INFO: [ app_begin ] --END-- [ RunTime:0.001000s ]
INFO: [ app_end ] --START--
INFO: Run Behavior\ShowPageTraceBehavior [ RunTime:0.000000s ]
INFO: [ app_end ] --END-- [ RunTime:0.000000s ]

[ 2017-06-30T10:43:28+08:00 ] 127.0.0.1 /Qrcode/Index/qrcode/code/http%253A%252F%252Fwww.3qqq.com%252FHome%252Flists%252Fcontent%252FAssetsID%252F154%252Fcard%252Fdc31JLCCoUgtEljlr7ugzHl-uB5qs3rYzjoQzuI.html.html
INFO: [ app_init ] --START--
INFO: Run Behavior\BuildLiteBehavior [ RunTime:0.000000s ]
INFO: [ app_init ] --END-- [ RunTime:0.001000s ]
INFO: [ app_begin ] --START--
INFO: Run Behavior\ReadHtmlCacheBehavior [ RunTime:0.001000s ]
INFO: [ app_begin ] --END-- [ RunTime:0.001000s ]
INFO: [ app_end ] --START--
INFO: Run Behavior\ShowPageTraceBehavior [ RunTime:0.001000s ]
INFO: [ app_end ] --END-- [ RunTime:0.001000s ]

[ 2017-06-30T10:43:29+08:00 ] 127.0.0.1 /Qrcode/Index/qrcode/code/http%253A%252F%252Fwww.3qqq.com%252FHome%252Flists%252Fcontent%252FAssetsIDrent%252F186%252Fcard%252F32d1o9NLYQOP3T7XJUrn_q9Q1emUSSI5XX5RvJs.html.html
INFO: [ app_init ] --START--
INFO: Run Behavior\BuildLiteBehavior [ RunTime:0.000000s ]
INFO: [ app_init ] --END-- [ RunTime:0.001000s ]
INFO: [ app_begin ] --START--
INFO: Run Behavior\ReadHtmlCacheBehavior [ RunTime:0.001000s ]
INFO: [ app_begin ] --END-- [ RunTime:0.001000s ]
INFO: [ app_end ] --START--
INFO: Run Behavior\ShowPageTraceBehavior [ RunTime:0.001000s ]
INFO: [ app_end ] --END-- [ RunTime:0.001000s ]

[ 2017-06-30T10:47:55+08:00 ] 127.0.0.1 /Qrcode/Index/qrcode/code/http%253A%252F%252Fwww.3qqq.com%252FHome%252Flists%252Fcontent%252FAssetsID%252F154%252Fcard%252Ff540W1euf8MNAoTH6TC87Skmr2usbZBxiS0eDX8.html.html
INFO: [ app_init ] --START--
INFO: Run Behavior\BuildLiteBehavior [ RunTime:0.000000s ]
INFO: [ app_init ] --END-- [ RunTime:0.000000s ]
INFO: [ app_begin ] --START--
INFO: Run Behavior\ReadHtmlCacheBehavior [ RunTime:0.001000s ]
INFO: [ app_begin ] --END-- [ RunTime:0.001000s ]
INFO: [ app_end ] --START--
INFO: Run Behavior\ShowPageTraceBehavior [ RunTime:0.001000s ]
INFO: [ app_end ] --END-- [ RunTime:0.001000s ]

[ 2017-06-30T10:47:56+08:00 ] 127.0.0.1 /Qrcode/Index/qrcode/code/http%253A%252F%252Fwww.3qqq.com%252FHome%252Flists%252Fcontent%252FAssetsIDrent%252F186%252Fcard%252Ff540W1euf8MNAoTH6TC87Skmr2usbZBxiS0eDX8.html.html
INFO: [ app_init ] --START--
INFO: Run Behavior\BuildLiteBehavior [ RunTime:0.000000s ]
INFO: [ app_init ] --END-- [ RunTime:0.000000s ]
INFO: [ app_begin ] --START--
INFO: Run Behavior\ReadHtmlCacheBehavior [ RunTime:0.000000s ]
INFO: [ app_begin ] --END-- [ RunTime:0.000000s ]
INFO: [ app_end ] --START--
INFO: Run Behavior\ShowPageTraceBehavior [ RunTime:0.001000s ]
INFO: [ app_end ] --END-- [ RunTime:0.001000s ]

[ 2017-06-30T10:48:22+08:00 ] 127.0.0.1 /Qrcode/Index/qrcode/code/http%253A%252F%252Fwww.3qqq.com%252FHome%252Flists%252Fcontent%252FAssetsID%252F154%252Fcard%252Ff00aBqO6Fc_2RRXUtqhBFaaAb1IykP6MMLxp8R4.html.html
INFO: [ app_init ] --START--
INFO: Run Behavior\BuildLiteBehavior [ RunTime:0.000000s ]
INFO: [ app_init ] --END-- [ RunTime:0.000000s ]
INFO: [ app_begin ] --START--
INFO: Run Behavior\ReadHtmlCacheBehavior [ RunTime:0.001000s ]
INFO: [ app_begin ] --END-- [ RunTime:0.001000s ]
INFO: [ app_end ] --START--
INFO: Run Behavior\ShowPageTraceBehavior [ RunTime:0.000000s ]
INFO: [ app_end ] --END-- [ RunTime:0.000000s ]

[ 2017-06-30T10:48:23+08:00 ] 127.0.0.1 /Qrcode/Index/qrcode/code/http%253A%252F%252Fwww.3qqq.com%252FHome%252Flists%252Fcontent%252FAssetsIDrent%252F186%252Fcard%252Ff00aBqO6Fc_2RRXUtqhBFaaAb1IykP6MMLxp8R4.html.html
INFO: [ app_init ] --START--
INFO: Run Behavior\BuildLiteBehavior [ RunTime:0.000000s ]
INFO: [ app_init ] --END-- [ RunTime:0.000000s ]
INFO: [ app_begin ] --START--
INFO: Run Behavior\ReadHtmlCacheBehavior [ RunTime:0.001000s ]
INFO: [ app_begin ] --END-- [ RunTime:0.001000s ]
INFO: [ app_end ] --START--
INFO: Run Behavior\ShowPageTraceBehavior [ RunTime:0.001000s ]
INFO: [ app_end ] --END-- [ RunTime:0.001000s ]

[ 2017-06-30T10:48:26+08:00 ] 127.0.0.1 /Qrcode/Index/qrcode/code/http%253A%252F%252Fwww.3qqq.com%252FHome%252Flists%252Fcontent%252FAssetsID%252F154%252Fcard%252F3491UpWbLAhdswMrvV41DDNociGOPTe_I5yMHh0.html.html
INFO: [ app_init ] --START--
INFO: Run Behavior\BuildLiteBehavior [ RunTime:0.000000s ]
INFO: [ app_init ] --END-- [ RunTime:0.001000s ]
INFO: [ app_begin ] --START--
INFO: Run Behavior\ReadHtmlCacheBehavior [ RunTime:0.000000s ]
INFO: [ app_begin ] --END-- [ RunTime:0.000000s ]
INFO: [ app_end ] --START--
INFO: Run Behavior\ShowPageTraceBehavior [ RunTime:0.000000s ]
INFO: [ app_end ] --END-- [ RunTime:0.000000s ]

[ 2017-06-30T10:48:27+08:00 ] 127.0.0.1 /Qrcode/Index/qrcode/code/http%253A%252F%252Fwww.3qqq.com%252FHome%252Flists%252Fcontent%252FAssetsIDrent%252F186%252Fcard%252F3491UpWbLAhdswMrvV41DDNociGOPTe_I5yMHh0.html.html
INFO: [ app_init ] --START--
INFO: Run Behavior\BuildLiteBehavior [ RunTime:0.000000s ]
INFO: [ app_init ] --END-- [ RunTime:0.000000s ]
INFO: [ app_begin ] --START--
INFO: Run Behavior\ReadHtmlCacheBehavior [ RunTime:0.000000s ]
INFO: [ app_begin ] --END-- [ RunTime:0.000000s ]
INFO: [ app_end ] --START--
INFO: Run Behavior\ShowPageTraceBehavior [ RunTime:0.001000s ]
INFO: [ app_end ] --END-- [ RunTime:0.001000s ]

[ 2017-06-30T10:55:48+08:00 ] 127.0.0.1 /Qrcode/Index/qrcode/code/http%253A%252F%252Fwww.3qqq.com%252FHome%252Flists%252Fcontent%252FAssetsID%252F154%252Fcard%252F3491UpWbLAhdswMrvV41DDNociGOPTe_I5yMHh0.html.html
INFO: [ app_init ] --START--
INFO: Run Behavior\BuildLiteBehavior [ RunTime:0.000000s ]
INFO: [ app_init ] --END-- [ RunTime:0.000000s ]
INFO: [ app_begin ] --START--
INFO: Run Behavior\ReadHtmlCacheBehavior [ RunTime:0.001000s ]
INFO: [ app_begin ] --END-- [ RunTime:0.001000s ]
INFO: [ app_end ] --START--
INFO: Run Behavior\ShowPageTraceBehavior [ RunTime:0.001000s ]
INFO: [ app_end ] --END-- [ RunTime:0.001000s ]

[ 2017-06-30T10:55:49+08:00 ] 127.0.0.1 /Qrcode/Index/qrcode/code/http%253A%252F%252Fwww.3qqq.com%252FHome%252Flists%252Fcontent%252FAssetsIDrent%252F186%252Fcard%252F3491UpWbLAhdswMrvV41DDNociGOPTe_I5yMHh0.html.html
INFO: [ app_init ] --START--
INFO: Run Behavior\BuildLiteBehavior [ RunTime:0.000000s ]
INFO: [ app_init ] --END-- [ RunTime:0.000000s ]
INFO: [ app_begin ] --START--
INFO: Run Behavior\ReadHtmlCacheBehavior [ RunTime:0.001000s ]
INFO: [ app_begin ] --END-- [ RunTime:0.001000s ]
INFO: [ app_end ] --START--
INFO: Run Behavior\ShowPageTraceBehavior [ RunTime:0.000000s ]
INFO: [ app_end ] --END-- [ RunTime:0.000000s ]

[ 2017-06-30T14:48:10+08:00 ] 127.0.0.1 /Qrcode/Index/qrcode/code/http%253A%252F%252Fwww.3qqq.com%252FHome%252Flists%252Fcontent%252FAssetsID%252F154%252Fcard%252FeaeeuvSl6KunIE2BQLUpZtPOY1lJkqICb3-QxR1Q.html.html
INFO: [ app_init ] --START--
INFO: Run Behavior\BuildLiteBehavior [ RunTime:0.000000s ]
INFO: [ app_init ] --END-- [ RunTime:0.001000s ]
INFO: [ app_begin ] --START--
INFO: Run Behavior\ReadHtmlCacheBehavior [ RunTime:0.003000s ]
INFO: [ app_begin ] --END-- [ RunTime:0.003000s ]
INFO: [ app_end ] --START--
INFO: Run Behavior\ShowPageTraceBehavior [ RunTime:0.000000s ]
INFO: [ app_end ] --END-- [ RunTime:0.001000s ]

[ 2017-06-30T14:48:11+08:00 ] 127.0.0.1 /Qrcode/Index/qrcode/code/http%253A%252F%252Fwww.3qqq.com%252FHome%252Flists%252Fcontent%252FAssetsIDrent%252F186%252Fcard%252Fb8e0szYYQgZAbvQxDP3vZbxLb7OXXi1_kveySTvy.html.html
INFO: [ app_init ] --START--
INFO: Run Behavior\BuildLiteBehavior [ RunTime:0.000000s ]
INFO: [ app_init ] --END-- [ RunTime:0.000000s ]
INFO: [ app_begin ] --START--
INFO: Run Behavior\ReadHtmlCacheBehavior [ RunTime:0.001000s ]
INFO: [ app_begin ] --END-- [ RunTime:0.001000s ]
INFO: [ app_end ] --START--
INFO: Run Behavior\ShowPageTraceBehavior [ RunTime:0.000000s ]
INFO: [ app_end ] --END-- [ RunTime:0.000000s ]

[ 2017-06-30T16:20:04+08:00 ] 127.0.0.1 /Qrcode/Index/qrcode/code/http%253A%252F%252Fwww.3qqq.com%252FHome%252Flists%252Fcontent%252FAssetsID%252F154%252Fcard%252F10a72PMTGnBxAW_AT3nWhpV4VjLM54leL_kypth1.html.html
INFO: [ app_init ] --START--
INFO: Run Behavior\BuildLiteBehavior [ RunTime:0.001000s ]
INFO: [ app_init ] --END-- [ RunTime:0.001000s ]
INFO: [ app_begin ] --START--
INFO: Run Behavior\ReadHtmlCacheBehavior [ RunTime:0.000000s ]
INFO: [ app_begin ] --END-- [ RunTime:0.000000s ]
INFO: [ app_end ] --START--
INFO: Run Behavior\ShowPageTraceBehavior [ RunTime:0.001000s ]
INFO: [ app_end ] --END-- [ RunTime:0.001000s ]

[ 2017-06-30T16:20:05+08:00 ] 127.0.0.1 /Qrcode/Index/qrcode/code/http%253A%252F%252Fwww.3qqq.com%252FHome%252Flists%252Fcontent%252FAssetsIDrent%252F186%252Fcard%252Fe3866udo01FCUV2TpPySmf1RnpfCLVNU0kxNIEfT.html.html
INFO: [ app_init ] --START--
INFO: Run Behavior\BuildLiteBehavior [ RunTime:0.000000s ]
INFO: [ app_init ] --END-- [ RunTime:0.001000s ]
INFO: [ app_begin ] --START--
INFO: Run Behavior\ReadHtmlCacheBehavior [ RunTime:0.000000s ]
INFO: [ app_begin ] --END-- [ RunTime:0.000000s ]
INFO: [ app_end ] --START--
INFO: Run Behavior\ShowPageTraceBehavior [ RunTime:0.001000s ]
INFO: [ app_end ] --END-- [ RunTime:0.001000s ]

[ 2017-06-30T16:20:13+08:00 ] 127.0.0.1 /Qrcode/Index/qrcode/code/http%253A%252F%252Fwww.3qqq.com%252FHome%252Flists%252Fcontent%252FAssetsID%252F154%252Fcard%252Fd99cZRhLg4grj49EQ1sew02loORq1xJmmMih6jFx.html.html
INFO: [ app_init ] --START--
INFO: Run Behavior\BuildLiteBehavior [ RunTime:0.000000s ]
INFO: [ app_init ] --END-- [ RunTime:0.000000s ]
INFO: [ app_begin ] --START--
INFO: Run Behavior\ReadHtmlCacheBehavior [ RunTime:0.000000s ]
INFO: [ app_begin ] --END-- [ RunTime:0.000000s ]
INFO: [ app_end ] --START--
INFO: Run Behavior\ShowPageTraceBehavior [ RunTime:0.001000s ]
INFO: [ app_end ] --END-- [ RunTime:0.001000s ]

[ 2017-06-30T16:20:14+08:00 ] 127.0.0.1 /Qrcode/Index/qrcode/code/http%253A%252F%252Fwww.3qqq.com%252FHome%252Flists%252Fcontent%252FAssetsIDrent%252F186%252Fcard%252F9717fmysGOKDQ94XOfDEnthrqwCQnEWIRxJXC8Op.html.html
INFO: [ app_init ] --START--
INFO: Run Behavior\BuildLiteBehavior [ RunTime:0.000000s ]
INFO: [ app_init ] --END-- [ RunTime:0.000000s ]
INFO: [ app_begin ] --START--
INFO: Run Behavior\ReadHtmlCacheBehavior [ RunTime:0.000000s ]
INFO: [ app_begin ] --END-- [ RunTime:0.000000s ]
INFO: [ app_end ] --START--
INFO: Run Behavior\ShowPageTraceBehavior [ RunTime:0.000000s ]
INFO: [ app_end ] --END-- [ RunTime:0.000000s ]

[ 2017-06-30T16:20:18+08:00 ] 127.0.0.1 /Qrcode/Index/qrcode/code/http%253A%252F%252Fwww.3qqq.com%252FHome%252Flists%252Fcontent%252FAssetsID%252F154%252Fcard%252Fd99cZRhLg4grj49EQ1sew02loORq1xJmmMih6jFx.html.html
INFO: [ app_init ] --START--
INFO: Run Behavior\BuildLiteBehavior [ RunTime:0.000000s ]
INFO: [ app_init ] --END-- [ RunTime:0.000000s ]
INFO: [ app_begin ] --START--
INFO: Run Behavior\ReadHtmlCacheBehavior [ RunTime:0.000000s ]
INFO: [ app_begin ] --END-- [ RunTime:0.000000s ]
INFO: [ app_end ] --START--
INFO: Run Behavior\ShowPageTraceBehavior [ RunTime:0.001000s ]
INFO: [ app_end ] --END-- [ RunTime:0.001000s ]

[ 2017-06-30T16:20:19+08:00 ] 127.0.0.1 /Qrcode/Index/qrcode/code/http%253A%252F%252Fwww.3qqq.com%252FHome%252Flists%252Fcontent%252FAssetsIDrent%252F186%252Fcard%252F9717fmysGOKDQ94XOfDEnthrqwCQnEWIRxJXC8Op.html.html
INFO: [ app_init ] --START--
INFO: Run Behavior\BuildLiteBehavior [ RunTime:0.000000s ]
INFO: [ app_init ] --END-- [ RunTime:0.000000s ]
INFO: [ app_begin ] --START--
INFO: Run Behavior\ReadHtmlCacheBehavior [ RunTime:0.001000s ]
INFO: [ app_begin ] --END-- [ RunTime:0.001000s ]
INFO: [ app_end ] --START--
INFO: Run Behavior\ShowPageTraceBehavior [ RunTime:0.000000s ]
INFO: [ app_end ] --END-- [ RunTime:0.000000s ]

[ 2017-06-30T16:57:12+08:00 ] 127.0.0.1 /Qrcode/Index/qrcode/code/http%253A%252F%252Fwww.3qqq.com%252FHome%252Flists%252Fcontent%252FAssetsID%252F154%252Fcard%252Fc865JSSNUtUCU6xMK5lpOrMNm0YGSV7lNGxhZe2u.html.html
INFO: [ app_init ] --START--
INFO: Run Behavior\BuildLiteBehavior [ RunTime:0.000000s ]
INFO: [ app_init ] --END-- [ RunTime:0.001000s ]
INFO: [ app_begin ] --START--
INFO: Run Behavior\ReadHtmlCacheBehavior [ RunTime:0.000000s ]
INFO: [ app_begin ] --END-- [ RunTime:0.000000s ]
INFO: [ app_end ] --START--
INFO: Run Behavior\ShowPageTraceBehavior [ RunTime:0.000000s ]
INFO: [ app_end ] --END-- [ RunTime:0.000000s ]

[ 2017-06-30T16:57:13+08:00 ] 127.0.0.1 /Qrcode/Index/qrcode/code/http%253A%252F%252Fwww.3qqq.com%252FHome%252Flists%252Fcontent%252FAssetsIDrent%252F186%252Fcard%252FfebaVg3mxaBhDBj3w09hWzzzK1Np3AdeaXNfiFee.html.html
INFO: [ app_init ] --START--
INFO: Run Behavior\BuildLiteBehavior [ RunTime:0.000000s ]
INFO: [ app_init ] --END-- [ RunTime:0.001000s ]
INFO: [ app_begin ] --START--
INFO: Run Behavior\ReadHtmlCacheBehavior [ RunTime:0.001000s ]
INFO: [ app_begin ] --END-- [ RunTime:0.001000s ]
INFO: [ app_end ] --START--
INFO: Run Behavior\ShowPageTraceBehavior [ RunTime:0.000000s ]
INFO: [ app_end ] --END-- [ RunTime:0.000000s ]

[ 2017-06-30T16:57:14+08:00 ] 127.0.0.1 /Qrcode/Index/qrcode/code/http%253A%252F%252Fwww.3qqq.com%252FHome%252Flists%252Fcontent%252FAssetsID%252F154%252Fcard%252F1b68XRpXrQVcjj9forGNgXXAmbLTXHrh3kXUYmNP.html.html
INFO: [ app_init ] --START--
INFO: Run Behavior\BuildLiteBehavior [ RunTime:0.000000s ]
INFO: [ app_init ] --END-- [ RunTime:0.000000s ]
INFO: [ app_begin ] --START--
INFO: Run Behavior\ReadHtmlCacheBehavior [ RunTime:0.001000s ]
INFO: [ app_begin ] --END-- [ RunTime:0.001000s ]
INFO: [ app_end ] --START--
INFO: Run Behavior\ShowPageTraceBehavior [ RunTime:0.001000s ]
INFO: [ app_end ] --END-- [ RunTime:0.001000s ]

[ 2017-06-30T16:57:15+08:00 ] 127.0.0.1 /Qrcode/Index/qrcode/code/http%253A%252F%252Fwww.3qqq.com%252FHome%252Flists%252Fcontent%252FAssetsIDrent%252F186%252Fcard%252F1b68XRpXrQVcjj9forGNgXXAmbLTXHrh3kXUYmNP.html.html
INFO: [ app_init ] --START--
INFO: Run Behavior\BuildLiteBehavior [ RunTime:0.000000s ]
INFO: [ app_init ] --END-- [ RunTime:0.000000s ]
INFO: [ app_begin ] --START--
INFO: Run Behavior\ReadHtmlCacheBehavior [ RunTime:0.000000s ]
INFO: [ app_begin ] --END-- [ RunTime:0.000000s ]
INFO: [ app_end ] --START--
INFO: Run Behavior\ShowPageTraceBehavior [ RunTime:0.000000s ]
INFO: [ app_end ] --END-- [ RunTime:0.000000s ]

[ 2017-06-30T18:00:50+08:00 ] 127.0.0.1 /Qrcode/Index/qrcode/code/http%253A%252F%252Fwww.3qqq.com%252FHome%252Flists%252Fcontent%252FAssetsIDrent%252F186%252Fcard%252F97a8a6-h8Qf2--FFMwFt6LT1LqdiDj-H-i92DWvI.html.html
INFO: [ app_init ] --START--
INFO: Run Behavior\BuildLiteBehavior [ RunTime:0.000000s ]
INFO: [ app_init ] --END-- [ RunTime:0.001000s ]
INFO: [ app_begin ] --START--
INFO: Run Behavior\ReadHtmlCacheBehavior [ RunTime:0.000000s ]
INFO: [ app_begin ] --END-- [ RunTime:0.000000s ]
INFO: [ app_end ] --START--
INFO: Run Behavior\ShowPageTraceBehavior [ RunTime:0.001000s ]
INFO: [ app_end ] --END-- [ RunTime:0.001000s ]

[ 2017-06-30T18:00:51+08:00 ] 127.0.0.1 /Qrcode/Index/qrcode/code/http%253A%252F%252Fwww.3qqq.com%252FHome%252Flists%252Fcontent%252FAssetsID%252F154%252Fcard%252F97a8a6-h8Qf2--FFMwFt6LT1LqdiDj-H-i92DWvI.html.html
INFO: [ app_init ] --START--
INFO: Run Behavior\BuildLiteBehavior [ RunTime:0.000000s ]
INFO: [ app_init ] --END-- [ RunTime:0.000000s ]
INFO: [ app_begin ] --START--
INFO: Run Behavior\ReadHtmlCacheBehavior [ RunTime:0.001000s ]
INFO: [ app_begin ] --END-- [ RunTime:0.001000s ]
INFO: [ app_end ] --START--
INFO: Run Behavior\ShowPageTraceBehavior [ RunTime:0.001000s ]
INFO: [ app_end ] --END-- [ RunTime:0.001000s ]

