[ 2017-06-22T09:19:34+08:00 ] 127.0.0.1 /Qrcode/Index/qrcode/code/http%253A%252F%252Fwww.3qqq.com%252FHome%252Flists%252Fcontent%252FAssetsID%252F154%252Fcard%252F2cd7kmorZGUv2b2CdcSxKP2pyPJ6o21LhdNC6rk.html.html
INFO: [ app_init ] --START--
INFO: Run Behavior\BuildLiteBehavior [ RunTime:0.000000s ]
INFO: [ app_init ] --END-- [ RunTime:0.001000s ]
INFO: [ app_begin ] --START--
INFO: Run Behavior\ReadHtmlCacheBehavior [ RunTime:0.001000s ]
INFO: [ app_begin ] --END-- [ RunTime:0.001000s ]
INFO: [ app_end ] --START--
INFO: Run Behavior\ShowPageTraceBehavior [ RunTime:0.001000s ]
INFO: [ app_end ] --END-- [ RunTime:0.001000s ]

[ 2017-06-22T09:28:32+08:00 ] 127.0.0.1 /Qrcode/Index/qrcode/code/http%253A%252F%252Fwww.3qqq.com%252FHome%252Flists%252Fcontent%252FAssetsID%252F154%252Fcard%252F739aX3oRvacyEgReXN-YxrLQacgio02vDLRgmIc.html.html
INFO: [ app_init ] --START--
INFO: Run Behavior\BuildLiteBehavior [ RunTime:0.000000s ]
INFO: [ app_init ] --END-- [ RunTime:0.000000s ]
INFO: [ app_begin ] --START--
INFO: Run Behavior\ReadHtmlCacheBehavior [ RunTime:0.001000s ]
INFO: [ app_begin ] --END-- [ RunTime:0.001000s ]
INFO: [ app_end ] --START--
INFO: Run Behavior\ShowPageTraceBehavior [ RunTime:0.001000s ]
INFO: [ app_end ] --END-- [ RunTime:0.001000s ]

[ 2017-06-22T10:18:31+08:00 ] 127.0.0.1 /Qrcode/Index/qrcode/code/http%253A%252F%252Fwww.3qqq.com%252FHome%252Flists%252Fcontent%252FAssetsID%252F154%252Fcard%252F1409rJNjmGYSBRcfLWiPeFEW38KMAprF2V03GuE.html.html
INFO: [ app_init ] --START--
INFO: Run Behavior\BuildLiteBehavior [ RunTime:0.000000s ]
INFO: [ app_init ] --END-- [ RunTime:0.001000s ]
INFO: [ app_begin ] --START--
INFO: Run Behavior\ReadHtmlCacheBehavior [ RunTime:0.000000s ]
INFO: [ app_begin ] --END-- [ RunTime:0.000000s ]
INFO: [ app_end ] --START--
INFO: Run Behavior\ShowPageTraceBehavior [ RunTime:0.000000s ]
INFO: [ app_end ] --END-- [ RunTime:0.000000s ]

[ 2017-06-22T14:07:55+08:00 ] 127.0.0.1 /Qrcode/Index/qrcode/code/http%253A%252F%252Fwww.3qqq.com%252FHome%252Flists%252Fcontent%252FAssetsID%252F154%252Fcard%252F51bc3MeZeIA_oTWUR3o6ps0gqnWAmAPz8xPvYPs.html.html
INFO: [ app_init ] --START--
INFO: Run Behavior\BuildLiteBehavior [ RunTime:0.000000s ]
INFO: [ app_init ] --END-- [ RunTime:0.000000s ]
INFO: [ app_begin ] --START--
INFO: Run Behavior\ReadHtmlCacheBehavior [ RunTime:0.000000s ]
INFO: [ app_begin ] --END-- [ RunTime:0.000000s ]
INFO: [ app_end ] --START--
INFO: Run Behavior\ShowPageTraceBehavior [ RunTime:0.001000s ]
INFO: [ app_end ] --END-- [ RunTime:0.001000s ]

[ 2017-06-22T15:37:59+08:00 ] 127.0.0.1 /Qrcode/Index/qrcode/code/http%253A%252F%252Fwww.3qqq.com%252FHome%252Flists%252Fcontent%252FAssetsID%252F154%252Fcard%252Fd817ZbXx6r14hLfW3VSMqYR_RWZ5RKBHNfvjVecp.html.html
INFO: [ app_init ] --START--
INFO: Run Behavior\BuildLiteBehavior [ RunTime:0.000000s ]
INFO: [ app_init ] --END-- [ RunTime:0.000000s ]
INFO: [ app_begin ] --START--
INFO: Run Behavior\ReadHtmlCacheBehavior [ RunTime:0.001000s ]
INFO: [ app_begin ] --END-- [ RunTime:0.001000s ]
INFO: [ app_end ] --START--
INFO: Run Behavior\ShowPageTraceBehavior [ RunTime:0.000000s ]
INFO: [ app_end ] --END-- [ RunTime:0.000000s ]

[ 2017-06-22T16:27:42+08:00 ] 127.0.0.1 /Qrcode/Index/qrcode/code/http%253A%252F%252Fwww.3qqq.com%252FHome%252Flists%252Fcontent%252FAssetsID%252F154%252Fcard%252F3fa0V7ZC43m3slgA9psMqhWGK03-dor34S2sEnD5.html.html
INFO: [ app_init ] --START--
INFO: Run Behavior\BuildLiteBehavior [ RunTime:0.000000s ]
INFO: [ app_init ] --END-- [ RunTime:0.000000s ]
INFO: [ app_begin ] --START--
INFO: Run Behavior\ReadHtmlCacheBehavior [ RunTime:0.000000s ]
INFO: [ app_begin ] --END-- [ RunTime:0.000000s ]
INFO: [ app_end ] --START--
INFO: Run Behavior\ShowPageTraceBehavior [ RunTime:0.000000s ]
INFO: [ app_end ] --END-- [ RunTime:0.000000s ]

[ 2017-06-22T17:41:40+08:00 ] 127.0.0.1 /Qrcode/Index/qrcode/code/http%253A%252F%252Fwww.3qqq.com%252FHome%252Flists%252Fcontent%252FAssetsID%252F154%252Fcard%252Fed65QWy7s3hHIjuA6hqOzjrOetL0gbp4Qg93u07r.html.html
INFO: [ app_init ] --START--
INFO: Run Behavior\BuildLiteBehavior [ RunTime:0.000000s ]
INFO: [ app_init ] --END-- [ RunTime:0.001000s ]
INFO: [ app_begin ] --START--
INFO: Run Behavior\ReadHtmlCacheBehavior [ RunTime:0.000000s ]
INFO: [ app_begin ] --END-- [ RunTime:0.000000s ]
INFO: [ app_end ] --START--
INFO: Run Behavior\ShowPageTraceBehavior [ RunTime:0.001000s ]
INFO: [ app_end ] --END-- [ RunTime:0.001000s ]

