[ 2017-07-03T09:35:18+08:00 ] 127.0.0.1 /Qrcode/Index/qrcode/code/http%253A%252F%252Fwww.3qqq.com%252FHome%252Flists%252Fcontent%252FAssetsID%252F154%252Fcard%252Fb2e7TLExRpDrgeWoe_U9V-8k4xw-BbTcWFBLBH8.html.html
INFO: [ app_init ] --START--
INFO: Run Behavior\BuildLiteBehavior [ RunTime:0.000000s ]
INFO: [ app_init ] --END-- [ RunTime:0.000000s ]
INFO: [ app_begin ] --START--
INFO: Run Behavior\ReadHtmlCacheBehavior [ RunTime:0.000000s ]
INFO: [ app_begin ] --END-- [ RunTime:0.000000s ]
INFO: [ app_end ] --START--
INFO: Run Behavior\ShowPageTraceBehavior [ RunTime:0.001000s ]
INFO: [ app_end ] --END-- [ RunTime:0.001000s ]

[ 2017-07-03T09:35:19+08:00 ] 127.0.0.1 /Qrcode/Index/qrcode/code/http%253A%252F%252Fwww.3qqq.com%252FHome%252Flists%252Fcontent%252FAssetsIDrent%252F186%252Fcard%252Fb2e7TLExRpDrgeWoe_U9V-8k4xw-BbTcWFBLBH8.html.html
INFO: [ app_init ] --START--
INFO: Run Behavior\BuildLiteBehavior [ RunTime:0.000000s ]
INFO: [ app_init ] --END-- [ RunTime:0.000000s ]
INFO: [ app_begin ] --START--
INFO: Run Behavior\ReadHtmlCacheBehavior [ RunTime:0.001000s ]
INFO: [ app_begin ] --END-- [ RunTime:0.001000s ]
INFO: [ app_end ] --START--
INFO: Run Behavior\ShowPageTraceBehavior [ RunTime:0.001000s ]
INFO: [ app_end ] --END-- [ RunTime:0.001000s ]

[ 2017-07-03T09:40:01+08:00 ] 127.0.0.1 /Qrcode/Index/qrcode/code/http%253A%252F%252Fwww.3qqq.com%252FHome%252Flists%252Fcontent%252FAssetsID%252F154%252Fcard%252F1d0ajuHe-jE-3WjJHdyjnVAX_dg6JORul0upuFMd.html.html
INFO: [ app_init ] --START--
INFO: Run Behavior\BuildLiteBehavior [ RunTime:0.000000s ]
INFO: [ app_init ] --END-- [ RunTime:0.000000s ]
INFO: [ app_begin ] --START--
INFO: Run Behavior\ReadHtmlCacheBehavior [ RunTime:0.001000s ]
INFO: [ app_begin ] --END-- [ RunTime:0.001000s ]
INFO: [ app_end ] --START--
INFO: Run Behavior\ShowPageTraceBehavior [ RunTime:0.001000s ]
INFO: [ app_end ] --END-- [ RunTime:0.001000s ]

[ 2017-07-03T09:40:02+08:00 ] 127.0.0.1 /Qrcode/Index/qrcode/code/http%253A%252F%252Fwww.3qqq.com%252FHome%252Flists%252Fcontent%252FAssetsIDrent%252F186%252Fcard%252F5b13PWrnR5yw2L7T1e-ULkto2bJN93y5btyG3ZDP.html.html
INFO: [ app_init ] --START--
INFO: Run Behavior\BuildLiteBehavior [ RunTime:0.000000s ]
INFO: [ app_init ] --END-- [ RunTime:0.000000s ]
INFO: [ app_begin ] --START--
INFO: Run Behavior\ReadHtmlCacheBehavior [ RunTime:0.001000s ]
INFO: [ app_begin ] --END-- [ RunTime:0.001000s ]
INFO: [ app_end ] --START--
INFO: Run Behavior\ShowPageTraceBehavior [ RunTime:0.000000s ]
INFO: [ app_end ] --END-- [ RunTime:0.000000s ]

[ 2017-07-03T10:00:19+08:00 ] 127.0.0.1 /Qrcode/Index/qrcode/code/http%253A%252F%252Fwww.3qqq.com%252FHome%252Flists%252Fcontent%252FAssetsID%252F154%252Fcard%252F6915IP2qaebjvLgt0unVq8gyfl9Xl0EeJnQ2lU6U.html.html
INFO: [ app_init ] --START--
INFO: Run Behavior\BuildLiteBehavior [ RunTime:0.000000s ]
INFO: [ app_init ] --END-- [ RunTime:0.000000s ]
INFO: [ app_begin ] --START--
INFO: Run Behavior\ReadHtmlCacheBehavior [ RunTime:0.000000s ]
INFO: [ app_begin ] --END-- [ RunTime:0.000000s ]
INFO: [ app_end ] --START--
INFO: Run Behavior\ShowPageTraceBehavior [ RunTime:0.000000s ]
INFO: [ app_end ] --END-- [ RunTime:0.000000s ]

[ 2017-07-03T10:00:19+08:00 ] 127.0.0.1 /Qrcode/Index/qrcode/code/http%253A%252F%252Fwww.3qqq.com%252FHome%252Flists%252Fcontent%252FAssetsIDrent%252F186%252Fcard%252F6915IP2qaebjvLgt0unVq8gyfl9Xl0EeJnQ2lU6U.html.html
INFO: [ app_init ] --START--
INFO: Run Behavior\BuildLiteBehavior [ RunTime:0.000000s ]
INFO: [ app_init ] --END-- [ RunTime:0.000000s ]
INFO: [ app_begin ] --START--
INFO: Run Behavior\ReadHtmlCacheBehavior [ RunTime:0.000000s ]
INFO: [ app_begin ] --END-- [ RunTime:0.000000s ]
INFO: [ app_end ] --START--
INFO: Run Behavior\ShowPageTraceBehavior [ RunTime:0.001000s ]
INFO: [ app_end ] --END-- [ RunTime:0.001000s ]

[ 2017-07-03T10:17:10+08:00 ] 127.0.0.1 /Qrcode/Index/qrcode/code/http%253A%252F%252Fwww.3qqq.com%252FHome%252Flists%252Fcontent%252FAssetsID%252F154%252Fcard%252Fe166cHqfH_wBdMutbkohXVhHaTmQTd5x_c20A14D.html.html
INFO: [ app_init ] --START--
INFO: Run Behavior\BuildLiteBehavior [ RunTime:0.000000s ]
INFO: [ app_init ] --END-- [ RunTime:0.000000s ]
INFO: [ app_begin ] --START--
INFO: Run Behavior\ReadHtmlCacheBehavior [ RunTime:0.000000s ]
INFO: [ app_begin ] --END-- [ RunTime:0.000000s ]
INFO: [ app_end ] --START--
INFO: Run Behavior\ShowPageTraceBehavior [ RunTime:0.001000s ]
INFO: [ app_end ] --END-- [ RunTime:0.001000s ]

[ 2017-07-03T10:17:11+08:00 ] 127.0.0.1 /Qrcode/Index/qrcode/code/http%253A%252F%252Fwww.3qqq.com%252FHome%252Flists%252Fcontent%252FAssetsIDrent%252F186%252Fcard%252Fe166cHqfH_wBdMutbkohXVhHaTmQTd5x_c20A14D.html.html
INFO: [ app_init ] --START--
INFO: Run Behavior\BuildLiteBehavior [ RunTime:0.000000s ]
INFO: [ app_init ] --END-- [ RunTime:0.000000s ]
INFO: [ app_begin ] --START--
INFO: Run Behavior\ReadHtmlCacheBehavior [ RunTime:0.000000s ]
INFO: [ app_begin ] --END-- [ RunTime:0.000000s ]
INFO: [ app_end ] --START--
INFO: Run Behavior\ShowPageTraceBehavior [ RunTime:0.001000s ]
INFO: [ app_end ] --END-- [ RunTime:0.001000s ]

[ 2017-07-03T11:20:03+08:00 ] 127.0.0.1 /Qrcode/Index/qrcode/code/http%253A%252F%252Fwww.3qqq.com%252FHome%252Flists%252Fcontent%252FAssetsID%252F154%252Fcard%252F84c7WtQI_sbxog2yi66wfzxmgt55LBc2TBQf56Vk.html.html
INFO: [ app_init ] --START--
INFO: Run Behavior\BuildLiteBehavior [ RunTime:0.000000s ]
INFO: [ app_init ] --END-- [ RunTime:0.001000s ]
INFO: [ app_begin ] --START--
INFO: Run Behavior\ReadHtmlCacheBehavior [ RunTime:0.000000s ]
INFO: [ app_begin ] --END-- [ RunTime:0.000000s ]
INFO: [ app_end ] --START--
INFO: Run Behavior\ShowPageTraceBehavior [ RunTime:0.001000s ]
INFO: [ app_end ] --END-- [ RunTime:0.001000s ]

[ 2017-07-03T11:20:04+08:00 ] 127.0.0.1 /Qrcode/Index/qrcode/code/http%253A%252F%252Fwww.3qqq.com%252FHome%252Flists%252Fcontent%252FAssetsIDrent%252F186%252Fcard%252F84c7WtQI_sbxog2yi66wfzxmgt55LBc2TBQf56Vk.html.html
INFO: [ app_init ] --START--
INFO: Run Behavior\BuildLiteBehavior [ RunTime:0.000000s ]
INFO: [ app_init ] --END-- [ RunTime:0.000000s ]
INFO: [ app_begin ] --START--
INFO: Run Behavior\ReadHtmlCacheBehavior [ RunTime:0.000000s ]
INFO: [ app_begin ] --END-- [ RunTime:0.000000s ]
INFO: [ app_end ] --START--
INFO: Run Behavior\ShowPageTraceBehavior [ RunTime:0.000000s ]
INFO: [ app_end ] --END-- [ RunTime:0.000000s ]

[ 2017-07-03T11:26:09+08:00 ] 127.0.0.1 /Qrcode/Index/qrcode/code/http%253A%252F%252Fwww.3qqq.com%252FHome%252Flists%252Fcontent%252FAssetsID%252F154%252Fcard%252Fc80ayvYqmLcvzp_5a5DUvTLsDnRt6OTtXT3P5uW7.html.html
INFO: [ app_init ] --START--
INFO: Run Behavior\BuildLiteBehavior [ RunTime:0.000000s ]
INFO: [ app_init ] --END-- [ RunTime:0.000000s ]
INFO: [ app_begin ] --START--
INFO: Run Behavior\ReadHtmlCacheBehavior [ RunTime:0.001000s ]
INFO: [ app_begin ] --END-- [ RunTime:0.001000s ]
INFO: [ app_end ] --START--
INFO: Run Behavior\ShowPageTraceBehavior [ RunTime:0.000000s ]
INFO: [ app_end ] --END-- [ RunTime:0.000000s ]

[ 2017-07-03T11:26:11+08:00 ] 127.0.0.1 /Qrcode/Index/qrcode/code/http%253A%252F%252Fwww.3qqq.com%252FHome%252Flists%252Fcontent%252FAssetsIDrent%252F186%252Fcard%252Fc80ayvYqmLcvzp_5a5DUvTLsDnRt6OTtXT3P5uW7.html.html
INFO: [ app_init ] --START--
INFO: Run Behavior\BuildLiteBehavior [ RunTime:0.000000s ]
INFO: [ app_init ] --END-- [ RunTime:0.000000s ]
INFO: [ app_begin ] --START--
INFO: Run Behavior\ReadHtmlCacheBehavior [ RunTime:0.000000s ]
INFO: [ app_begin ] --END-- [ RunTime:0.001000s ]
INFO: [ app_end ] --START--
INFO: Run Behavior\ShowPageTraceBehavior [ RunTime:0.000000s ]
INFO: [ app_end ] --END-- [ RunTime:0.000000s ]

[ 2017-07-03T11:26:17+08:00 ] 127.0.0.1 /Qrcode/Index/qrcode/code/http%253A%252F%252Fwww.3qqq.com%252FHome%252Flists%252Fcontent%252FAssetsID%252F154%252Fcard%252F441fW4tUk3x3KJ0XdfsFYSGiD0gR54hBvPC5d5vs.html.html
INFO: [ app_init ] --START--
INFO: Run Behavior\BuildLiteBehavior [ RunTime:0.000000s ]
INFO: [ app_init ] --END-- [ RunTime:0.000000s ]
INFO: [ app_begin ] --START--
INFO: Run Behavior\ReadHtmlCacheBehavior [ RunTime:0.000000s ]
INFO: [ app_begin ] --END-- [ RunTime:0.000000s ]
INFO: [ app_end ] --START--
INFO: Run Behavior\ShowPageTraceBehavior [ RunTime:0.000000s ]
INFO: [ app_end ] --END-- [ RunTime:0.001000s ]

[ 2017-07-03T11:26:18+08:00 ] 127.0.0.1 /Qrcode/Index/qrcode/code/http%253A%252F%252Fwww.3qqq.com%252FHome%252Flists%252Fcontent%252FAssetsIDrent%252F186%252Fcard%252F441fW4tUk3x3KJ0XdfsFYSGiD0gR54hBvPC5d5vs.html.html
INFO: [ app_init ] --START--
INFO: Run Behavior\BuildLiteBehavior [ RunTime:0.000000s ]
INFO: [ app_init ] --END-- [ RunTime:0.000000s ]
INFO: [ app_begin ] --START--
INFO: Run Behavior\ReadHtmlCacheBehavior [ RunTime:0.000000s ]
INFO: [ app_begin ] --END-- [ RunTime:0.001000s ]
INFO: [ app_end ] --START--
INFO: Run Behavior\ShowPageTraceBehavior [ RunTime:0.001000s ]
INFO: [ app_end ] --END-- [ RunTime:0.001000s ]

[ 2017-07-03T14:34:55+08:00 ] 127.0.0.1 /Qrcode/Index/qrcode/code/http%253A%252F%252Fwww.3qqq.com%252FHome%252Flists%252Fcontent%252FAssetsID%252F154%252Fcard%252F887fiN4OfpLsSeEeLGm6a6rYsl-oGO6PzwTGTNwc.html.html
INFO: [ app_init ] --START--
INFO: Run Behavior\BuildLiteBehavior [ RunTime:0.000000s ]
INFO: [ app_init ] --END-- [ RunTime:0.000000s ]
INFO: [ app_begin ] --START--
INFO: Run Behavior\ReadHtmlCacheBehavior [ RunTime:0.001000s ]
INFO: [ app_begin ] --END-- [ RunTime:0.001000s ]
INFO: [ app_end ] --START--
INFO: Run Behavior\ShowPageTraceBehavior [ RunTime:0.001000s ]
INFO: [ app_end ] --END-- [ RunTime:0.001000s ]

[ 2017-07-03T14:34:56+08:00 ] 127.0.0.1 /Qrcode/Index/qrcode/code/http%253A%252F%252Fwww.3qqq.com%252FHome%252Flists%252Fcontent%252FAssetsIDrent%252F186%252Fcard%252F887fiN4OfpLsSeEeLGm6a6rYsl-oGO6PzwTGTNwc.html.html
INFO: [ app_init ] --START--
INFO: Run Behavior\BuildLiteBehavior [ RunTime:0.000000s ]
INFO: [ app_init ] --END-- [ RunTime:0.000000s ]
INFO: [ app_begin ] --START--
INFO: Run Behavior\ReadHtmlCacheBehavior [ RunTime:0.000000s ]
INFO: [ app_begin ] --END-- [ RunTime:0.000000s ]
INFO: [ app_end ] --START--
INFO: Run Behavior\ShowPageTraceBehavior [ RunTime:0.001000s ]
INFO: [ app_end ] --END-- [ RunTime:0.001000s ]

[ 2017-07-03T14:43:36+08:00 ] 127.0.0.1 /Qrcode/Index/qrcode/code/http%253A%252F%252Fwww.3qqq.com%252FHome%252Flists%252Fcontent%252FAssetsID%252F154%252Fcard%252Fc53482aaTT2GVF_r70RQwUmae_OwbeXt1WvI4ilO.html.html
INFO: [ app_init ] --START--
INFO: Run Behavior\BuildLiteBehavior [ RunTime:0.000000s ]
INFO: [ app_init ] --END-- [ RunTime:0.000000s ]
INFO: [ app_begin ] --START--
INFO: Run Behavior\ReadHtmlCacheBehavior [ RunTime:0.000000s ]
INFO: [ app_begin ] --END-- [ RunTime:0.000000s ]
INFO: [ app_end ] --START--
INFO: Run Behavior\ShowPageTraceBehavior [ RunTime:0.000000s ]
INFO: [ app_end ] --END-- [ RunTime:0.000000s ]

[ 2017-07-03T14:43:37+08:00 ] 127.0.0.1 /Qrcode/Index/qrcode/code/http%253A%252F%252Fwww.3qqq.com%252FHome%252Flists%252Fcontent%252FAssetsIDrent%252F186%252Fcard%252Fc53482aaTT2GVF_r70RQwUmae_OwbeXt1WvI4ilO.html.html
INFO: [ app_init ] --START--
INFO: Run Behavior\BuildLiteBehavior [ RunTime:0.000000s ]
INFO: [ app_init ] --END-- [ RunTime:0.001000s ]
INFO: [ app_begin ] --START--
INFO: Run Behavior\ReadHtmlCacheBehavior [ RunTime:0.001000s ]
INFO: [ app_begin ] --END-- [ RunTime:0.001000s ]
INFO: [ app_end ] --START--
INFO: Run Behavior\ShowPageTraceBehavior [ RunTime:0.000000s ]
INFO: [ app_end ] --END-- [ RunTime:0.000000s ]

[ 2017-07-03T16:21:27+08:00 ] 127.0.0.1 /Qrcode/Index/qrcode/code/http%253A%252F%252Fwww.3qqq.com%252FHome%252Flists%252Fcontent%252FAssetsID%252F154%252Fcard%252F8de52wMk8BS5dzR-K-0s_9PGccc6sPqpSMCFXC2W.html.html
INFO: [ app_init ] --START--
INFO: Run Behavior\BuildLiteBehavior [ RunTime:0.000000s ]
INFO: [ app_init ] --END-- [ RunTime:0.000000s ]
INFO: [ app_begin ] --START--
INFO: Run Behavior\ReadHtmlCacheBehavior [ RunTime:0.000000s ]
INFO: [ app_begin ] --END-- [ RunTime:0.000000s ]
INFO: [ app_end ] --START--
INFO: Run Behavior\ShowPageTraceBehavior [ RunTime:0.000000s ]
INFO: [ app_end ] --END-- [ RunTime:0.000000s ]

[ 2017-07-03T16:21:28+08:00 ] 127.0.0.1 /Qrcode/Index/qrcode/code/http%253A%252F%252Fwww.3qqq.com%252FHome%252Flists%252Fcontent%252FAssetsIDrent%252F186%252Fcard%252F8de52wMk8BS5dzR-K-0s_9PGccc6sPqpSMCFXC2W.html.html
INFO: [ app_init ] --START--
INFO: Run Behavior\BuildLiteBehavior [ RunTime:0.000000s ]
INFO: [ app_init ] --END-- [ RunTime:0.001000s ]
INFO: [ app_begin ] --START--
INFO: Run Behavior\ReadHtmlCacheBehavior [ RunTime:0.001000s ]
INFO: [ app_begin ] --END-- [ RunTime:0.001000s ]
INFO: [ app_end ] --START--
INFO: Run Behavior\ShowPageTraceBehavior [ RunTime:0.000000s ]
INFO: [ app_end ] --END-- [ RunTime:0.000000s ]

[ 2017-07-03T16:28:26+08:00 ] 127.0.0.1 /Qrcode/Index/qrcode/code/http%253A%252F%252Fwww.3qqq.com%252FHome%252Flists%252Fcontent%252FAssetsID%252F154%252Fcard%252F2069QLiZBEHLxMMNKbz7fjVjdBsxmc6wQ5579aJP.html.html
INFO: [ app_init ] --START--
INFO: Run Behavior\BuildLiteBehavior [ RunTime:0.000000s ]
INFO: [ app_init ] --END-- [ RunTime:0.000000s ]
INFO: [ app_begin ] --START--
INFO: Run Behavior\ReadHtmlCacheBehavior [ RunTime:0.001000s ]
INFO: [ app_begin ] --END-- [ RunTime:0.001000s ]
INFO: [ app_end ] --START--
INFO: Run Behavior\ShowPageTraceBehavior [ RunTime:0.001000s ]
INFO: [ app_end ] --END-- [ RunTime:0.001000s ]

[ 2017-07-03T16:28:27+08:00 ] 127.0.0.1 /Qrcode/Index/qrcode/code/http%253A%252F%252Fwww.3qqq.com%252FHome%252Flists%252Fcontent%252FAssetsIDrent%252F186%252Fcard%252F2069QLiZBEHLxMMNKbz7fjVjdBsxmc6wQ5579aJP.html.html
INFO: [ app_init ] --START--
INFO: Run Behavior\BuildLiteBehavior [ RunTime:0.000000s ]
INFO: [ app_init ] --END-- [ RunTime:0.001000s ]
INFO: [ app_begin ] --START--
INFO: Run Behavior\ReadHtmlCacheBehavior [ RunTime:0.001000s ]
INFO: [ app_begin ] --END-- [ RunTime:0.001000s ]
INFO: [ app_end ] --START--
INFO: Run Behavior\ShowPageTraceBehavior [ RunTime:0.000000s ]
INFO: [ app_end ] --END-- [ RunTime:0.000000s ]

[ 2017-07-03T16:28:52+08:00 ] 127.0.0.1 /Qrcode/Index/qrcode/code/http%253A%252F%252Fwww.3qqq.com%252FHome%252Flists%252Fcontent%252FAssetsID%252F154%252Fcard%252Fcb09mp11Dri3NDk6J9rCVhddBJaN_OLwSqBuVE6T.html.html
INFO: [ app_init ] --START--
INFO: Run Behavior\BuildLiteBehavior [ RunTime:0.000000s ]
INFO: [ app_init ] --END-- [ RunTime:0.000000s ]
INFO: [ app_begin ] --START--
INFO: Run Behavior\ReadHtmlCacheBehavior [ RunTime:0.001000s ]
INFO: [ app_begin ] --END-- [ RunTime:0.001000s ]
INFO: [ app_end ] --START--
INFO: Run Behavior\ShowPageTraceBehavior [ RunTime:0.000000s ]
INFO: [ app_end ] --END-- [ RunTime:0.000000s ]

[ 2017-07-03T16:28:53+08:00 ] 127.0.0.1 /Qrcode/Index/qrcode/code/http%253A%252F%252Fwww.3qqq.com%252FHome%252Flists%252Fcontent%252FAssetsIDrent%252F186%252Fcard%252F244bAV7468KJi65HLQXnh025JuUy3Jnv4CayOKsX.html.html
INFO: [ app_init ] --START--
INFO: Run Behavior\BuildLiteBehavior [ RunTime:0.000000s ]
INFO: [ app_init ] --END-- [ RunTime:0.001000s ]
INFO: [ app_begin ] --START--
INFO: Run Behavior\ReadHtmlCacheBehavior [ RunTime:0.001000s ]
INFO: [ app_begin ] --END-- [ RunTime:0.001000s ]
INFO: [ app_end ] --START--
INFO: Run Behavior\ShowPageTraceBehavior [ RunTime:0.001000s ]
INFO: [ app_end ] --END-- [ RunTime:0.001000s ]

