[ 2016-12-07T11:47:24+08:00 ] 127.0.0.1 /index.php/Portal/Area/codeB.html
INFO: [ app_init ] --START--
INFO: Run Behavior\BuildLiteBehavior [ RunTime:0.000000s ]
INFO: [ app_init ] --END-- [ RunTime:0.000000s ]
INFO: [ app_begin ] --START--
INFO: Run Behavior\ReadHtmlCacheBehavior [ RunTime:0.000000s ]
INFO: [ app_begin ] --END-- [ RunTime:0.000000s ]
SQL: SHOW COLUMNS FROM `tb_area` [ RunTime:0.0030s ]
SQL: SELECT `id`,`name`,`pid`,`code` FROM `tb_area` WHERE `pid` = '18'  [ RunTime:0.0020s ]

[ 2016-12-07T14:35:53+08:00 ] 127.0.0.1 /index.php/Portal/Area/codeB.html
INFO: [ app_init ] --START--
INFO: Run Behavior\BuildLiteBehavior [ RunTime:0.000000s ]
INFO: [ app_init ] --END-- [ RunTime:0.000000s ]
INFO: [ app_begin ] --START--
INFO: Run Behavior\ReadHtmlCacheBehavior [ RunTime:0.001000s ]
INFO: [ app_begin ] --END-- [ RunTime:0.001000s ]
SQL: SHOW COLUMNS FROM `tb_area` [ RunTime:0.0030s ]
SQL: SELECT `id`,`name`,`pid`,`code` FROM `tb_area` WHERE `pid` = '4'  [ RunTime:0.0010s ]

[ 2016-12-07T14:48:15+08:00 ] 127.0.0.1 /index.php/Portal/Area/codeB.html
INFO: [ app_init ] --START--
INFO: Run Behavior\BuildLiteBehavior [ RunTime:0.000000s ]
INFO: [ app_init ] --END-- [ RunTime:0.001000s ]
INFO: [ app_begin ] --START--
INFO: Run Behavior\ReadHtmlCacheBehavior [ RunTime:0.001000s ]
INFO: [ app_begin ] --END-- [ RunTime:0.001000s ]
SQL: SHOW COLUMNS FROM `tb_area` [ RunTime:0.0030s ]
SQL: SELECT `id`,`name`,`pid`,`code` FROM `tb_area` WHERE `pid` = '1'  [ RunTime:0.0020s ]

[ 2016-12-07T14:48:40+08:00 ] 127.0.0.1 /index.php/Portal/Area/codeB.html
INFO: [ app_init ] --START--
INFO: Run Behavior\BuildLiteBehavior [ RunTime:0.000000s ]
INFO: [ app_init ] --END-- [ RunTime:0.000000s ]
INFO: [ app_begin ] --START--
INFO: Run Behavior\ReadHtmlCacheBehavior [ RunTime:0.000000s ]
INFO: [ app_begin ] --END-- [ RunTime:0.001000s ]
SQL: SHOW COLUMNS FROM `tb_area` [ RunTime:0.0020s ]
SQL: SELECT `id`,`name`,`pid`,`code` FROM `tb_area` WHERE `pid` = '18'  [ RunTime:0.0010s ]

[ 2016-12-07T14:49:38+08:00 ] 127.0.0.1 /index.php/Portal/Area/codeB.html
INFO: [ app_init ] --START--
INFO: Run Behavior\BuildLiteBehavior [ RunTime:0.000000s ]
INFO: [ app_init ] --END-- [ RunTime:0.001000s ]
INFO: [ app_begin ] --START--
INFO: Run Behavior\ReadHtmlCacheBehavior [ RunTime:0.000000s ]
INFO: [ app_begin ] --END-- [ RunTime:0.000000s ]
SQL: SHOW COLUMNS FROM `tb_area` [ RunTime:0.0020s ]
SQL: SELECT `id`,`name`,`pid`,`code` FROM `tb_area` WHERE `pid` = '1'  [ RunTime:0.0010s ]

[ 2016-12-07T14:49:56+08:00 ] 127.0.0.1 /index.php/Portal/Area/codeB.html
INFO: [ app_init ] --START--
INFO: Run Behavior\BuildLiteBehavior [ RunTime:0.001000s ]
INFO: [ app_init ] --END-- [ RunTime:0.001000s ]
INFO: [ app_begin ] --START--
INFO: Run Behavior\ReadHtmlCacheBehavior [ RunTime:0.001000s ]
INFO: [ app_begin ] --END-- [ RunTime:0.001000s ]
SQL: SHOW COLUMNS FROM `tb_area` [ RunTime:0.0030s ]
SQL: SELECT `id`,`name`,`pid`,`code` FROM `tb_area` WHERE `pid` = '2'  [ RunTime:0.0010s ]

[ 2016-12-07T16:04:21+08:00 ] 127.0.0.1 /index.php/Portal/Area/codeB.html
INFO: [ app_init ] --START--
INFO: Run Behavior\BuildLiteBehavior [ RunTime:0.000000s ]
INFO: [ app_init ] --END-- [ RunTime:0.000000s ]
INFO: [ app_begin ] --START--
INFO: Run Behavior\ReadHtmlCacheBehavior [ RunTime:0.000000s ]
INFO: [ app_begin ] --END-- [ RunTime:0.000000s ]
SQL: SHOW COLUMNS FROM `tb_area` [ RunTime:0.0050s ]
SQL: SELECT `id`,`name`,`pid`,`code` FROM `tb_area` WHERE `pid` = '1'  [ RunTime:0.0010s ]

[ 2016-12-07T16:04:26+08:00 ] 127.0.0.1 /index.php/Portal/Area/codeB.html
INFO: [ app_init ] --START--
INFO: Run Behavior\BuildLiteBehavior [ RunTime:0.000000s ]
INFO: [ app_init ] --END-- [ RunTime:0.000000s ]
INFO: [ app_begin ] --START--
INFO: Run Behavior\ReadHtmlCacheBehavior [ RunTime:0.001000s ]
INFO: [ app_begin ] --END-- [ RunTime:0.001000s ]
SQL: SHOW COLUMNS FROM `tb_area` [ RunTime:0.0020s ]
SQL: SELECT `id`,`name`,`pid`,`code` FROM `tb_area` WHERE `pid` = '23'  [ RunTime:0.0020s ]

[ 2016-12-07T16:05:54+08:00 ] 127.0.0.1 /index.php/Portal/Area/codeB.html
INFO: [ app_init ] --START--
INFO: Run Behavior\BuildLiteBehavior [ RunTime:0.000000s ]
INFO: [ app_init ] --END-- [ RunTime:0.000000s ]
INFO: [ app_begin ] --START--
INFO: Run Behavior\ReadHtmlCacheBehavior [ RunTime:0.001000s ]
INFO: [ app_begin ] --END-- [ RunTime:0.001000s ]
SQL: SHOW COLUMNS FROM `tb_area` [ RunTime:0.0030s ]
SQL: SELECT `id`,`name`,`pid`,`code` FROM `tb_area` WHERE `pid` = '5'  [ RunTime:0.0020s ]

[ 2016-12-07T16:05:57+08:00 ] 127.0.0.1 /index.php/Portal/Area/codeB.html
INFO: [ app_init ] --START--
INFO: Run Behavior\BuildLiteBehavior [ RunTime:0.000000s ]
INFO: [ app_init ] --END-- [ RunTime:0.001000s ]
INFO: [ app_begin ] --START--
INFO: Run Behavior\ReadHtmlCacheBehavior [ RunTime:0.000000s ]
INFO: [ app_begin ] --END-- [ RunTime:0.000000s ]
SQL: SHOW COLUMNS FROM `tb_area` [ RunTime:0.0020s ]
SQL: SELECT `id`,`name`,`pid`,`code` FROM `tb_area` WHERE `pid` = '2'  [ RunTime:0.0010s ]

[ 2016-12-07T16:06:01+08:00 ] 127.0.0.1 /index.php/Portal/Area/codeB.html
INFO: [ app_init ] --START--
INFO: Run Behavior\BuildLiteBehavior [ RunTime:0.000000s ]
INFO: [ app_init ] --END-- [ RunTime:0.000000s ]
INFO: [ app_begin ] --START--
INFO: Run Behavior\ReadHtmlCacheBehavior [ RunTime:0.001000s ]
INFO: [ app_begin ] --END-- [ RunTime:0.001000s ]
SQL: SHOW COLUMNS FROM `tb_area` [ RunTime:0.0030s ]
SQL: SELECT `id`,`name`,`pid`,`code` FROM `tb_area` WHERE `pid` = '1'  [ RunTime:0.0020s ]

[ 2016-12-07T16:39:29+08:00 ] 127.0.0.1 /index.php/Portal/Area/codeB.html
INFO: [ app_init ] --START--
INFO: Run Behavior\BuildLiteBehavior [ RunTime:0.000000s ]
INFO: [ app_init ] --END-- [ RunTime:0.000000s ]
INFO: [ app_begin ] --START--
INFO: Run Behavior\ReadHtmlCacheBehavior [ RunTime:0.000000s ]
INFO: [ app_begin ] --END-- [ RunTime:0.000000s ]
SQL: SHOW COLUMNS FROM `tb_area` [ RunTime:0.0030s ]
SQL: SELECT `id`,`name`,`pid`,`code` FROM `tb_area` WHERE `pid` = '2'  [ RunTime:0.0020s ]

[ 2016-12-07T16:48:25+08:00 ] 127.0.0.1 /index.php/Portal/Area/codeB.html
INFO: [ app_init ] --START--
INFO: Run Behavior\BuildLiteBehavior [ RunTime:0.000000s ]
INFO: [ app_init ] --END-- [ RunTime:0.001000s ]
INFO: [ app_begin ] --START--
INFO: Run Behavior\ReadHtmlCacheBehavior [ RunTime:0.001000s ]
INFO: [ app_begin ] --END-- [ RunTime:0.001000s ]
SQL: SHOW COLUMNS FROM `tb_area` [ RunTime:0.0030s ]
SQL: SELECT `id`,`name`,`pid`,`code` FROM `tb_area` WHERE `pid` = '1'  [ RunTime:0.0020s ]

[ 2016-12-07T16:50:22+08:00 ] 127.0.0.1 /index.php/Portal/Area/codeB.html
INFO: [ app_init ] --START--
INFO: Run Behavior\BuildLiteBehavior [ RunTime:0.000000s ]
INFO: [ app_init ] --END-- [ RunTime:0.000000s ]
INFO: [ app_begin ] --START--
INFO: Run Behavior\ReadHtmlCacheBehavior [ RunTime:0.000000s ]
INFO: [ app_begin ] --END-- [ RunTime:0.000000s ]
SQL: SHOW COLUMNS FROM `tb_area` [ RunTime:0.0020s ]
SQL: SELECT `id`,`name`,`pid`,`code` FROM `tb_area` WHERE `pid` = '18'  [ RunTime:0.0010s ]

