[ 2017-06-28T09:25:53+08:00 ] 127.0.0.1 /Portal/Area/codeB.html
INFO: [ app_init ] --START--
INFO: Run Behavior\BuildLiteBehavior [ RunTime:0.000000s ]
INFO: [ app_init ] --END-- [ RunTime:0.001000s ]
INFO: [ app_begin ] --START--
INFO: Run Behavior\ReadHtmlCacheBehavior [ RunTime:0.000000s ]
INFO: [ app_begin ] --END-- [ RunTime:0.001000s ]
SQL: SHOW COLUMNS FROM `tb_area` [ RunTime:0.0030s ]
SQL: SELECT `id`,`name`,`pid`,`code` FROM `tb_area` WHERE `pid` = 18  [ RunTime:0.0010s ]

[ 2017-06-28T09:26:37+08:00 ] 127.0.0.1 /index.php/Portal/Upload/load/zzp/zip
INFO: [ app_init ] --START--
INFO: Run Behavior\BuildLiteBehavior [ RunTime:0.000000s ]
INFO: [ app_init ] --END-- [ RunTime:0.000000s ]
INFO: [ app_begin ] --START--
INFO: Run Behavior\ReadHtmlCacheBehavior [ RunTime:0.000000s ]
INFO: [ app_begin ] --END-- [ RunTime:0.000000s ]
NOTIC: [2] call_user_func() expects parameter 1 to be a valid callback, no array or string given D:\WWW\tejinhui\ThinkPHP\Library\Think\Upload.class.php 第 170 行.
NOTIC: [8] Undefined index: Expires D:\WWW\tejinhui\ThinkPHP\Library\Think\Upload\Driver\Qiniu\QiniuStorage.class.php 第 45 行.
NOTIC: [8] Undefined index: saveName D:\WWW\tejinhui\ThinkPHP\Library\Think\Upload\Driver\Qiniu\QiniuStorage.class.php 第 80 行.
NOTIC: [8] Undefined index: custom_fields D:\WWW\tejinhui\ThinkPHP\Library\Think\Upload\Driver\Qiniu\QiniuStorage.class.php 第 83 行.
INFO: [ app_end ] --START--
INFO: Run Behavior\ShowPageTraceBehavior [ RunTime:0.001000s ]
INFO: [ app_end ] --END-- [ RunTime:0.001000s ]

[ 2017-06-28T09:27:00+08:00 ] 127.0.0.1 /index.php/Portal/Upload/load/zzp/pdf
INFO: [ app_init ] --START--
INFO: Run Behavior\BuildLiteBehavior [ RunTime:0.000000s ]
INFO: [ app_init ] --END-- [ RunTime:0.000000s ]
INFO: [ app_begin ] --START--
INFO: Run Behavior\ReadHtmlCacheBehavior [ RunTime:0.000000s ]
INFO: [ app_begin ] --END-- [ RunTime:0.000000s ]
NOTIC: [2] call_user_func() expects parameter 1 to be a valid callback, no array or string given D:\WWW\tejinhui\ThinkPHP\Library\Think\Upload.class.php 第 170 行.
NOTIC: [8] Undefined index: Expires D:\WWW\tejinhui\ThinkPHP\Library\Think\Upload\Driver\Qiniu\QiniuStorage.class.php 第 45 行.
NOTIC: [8] Undefined index: saveName D:\WWW\tejinhui\ThinkPHP\Library\Think\Upload\Driver\Qiniu\QiniuStorage.class.php 第 80 行.
NOTIC: [8] Undefined index: custom_fields D:\WWW\tejinhui\ThinkPHP\Library\Think\Upload\Driver\Qiniu\QiniuStorage.class.php 第 83 行.
INFO: [ app_end ] --START--
INFO: Run Behavior\ShowPageTraceBehavior [ RunTime:0.001000s ]
INFO: [ app_end ] --END-- [ RunTime:0.002000s ]

[ 2017-06-28T09:27:15+08:00 ] 127.0.0.1 /index.php/Portal/Upload/load/zzp/
INFO: [ app_init ] --START--
INFO: Run Behavior\BuildLiteBehavior [ RunTime:0.000000s ]
INFO: [ app_init ] --END-- [ RunTime:0.000000s ]
INFO: [ app_begin ] --START--
INFO: Run Behavior\ReadHtmlCacheBehavior [ RunTime:0.000000s ]
INFO: [ app_begin ] --END-- [ RunTime:0.000000s ]
NOTIC: [2] call_user_func() expects parameter 1 to be a valid callback, no array or string given D:\WWW\tejinhui\ThinkPHP\Library\Think\Upload.class.php 第 170 行.
NOTIC: [8] Undefined index: Expires D:\WWW\tejinhui\ThinkPHP\Library\Think\Upload\Driver\Qiniu\QiniuStorage.class.php 第 45 行.
NOTIC: [8] Undefined index: saveName D:\WWW\tejinhui\ThinkPHP\Library\Think\Upload\Driver\Qiniu\QiniuStorage.class.php 第 80 行.
NOTIC: [8] Undefined index: custom_fields D:\WWW\tejinhui\ThinkPHP\Library\Think\Upload\Driver\Qiniu\QiniuStorage.class.php 第 83 行.
INFO: [ app_end ] --START--
INFO: Run Behavior\ShowPageTraceBehavior [ RunTime:0.001000s ]
INFO: [ app_end ] --END-- [ RunTime:0.001000s ]

[ 2017-06-28T09:27:23+08:00 ] 127.0.0.1 /index.php/Portal/Upload/load/zzp/
INFO: [ app_init ] --START--
INFO: Run Behavior\BuildLiteBehavior [ RunTime:0.000000s ]
INFO: [ app_init ] --END-- [ RunTime:0.001000s ]
INFO: [ app_begin ] --START--
INFO: Run Behavior\ReadHtmlCacheBehavior [ RunTime:0.001000s ]
INFO: [ app_begin ] --END-- [ RunTime:0.001000s ]
NOTIC: [2] call_user_func() expects parameter 1 to be a valid callback, no array or string given D:\WWW\tejinhui\ThinkPHP\Library\Think\Upload.class.php 第 170 行.
NOTIC: [8] Undefined index: Expires D:\WWW\tejinhui\ThinkPHP\Library\Think\Upload\Driver\Qiniu\QiniuStorage.class.php 第 45 行.
NOTIC: [8] Undefined index: saveName D:\WWW\tejinhui\ThinkPHP\Library\Think\Upload\Driver\Qiniu\QiniuStorage.class.php 第 80 行.
NOTIC: [8] Undefined index: custom_fields D:\WWW\tejinhui\ThinkPHP\Library\Think\Upload\Driver\Qiniu\QiniuStorage.class.php 第 83 行.
INFO: [ app_end ] --START--
INFO: Run Behavior\ShowPageTraceBehavior [ RunTime:0.001000s ]
INFO: [ app_end ] --END-- [ RunTime:0.001000s ]

[ 2017-06-28T09:27:26+08:00 ] 127.0.0.1 /index.php/Portal/Upload/load/zzp/
INFO: [ app_init ] --START--
INFO: Run Behavior\BuildLiteBehavior [ RunTime:0.000000s ]
INFO: [ app_init ] --END-- [ RunTime:0.000000s ]
INFO: [ app_begin ] --START--
INFO: Run Behavior\ReadHtmlCacheBehavior [ RunTime:0.000000s ]
INFO: [ app_begin ] --END-- [ RunTime:0.000000s ]
NOTIC: [2] call_user_func() expects parameter 1 to be a valid callback, no array or string given D:\WWW\tejinhui\ThinkPHP\Library\Think\Upload.class.php 第 170 行.
NOTIC: [8] Undefined index: Expires D:\WWW\tejinhui\ThinkPHP\Library\Think\Upload\Driver\Qiniu\QiniuStorage.class.php 第 45 行.
NOTIC: [8] Undefined index: saveName D:\WWW\tejinhui\ThinkPHP\Library\Think\Upload\Driver\Qiniu\QiniuStorage.class.php 第 80 行.
NOTIC: [8] Undefined index: custom_fields D:\WWW\tejinhui\ThinkPHP\Library\Think\Upload\Driver\Qiniu\QiniuStorage.class.php 第 83 行.
INFO: [ app_end ] --START--
INFO: Run Behavior\ShowPageTraceBehavior [ RunTime:0.000000s ]
INFO: [ app_end ] --END-- [ RunTime:0.001000s ]

[ 2017-06-28T09:27:31+08:00 ] 127.0.0.1 /index.php/Portal/Upload/load/zzp/
INFO: [ app_init ] --START--
INFO: Run Behavior\BuildLiteBehavior [ RunTime:0.000000s ]
INFO: [ app_init ] --END-- [ RunTime:0.000000s ]
INFO: [ app_begin ] --START--
INFO: Run Behavior\ReadHtmlCacheBehavior [ RunTime:0.000000s ]
INFO: [ app_begin ] --END-- [ RunTime:0.000000s ]
NOTIC: [2] call_user_func() expects parameter 1 to be a valid callback, no array or string given D:\WWW\tejinhui\ThinkPHP\Library\Think\Upload.class.php 第 170 行.
NOTIC: [8] Undefined index: Expires D:\WWW\tejinhui\ThinkPHP\Library\Think\Upload\Driver\Qiniu\QiniuStorage.class.php 第 45 行.
NOTIC: [8] Undefined index: saveName D:\WWW\tejinhui\ThinkPHP\Library\Think\Upload\Driver\Qiniu\QiniuStorage.class.php 第 80 行.
NOTIC: [8] Undefined index: custom_fields D:\WWW\tejinhui\ThinkPHP\Library\Think\Upload\Driver\Qiniu\QiniuStorage.class.php 第 83 行.
INFO: [ app_end ] --START--
INFO: Run Behavior\ShowPageTraceBehavior [ RunTime:0.001000s ]
INFO: [ app_end ] --END-- [ RunTime:0.001000s ]

[ 2017-06-28T10:38:15+08:00 ] 127.0.0.1 /Portal/Area/codeB.html
INFO: [ app_init ] --START--
INFO: Run Behavior\BuildLiteBehavior [ RunTime:0.000000s ]
INFO: [ app_init ] --END-- [ RunTime:0.001000s ]
INFO: [ app_begin ] --START--
INFO: Run Behavior\ReadHtmlCacheBehavior [ RunTime:0.001000s ]
INFO: [ app_begin ] --END-- [ RunTime:0.001000s ]
SQL: SHOW COLUMNS FROM `tb_area` [ RunTime:0.0020s ]
SQL: SELECT `id`,`name`,`pid`,`code` FROM `tb_area` WHERE `pid` = 18  [ RunTime:0.0010s ]

[ 2017-06-28T10:42:24+08:00 ] 127.0.0.1 /Portal/Area/codeB.html
INFO: [ app_init ] --START--
INFO: Run Behavior\BuildLiteBehavior [ RunTime:0.000000s ]
INFO: [ app_init ] --END-- [ RunTime:0.001000s ]
INFO: [ app_begin ] --START--
INFO: Run Behavior\ReadHtmlCacheBehavior [ RunTime:0.001000s ]
INFO: [ app_begin ] --END-- [ RunTime:0.001000s ]
SQL: SHOW COLUMNS FROM `tb_area` [ RunTime:0.0010s ]
SQL: SELECT `id`,`name`,`pid`,`code` FROM `tb_area` WHERE `pid` = 18  [ RunTime:0.0010s ]

[ 2017-06-28T10:52:47+08:00 ] 127.0.0.1 /index.php/Portal/Upload/load/zzp/zip
INFO: [ app_init ] --START--
INFO: Run Behavior\BuildLiteBehavior [ RunTime:0.000000s ]
INFO: [ app_init ] --END-- [ RunTime:0.000000s ]
INFO: [ app_begin ] --START--
INFO: Run Behavior\ReadHtmlCacheBehavior [ RunTime:0.000000s ]
INFO: [ app_begin ] --END-- [ RunTime:0.000000s ]
NOTIC: [2] call_user_func() expects parameter 1 to be a valid callback, no array or string given D:\WWW\tejinhui\ThinkPHP\Library\Think\Upload.class.php 第 170 行.
NOTIC: [8] Undefined index: Expires D:\WWW\tejinhui\ThinkPHP\Library\Think\Upload\Driver\Qiniu\QiniuStorage.class.php 第 45 行.
NOTIC: [8] Undefined index: saveName D:\WWW\tejinhui\ThinkPHP\Library\Think\Upload\Driver\Qiniu\QiniuStorage.class.php 第 80 行.
NOTIC: [8] Undefined index: custom_fields D:\WWW\tejinhui\ThinkPHP\Library\Think\Upload\Driver\Qiniu\QiniuStorage.class.php 第 83 行.
INFO: [ app_end ] --START--
INFO: Run Behavior\ShowPageTraceBehavior [ RunTime:0.001000s ]
INFO: [ app_end ] --END-- [ RunTime:0.001000s ]

[ 2017-06-28T10:54:24+08:00 ] 127.0.0.1 /index.php/Portal/Upload/load/zzp/zip
INFO: [ app_init ] --START--
INFO: Run Behavior\BuildLiteBehavior [ RunTime:0.000000s ]
INFO: [ app_init ] --END-- [ RunTime:0.000000s ]
INFO: [ app_begin ] --START--
INFO: Run Behavior\ReadHtmlCacheBehavior [ RunTime:0.000000s ]
INFO: [ app_begin ] --END-- [ RunTime:0.000000s ]
NOTIC: [2] call_user_func() expects parameter 1 to be a valid callback, no array or string given D:\WWW\tejinhui\ThinkPHP\Library\Think\Upload.class.php 第 170 行.
NOTIC: [8] Undefined index: Expires D:\WWW\tejinhui\ThinkPHP\Library\Think\Upload\Driver\Qiniu\QiniuStorage.class.php 第 45 行.
NOTIC: [8] Undefined index: saveName D:\WWW\tejinhui\ThinkPHP\Library\Think\Upload\Driver\Qiniu\QiniuStorage.class.php 第 80 行.
NOTIC: [8] Undefined index: custom_fields D:\WWW\tejinhui\ThinkPHP\Library\Think\Upload\Driver\Qiniu\QiniuStorage.class.php 第 83 行.
INFO: [ app_end ] --START--
INFO: Run Behavior\ShowPageTraceBehavior [ RunTime:0.000000s ]
INFO: [ app_end ] --END-- [ RunTime:0.000000s ]

[ 2017-06-28T10:56:41+08:00 ] 127.0.0.1 /index.php/Portal/Upload/load/zzp/zip
INFO: [ app_init ] --START--
INFO: Run Behavior\BuildLiteBehavior [ RunTime:0.000000s ]
INFO: [ app_init ] --END-- [ RunTime:0.000000s ]
INFO: [ app_begin ] --START--
INFO: Run Behavior\ReadHtmlCacheBehavior [ RunTime:0.000000s ]
INFO: [ app_begin ] --END-- [ RunTime:0.000000s ]
NOTIC: [2] call_user_func() expects parameter 1 to be a valid callback, no array or string given D:\WWW\tejinhui\ThinkPHP\Library\Think\Upload.class.php 第 170 行.
NOTIC: [8] Undefined index: Expires D:\WWW\tejinhui\ThinkPHP\Library\Think\Upload\Driver\Qiniu\QiniuStorage.class.php 第 45 行.
NOTIC: [8] Undefined index: saveName D:\WWW\tejinhui\ThinkPHP\Library\Think\Upload\Driver\Qiniu\QiniuStorage.class.php 第 80 行.
NOTIC: [8] Undefined index: custom_fields D:\WWW\tejinhui\ThinkPHP\Library\Think\Upload\Driver\Qiniu\QiniuStorage.class.php 第 83 行.
INFO: [ app_end ] --START--
INFO: Run Behavior\ShowPageTraceBehavior [ RunTime:0.001000s ]
INFO: [ app_end ] --END-- [ RunTime:0.001000s ]

[ 2017-06-28T10:57:22+08:00 ] 127.0.0.1 /index.php/Portal/Upload/load/zzp/zip
INFO: [ app_init ] --START--
INFO: Run Behavior\BuildLiteBehavior [ RunTime:0.000000s ]
INFO: [ app_init ] --END-- [ RunTime:0.000000s ]
INFO: [ app_begin ] --START--
INFO: Run Behavior\ReadHtmlCacheBehavior [ RunTime:0.001000s ]
INFO: [ app_begin ] --END-- [ RunTime:0.001000s ]
NOTIC: [2] call_user_func() expects parameter 1 to be a valid callback, no array or string given D:\WWW\tejinhui\ThinkPHP\Library\Think\Upload.class.php 第 170 行.
NOTIC: [8] Undefined index: Expires D:\WWW\tejinhui\ThinkPHP\Library\Think\Upload\Driver\Qiniu\QiniuStorage.class.php 第 45 行.
NOTIC: [8] Undefined index: saveName D:\WWW\tejinhui\ThinkPHP\Library\Think\Upload\Driver\Qiniu\QiniuStorage.class.php 第 80 行.
NOTIC: [8] Undefined index: custom_fields D:\WWW\tejinhui\ThinkPHP\Library\Think\Upload\Driver\Qiniu\QiniuStorage.class.php 第 83 行.
INFO: [ app_end ] --START--
INFO: Run Behavior\ShowPageTraceBehavior [ RunTime:0.000000s ]
INFO: [ app_end ] --END-- [ RunTime:0.000000s ]

[ 2017-06-28T10:58:04+08:00 ] 127.0.0.1 /index.php/Portal/Upload/load/zzp/zip
INFO: [ app_init ] --START--
INFO: Run Behavior\BuildLiteBehavior [ RunTime:0.000000s ]
INFO: [ app_init ] --END-- [ RunTime:0.000000s ]
INFO: [ app_begin ] --START--
INFO: Run Behavior\ReadHtmlCacheBehavior [ RunTime:0.000000s ]
INFO: [ app_begin ] --END-- [ RunTime:0.000000s ]
NOTIC: [2] call_user_func() expects parameter 1 to be a valid callback, no array or string given D:\WWW\tejinhui\ThinkPHP\Library\Think\Upload.class.php 第 170 行.
NOTIC: [8] Undefined index: Expires D:\WWW\tejinhui\ThinkPHP\Library\Think\Upload\Driver\Qiniu\QiniuStorage.class.php 第 45 行.
NOTIC: [8] Undefined index: saveName D:\WWW\tejinhui\ThinkPHP\Library\Think\Upload\Driver\Qiniu\QiniuStorage.class.php 第 80 行.
NOTIC: [8] Undefined index: custom_fields D:\WWW\tejinhui\ThinkPHP\Library\Think\Upload\Driver\Qiniu\QiniuStorage.class.php 第 83 行.
INFO: [ app_end ] --START--
INFO: Run Behavior\ShowPageTraceBehavior [ RunTime:0.001000s ]
INFO: [ app_end ] --END-- [ RunTime:0.001000s ]

[ 2017-06-28T10:59:41+08:00 ] 127.0.0.1 /index.php/Portal/Upload/load/zzp/zip
INFO: [ app_init ] --START--
INFO: Run Behavior\BuildLiteBehavior [ RunTime:0.000000s ]
INFO: [ app_init ] --END-- [ RunTime:0.000000s ]
INFO: [ app_begin ] --START--
INFO: Run Behavior\ReadHtmlCacheBehavior [ RunTime:0.000000s ]
INFO: [ app_begin ] --END-- [ RunTime:0.000000s ]
NOTIC: [2] call_user_func() expects parameter 1 to be a valid callback, no array or string given D:\WWW\tejinhui\ThinkPHP\Library\Think\Upload.class.php 第 170 行.
NOTIC: [8] Undefined index: Expires D:\WWW\tejinhui\ThinkPHP\Library\Think\Upload\Driver\Qiniu\QiniuStorage.class.php 第 45 行.
NOTIC: [8] Undefined index: saveName D:\WWW\tejinhui\ThinkPHP\Library\Think\Upload\Driver\Qiniu\QiniuStorage.class.php 第 80 行.
NOTIC: [8] Undefined index: custom_fields D:\WWW\tejinhui\ThinkPHP\Library\Think\Upload\Driver\Qiniu\QiniuStorage.class.php 第 83 行.
INFO: [ app_end ] --START--
INFO: Run Behavior\ShowPageTraceBehavior [ RunTime:0.001000s ]
INFO: [ app_end ] --END-- [ RunTime:0.001000s ]

[ 2017-06-28T11:00:55+08:00 ] 127.0.0.1 /index.php/Portal/Upload/load/zzp/zip
INFO: [ app_init ] --START--
INFO: Run Behavior\BuildLiteBehavior [ RunTime:0.000000s ]
INFO: [ app_init ] --END-- [ RunTime:0.000000s ]
INFO: [ app_begin ] --START--
INFO: Run Behavior\ReadHtmlCacheBehavior [ RunTime:0.000000s ]
INFO: [ app_begin ] --END-- [ RunTime:0.000000s ]
NOTIC: [2] call_user_func() expects parameter 1 to be a valid callback, no array or string given D:\WWW\tejinhui\ThinkPHP\Library\Think\Upload.class.php 第 170 行.
NOTIC: [8] Undefined index: Expires D:\WWW\tejinhui\ThinkPHP\Library\Think\Upload\Driver\Qiniu\QiniuStorage.class.php 第 45 行.
NOTIC: [8] Undefined index: saveName D:\WWW\tejinhui\ThinkPHP\Library\Think\Upload\Driver\Qiniu\QiniuStorage.class.php 第 80 行.
NOTIC: [8] Undefined index: custom_fields D:\WWW\tejinhui\ThinkPHP\Library\Think\Upload\Driver\Qiniu\QiniuStorage.class.php 第 83 行.
INFO: [ app_end ] --START--
INFO: Run Behavior\ShowPageTraceBehavior [ RunTime:0.002000s ]
INFO: [ app_end ] --END-- [ RunTime:0.002000s ]

[ 2017-06-28T11:01:36+08:00 ] 127.0.0.1 /index.php/Portal/Upload/load/zzp/zip
INFO: [ app_init ] --START--
INFO: Run Behavior\BuildLiteBehavior [ RunTime:0.000000s ]
INFO: [ app_init ] --END-- [ RunTime:0.000000s ]
INFO: [ app_begin ] --START--
INFO: Run Behavior\ReadHtmlCacheBehavior [ RunTime:0.000000s ]
INFO: [ app_begin ] --END-- [ RunTime:0.000000s ]
NOTIC: [2] call_user_func() expects parameter 1 to be a valid callback, no array or string given D:\WWW\tejinhui\ThinkPHP\Library\Think\Upload.class.php 第 170 行.
NOTIC: [8] Undefined index: Expires D:\WWW\tejinhui\ThinkPHP\Library\Think\Upload\Driver\Qiniu\QiniuStorage.class.php 第 45 行.
NOTIC: [8] Undefined index: saveName D:\WWW\tejinhui\ThinkPHP\Library\Think\Upload\Driver\Qiniu\QiniuStorage.class.php 第 80 行.
NOTIC: [8] Undefined index: custom_fields D:\WWW\tejinhui\ThinkPHP\Library\Think\Upload\Driver\Qiniu\QiniuStorage.class.php 第 83 行.
INFO: [ app_end ] --START--
INFO: Run Behavior\ShowPageTraceBehavior [ RunTime:0.001000s ]
INFO: [ app_end ] --END-- [ RunTime:0.001000s ]

[ 2017-06-28T11:02:18+08:00 ] 127.0.0.1 /index.php/Portal/Upload/load/zzp/zip
INFO: [ app_init ] --START--
INFO: Run Behavior\BuildLiteBehavior [ RunTime:0.000000s ]
INFO: [ app_init ] --END-- [ RunTime:0.001000s ]
INFO: [ app_begin ] --START--
INFO: Run Behavior\ReadHtmlCacheBehavior [ RunTime:0.000000s ]
INFO: [ app_begin ] --END-- [ RunTime:0.000000s ]
NOTIC: [2] call_user_func() expects parameter 1 to be a valid callback, no array or string given D:\WWW\tejinhui\ThinkPHP\Library\Think\Upload.class.php 第 170 行.
NOTIC: [8] Undefined index: Expires D:\WWW\tejinhui\ThinkPHP\Library\Think\Upload\Driver\Qiniu\QiniuStorage.class.php 第 45 行.
NOTIC: [8] Undefined index: saveName D:\WWW\tejinhui\ThinkPHP\Library\Think\Upload\Driver\Qiniu\QiniuStorage.class.php 第 80 行.
NOTIC: [8] Undefined index: custom_fields D:\WWW\tejinhui\ThinkPHP\Library\Think\Upload\Driver\Qiniu\QiniuStorage.class.php 第 83 行.
INFO: [ app_end ] --START--
INFO: Run Behavior\ShowPageTraceBehavior [ RunTime:0.000000s ]
INFO: [ app_end ] --END-- [ RunTime:0.000000s ]

[ 2017-06-28T14:13:44+08:00 ] 127.0.0.1 /Portal/Area/codeB.html
INFO: [ app_init ] --START--
INFO: Run Behavior\BuildLiteBehavior [ RunTime:0.000000s ]
INFO: [ app_init ] --END-- [ RunTime:0.000000s ]
INFO: [ app_begin ] --START--
INFO: Run Behavior\ReadHtmlCacheBehavior [ RunTime:0.000000s ]
INFO: [ app_begin ] --END-- [ RunTime:0.000000s ]
SQL: SHOW COLUMNS FROM `tb_area` [ RunTime:0.0020s ]
SQL: SELECT `id`,`name`,`pid`,`code` FROM `tb_area` WHERE `pid` = 18  [ RunTime:0.0010s ]

[ 2017-06-28T14:14:14+08:00 ] 127.0.0.1 /Portal/Upload/load.html
INFO: [ app_init ] --START--
INFO: Run Behavior\BuildLiteBehavior [ RunTime:0.000000s ]
INFO: [ app_init ] --END-- [ RunTime:0.000000s ]
INFO: [ app_begin ] --START--
INFO: Run Behavior\ReadHtmlCacheBehavior [ RunTime:0.000000s ]
INFO: [ app_begin ] --END-- [ RunTime:0.000000s ]
NOTIC: [2] call_user_func() expects parameter 1 to be a valid callback, no array or string given D:\WWW\tejinhui\ThinkPHP\Library\Think\Upload.class.php 第 170 行.
NOTIC: [8] Undefined index: Expires D:\WWW\tejinhui\ThinkPHP\Library\Think\Upload\Driver\Qiniu\QiniuStorage.class.php 第 45 行.
NOTIC: [8] Undefined index: saveName D:\WWW\tejinhui\ThinkPHP\Library\Think\Upload\Driver\Qiniu\QiniuStorage.class.php 第 80 行.
NOTIC: [8] Undefined index: custom_fields D:\WWW\tejinhui\ThinkPHP\Library\Think\Upload\Driver\Qiniu\QiniuStorage.class.php 第 83 行.
INFO: [ app_end ] --START--
INFO: Run Behavior\ShowPageTraceBehavior [ RunTime:0.000000s ]
INFO: [ app_end ] --END-- [ RunTime:0.002000s ]

[ 2017-06-28T14:14:18+08:00 ] 127.0.0.1 /Portal/Upload/load.html
INFO: [ app_init ] --START--
INFO: Run Behavior\BuildLiteBehavior [ RunTime:0.000000s ]
INFO: [ app_init ] --END-- [ RunTime:0.000000s ]
INFO: [ app_begin ] --START--
INFO: Run Behavior\ReadHtmlCacheBehavior [ RunTime:0.000000s ]
INFO: [ app_begin ] --END-- [ RunTime:0.000000s ]
NOTIC: [2] call_user_func() expects parameter 1 to be a valid callback, no array or string given D:\WWW\tejinhui\ThinkPHP\Library\Think\Upload.class.php 第 170 行.
NOTIC: [8] Undefined index: Expires D:\WWW\tejinhui\ThinkPHP\Library\Think\Upload\Driver\Qiniu\QiniuStorage.class.php 第 45 行.
NOTIC: [8] Undefined index: saveName D:\WWW\tejinhui\ThinkPHP\Library\Think\Upload\Driver\Qiniu\QiniuStorage.class.php 第 80 行.
NOTIC: [8] Undefined index: custom_fields D:\WWW\tejinhui\ThinkPHP\Library\Think\Upload\Driver\Qiniu\QiniuStorage.class.php 第 83 行.
INFO: [ app_end ] --START--
INFO: Run Behavior\ShowPageTraceBehavior [ RunTime:0.001000s ]
INFO: [ app_end ] --END-- [ RunTime:0.001000s ]

[ 2017-06-28T14:14:31+08:00 ] 127.0.0.1 /Portal/Area/codeB.html
INFO: [ app_init ] --START--
INFO: Run Behavior\BuildLiteBehavior [ RunTime:0.000000s ]
INFO: [ app_init ] --END-- [ RunTime:0.000000s ]
INFO: [ app_begin ] --START--
INFO: Run Behavior\ReadHtmlCacheBehavior [ RunTime:0.000000s ]
INFO: [ app_begin ] --END-- [ RunTime:0.000000s ]
SQL: SHOW COLUMNS FROM `tb_area` [ RunTime:0.0030s ]
SQL: SELECT `id`,`name`,`pid`,`code` FROM `tb_area` WHERE `pid` = 18  [ RunTime:0.0020s ]

[ 2017-06-28T14:15:22+08:00 ] 127.0.0.1 /Portal/Area/codeB.html
INFO: [ app_init ] --START--
INFO: Run Behavior\BuildLiteBehavior [ RunTime:0.000000s ]
INFO: [ app_init ] --END-- [ RunTime:0.001000s ]
INFO: [ app_begin ] --START--
INFO: Run Behavior\ReadHtmlCacheBehavior [ RunTime:0.001000s ]
INFO: [ app_begin ] --END-- [ RunTime:0.001000s ]
SQL: SHOW COLUMNS FROM `tb_area` [ RunTime:0.0030s ]
SQL: SELECT `id`,`name`,`pid`,`code` FROM `tb_area` WHERE `pid` = 18  [ RunTime:0.0020s ]

[ 2017-06-28T14:16:06+08:00 ] 127.0.0.1 /Portal/Upload/load.html
INFO: [ app_init ] --START--
INFO: Run Behavior\BuildLiteBehavior [ RunTime:0.000000s ]
INFO: [ app_init ] --END-- [ RunTime:0.000000s ]
INFO: [ app_begin ] --START--
INFO: Run Behavior\ReadHtmlCacheBehavior [ RunTime:0.000000s ]
INFO: [ app_begin ] --END-- [ RunTime:0.000000s ]
NOTIC: [2] call_user_func() expects parameter 1 to be a valid callback, no array or string given D:\WWW\tejinhui\ThinkPHP\Library\Think\Upload.class.php 第 170 行.
NOTIC: [8] Undefined index: Expires D:\WWW\tejinhui\ThinkPHP\Library\Think\Upload\Driver\Qiniu\QiniuStorage.class.php 第 45 行.
NOTIC: [8] Undefined index: saveName D:\WWW\tejinhui\ThinkPHP\Library\Think\Upload\Driver\Qiniu\QiniuStorage.class.php 第 80 行.
NOTIC: [8] Undefined index: custom_fields D:\WWW\tejinhui\ThinkPHP\Library\Think\Upload\Driver\Qiniu\QiniuStorage.class.php 第 83 行.
INFO: [ app_end ] --START--
INFO: Run Behavior\ShowPageTraceBehavior [ RunTime:0.001000s ]
INFO: [ app_end ] --END-- [ RunTime:0.001000s ]

[ 2017-06-28T14:16:27+08:00 ] 127.0.0.1 /Portal/Upload/load.html
INFO: [ app_init ] --START--
INFO: Run Behavior\BuildLiteBehavior [ RunTime:0.000000s ]
INFO: [ app_init ] --END-- [ RunTime:0.001000s ]
INFO: [ app_begin ] --START--
INFO: Run Behavior\ReadHtmlCacheBehavior [ RunTime:0.001000s ]
INFO: [ app_begin ] --END-- [ RunTime:0.001000s ]
NOTIC: [2] call_user_func() expects parameter 1 to be a valid callback, no array or string given D:\WWW\tejinhui\ThinkPHP\Library\Think\Upload.class.php 第 170 行.
NOTIC: [8] Undefined index: Expires D:\WWW\tejinhui\ThinkPHP\Library\Think\Upload\Driver\Qiniu\QiniuStorage.class.php 第 45 行.
NOTIC: [8] Undefined index: saveName D:\WWW\tejinhui\ThinkPHP\Library\Think\Upload\Driver\Qiniu\QiniuStorage.class.php 第 80 行.
NOTIC: [8] Undefined index: custom_fields D:\WWW\tejinhui\ThinkPHP\Library\Think\Upload\Driver\Qiniu\QiniuStorage.class.php 第 83 行.

[ 2017-06-28T14:16:27+08:00 ] 127.0.0.1 /Portal/Area/codeB.html
INFO: [ app_init ] --START--
INFO: Run Behavior\BuildLiteBehavior [ RunTime:0.000000s ]
INFO: [ app_init ] --END-- [ RunTime:0.000000s ]
INFO: [ app_begin ] --START--
INFO: Run Behavior\ReadHtmlCacheBehavior [ RunTime:0.000000s ]
INFO: [ app_begin ] --END-- [ RunTime:0.000000s ]
SQL: SHOW COLUMNS FROM `tb_area` [ RunTime:0.0030s ]
SQL: SELECT `id`,`name`,`pid`,`code` FROM `tb_area` WHERE `pid` = 18  [ RunTime:0.0010s ]

[ 2017-06-28T14:16:38+08:00 ] 127.0.0.1 /Portal/Area/codeB.html
INFO: [ app_init ] --START--
INFO: Run Behavior\BuildLiteBehavior [ RunTime:0.000000s ]
INFO: [ app_init ] --END-- [ RunTime:0.000000s ]
INFO: [ app_begin ] --START--
INFO: Run Behavior\ReadHtmlCacheBehavior [ RunTime:0.000000s ]
INFO: [ app_begin ] --END-- [ RunTime:0.000000s ]
SQL: SHOW COLUMNS FROM `tb_area` [ RunTime:0.0030s ]
SQL: SELECT `id`,`name`,`pid`,`code` FROM `tb_area` WHERE `pid` = 18  [ RunTime:0.0010s ]

[ 2017-06-28T14:18:24+08:00 ] 127.0.0.1 /Portal/Area/codeB.html
INFO: [ app_init ] --START--
INFO: Run Behavior\BuildLiteBehavior [ RunTime:0.000000s ]
INFO: [ app_init ] --END-- [ RunTime:0.001000s ]
INFO: [ app_begin ] --START--
INFO: Run Behavior\ReadHtmlCacheBehavior [ RunTime:0.000000s ]
INFO: [ app_begin ] --END-- [ RunTime:0.000000s ]
SQL: SHOW COLUMNS FROM `tb_area` [ RunTime:0.0020s ]
SQL: SELECT `id`,`name`,`pid`,`code` FROM `tb_area` WHERE `pid` = 15  [ RunTime:0.0010s ]

[ 2017-06-28T14:18:26+08:00 ] 127.0.0.1 /Portal/Area/codeB.html
INFO: [ app_init ] --START--
INFO: Run Behavior\BuildLiteBehavior [ RunTime:0.000000s ]
INFO: [ app_init ] --END-- [ RunTime:0.000000s ]
INFO: [ app_begin ] --START--
INFO: Run Behavior\ReadHtmlCacheBehavior [ RunTime:0.000000s ]
INFO: [ app_begin ] --END-- [ RunTime:0.001000s ]
SQL: SHOW COLUMNS FROM `tb_area` [ RunTime:0.0030s ]
SQL: SELECT `id`,`name`,`pid`,`code` FROM `tb_area` WHERE `pid` = 18  [ RunTime:0.0010s ]

[ 2017-06-28T14:18:40+08:00 ] 127.0.0.1 /Portal/Area/codeB.html
INFO: [ app_init ] --START--
INFO: Run Behavior\BuildLiteBehavior [ RunTime:0.000000s ]
INFO: [ app_init ] --END-- [ RunTime:0.000000s ]
INFO: [ app_begin ] --START--
INFO: Run Behavior\ReadHtmlCacheBehavior [ RunTime:0.000000s ]
INFO: [ app_begin ] --END-- [ RunTime:0.000000s ]
SQL: SHOW COLUMNS FROM `tb_area` [ RunTime:0.0020s ]
SQL: SELECT `id`,`name`,`pid`,`code` FROM `tb_area` WHERE `pid` = 18  [ RunTime:0.0010s ]

[ 2017-06-28T14:52:56+08:00 ] 127.0.0.1 /Portal/Area/codeB.html
INFO: [ app_init ] --START--
INFO: Run Behavior\BuildLiteBehavior [ RunTime:0.001000s ]
INFO: [ app_init ] --END-- [ RunTime:0.001000s ]
INFO: [ app_begin ] --START--
INFO: Run Behavior\ReadHtmlCacheBehavior [ RunTime:0.001000s ]
INFO: [ app_begin ] --END-- [ RunTime:0.001000s ]
SQL: SHOW COLUMNS FROM `tb_area` [ RunTime:0.0030s ]
SQL: SELECT `id`,`name`,`pid`,`code` FROM `tb_area` WHERE `pid` = 18  [ RunTime:0.0010s ]

[ 2017-06-28T14:53:19+08:00 ] 127.0.0.1 /Portal/Upload/load.html
INFO: [ app_init ] --START--
INFO: Run Behavior\BuildLiteBehavior [ RunTime:0.000000s ]
INFO: [ app_init ] --END-- [ RunTime:0.000000s ]
INFO: [ app_begin ] --START--
INFO: Run Behavior\ReadHtmlCacheBehavior [ RunTime:0.000000s ]
INFO: [ app_begin ] --END-- [ RunTime:0.000000s ]
NOTIC: [2] call_user_func() expects parameter 1 to be a valid callback, no array or string given D:\WWW\tejinhui\ThinkPHP\Library\Think\Upload.class.php 第 170 行.
NOTIC: [8] Undefined index: Expires D:\WWW\tejinhui\ThinkPHP\Library\Think\Upload\Driver\Qiniu\QiniuStorage.class.php 第 45 行.
NOTIC: [8] Undefined index: saveName D:\WWW\tejinhui\ThinkPHP\Library\Think\Upload\Driver\Qiniu\QiniuStorage.class.php 第 80 行.
NOTIC: [8] Undefined index: custom_fields D:\WWW\tejinhui\ThinkPHP\Library\Think\Upload\Driver\Qiniu\QiniuStorage.class.php 第 83 行.
INFO: [ app_end ] --START--
INFO: Run Behavior\ShowPageTraceBehavior [ RunTime:0.001000s ]
INFO: [ app_end ] --END-- [ RunTime:0.001000s ]

[ 2017-06-28T14:53:27+08:00 ] 127.0.0.1 /Portal/Upload/load.html
INFO: [ app_init ] --START--
INFO: Run Behavior\BuildLiteBehavior [ RunTime:0.000000s ]
INFO: [ app_init ] --END-- [ RunTime:0.001000s ]
INFO: [ app_begin ] --START--
INFO: Run Behavior\ReadHtmlCacheBehavior [ RunTime:0.000000s ]
INFO: [ app_begin ] --END-- [ RunTime:0.000000s ]
NOTIC: [2] call_user_func() expects parameter 1 to be a valid callback, no array or string given D:\WWW\tejinhui\ThinkPHP\Library\Think\Upload.class.php 第 170 行.
NOTIC: [8] Undefined index: Expires D:\WWW\tejinhui\ThinkPHP\Library\Think\Upload\Driver\Qiniu\QiniuStorage.class.php 第 45 行.
NOTIC: [8] Undefined index: saveName D:\WWW\tejinhui\ThinkPHP\Library\Think\Upload\Driver\Qiniu\QiniuStorage.class.php 第 80 行.
NOTIC: [8] Undefined index: custom_fields D:\WWW\tejinhui\ThinkPHP\Library\Think\Upload\Driver\Qiniu\QiniuStorage.class.php 第 83 行.
INFO: [ app_end ] --START--
INFO: Run Behavior\ShowPageTraceBehavior [ RunTime:0.001000s ]
INFO: [ app_end ] --END-- [ RunTime:0.001000s ]

[ 2017-06-28T14:53:32+08:00 ] 127.0.0.1 /Portal/Area/codeB.html
INFO: [ app_init ] --START--
INFO: Run Behavior\BuildLiteBehavior [ RunTime:0.000000s ]
INFO: [ app_init ] --END-- [ RunTime:0.000000s ]
INFO: [ app_begin ] --START--
INFO: Run Behavior\ReadHtmlCacheBehavior [ RunTime:0.001000s ]
INFO: [ app_begin ] --END-- [ RunTime:0.001000s ]
SQL: SHOW COLUMNS FROM `tb_area` [ RunTime:0.0020s ]
SQL: SELECT `id`,`name`,`pid`,`code` FROM `tb_area` WHERE `pid` = 18  [ RunTime:0.0010s ]

[ 2017-06-28T14:54:37+08:00 ] 127.0.0.1 /Portal/Area/codeB.html
INFO: [ app_init ] --START--
INFO: Run Behavior\BuildLiteBehavior [ RunTime:0.000000s ]
INFO: [ app_init ] --END-- [ RunTime:0.000000s ]
INFO: [ app_begin ] --START--
INFO: Run Behavior\ReadHtmlCacheBehavior [ RunTime:0.001000s ]
INFO: [ app_begin ] --END-- [ RunTime:0.001000s ]
SQL: SHOW COLUMNS FROM `tb_area` [ RunTime:0.0030s ]
SQL: SELECT `id`,`name`,`pid`,`code` FROM `tb_area` WHERE `pid` = 18  [ RunTime:0.0010s ]

