[ 2016-12-06T09:34:53+08:00 ] 127.0.0.1 /index.php/Portal/Area/codeB.html
INFO: [ app_init ] --START--
INFO: Run Behavior\BuildLiteBehavior [ RunTime:0.000000s ]
INFO: [ app_init ] --END-- [ RunTime:0.001000s ]
INFO: [ app_begin ] --START--
INFO: Run Behavior\ReadHtmlCacheBehavior [ RunTime:0.001000s ]
INFO: [ app_begin ] --END-- [ RunTime:0.001000s ]
SQL: SHOW COLUMNS FROM `tb_area` [ RunTime:0.0020s ]
SQL: SELECT `id`,`name`,`pid`,`code` FROM `tb_area` WHERE `pid` = '18'  [ RunTime:0.0010s ]

[ 2016-12-06T09:50:42+08:00 ] 127.0.0.1 /index.php/Portal/Area/codeB.html
INFO: [ app_init ] --START--
INFO: Run Behavior\BuildLiteBehavior [ RunTime:0.000000s ]
INFO: [ app_init ] --END-- [ RunTime:0.000000s ]
INFO: [ app_begin ] --START--
INFO: Run Behavior\ReadHtmlCacheBehavior [ RunTime:0.001000s ]
INFO: [ app_begin ] --END-- [ RunTime:0.001000s ]
SQL: SHOW COLUMNS FROM `tb_area` [ RunTime:0.0010s ]
SQL: SELECT `id`,`name`,`pid`,`code` FROM `tb_area` WHERE `pid` = '18'  [ RunTime:0.0010s ]

[ 2016-12-06T09:51:47+08:00 ] 127.0.0.1 /index.php/Portal/Area/codeB.html
INFO: [ app_init ] --START--
INFO: Run Behavior\BuildLiteBehavior [ RunTime:0.000000s ]
INFO: [ app_init ] --END-- [ RunTime:0.000000s ]
INFO: [ app_begin ] --START--
INFO: Run Behavior\ReadHtmlCacheBehavior [ RunTime:0.000000s ]
INFO: [ app_begin ] --END-- [ RunTime:0.000000s ]
SQL: SHOW COLUMNS FROM `tb_area` [ RunTime:0.0030s ]
SQL: SELECT `id`,`name`,`pid`,`code` FROM `tb_area` WHERE `pid` = '18'  [ RunTime:0.0020s ]

[ 2016-12-06T10:06:22+08:00 ] 127.0.0.1 /index.php/Portal/Area/codeB.html
INFO: [ app_init ] --START--
INFO: Run Behavior\BuildLiteBehavior [ RunTime:0.000000s ]
INFO: [ app_init ] --END-- [ RunTime:0.000000s ]
INFO: [ app_begin ] --START--
INFO: Run Behavior\ReadHtmlCacheBehavior [ RunTime:0.000000s ]
INFO: [ app_begin ] --END-- [ RunTime:0.000000s ]
SQL: SHOW COLUMNS FROM `tb_area` [ RunTime:0.0030s ]
SQL: SELECT `id`,`name`,`pid`,`code` FROM `tb_area` WHERE `pid` = '18'  [ RunTime:0.0010s ]

