[ 2016-12-07T11:37:11+08:00 ] 127.0.0.1 /index.php/Box/orders?p=1
INFO: [ app_init ] --START--
INFO: Run Behavior\BuildLiteBehavior [ RunTime:0.000000s ]
INFO: [ app_init ] --END-- [ RunTime:0.000000s ]
ERR: 无法加载模块:Box

[ 2016-12-07T11:37:17+08:00 ] 127.0.0.1 /index.php/Box/orders?p=1
INFO: [ app_init ] --START--
INFO: Run Behavior\BuildLiteBehavior [ RunTime:0.000000s ]
INFO: [ app_init ] --END-- [ RunTime:0.000000s ]
ERR: 无法加载模块:Box

[ 2016-12-07T11:37:23+08:00 ] 127.0.0.1 /index.php/Box/orders?p=1
INFO: [ app_init ] --START--
INFO: Run Behavior\BuildLiteBehavior [ RunTime:0.000000s ]
INFO: [ app_init ] --END-- [ RunTime:0.000000s ]
ERR: 无法加载模块:Box

[ 2016-12-07T11:37:48+08:00 ] 127.0.0.1 /index.php/Box/orders?p=1
INFO: [ app_init ] --START--
INFO: Run Behavior\BuildLiteBehavior [ RunTime:0.000000s ]
INFO: [ app_init ] --END-- [ RunTime:0.001000s ]
ERR: 无法加载模块:Box

[ 2016-12-07T11:43:00+08:00 ] 127.0.0.1 /index.php/Box/orders?p=1
INFO: [ app_init ] --START--
INFO: Run Behavior\BuildLiteBehavior [ RunTime:0.000000s ]
INFO: [ app_init ] --END-- [ RunTime:0.000000s ]
ERR: 无法加载模块:Box

[ 2016-12-07T11:43:03+08:00 ] 127.0.0.1 /index.php/Box/orders?p=1
INFO: [ app_init ] --START--
INFO: Run Behavior\BuildLiteBehavior [ RunTime:0.000000s ]
INFO: [ app_init ] --END-- [ RunTime:0.000000s ]
ERR: 无法加载模块:Box

[ 2016-12-07T11:43:52+08:00 ] 127.0.0.1 /index.php/Box/orders?p=1
INFO: [ app_init ] --START--
INFO: Run Behavior\BuildLiteBehavior [ RunTime:0.000000s ]
INFO: [ app_init ] --END-- [ RunTime:0.001000s ]
ERR: 无法加载模块:Box

[ 2016-12-07T11:45:00+08:00 ] 127.0.0.1 /index.php/Box/orders?p=1
INFO: [ app_init ] --START--
INFO: Run Behavior\BuildLiteBehavior [ RunTime:0.000000s ]
INFO: [ app_init ] --END-- [ RunTime:0.000000s ]
ERR: 无法加载模块:Box

[ 2016-12-07T11:46:03+08:00 ] 127.0.0.1 /index.php/Box/orders?p=1
INFO: [ app_init ] --START--
INFO: Run Behavior\BuildLiteBehavior [ RunTime:0.000000s ]
INFO: [ app_init ] --END-- [ RunTime:0.001000s ]
ERR: 无法加载模块:Box

[ 2016-12-07T11:46:04+08:00 ] 127.0.0.1 /index.php/Box/orders?p=1
INFO: [ app_init ] --START--
INFO: Run Behavior\BuildLiteBehavior [ RunTime:0.000000s ]
INFO: [ app_init ] --END-- [ RunTime:0.000000s ]
ERR: 无法加载模块:Box

[ 2016-12-07T11:46:21+08:00 ] 127.0.0.1 /index.php/Box/orders?p=1
INFO: [ app_init ] --START--
INFO: Run Behavior\BuildLiteBehavior [ RunTime:0.000000s ]
INFO: [ app_init ] --END-- [ RunTime:0.001000s ]
ERR: 无法加载模块:Box

[ 2016-12-07T11:46:22+08:00 ] 127.0.0.1 /index.php/Box/orders?p=1
INFO: [ app_init ] --START--
INFO: Run Behavior\BuildLiteBehavior [ RunTime:0.000000s ]
INFO: [ app_init ] --END-- [ RunTime:0.000000s ]
ERR: 无法加载模块:Box

[ 2016-12-07T11:47:05+08:00 ] 127.0.0.1 /index.php/Box/orders?p=1
INFO: [ app_init ] --START--
INFO: Run Behavior\BuildLiteBehavior [ RunTime:0.000000s ]
INFO: [ app_init ] --END-- [ RunTime:0.000000s ]
ERR: 无法加载模块:Box

[ 2016-12-07T11:47:13+08:00 ] 127.0.0.1 /index.php/Box/orders?p=1
INFO: [ app_init ] --START--
INFO: Run Behavior\BuildLiteBehavior [ RunTime:0.000000s ]
INFO: [ app_init ] --END-- [ RunTime:0.000000s ]
ERR: 无法加载模块:Box

[ 2016-12-07T11:47:15+08:00 ] 127.0.0.1 /index.php/Box/orders?p=1
INFO: [ app_init ] --START--
INFO: Run Behavior\BuildLiteBehavior [ RunTime:0.000000s ]
INFO: [ app_init ] --END-- [ RunTime:0.000000s ]
ERR: 无法加载模块:Box

[ 2016-12-07T11:48:46+08:00 ] 127.0.0.1 /index.php/Box/orders?p=1
INFO: [ app_init ] --START--
INFO: Run Behavior\BuildLiteBehavior [ RunTime:0.000000s ]
INFO: [ app_init ] --END-- [ RunTime:0.000000s ]
ERR: 无法加载模块:Box

[ 2016-12-07T11:50:42+08:00 ] 127.0.0.1 /index.php/Box/orders?p=1
INFO: [ app_init ] --START--
INFO: Run Behavior\BuildLiteBehavior [ RunTime:0.000000s ]
INFO: [ app_init ] --END-- [ RunTime:0.000000s ]
ERR: 无法加载模块:Box

[ 2016-12-07T11:50:45+08:00 ] 127.0.0.1 /index.php/Box/orders?p=1
INFO: [ app_init ] --START--
INFO: Run Behavior\BuildLiteBehavior [ RunTime:0.000000s ]
INFO: [ app_init ] --END-- [ RunTime:0.001000s ]
ERR: 无法加载模块:Box

[ 2016-12-07T11:50:51+08:00 ] 127.0.0.1 /index.php/Box/orders?p=1
INFO: [ app_init ] --START--
INFO: Run Behavior\BuildLiteBehavior [ RunTime:0.000000s ]
INFO: [ app_init ] --END-- [ RunTime:0.001000s ]
ERR: 无法加载模块:Box

[ 2016-12-07T11:50:59+08:00 ] 127.0.0.1 /index.php/Box/orders?p=1
INFO: [ app_init ] --START--
INFO: Run Behavior\BuildLiteBehavior [ RunTime:0.000000s ]
INFO: [ app_init ] --END-- [ RunTime:0.000000s ]
ERR: 无法加载模块:Box

[ 2016-12-07T11:51:00+08:00 ] 127.0.0.1 /index.php/Box/orders?p=1
INFO: [ app_init ] --START--
INFO: Run Behavior\BuildLiteBehavior [ RunTime:0.000000s ]
INFO: [ app_init ] --END-- [ RunTime:0.000000s ]
ERR: 无法加载模块:Box

[ 2016-12-07T11:51:01+08:00 ] 127.0.0.1 /index.php/Box/orders?p=1
INFO: [ app_init ] --START--
INFO: Run Behavior\BuildLiteBehavior [ RunTime:0.000000s ]
INFO: [ app_init ] --END-- [ RunTime:0.000000s ]
ERR: 无法加载模块:Box

[ 2016-12-07T11:51:02+08:00 ] 127.0.0.1 /index.php/Box/orders?p=1
INFO: [ app_init ] --START--
INFO: Run Behavior\BuildLiteBehavior [ RunTime:0.000000s ]
INFO: [ app_init ] --END-- [ RunTime:0.000000s ]
ERR: 无法加载模块:Box

[ 2016-12-07T11:51:02+08:00 ] 127.0.0.1 /index.php/Box/orders?p=1
INFO: [ app_init ] --START--
INFO: Run Behavior\BuildLiteBehavior [ RunTime:0.000000s ]
INFO: [ app_init ] --END-- [ RunTime:0.000000s ]
ERR: 无法加载模块:Box

[ 2016-12-07T11:51:03+08:00 ] 127.0.0.1 /index.php/Box/orders?p=1
INFO: [ app_init ] --START--
INFO: Run Behavior\BuildLiteBehavior [ RunTime:0.000000s ]
INFO: [ app_init ] --END-- [ RunTime:0.000000s ]
ERR: 无法加载模块:Box

[ 2016-12-07T11:51:04+08:00 ] 127.0.0.1 /index.php/Box/orders?p=1
INFO: [ app_init ] --START--
INFO: Run Behavior\BuildLiteBehavior [ RunTime:0.000000s ]
INFO: [ app_init ] --END-- [ RunTime:0.000000s ]
ERR: 无法加载模块:Box

[ 2016-12-07T11:58:28+08:00 ] 192.168.1.204 /index.php/Box/orders?p=1
INFO: [ app_init ] --START--
INFO: Run Behavior\BuildLiteBehavior [ RunTime:0.000000s ]
INFO: [ app_init ] --END-- [ RunTime:0.001000s ]
ERR: 无法加载模块:Box

[ 2016-12-07T13:38:29+08:00 ] 192.168.1.204 /index.php/Box/orders?p=1
INFO: [ app_init ] --START--
INFO: Run Behavior\BuildLiteBehavior [ RunTime:0.000000s ]
INFO: [ app_init ] --END-- [ RunTime:0.000000s ]
ERR: 无法加载模块:Box

[ 2016-12-07T13:39:09+08:00 ] 127.0.0.1 /index.php/Box/orders?p=1
INFO: [ app_init ] --START--
INFO: Run Behavior\BuildLiteBehavior [ RunTime:0.000000s ]
INFO: [ app_init ] --END-- [ RunTime:0.000000s ]
ERR: 无法加载模块:Box

[ 2016-12-07T13:56:40+08:00 ] 127.0.0.1 /index.php/Box/orders?p=1
INFO: [ app_init ] --START--
INFO: Run Behavior\BuildLiteBehavior [ RunTime:0.000000s ]
INFO: [ app_init ] --END-- [ RunTime:0.001000s ]
ERR: 无法加载模块:Box

[ 2016-12-07T14:00:20+08:00 ] 192.168.1.204 /index.php/Box/orders?p=1
INFO: [ app_init ] --START--
INFO: Run Behavior\BuildLiteBehavior [ RunTime:0.000000s ]
INFO: [ app_init ] --END-- [ RunTime:0.001000s ]
ERR: 无法加载模块:Box

[ 2016-12-07T14:02:09+08:00 ] 127.0.0.1 /index.php/Box/orders?p=1
INFO: [ app_init ] --START--
INFO: Run Behavior\BuildLiteBehavior [ RunTime:0.000000s ]
INFO: [ app_init ] --END-- [ RunTime:0.001000s ]
ERR: 无法加载模块:Box

